CRITICAL - 2020-06-22 10:23:22 --> Call to a member function helper() on null
#0 C:\xampp\htdocs\CodeIgniter4\system\CodeIgniter.php(917): App\Controllers\Login->index()
#1 C:\xampp\htdocs\CodeIgniter4\system\CodeIgniter.php(403): CodeIgniter\CodeIgniter->runController(Object(App\Controllers\Login))
#2 C:\xampp\htdocs\CodeIgniter4\system\CodeIgniter.php(311): CodeIgniter\CodeIgniter->handleRequest(NULL, Object(Config\Cache), false)
#3 C:\xampp\htdocs\CodeIgniter4\public\index.php(45): CodeIgniter\CodeIgniter->run()
#4 {main}
CRITICAL - 2020-06-22 10:23:34 --> Call to a member function helper() on null
#0 C:\xampp\htdocs\CodeIgniter4\system\CodeIgniter.php(917): App\Controllers\Login->index()
#1 C:\xampp\htdocs\CodeIgniter4\system\CodeIgniter.php(403): CodeIgniter\CodeIgniter->runController(Object(App\Controllers\Login))
#2 C:\xampp\htdocs\CodeIgniter4\system\CodeIgniter.php(311): CodeIgniter\CodeIgniter->handleRequest(NULL, Object(Config\Cache), false)
#3 C:\xampp\htdocs\CodeIgniter4\public\index.php(45): CodeIgniter\CodeIgniter->run()
#4 {main}
CRITICAL - 2020-06-22 10:23:44 --> Call to a member function helper() on null
#0 C:\xampp\htdocs\CodeIgniter4\system\CodeIgniter.php(917): App\Controllers\Login->index()
#1 C:\xampp\htdocs\CodeIgniter4\system\CodeIgniter.php(403): CodeIgniter\CodeIgniter->runController(Object(App\Controllers\Login))
#2 C:\xampp\htdocs\CodeIgniter4\system\CodeIgniter.php(311): CodeIgniter\CodeIgniter->handleRequest(NULL, Object(Config\Cache), false)
#3 C:\xampp\htdocs\CodeIgniter4\public\index.php(45): CodeIgniter\CodeIgniter->run()
#4 {main}
CRITICAL - 2020-06-22 10:24:41 --> syntax error, unexpected '$this' (T_VARIABLE), expecting function (T_FUNCTION) or const (T_CONST)
#0 C:\xampp\htdocs\CodeIgniter4\system\Router\Router.php(192): CodeIgniter\Router\Router->autoRoute('login')
#1 C:\xampp\htdocs\CodeIgniter4\system\CodeIgniter.php(792): CodeIgniter\Router\Router->handle('login')
#2 C:\xampp\htdocs\CodeIgniter4\system\CodeIgniter.php(363): CodeIgniter\CodeIgniter->tryToRouteIt(Object(CodeIgniter\Router\RouteCollection))
#3 C:\xampp\htdocs\CodeIgniter4\system\CodeIgniter.php(311): CodeIgniter\CodeIgniter->handleRequest(NULL, Object(Config\Cache), false)
#4 C:\xampp\htdocs\CodeIgniter4\public\index.php(45): CodeIgniter\CodeIgniter->run()
#5 {main}
CRITICAL - 2020-06-22 10:28:56 --> Call to a member function library() on null
#0 C:\xampp\htdocs\CodeIgniter4\system\CodeIgniter.php(917): App\Controllers\Login->index()
#1 C:\xampp\htdocs\CodeIgniter4\system\CodeIgniter.php(403): CodeIgniter\CodeIgniter->runController(Object(App\Controllers\Login))
#2 C:\xampp\htdocs\CodeIgniter4\system\CodeIgniter.php(311): CodeIgniter\CodeIgniter->handleRequest(NULL, Object(Config\Cache), false)
#3 C:\xampp\htdocs\CodeIgniter4\public\index.php(45): CodeIgniter\CodeIgniter->run()
#4 {main}
CRITICAL - 2020-06-22 10:52:39 --> Call to a member function library() on null
#0 C:\xampp\htdocs\CodeIgniter4\system\CodeIgniter.php(917): App\Controllers\Login->index()
#1 C:\xampp\htdocs\CodeIgniter4\system\CodeIgniter.php(403): CodeIgniter\CodeIgniter->runController(Object(App\Controllers\Login))
#2 C:\xampp\htdocs\CodeIgniter4\system\CodeIgniter.php(311): CodeIgniter\CodeIgniter->handleRequest(NULL, Object(Config\Cache), false)
#3 C:\xampp\htdocs\CodeIgniter4\public\index.php(45): CodeIgniter\CodeIgniter->run()
#4 {main}
