CRITICAL - 2021-06-27 04:36:59 --> Unable to connect to the database.
Main connection [MySQLi]: No connection could be made because the target machine actively refused it.

#0 D:\PWA DashBord\PWA DashBoard\OfflinePWADashboard\vendor\codeigniter4\framework\system\Database\BaseConnection.php(625): CodeIgniter\Database\BaseConnection->initialize()
#1 D:\PWA DashBord\PWA DashBoard\OfflinePWADashboard\app\Models\UsersModel.php(15): CodeIgniter\Database\BaseConnection->query('select * from u...')
#2 D:\PWA DashBord\PWA DashBoard\OfflinePWADashboard\app\Controllers\Login.php(51): App\Models\UsersModel->login(Array)
#3 D:\PWA DashBord\PWA DashBoard\OfflinePWADashboard\vendor\codeigniter4\framework\system\CodeIgniter.php(928): App\Controllers\Login->index()
#4 D:\PWA DashBord\PWA DashBoard\OfflinePWADashboard\vendor\codeigniter4\framework\system\CodeIgniter.php(436): CodeIgniter\CodeIgniter->runController(Object(App\Controllers\Login))
#5 D:\PWA DashBord\PWA DashBoard\OfflinePWADashboard\vendor\codeigniter4\framework\system\CodeIgniter.php(336): CodeIgniter\CodeIgniter->handleRequest(NULL, Object(Config\Cache), false)
#6 D:\PWA DashBord\PWA DashBoard\OfflinePWADashboard\public\index.php(45): CodeIgniter\CodeIgniter->run()
#7 D:\PWA DashBord\PWA DashBoard\OfflinePWADashboard\system\Commands\Server\rewrite.php(34): require_once('D:\\PWA DashBord...')
#8 {main}
CRITICAL - 2021-06-27 04:37:23 --> Class 'grocery_CRUD' not found
#0 D:\PWA DashBord\PWA DashBoard\OfflinePWADashboard\app\Libraries\GroceryCrud.php(3084): include()
#1 D:\PWA DashBord\PWA DashBoard\OfflinePWADashboard\app\Libraries\GroceryCrud.php(1711): App\Libraries\grocery_CRUD_Layout->_theme_view('list_template.p...', Array)
#2 D:\PWA DashBord\PWA DashBoard\OfflinePWADashboard\app\Libraries\GroceryCrud.php(4723): App\Libraries\grocery_CRUD_Layout->showList(false, Object(stdClass))
#3 D:\PWA DashBord\PWA DashBoard\OfflinePWADashboard\app\Controllers\Users.php(27): App\Libraries\GroceryCrud->render()
#4 D:\PWA DashBord\PWA DashBoard\OfflinePWADashboard\vendor\codeigniter4\framework\system\CodeIgniter.php(928): App\Controllers\Users->index()
#5 D:\PWA DashBord\PWA DashBoard\OfflinePWADashboard\vendor\codeigniter4\framework\system\CodeIgniter.php(436): CodeIgniter\CodeIgniter->runController(Object(App\Controllers\Users))
#6 D:\PWA DashBord\PWA DashBoard\OfflinePWADashboard\vendor\codeigniter4\framework\system\CodeIgniter.php(336): CodeIgniter\CodeIgniter->handleRequest(NULL, Object(Config\Cache), false)
#7 D:\PWA DashBord\PWA DashBoard\OfflinePWADashboard\public\index.php(45): CodeIgniter\CodeIgniter->run()
#8 D:\PWA DashBord\PWA DashBoard\OfflinePWADashboard\system\Commands\Server\rewrite.php(34): require_once('D:\\PWA DashBord...')
#9 {main}
CRITICAL - 2021-06-27 04:53:36 --> Undefined index: mathcaptcha_answer
#0 D:\PWA DashBord\PWA DashBoard\OfflinePWADashboard\app\Controllers\Login.php(35): CodeIgniter\Debug\Exceptions->errorHandler(8, 'Undefined index...', 'D:\\PWA DashBord...', 35, Array)
#1 D:\PWA DashBord\PWA DashBoard\OfflinePWADashboard\system\CodeIgniter.php(921): App\Controllers\Login->index()
#2 D:\PWA DashBord\PWA DashBoard\OfflinePWADashboard\system\CodeIgniter.php(407): CodeIgniter\CodeIgniter->runController(Object(App\Controllers\Login))
#3 D:\PWA DashBord\PWA DashBoard\OfflinePWADashboard\system\CodeIgniter.php(315): CodeIgniter\CodeIgniter->handleRequest(NULL, Object(Config\Cache), false)
#4 D:\PWA DashBord\PWA DashBoard\OfflinePWADashboard\public\index.php(45): CodeIgniter\CodeIgniter->run()
#5 D:\PWA DashBord\PWA DashBoard\OfflinePWADashboard\system\Commands\Server\rewrite.php(34): require_once('D:\\PWA DashBord...')
#6 {main}
