CRITICAL - 2020-08-30 02:00:43 --> Undefined index: mathcaptcha_answer
#0 /home/fadf4949/codeigniter/app/Controllers/Login.php(41): CodeIgniter\Debug\Exceptions->errorHandler(8, 'Undefined index...', '/home/fadf4949/...', 41, Array)
#1 /home/fadf4949/codeigniter/system/CodeIgniter.php(917): App\Controllers\Login->index()
#2 /home/fadf4949/codeigniter/system/CodeIgniter.php(403): CodeIgniter\CodeIgniter->runController(Object(App\Controllers\Login))
#3 /home/fadf4949/codeigniter/system/CodeIgniter.php(311): CodeIgniter\CodeIgniter->handleRequest(NULL, Object(Config\Cache), false)
#4 /home/fadf4949/public_html/index.php(44): CodeIgniter\CodeIgniter->run()
#5 {main}
CRITICAL - 2020-08-30 02:00:50 --> Undefined index: mathcaptcha_answer
#0 /home/fadf4949/codeigniter/app/Controllers/Login.php(41): CodeIgniter\Debug\Exceptions->errorHandler(8, 'Undefined index...', '/home/fadf4949/...', 41, Array)
#1 /home/fadf4949/codeigniter/system/CodeIgniter.php(917): App\Controllers\Login->index()
#2 /home/fadf4949/codeigniter/system/CodeIgniter.php(403): CodeIgniter\CodeIgniter->runController(Object(App\Controllers\Login))
#3 /home/fadf4949/codeigniter/system/CodeIgniter.php(311): CodeIgniter\CodeIgniter->handleRequest(NULL, Object(Config\Cache), false)
#4 /home/fadf4949/public_html/index.php(44): CodeIgniter\CodeIgniter->run()
#5 {main}
CRITICAL - 2020-08-30 02:00:58 --> Undefined index: mathcaptcha_answer
#0 /home/fadf4949/codeigniter/app/Controllers/Login.php(41): CodeIgniter\Debug\Exceptions->errorHandler(8, 'Undefined index...', '/home/fadf4949/...', 41, Array)
#1 /home/fadf4949/codeigniter/system/CodeIgniter.php(917): App\Controllers\Login->index()
#2 /home/fadf4949/codeigniter/system/CodeIgniter.php(403): CodeIgniter\CodeIgniter->runController(Object(App\Controllers\Login))
#3 /home/fadf4949/codeigniter/system/CodeIgniter.php(311): CodeIgniter\CodeIgniter->handleRequest(NULL, Object(Config\Cache), false)
#4 /home/fadf4949/public_html/index.php(44): CodeIgniter\CodeIgniter->run()
#5 {main}
CRITICAL - 2020-08-30 02:01:20 --> Undefined index: mathcaptcha_answer
#0 /home/fadf4949/codeigniter/app/Controllers/Login.php(41): CodeIgniter\Debug\Exceptions->errorHandler(8, 'Undefined index...', '/home/fadf4949/...', 41, Array)
#1 /home/fadf4949/codeigniter/system/CodeIgniter.php(917): App\Controllers\Login->index()
#2 /home/fadf4949/codeigniter/system/CodeIgniter.php(403): CodeIgniter\CodeIgniter->runController(Object(App\Controllers\Login))
#3 /home/fadf4949/codeigniter/system/CodeIgniter.php(311): CodeIgniter\CodeIgniter->handleRequest(NULL, Object(Config\Cache), false)
#4 /home/fadf4949/public_html/index.php(44): CodeIgniter\CodeIgniter->run()
#5 {main}
CRITICAL - 2020-08-30 02:01:28 --> Undefined index: mathcaptcha_answer
#0 /home/fadf4949/codeigniter/app/Controllers/Login.php(41): CodeIgniter\Debug\Exceptions->errorHandler(8, 'Undefined index...', '/home/fadf4949/...', 41, Array)
#1 /home/fadf4949/codeigniter/system/CodeIgniter.php(917): App\Controllers\Login->index()
#2 /home/fadf4949/codeigniter/system/CodeIgniter.php(403): CodeIgniter\CodeIgniter->runController(Object(App\Controllers\Login))
#3 /home/fadf4949/codeigniter/system/CodeIgniter.php(311): CodeIgniter\CodeIgniter->handleRequest(NULL, Object(Config\Cache), false)
#4 /home/fadf4949/public_html/index.php(44): CodeIgniter\CodeIgniter->run()
#5 {main}
CRITICAL - 2020-08-30 02:01:31 --> Undefined index: mathcaptcha_answer
#0 /home/fadf4949/codeigniter/app/Controllers/Login.php(41): CodeIgniter\Debug\Exceptions->errorHandler(8, 'Undefined index...', '/home/fadf4949/...', 41, Array)
#1 /home/fadf4949/codeigniter/system/CodeIgniter.php(917): App\Controllers\Login->index()
#2 /home/fadf4949/codeigniter/system/CodeIgniter.php(403): CodeIgniter\CodeIgniter->runController(Object(App\Controllers\Login))
#3 /home/fadf4949/codeigniter/system/CodeIgniter.php(311): CodeIgniter\CodeIgniter->handleRequest(NULL, Object(Config\Cache), false)
#4 /home/fadf4949/public_html/index.php(44): CodeIgniter\CodeIgniter->run()
#5 {main}
CRITICAL - 2020-08-30 10:21:30 --> Invalid file: shareTarget/detail.php
#0 /home/fadf4949/codeigniter/system/View/View.php(228): CodeIgniter\Exceptions\FrameworkException::forInvalidFile('shareTarget/det...')
#1 /home/fadf4949/codeigniter/system/Common.php(1087): CodeIgniter\View\View->render('shareTarget/det...', Array, true)
#2 /home/fadf4949/codeigniter/app/Controllers/ShareTarget.php(120): view('shareTarget/det...', Array)
#3 /home/fadf4949/codeigniter/system/CodeIgniter.php(917): App\Controllers\ShareTarget->detail('106252.jpg')
#4 /home/fadf4949/codeigniter/system/CodeIgniter.php(403): CodeIgniter\CodeIgniter->runController(Object(App\Controllers\ShareTarget))
#5 /home/fadf4949/codeigniter/system/CodeIgniter.php(311): CodeIgniter\CodeIgniter->handleRequest(NULL, Object(Config\Cache), false)
#6 /home/fadf4949/public_html/index.php(44): CodeIgniter\CodeIgniter->run()
#7 {main}
CRITICAL - 2020-08-30 10:22:42 --> Cannot use object of type CodeIgniter\Database\MySQLi\Result as array
#0 /home/fadf4949/codeigniter/system/View/View.php(246): include()
#1 /home/fadf4949/codeigniter/system/Common.php(1087): CodeIgniter\View\View->render('detail', Array, true)
#2 /home/fadf4949/codeigniter/app/Controllers/ShareTarget.php(120): view('detail', Array)
#3 /home/fadf4949/codeigniter/system/CodeIgniter.php(917): App\Controllers\ShareTarget->detail('106252.jpg')
#4 /home/fadf4949/codeigniter/system/CodeIgniter.php(403): CodeIgniter\CodeIgniter->runController(Object(App\Controllers\ShareTarget))
#5 /home/fadf4949/codeigniter/system/CodeIgniter.php(311): CodeIgniter\CodeIgniter->handleRequest(NULL, Object(Config\Cache), false)
#6 /home/fadf4949/public_html/index.php(44): CodeIgniter\CodeIgniter->run()
#7 {main}
CRITICAL - 2020-08-30 10:22:47 --> Cannot use object of type CodeIgniter\Database\MySQLi\Result as array
#0 /home/fadf4949/codeigniter/system/View/View.php(246): include()
#1 /home/fadf4949/codeigniter/system/Common.php(1087): CodeIgniter\View\View->render('detail', Array, true)
#2 /home/fadf4949/codeigniter/app/Controllers/ShareTarget.php(120): view('detail', Array)
#3 /home/fadf4949/codeigniter/system/CodeIgniter.php(917): App\Controllers\ShareTarget->detail('106252.jpg')
#4 /home/fadf4949/codeigniter/system/CodeIgniter.php(403): CodeIgniter\CodeIgniter->runController(Object(App\Controllers\ShareTarget))
#5 /home/fadf4949/codeigniter/system/CodeIgniter.php(311): CodeIgniter\CodeIgniter->handleRequest(NULL, Object(Config\Cache), false)
#6 /home/fadf4949/public_html/index.php(44): CodeIgniter\CodeIgniter->run()
#7 {main}
CRITICAL - 2020-08-30 10:23:14 --> Cannot use object of type CodeIgniter\Database\MySQLi\Result as array
#0 /home/fadf4949/codeigniter/system/View/View.php(246): include()
#1 /home/fadf4949/codeigniter/system/Common.php(1087): CodeIgniter\View\View->render('detail', Array, true)
#2 /home/fadf4949/codeigniter/app/Controllers/ShareTarget.php(120): view('detail', Array)
#3 /home/fadf4949/codeigniter/system/CodeIgniter.php(917): App\Controllers\ShareTarget->detail('106252.jpg')
#4 /home/fadf4949/codeigniter/system/CodeIgniter.php(403): CodeIgniter\CodeIgniter->runController(Object(App\Controllers\ShareTarget))
#5 /home/fadf4949/codeigniter/system/CodeIgniter.php(311): CodeIgniter\CodeIgniter->handleRequest(NULL, Object(Config\Cache), false)
#6 /home/fadf4949/public_html/index.php(44): CodeIgniter\CodeIgniter->run()
#7 {main}
CRITICAL - 2020-08-30 10:23:17 --> Cannot use object of type CodeIgniter\Database\MySQLi\Result as array
#0 /home/fadf4949/codeigniter/system/View/View.php(246): include()
#1 /home/fadf4949/codeigniter/system/Common.php(1087): CodeIgniter\View\View->render('detail', Array, true)
#2 /home/fadf4949/codeigniter/app/Controllers/ShareTarget.php(120): view('detail', Array)
#3 /home/fadf4949/codeigniter/system/CodeIgniter.php(917): App\Controllers\ShareTarget->detail('106252.jpg')
#4 /home/fadf4949/codeigniter/system/CodeIgniter.php(403): CodeIgniter\CodeIgniter->runController(Object(App\Controllers\ShareTarget))
#5 /home/fadf4949/codeigniter/system/CodeIgniter.php(311): CodeIgniter\CodeIgniter->handleRequest(NULL, Object(Config\Cache), false)
#6 /home/fadf4949/public_html/index.php(44): CodeIgniter\CodeIgniter->run()
#7 {main}
CRITICAL - 2020-08-30 10:24:16 --> Cannot use object of type CodeIgniter\Database\MySQLi\Result as array
#0 /home/fadf4949/codeigniter/system/View/View.php(246): include()
#1 /home/fadf4949/codeigniter/system/Common.php(1087): CodeIgniter\View\View->render('detail', Array, true)
#2 /home/fadf4949/codeigniter/app/Controllers/ShareTarget.php(120): view('detail', Array)
#3 /home/fadf4949/codeigniter/system/CodeIgniter.php(917): App\Controllers\ShareTarget->detail('106252.jpg')
#4 /home/fadf4949/codeigniter/system/CodeIgniter.php(403): CodeIgniter\CodeIgniter->runController(Object(App\Controllers\ShareTarget))
#5 /home/fadf4949/codeigniter/system/CodeIgniter.php(311): CodeIgniter\CodeIgniter->handleRequest(NULL, Object(Config\Cache), false)
#6 /home/fadf4949/public_html/index.php(44): CodeIgniter\CodeIgniter->run()
#7 {main}
CRITICAL - 2020-08-30 10:30:29 --> Argument 1 passed to CodeIgniter\Database\BaseResult::getFirstRow() must be of the type string, null given, called in /home/fadf4949/codeigniter/system/Model.php on line 491
#0 /home/fadf4949/codeigniter/system/Model.php(491): CodeIgniter\Database\BaseResult->getFirstRow(NULL)
#1 /home/fadf4949/codeigniter/app/Models/ShareModel.php(21): CodeIgniter\Model->first()
#2 /home/fadf4949/codeigniter/app/Controllers/ShareTarget.php(112): App\Models\ShareModel->getData('106252.jpg')
#3 /home/fadf4949/codeigniter/system/CodeIgniter.php(917): App\Controllers\ShareTarget->detail('106252.jpg')
#4 /home/fadf4949/codeigniter/system/CodeIgniter.php(403): CodeIgniter\CodeIgniter->runController(Object(App\Controllers\ShareTarget))
#5 /home/fadf4949/codeigniter/system/CodeIgniter.php(311): CodeIgniter\CodeIgniter->handleRequest(NULL, Object(Config\Cache), false)
#6 /home/fadf4949/public_html/index.php(44): CodeIgniter\CodeIgniter->run()
#7 {main}
CRITICAL - 2020-08-30 10:30:37 --> Argument 1 passed to CodeIgniter\Database\BaseResult::getFirstRow() must be of the type string, null given, called in /home/fadf4949/codeigniter/system/Model.php on line 491
#0 /home/fadf4949/codeigniter/system/Model.php(491): CodeIgniter\Database\BaseResult->getFirstRow(NULL)
#1 /home/fadf4949/codeigniter/app/Models/ShareModel.php(21): CodeIgniter\Model->first()
#2 /home/fadf4949/codeigniter/app/Controllers/ShareTarget.php(112): App\Models\ShareModel->getData('106252.jpg')
#3 /home/fadf4949/codeigniter/system/CodeIgniter.php(917): App\Controllers\ShareTarget->detail('106252.jpg')
#4 /home/fadf4949/codeigniter/system/CodeIgniter.php(403): CodeIgniter\CodeIgniter->runController(Object(App\Controllers\ShareTarget))
#5 /home/fadf4949/codeigniter/system/CodeIgniter.php(311): CodeIgniter\CodeIgniter->handleRequest(NULL, Object(Config\Cache), false)
#6 /home/fadf4949/public_html/index.php(44): CodeIgniter\CodeIgniter->run()
#7 {main}
CRITICAL - 2020-08-30 10:32:12 --> Argument 1 passed to CodeIgniter\Database\BaseResult::getFirstRow() must be of the type string, null given, called in /home/fadf4949/codeigniter/system/Model.php on line 491
#0 /home/fadf4949/codeigniter/system/Model.php(491): CodeIgniter\Database\BaseResult->getFirstRow(NULL)
#1 /home/fadf4949/codeigniter/app/Models/ShareModel.php(21): CodeIgniter\Model->first()
#2 /home/fadf4949/codeigniter/app/Controllers/ShareTarget.php(112): App\Models\ShareModel->getData('106252.jpg')
#3 /home/fadf4949/codeigniter/system/CodeIgniter.php(917): App\Controllers\ShareTarget->detail('106252.jpg')
#4 /home/fadf4949/codeigniter/system/CodeIgniter.php(403): CodeIgniter\CodeIgniter->runController(Object(App\Controllers\ShareTarget))
#5 /home/fadf4949/codeigniter/system/CodeIgniter.php(311): CodeIgniter\CodeIgniter->handleRequest(NULL, Object(Config\Cache), false)
#6 /home/fadf4949/public_html/index.php(44): CodeIgniter\CodeIgniter->run()
#7 {main}
