CRITICAL - 2021-03-22 12:00:38 --> Undefined property: stdClass::$enpoints
#0 C:\xampp\htdocs\SCR\app\Views\setting.php(147): CodeIgniter\Debug\Exceptions->errorHandler(8, 'Undefined prope...', 'C:\\xampp\\htdocs...', 147, Array)
#1 C:\xampp\htdocs\SCR\system\View\View.php(246): include('C:\\xampp\\htdocs...')
#2 C:\xampp\htdocs\SCR\system\Common.php(1087): CodeIgniter\View\View->render('setting', Array, true)
#3 C:\xampp\htdocs\SCR\app\Controllers\Setting.php(35): view('setting', Array)
#4 C:\xampp\htdocs\SCR\system\CodeIgniter.php(917): App\Controllers\Setting->index()
#5 C:\xampp\htdocs\SCR\system\CodeIgniter.php(403): CodeIgniter\CodeIgniter->runController(Object(App\Controllers\Setting))
#6 C:\xampp\htdocs\SCR\system\CodeIgniter.php(311): CodeIgniter\CodeIgniter->handleRequest(NULL, Object(Config\Cache), false)
#7 C:\xampp\htdocs\SCR\public\index.php(44): CodeIgniter\CodeIgniter->run()
#8 {main}
CRITICAL - 2021-03-22 12:01:46 --> Invalid data provided
#0 C:\xampp\htdocs\SCR\app\Views\vendor\minishlink\web-push\src\Encryption.php(83): Base64Url\Base64Url::decode('BGaD9o60gv4rB85...')
#1 C:\xampp\htdocs\SCR\app\Views\vendor\minishlink\web-push\src\Encryption.php(66): Minishlink\WebPush\Encryption::deterministicEncrypt('\v\xDB\x00\x00\x00\x00\x00\x00\x00\x00\x00\x00\x00\x00\x00...', 'BGaD9o60gv4rB85...', 'xv6ZCb7zyO7uLRt...', 'aesgcm', Array, ' \x03m\x95)4\xA7!\xBAc\xD2Jw\x88I...')
#2 C:\xampp\htdocs\SCR\app\Views\vendor\minishlink\web-push\src\WebPush.php(225): Minishlink\WebPush\Encryption::encrypt('\v\xDB\x00\x00\x00\x00\x00\x00\x00\x00\x00\x00\x00\x00\x00...', 'BGaD9o60gv4rB85...', 'xv6ZCb7zyO7uLRt...', 'aesgcm')
#3 C:\xampp\htdocs\SCR\app\Views\vendor\minishlink\web-push\src\WebPush.php(173): Minishlink\WebPush\WebPush->prepare(Array)
#4 C:\xampp\htdocs\SCR\app\Views\content\pushNotif.php(44): Minishlink\WebPush\WebPush->flush()
#5 C:\xampp\htdocs\SCR\system\View\View.php(246): include('C:\\xampp\\htdocs...')
#6 C:\xampp\htdocs\SCR\system\Common.php(1087): CodeIgniter\View\View->render('content/pushNot...', Array, true)
#7 C:\xampp\htdocs\SCR\app\Controllers\Setting.php(169): view('content/pushNot...')
#8 C:\xampp\htdocs\SCR\system\CodeIgniter.php(917): App\Controllers\Setting->broadcast()
#9 C:\xampp\htdocs\SCR\system\CodeIgniter.php(403): CodeIgniter\CodeIgniter->runController(Object(App\Controllers\Setting))
#10 C:\xampp\htdocs\SCR\system\CodeIgniter.php(311): CodeIgniter\CodeIgniter->handleRequest(NULL, Object(Config\Cache), false)
#11 C:\xampp\htdocs\SCR\public\index.php(44): CodeIgniter\CodeIgniter->run()
#12 {main}
CRITICAL - 2021-03-22 12:08:27 --> Cookie names cannot contain any of the following '=,; \t\r\n\013\014'
#0 [internal function]: CodeIgniter\Debug\Exceptions->errorHandler(2, 'Cookie names ca...', 'C:\\xampp\\htdocs...', 50, Array)
#1 C:\xampp\htdocs\SCR\app\Models\PushNotif.php(50): setrawcookie('BEWJsw5ADEym32z...')
#2 C:\xampp\htdocs\SCR\app\Controllers\Setting.php(65): App\Models\PushNotif->simpan(Array)
#3 C:\xampp\htdocs\SCR\system\CodeIgniter.php(917): App\Controllers\Setting->simpanData()
#4 C:\xampp\htdocs\SCR\system\CodeIgniter.php(403): CodeIgniter\CodeIgniter->runController(Object(App\Controllers\Setting))
#5 C:\xampp\htdocs\SCR\system\CodeIgniter.php(311): CodeIgniter\CodeIgniter->handleRequest(NULL, Object(Config\Cache), false)
#6 C:\xampp\htdocs\SCR\public\index.php(44): CodeIgniter\CodeIgniter->run()
#7 {main}
CRITICAL - 2021-03-22 12:08:28 --> Cookie names cannot contain any of the following '=,; \t\r\n\013\014'
#0 [internal function]: CodeIgniter\Debug\Exceptions->errorHandler(2, 'Cookie names ca...', 'C:\\xampp\\htdocs...', 50, Array)
#1 C:\xampp\htdocs\SCR\app\Models\PushNotif.php(50): setrawcookie('BAnuPC09yhjBulM...')
#2 C:\xampp\htdocs\SCR\app\Controllers\Setting.php(65): App\Models\PushNotif->simpan(Array)
#3 C:\xampp\htdocs\SCR\system\CodeIgniter.php(917): App\Controllers\Setting->simpanData()
#4 C:\xampp\htdocs\SCR\system\CodeIgniter.php(403): CodeIgniter\CodeIgniter->runController(Object(App\Controllers\Setting))
#5 C:\xampp\htdocs\SCR\system\CodeIgniter.php(311): CodeIgniter\CodeIgniter->handleRequest(NULL, Object(Config\Cache), false)
#6 C:\xampp\htdocs\SCR\public\index.php(44): CodeIgniter\CodeIgniter->run()
#7 {main}
CRITICAL - 2021-03-22 12:26:51 --> Cannot pass parameter 4 by reference
#0 C:\xampp\htdocs\SCR\app\Controllers\Setting.php(65): App\Models\PushNotif->simpan(Array)
#1 C:\xampp\htdocs\SCR\system\CodeIgniter.php(917): App\Controllers\Setting->simpanData()
#2 C:\xampp\htdocs\SCR\system\CodeIgniter.php(403): CodeIgniter\CodeIgniter->runController(Object(App\Controllers\Setting))
#3 C:\xampp\htdocs\SCR\system\CodeIgniter.php(311): CodeIgniter\CodeIgniter->handleRequest(NULL, Object(Config\Cache), false)
#4 C:\xampp\htdocs\SCR\public\index.php(44): CodeIgniter\CodeIgniter->run()
#5 {main}
CRITICAL - 2021-03-22 12:26:52 --> Cannot pass parameter 4 by reference
#0 C:\xampp\htdocs\SCR\app\Controllers\Setting.php(65): App\Models\PushNotif->simpan(Array)
#1 C:\xampp\htdocs\SCR\system\CodeIgniter.php(917): App\Controllers\Setting->simpanData()
#2 C:\xampp\htdocs\SCR\system\CodeIgniter.php(403): CodeIgniter\CodeIgniter->runController(Object(App\Controllers\Setting))
#3 C:\xampp\htdocs\SCR\system\CodeIgniter.php(311): CodeIgniter\CodeIgniter->handleRequest(NULL, Object(Config\Cache), false)
#4 C:\xampp\htdocs\SCR\public\index.php(44): CodeIgniter\CodeIgniter->run()
#5 {main}
CRITICAL - 2021-03-22 13:55:23 --> Call to undefined function App\Models\mysql_query()
#0 C:\xampp\htdocs\SCR\app\Controllers\Setting.php(60): App\Models\PushNotif->simpan(Array)
#1 C:\xampp\htdocs\SCR\system\CodeIgniter.php(917): App\Controllers\Setting->simpanData()
#2 C:\xampp\htdocs\SCR\system\CodeIgniter.php(403): CodeIgniter\CodeIgniter->runController(Object(App\Controllers\Setting))
#3 C:\xampp\htdocs\SCR\system\CodeIgniter.php(311): CodeIgniter\CodeIgniter->handleRequest(NULL, Object(Config\Cache), false)
#4 C:\xampp\htdocs\SCR\public\index.php(44): CodeIgniter\CodeIgniter->run()
#5 {main}
CRITICAL - 2021-03-22 13:55:33 --> Call to undefined function App\Models\mysql_query()
#0 C:\xampp\htdocs\SCR\app\Controllers\Setting.php(60): App\Models\PushNotif->simpan(Array)
#1 C:\xampp\htdocs\SCR\system\CodeIgniter.php(917): App\Controllers\Setting->simpanData()
#2 C:\xampp\htdocs\SCR\system\CodeIgniter.php(403): CodeIgniter\CodeIgniter->runController(Object(App\Controllers\Setting))
#3 C:\xampp\htdocs\SCR\system\CodeIgniter.php(311): CodeIgniter\CodeIgniter->handleRequest(NULL, Object(Config\Cache), false)
#4 C:\xampp\htdocs\SCR\public\index.php(44): CodeIgniter\CodeIgniter->run()
#5 {main}
CRITICAL - 2021-03-22 13:55:34 --> Call to undefined function App\Models\mysql_query()
#0 C:\xampp\htdocs\SCR\app\Controllers\Setting.php(60): App\Models\PushNotif->simpan(Array)
#1 C:\xampp\htdocs\SCR\system\CodeIgniter.php(917): App\Controllers\Setting->simpanData()
#2 C:\xampp\htdocs\SCR\system\CodeIgniter.php(403): CodeIgniter\CodeIgniter->runController(Object(App\Controllers\Setting))
#3 C:\xampp\htdocs\SCR\system\CodeIgniter.php(311): CodeIgniter\CodeIgniter->handleRequest(NULL, Object(Config\Cache), false)
#4 C:\xampp\htdocs\SCR\public\index.php(44): CodeIgniter\CodeIgniter->run()
#5 {main}
CRITICAL - 2021-03-22 13:56:43 --> Call to undefined function App\Models\mysql_query()
#0 C:\xampp\htdocs\SCR\app\Controllers\Setting.php(60): App\Models\PushNotif->simpan(Array)
#1 C:\xampp\htdocs\SCR\system\CodeIgniter.php(917): App\Controllers\Setting->simpanData()
#2 C:\xampp\htdocs\SCR\system\CodeIgniter.php(403): CodeIgniter\CodeIgniter->runController(Object(App\Controllers\Setting))
#3 C:\xampp\htdocs\SCR\system\CodeIgniter.php(311): CodeIgniter\CodeIgniter->handleRequest(NULL, Object(Config\Cache), false)
#4 C:\xampp\htdocs\SCR\public\index.php(44): CodeIgniter\CodeIgniter->run()
#5 {main}
CRITICAL - 2021-03-22 13:56:46 --> Call to undefined function App\Models\mysql_query()
#0 C:\xampp\htdocs\SCR\app\Controllers\Setting.php(60): App\Models\PushNotif->simpan(Array)
#1 C:\xampp\htdocs\SCR\system\CodeIgniter.php(917): App\Controllers\Setting->simpanData()
#2 C:\xampp\htdocs\SCR\system\CodeIgniter.php(403): CodeIgniter\CodeIgniter->runController(Object(App\Controllers\Setting))
#3 C:\xampp\htdocs\SCR\system\CodeIgniter.php(311): CodeIgniter\CodeIgniter->handleRequest(NULL, Object(Config\Cache), false)
#4 C:\xampp\htdocs\SCR\public\index.php(44): CodeIgniter\CodeIgniter->run()
#5 {main}
CRITICAL - 2021-03-22 14:00:20 --> Call to undefined function App\Controllers\mysql_query()
#0 C:\xampp\htdocs\SCR\system\CodeIgniter.php(917): App\Controllers\Setting->simpanData()
#1 C:\xampp\htdocs\SCR\system\CodeIgniter.php(403): CodeIgniter\CodeIgniter->runController(Object(App\Controllers\Setting))
#2 C:\xampp\htdocs\SCR\system\CodeIgniter.php(311): CodeIgniter\CodeIgniter->handleRequest(NULL, Object(Config\Cache), false)
#3 C:\xampp\htdocs\SCR\public\index.php(44): CodeIgniter\CodeIgniter->run()
#4 {main}
CRITICAL - 2021-03-22 14:00:22 --> Call to undefined function App\Controllers\mysql_query()
#0 C:\xampp\htdocs\SCR\system\CodeIgniter.php(917): App\Controllers\Setting->simpanData()
#1 C:\xampp\htdocs\SCR\system\CodeIgniter.php(403): CodeIgniter\CodeIgniter->runController(Object(App\Controllers\Setting))
#2 C:\xampp\htdocs\SCR\system\CodeIgniter.php(311): CodeIgniter\CodeIgniter->handleRequest(NULL, Object(Config\Cache), false)
#3 C:\xampp\htdocs\SCR\public\index.php(44): CodeIgniter\CodeIgniter->run()
#4 {main}
CRITICAL - 2021-03-22 14:09:00 --> Undefined variable: _SESSION
#0 C:\xampp\htdocs\SCR\app\Controllers\Setting.php(50): CodeIgniter\Debug\Exceptions->errorHandler(8, 'Undefined varia...', 'C:\\xampp\\htdocs...', 50, Array)
#1 C:\xampp\htdocs\SCR\system\CodeIgniter.php(917): App\Controllers\Setting->simpanData()
#2 C:\xampp\htdocs\SCR\system\CodeIgniter.php(403): CodeIgniter\CodeIgniter->runController(Object(App\Controllers\Setting))
#3 C:\xampp\htdocs\SCR\system\CodeIgniter.php(311): CodeIgniter\CodeIgniter->handleRequest(NULL, Object(Config\Cache), false)
#4 C:\xampp\htdocs\SCR\public\index.php(44): CodeIgniter\CodeIgniter->run()
#5 {main}
CRITICAL - 2021-03-22 14:09:01 --> Undefined variable: _SESSION
#0 C:\xampp\htdocs\SCR\app\Controllers\Setting.php(50): CodeIgniter\Debug\Exceptions->errorHandler(8, 'Undefined varia...', 'C:\\xampp\\htdocs...', 50, Array)
#1 C:\xampp\htdocs\SCR\system\CodeIgniter.php(917): App\Controllers\Setting->simpanData()
#2 C:\xampp\htdocs\SCR\system\CodeIgniter.php(403): CodeIgniter\CodeIgniter->runController(Object(App\Controllers\Setting))
#3 C:\xampp\htdocs\SCR\system\CodeIgniter.php(311): CodeIgniter\CodeIgniter->handleRequest(NULL, Object(Config\Cache), false)
#4 C:\xampp\htdocs\SCR\public\index.php(44): CodeIgniter\CodeIgniter->run()
#5 {main}
CRITICAL - 2021-03-22 14:10:55 --> Undefined variable: _SESSION
#0 C:\xampp\htdocs\SCR\app\Controllers\Setting.php(50): CodeIgniter\Debug\Exceptions->errorHandler(8, 'Undefined varia...', 'C:\\xampp\\htdocs...', 50, Array)
#1 C:\xampp\htdocs\SCR\system\CodeIgniter.php(917): App\Controllers\Setting->simpanData()
#2 C:\xampp\htdocs\SCR\system\CodeIgniter.php(403): CodeIgniter\CodeIgniter->runController(Object(App\Controllers\Setting))
#3 C:\xampp\htdocs\SCR\system\CodeIgniter.php(311): CodeIgniter\CodeIgniter->handleRequest(NULL, Object(Config\Cache), false)
#4 C:\xampp\htdocs\SCR\public\index.php(44): CodeIgniter\CodeIgniter->run()
#5 {main}
CRITICAL - 2021-03-22 14:11:03 --> Undefined variable: _SESSION
#0 C:\xampp\htdocs\SCR\app\Controllers\Setting.php(50): CodeIgniter\Debug\Exceptions->errorHandler(8, 'Undefined varia...', 'C:\\xampp\\htdocs...', 50, Array)
#1 C:\xampp\htdocs\SCR\system\CodeIgniter.php(917): App\Controllers\Setting->simpanData()
#2 C:\xampp\htdocs\SCR\system\CodeIgniter.php(403): CodeIgniter\CodeIgniter->runController(Object(App\Controllers\Setting))
#3 C:\xampp\htdocs\SCR\system\CodeIgniter.php(311): CodeIgniter\CodeIgniter->handleRequest(NULL, Object(Config\Cache), false)
#4 C:\xampp\htdocs\SCR\public\index.php(44): CodeIgniter\CodeIgniter->run()
#5 {main}
CRITICAL - 2021-03-22 14:29:32 --> Undefined variable: _SESSION
#0 C:\xampp\htdocs\SCR\app\Controllers\Setting.php(50): CodeIgniter\Debug\Exceptions->errorHandler(8, 'Undefined varia...', 'C:\\xampp\\htdocs...', 50, Array)
#1 C:\xampp\htdocs\SCR\system\CodeIgniter.php(917): App\Controllers\Setting->simpanData()
#2 C:\xampp\htdocs\SCR\system\CodeIgniter.php(403): CodeIgniter\CodeIgniter->runController(Object(App\Controllers\Setting))
#3 C:\xampp\htdocs\SCR\system\CodeIgniter.php(311): CodeIgniter\CodeIgniter->handleRequest(NULL, Object(Config\Cache), false)
#4 C:\xampp\htdocs\SCR\public\index.php(44): CodeIgniter\CodeIgniter->run()
#5 {main}
CRITICAL - 2021-03-22 14:29:38 --> Undefined variable: _SESSION
#0 C:\xampp\htdocs\SCR\app\Controllers\Setting.php(50): CodeIgniter\Debug\Exceptions->errorHandler(8, 'Undefined varia...', 'C:\\xampp\\htdocs...', 50, Array)
#1 C:\xampp\htdocs\SCR\system\CodeIgniter.php(917): App\Controllers\Setting->simpanData()
#2 C:\xampp\htdocs\SCR\system\CodeIgniter.php(403): CodeIgniter\CodeIgniter->runController(Object(App\Controllers\Setting))
#3 C:\xampp\htdocs\SCR\system\CodeIgniter.php(311): CodeIgniter\CodeIgniter->handleRequest(NULL, Object(Config\Cache), false)
#4 C:\xampp\htdocs\SCR\public\index.php(44): CodeIgniter\CodeIgniter->run()
#5 {main}
CRITICAL - 2021-03-22 14:30:41 --> Undefined variable: _SESSION
#0 C:\xampp\htdocs\SCR\app\Models\PushNotif.php(40): CodeIgniter\Debug\Exceptions->errorHandler(8, 'Undefined varia...', 'C:\\xampp\\htdocs...', 40, Array)
#1 C:\xampp\htdocs\SCR\app\Controllers\Setting.php(66): App\Models\PushNotif->simpan(Array)
#2 C:\xampp\htdocs\SCR\system\CodeIgniter.php(917): App\Controllers\Setting->simpanData()
#3 C:\xampp\htdocs\SCR\system\CodeIgniter.php(403): CodeIgniter\CodeIgniter->runController(Object(App\Controllers\Setting))
#4 C:\xampp\htdocs\SCR\system\CodeIgniter.php(311): CodeIgniter\CodeIgniter->handleRequest(NULL, Object(Config\Cache), false)
#5 C:\xampp\htdocs\SCR\public\index.php(44): CodeIgniter\CodeIgniter->run()
#6 {main}
CRITICAL - 2021-03-22 14:30:43 --> Undefined variable: _SESSION
#0 C:\xampp\htdocs\SCR\app\Models\PushNotif.php(40): CodeIgniter\Debug\Exceptions->errorHandler(8, 'Undefined varia...', 'C:\\xampp\\htdocs...', 40, Array)
#1 C:\xampp\htdocs\SCR\app\Controllers\Setting.php(66): App\Models\PushNotif->simpan(Array)
#2 C:\xampp\htdocs\SCR\system\CodeIgniter.php(917): App\Controllers\Setting->simpanData()
#3 C:\xampp\htdocs\SCR\system\CodeIgniter.php(403): CodeIgniter\CodeIgniter->runController(Object(App\Controllers\Setting))
#4 C:\xampp\htdocs\SCR\system\CodeIgniter.php(311): CodeIgniter\CodeIgniter->handleRequest(NULL, Object(Config\Cache), false)
#5 C:\xampp\htdocs\SCR\public\index.php(44): CodeIgniter\CodeIgniter->run()
#6 {main}
CRITICAL - 2021-03-22 14:38:47 --> Undefined variable: _SESSION
#0 C:\xampp\htdocs\SCR\app\Models\PushNotif.php(68): CodeIgniter\Debug\Exceptions->errorHandler(8, 'Undefined varia...', 'C:\\xampp\\htdocs...', 68, Array)
#1 C:\xampp\htdocs\SCR\app\Controllers\Setting.php(66): App\Models\PushNotif->simpan(Array)
#2 C:\xampp\htdocs\SCR\system\CodeIgniter.php(917): App\Controllers\Setting->simpanData()
#3 C:\xampp\htdocs\SCR\system\CodeIgniter.php(403): CodeIgniter\CodeIgniter->runController(Object(App\Controllers\Setting))
#4 C:\xampp\htdocs\SCR\system\CodeIgniter.php(311): CodeIgniter\CodeIgniter->handleRequest(NULL, Object(Config\Cache), false)
#5 C:\xampp\htdocs\SCR\public\index.php(44): CodeIgniter\CodeIgniter->run()
#6 {main}
CRITICAL - 2021-03-22 14:40:22 --> Object of class CodeIgniter\Database\MySQLi\Result could not be converted to string
#0 C:\xampp\htdocs\SCR\app\Controllers\Setting.php(66): App\Models\PushNotif->simpan(Array)
#1 C:\xampp\htdocs\SCR\system\CodeIgniter.php(917): App\Controllers\Setting->simpanData()
#2 C:\xampp\htdocs\SCR\system\CodeIgniter.php(403): CodeIgniter\CodeIgniter->runController(Object(App\Controllers\Setting))
#3 C:\xampp\htdocs\SCR\system\CodeIgniter.php(311): CodeIgniter\CodeIgniter->handleRequest(NULL, Object(Config\Cache), false)
#4 C:\xampp\htdocs\SCR\public\index.php(44): CodeIgniter\CodeIgniter->run()
#5 {main}
CRITICAL - 2021-03-22 14:40:52 --> Object of class CodeIgniter\Database\MySQLi\Result could not be converted to string
#0 C:\xampp\htdocs\SCR\app\Controllers\Setting.php(66): App\Models\PushNotif->simpan(Array)
#1 C:\xampp\htdocs\SCR\system\CodeIgniter.php(917): App\Controllers\Setting->simpanData()
#2 C:\xampp\htdocs\SCR\system\CodeIgniter.php(403): CodeIgniter\CodeIgniter->runController(Object(App\Controllers\Setting))
#3 C:\xampp\htdocs\SCR\system\CodeIgniter.php(311): CodeIgniter\CodeIgniter->handleRequest(NULL, Object(Config\Cache), false)
#4 C:\xampp\htdocs\SCR\public\index.php(44): CodeIgniter\CodeIgniter->run()
#5 {main}
CRITICAL - 2021-03-22 14:43:11 --> Call to undefined method CodeIgniter\Database\MySQLi\Result::fetch_object()
#0 C:\xampp\htdocs\SCR\app\Controllers\Setting.php(66): App\Models\PushNotif->simpan(Array)
#1 C:\xampp\htdocs\SCR\system\CodeIgniter.php(917): App\Controllers\Setting->simpanData()
#2 C:\xampp\htdocs\SCR\system\CodeIgniter.php(403): CodeIgniter\CodeIgniter->runController(Object(App\Controllers\Setting))
#3 C:\xampp\htdocs\SCR\system\CodeIgniter.php(311): CodeIgniter\CodeIgniter->handleRequest(NULL, Object(Config\Cache), false)
#4 C:\xampp\htdocs\SCR\public\index.php(44): CodeIgniter\CodeIgniter->run()
#5 {main}
CRITICAL - 2021-03-22 14:43:14 --> Call to undefined method CodeIgniter\Database\MySQLi\Result::fetch_object()
#0 C:\xampp\htdocs\SCR\app\Controllers\Setting.php(66): App\Models\PushNotif->simpan(Array)
#1 C:\xampp\htdocs\SCR\system\CodeIgniter.php(917): App\Controllers\Setting->simpanData()
#2 C:\xampp\htdocs\SCR\system\CodeIgniter.php(403): CodeIgniter\CodeIgniter->runController(Object(App\Controllers\Setting))
#3 C:\xampp\htdocs\SCR\system\CodeIgniter.php(311): CodeIgniter\CodeIgniter->handleRequest(NULL, Object(Config\Cache), false)
#4 C:\xampp\htdocs\SCR\public\index.php(44): CodeIgniter\CodeIgniter->run()
#5 {main}
CRITICAL - 2021-03-22 14:47:51 --> syntax error, unexpected ';', expecting ')'
#0 C:\xampp\htdocs\SCR\system\Autoloader\Autoloader.php(296): CodeIgniter\Autoloader\Autoloader->requireFile('C:\\xampp\\htdocs...')
#1 C:\xampp\htdocs\SCR\system\Autoloader\Autoloader.php(258): CodeIgniter\Autoloader\Autoloader->loadInNamespace('App\\Models\\Push...')
#2 [internal function]: CodeIgniter\Autoloader\Autoloader->loadClass('App\\Models\\Push...')
#3 C:\xampp\htdocs\SCR\app\Controllers\Setting.php(17): spl_autoload_call('App\\Models\\Push...')
#4 C:\xampp\htdocs\SCR\system\CodeIgniter.php(889): App\Controllers\Setting->__construct()
#5 C:\xampp\htdocs\SCR\system\CodeIgniter.php(398): CodeIgniter\CodeIgniter->createController()
#6 C:\xampp\htdocs\SCR\system\CodeIgniter.php(311): CodeIgniter\CodeIgniter->handleRequest(NULL, Object(Config\Cache), false)
#7 C:\xampp\htdocs\SCR\public\index.php(44): CodeIgniter\CodeIgniter->run()
#8 {main}
CRITICAL - 2021-03-22 17:12:53 --> syntax error, unexpected ';', expecting ')'
#0 C:\xampp\htdocs\SCR\system\Autoloader\Autoloader.php(296): CodeIgniter\Autoloader\Autoloader->requireFile('C:\\xampp\\htdocs...')
#1 C:\xampp\htdocs\SCR\system\Autoloader\Autoloader.php(258): CodeIgniter\Autoloader\Autoloader->loadInNamespace('App\\Models\\Push...')
#2 [internal function]: CodeIgniter\Autoloader\Autoloader->loadClass('App\\Models\\Push...')
#3 C:\xampp\htdocs\SCR\app\Controllers\Setting.php(17): spl_autoload_call('App\\Models\\Push...')
#4 C:\xampp\htdocs\SCR\system\CodeIgniter.php(889): App\Controllers\Setting->__construct()
#5 C:\xampp\htdocs\SCR\system\CodeIgniter.php(398): CodeIgniter\CodeIgniter->createController()
#6 C:\xampp\htdocs\SCR\system\CodeIgniter.php(311): CodeIgniter\CodeIgniter->handleRequest(NULL, Object(Config\Cache), false)
#7 C:\xampp\htdocs\SCR\public\index.php(44): CodeIgniter\CodeIgniter->run()
#8 {main}
CRITICAL - 2021-03-22 17:13:28 --> syntax error, unexpected ';', expecting ')'
#0 C:\xampp\htdocs\SCR\system\Autoloader\Autoloader.php(296): CodeIgniter\Autoloader\Autoloader->requireFile('C:\\xampp\\htdocs...')
#1 C:\xampp\htdocs\SCR\system\Autoloader\Autoloader.php(258): CodeIgniter\Autoloader\Autoloader->loadInNamespace('App\\Models\\Push...')
#2 [internal function]: CodeIgniter\Autoloader\Autoloader->loadClass('App\\Models\\Push...')
#3 C:\xampp\htdocs\SCR\app\Controllers\Setting.php(17): spl_autoload_call('App\\Models\\Push...')
#4 C:\xampp\htdocs\SCR\system\CodeIgniter.php(889): App\Controllers\Setting->__construct()
#5 C:\xampp\htdocs\SCR\system\CodeIgniter.php(398): CodeIgniter\CodeIgniter->createController()
#6 C:\xampp\htdocs\SCR\system\CodeIgniter.php(311): CodeIgniter\CodeIgniter->handleRequest(NULL, Object(Config\Cache), false)
#7 C:\xampp\htdocs\SCR\public\index.php(44): CodeIgniter\CodeIgniter->run()
#8 {main}
CRITICAL - 2021-03-22 22:22:15 --> session_start(): A session had already been started - ignoring
#0 [internal function]: CodeIgniter\Debug\Exceptions->errorHandler(8, 'session_start()...', 'C:\\xampp\\htdocs...', 40, Array)
#1 C:\xampp\htdocs\SCR\app\Models\PushNotif.php(40): session_start()
#2 C:\xampp\htdocs\SCR\app\Controllers\Setting.php(82): App\Models\PushNotif->simpan(Array)
#3 C:\xampp\htdocs\SCR\system\CodeIgniter.php(917): App\Controllers\Setting->simpanData()
#4 C:\xampp\htdocs\SCR\system\CodeIgniter.php(403): CodeIgniter\CodeIgniter->runController(Object(App\Controllers\Setting))
#5 C:\xampp\htdocs\SCR\system\CodeIgniter.php(311): CodeIgniter\CodeIgniter->handleRequest(NULL, Object(Config\Cache), false)
#6 C:\xampp\htdocs\SCR\public\index.php(44): CodeIgniter\CodeIgniter->run()
#7 {main}
CRITICAL - 2021-03-22 22:22:17 --> session_start(): A session had already been started - ignoring
#0 [internal function]: CodeIgniter\Debug\Exceptions->errorHandler(8, 'session_start()...', 'C:\\xampp\\htdocs...', 40, Array)
#1 C:\xampp\htdocs\SCR\app\Models\PushNotif.php(40): session_start()
#2 C:\xampp\htdocs\SCR\app\Controllers\Setting.php(82): App\Models\PushNotif->simpan(Array)
#3 C:\xampp\htdocs\SCR\system\CodeIgniter.php(917): App\Controllers\Setting->simpanData()
#4 C:\xampp\htdocs\SCR\system\CodeIgniter.php(403): CodeIgniter\CodeIgniter->runController(Object(App\Controllers\Setting))
#5 C:\xampp\htdocs\SCR\system\CodeIgniter.php(311): CodeIgniter\CodeIgniter->handleRequest(NULL, Object(Config\Cache), false)
#6 C:\xampp\htdocs\SCR\public\index.php(44): CodeIgniter\CodeIgniter->run()
#7 {main}
CRITICAL - 2021-03-22 22:22:36 --> session_start(): A session had already been started - ignoring
#0 [internal function]: CodeIgniter\Debug\Exceptions->errorHandler(8, 'session_start()...', 'C:\\xampp\\htdocs...', 40, Array)
#1 C:\xampp\htdocs\SCR\app\Models\PushNotif.php(40): session_start()
#2 C:\xampp\htdocs\SCR\app\Controllers\Setting.php(82): App\Models\PushNotif->simpan(Array)
#3 C:\xampp\htdocs\SCR\system\CodeIgniter.php(917): App\Controllers\Setting->simpanData()
#4 C:\xampp\htdocs\SCR\system\CodeIgniter.php(403): CodeIgniter\CodeIgniter->runController(Object(App\Controllers\Setting))
#5 C:\xampp\htdocs\SCR\system\CodeIgniter.php(311): CodeIgniter\CodeIgniter->handleRequest(NULL, Object(Config\Cache), false)
#6 C:\xampp\htdocs\SCR\public\index.php(44): CodeIgniter\CodeIgniter->run()
#7 {main}
CRITICAL - 2021-03-22 22:22:44 --> session_start(): A session had already been started - ignoring
#0 [internal function]: CodeIgniter\Debug\Exceptions->errorHandler(8, 'session_start()...', 'C:\\xampp\\htdocs...', 40, Array)
#1 C:\xampp\htdocs\SCR\app\Models\PushNotif.php(40): session_start()
#2 C:\xampp\htdocs\SCR\app\Controllers\Setting.php(82): App\Models\PushNotif->simpan(Array)
#3 C:\xampp\htdocs\SCR\system\CodeIgniter.php(917): App\Controllers\Setting->simpanData()
#4 C:\xampp\htdocs\SCR\system\CodeIgniter.php(403): CodeIgniter\CodeIgniter->runController(Object(App\Controllers\Setting))
#5 C:\xampp\htdocs\SCR\system\CodeIgniter.php(311): CodeIgniter\CodeIgniter->handleRequest(NULL, Object(Config\Cache), false)
#6 C:\xampp\htdocs\SCR\public\index.php(44): CodeIgniter\CodeIgniter->run()
#7 {main}
CRITICAL - 2021-03-22 22:23:32 --> Call to undefined method CodeIgniter\Database\MySQLi\Result::fetch_assoc()
#0 C:\xampp\htdocs\SCR\app\Controllers\Setting.php(82): App\Models\PushNotif->simpan(Array)
#1 C:\xampp\htdocs\SCR\system\CodeIgniter.php(917): App\Controllers\Setting->simpanData()
#2 C:\xampp\htdocs\SCR\system\CodeIgniter.php(403): CodeIgniter\CodeIgniter->runController(Object(App\Controllers\Setting))
#3 C:\xampp\htdocs\SCR\system\CodeIgniter.php(311): CodeIgniter\CodeIgniter->handleRequest(NULL, Object(Config\Cache), false)
#4 C:\xampp\htdocs\SCR\public\index.php(44): CodeIgniter\CodeIgniter->run()
#5 {main}
CRITICAL - 2021-03-22 22:27:06 --> preg_match_all() expects parameter 2 to be string, object given
#0 [internal function]: CodeIgniter\Debug\Exceptions->errorHandler(2, 'preg_match_all(...', 'C:\\xampp\\htdocs...', 395, Array)
#1 C:\xampp\htdocs\SCR\system\HTTP\Request.php(395): preg_match_all('/(?:^[^\\[]+)|\\[...', Object(CodeIgniter\Database\MySQLi\Result), NULL)
#2 C:\xampp\htdocs\SCR\system\HTTP\IncomingRequest.php(411): CodeIgniter\HTTP\Request->fetchGlobal('post', Object(CodeIgniter\Database\MySQLi\Result), 516, NULL)
#3 C:\xampp\htdocs\SCR\app\Controllers\Setting.php(75): CodeIgniter\HTTP\IncomingRequest->getPost(Object(CodeIgniter\Database\MySQLi\Result))
#4 C:\xampp\htdocs\SCR\system\CodeIgniter.php(917): App\Controllers\Setting->simpanData()
#5 C:\xampp\htdocs\SCR\system\CodeIgniter.php(403): CodeIgniter\CodeIgniter->runController(Object(App\Controllers\Setting))
#6 C:\xampp\htdocs\SCR\system\CodeIgniter.php(311): CodeIgniter\CodeIgniter->handleRequest(NULL, Object(Config\Cache), false)
#7 C:\xampp\htdocs\SCR\public\index.php(44): CodeIgniter\CodeIgniter->run()
#8 {main}
CRITICAL - 2021-03-22 22:27:08 --> preg_match_all() expects parameter 2 to be string, object given
#0 [internal function]: CodeIgniter\Debug\Exceptions->errorHandler(2, 'preg_match_all(...', 'C:\\xampp\\htdocs...', 395, Array)
#1 C:\xampp\htdocs\SCR\system\HTTP\Request.php(395): preg_match_all('/(?:^[^\\[]+)|\\[...', Object(CodeIgniter\Database\MySQLi\Result), NULL)
#2 C:\xampp\htdocs\SCR\system\HTTP\IncomingRequest.php(411): CodeIgniter\HTTP\Request->fetchGlobal('post', Object(CodeIgniter\Database\MySQLi\Result), 516, NULL)
#3 C:\xampp\htdocs\SCR\app\Controllers\Setting.php(75): CodeIgniter\HTTP\IncomingRequest->getPost(Object(CodeIgniter\Database\MySQLi\Result))
#4 C:\xampp\htdocs\SCR\system\CodeIgniter.php(917): App\Controllers\Setting->simpanData()
#5 C:\xampp\htdocs\SCR\system\CodeIgniter.php(403): CodeIgniter\CodeIgniter->runController(Object(App\Controllers\Setting))
#6 C:\xampp\htdocs\SCR\system\CodeIgniter.php(311): CodeIgniter\CodeIgniter->handleRequest(NULL, Object(Config\Cache), false)
#7 C:\xampp\htdocs\SCR\public\index.php(44): CodeIgniter\CodeIgniter->run()
#8 {main}
CRITICAL - 2021-03-22 22:28:35 --> preg_match_all() expects parameter 2 to be string, object given
#0 [internal function]: CodeIgniter\Debug\Exceptions->errorHandler(2, 'preg_match_all(...', 'C:\\xampp\\htdocs...', 395, Array)
#1 C:\xampp\htdocs\SCR\system\HTTP\Request.php(395): preg_match_all('/(?:^[^\\[]+)|\\[...', Object(CodeIgniter\Database\MySQLi\Result), NULL)
#2 C:\xampp\htdocs\SCR\system\HTTP\IncomingRequest.php(411): CodeIgniter\HTTP\Request->fetchGlobal('post', Object(CodeIgniter\Database\MySQLi\Result), 516, NULL)
#3 C:\xampp\htdocs\SCR\app\Controllers\Setting.php(75): CodeIgniter\HTTP\IncomingRequest->getPost(Object(CodeIgniter\Database\MySQLi\Result))
#4 C:\xampp\htdocs\SCR\system\CodeIgniter.php(917): App\Controllers\Setting->simpanData()
#5 C:\xampp\htdocs\SCR\system\CodeIgniter.php(403): CodeIgniter\CodeIgniter->runController(Object(App\Controllers\Setting))
#6 C:\xampp\htdocs\SCR\system\CodeIgniter.php(311): CodeIgniter\CodeIgniter->handleRequest(NULL, Object(Config\Cache), false)
#7 C:\xampp\htdocs\SCR\public\index.php(44): CodeIgniter\CodeIgniter->run()
#8 {main}
CRITICAL - 2021-03-22 22:28:37 --> preg_match_all() expects parameter 2 to be string, object given
#0 [internal function]: CodeIgniter\Debug\Exceptions->errorHandler(2, 'preg_match_all(...', 'C:\\xampp\\htdocs...', 395, Array)
#1 C:\xampp\htdocs\SCR\system\HTTP\Request.php(395): preg_match_all('/(?:^[^\\[]+)|\\[...', Object(CodeIgniter\Database\MySQLi\Result), NULL)
#2 C:\xampp\htdocs\SCR\system\HTTP\IncomingRequest.php(411): CodeIgniter\HTTP\Request->fetchGlobal('post', Object(CodeIgniter\Database\MySQLi\Result), 516, NULL)
#3 C:\xampp\htdocs\SCR\app\Controllers\Setting.php(75): CodeIgniter\HTTP\IncomingRequest->getPost(Object(CodeIgniter\Database\MySQLi\Result))
#4 C:\xampp\htdocs\SCR\system\CodeIgniter.php(917): App\Controllers\Setting->simpanData()
#5 C:\xampp\htdocs\SCR\system\CodeIgniter.php(403): CodeIgniter\CodeIgniter->runController(Object(App\Controllers\Setting))
#6 C:\xampp\htdocs\SCR\system\CodeIgniter.php(311): CodeIgniter\CodeIgniter->handleRequest(NULL, Object(Config\Cache), false)
#7 C:\xampp\htdocs\SCR\public\index.php(44): CodeIgniter\CodeIgniter->run()
#8 {main}
CRITICAL - 2021-03-22 22:29:30 --> preg_match_all() expects parameter 2 to be string, object given
#0 [internal function]: CodeIgniter\Debug\Exceptions->errorHandler(2, 'preg_match_all(...', 'C:\\xampp\\htdocs...', 395, Array)
#1 C:\xampp\htdocs\SCR\system\HTTP\Request.php(395): preg_match_all('/(?:^[^\\[]+)|\\[...', Object(CodeIgniter\Database\MySQLi\Result), NULL)
#2 C:\xampp\htdocs\SCR\system\HTTP\IncomingRequest.php(411): CodeIgniter\HTTP\Request->fetchGlobal('post', Object(CodeIgniter\Database\MySQLi\Result), 516, NULL)
#3 C:\xampp\htdocs\SCR\app\Controllers\Setting.php(75): CodeIgniter\HTTP\IncomingRequest->getPost(Object(CodeIgniter\Database\MySQLi\Result))
#4 C:\xampp\htdocs\SCR\system\CodeIgniter.php(917): App\Controllers\Setting->simpanData()
#5 C:\xampp\htdocs\SCR\system\CodeIgniter.php(403): CodeIgniter\CodeIgniter->runController(Object(App\Controllers\Setting))
#6 C:\xampp\htdocs\SCR\system\CodeIgniter.php(311): CodeIgniter\CodeIgniter->handleRequest(NULL, Object(Config\Cache), false)
#7 C:\xampp\htdocs\SCR\public\index.php(44): CodeIgniter\CodeIgniter->run()
#8 {main}
CRITICAL - 2021-03-22 22:30:39 --> preg_match_all() expects parameter 2 to be string, object given
#0 [internal function]: CodeIgniter\Debug\Exceptions->errorHandler(2, 'preg_match_all(...', 'C:\\xampp\\htdocs...', 395, Array)
#1 C:\xampp\htdocs\SCR\system\HTTP\Request.php(395): preg_match_all('/(?:^[^\\[]+)|\\[...', Object(CodeIgniter\Database\MySQLi\Result), NULL)
#2 C:\xampp\htdocs\SCR\system\HTTP\IncomingRequest.php(411): CodeIgniter\HTTP\Request->fetchGlobal('post', Object(CodeIgniter\Database\MySQLi\Result), 516, NULL)
#3 C:\xampp\htdocs\SCR\app\Controllers\Setting.php(75): CodeIgniter\HTTP\IncomingRequest->getPost(Object(CodeIgniter\Database\MySQLi\Result))
#4 C:\xampp\htdocs\SCR\system\CodeIgniter.php(917): App\Controllers\Setting->simpanData()
#5 C:\xampp\htdocs\SCR\system\CodeIgniter.php(403): CodeIgniter\CodeIgniter->runController(Object(App\Controllers\Setting))
#6 C:\xampp\htdocs\SCR\system\CodeIgniter.php(311): CodeIgniter\CodeIgniter->handleRequest(NULL, Object(Config\Cache), false)
#7 C:\xampp\htdocs\SCR\public\index.php(44): CodeIgniter\CodeIgniter->run()
#8 {main}
CRITICAL - 2021-03-22 22:31:19 --> preg_match_all() expects parameter 2 to be string, object given
#0 [internal function]: CodeIgniter\Debug\Exceptions->errorHandler(2, 'preg_match_all(...', 'C:\\xampp\\htdocs...', 395, Array)
#1 C:\xampp\htdocs\SCR\system\HTTP\Request.php(395): preg_match_all('/(?:^[^\\[]+)|\\[...', Object(CodeIgniter\Database\MySQLi\Result), NULL)
#2 C:\xampp\htdocs\SCR\system\HTTP\IncomingRequest.php(411): CodeIgniter\HTTP\Request->fetchGlobal('post', Object(CodeIgniter\Database\MySQLi\Result), 516, NULL)
#3 C:\xampp\htdocs\SCR\app\Controllers\Setting.php(75): CodeIgniter\HTTP\IncomingRequest->getPost(Object(CodeIgniter\Database\MySQLi\Result))
#4 C:\xampp\htdocs\SCR\system\CodeIgniter.php(917): App\Controllers\Setting->simpanData()
#5 C:\xampp\htdocs\SCR\system\CodeIgniter.php(403): CodeIgniter\CodeIgniter->runController(Object(App\Controllers\Setting))
#6 C:\xampp\htdocs\SCR\system\CodeIgniter.php(311): CodeIgniter\CodeIgniter->handleRequest(NULL, Object(Config\Cache), false)
#7 C:\xampp\htdocs\SCR\public\index.php(44): CodeIgniter\CodeIgniter->run()
#8 {main}
CRITICAL - 2021-03-22 22:33:03 --> Call to undefined method CodeIgniter\Database\MySQLi\Result::fetch_assoc()
#0 C:\xampp\htdocs\SCR\app\Controllers\Setting.php(83): App\Models\PushNotif->simpan(Array)
#1 C:\xampp\htdocs\SCR\system\CodeIgniter.php(917): App\Controllers\Setting->simpanData()
#2 C:\xampp\htdocs\SCR\system\CodeIgniter.php(403): CodeIgniter\CodeIgniter->runController(Object(App\Controllers\Setting))
#3 C:\xampp\htdocs\SCR\system\CodeIgniter.php(311): CodeIgniter\CodeIgniter->handleRequest(NULL, Object(Config\Cache), false)
#4 C:\xampp\htdocs\SCR\public\index.php(44): CodeIgniter\CodeIgniter->run()
#5 {main}
CRITICAL - 2021-03-22 22:33:05 --> Call to undefined method CodeIgniter\Database\MySQLi\Result::fetch_assoc()
#0 C:\xampp\htdocs\SCR\app\Controllers\Setting.php(83): App\Models\PushNotif->simpan(Array)
#1 C:\xampp\htdocs\SCR\system\CodeIgniter.php(917): App\Controllers\Setting->simpanData()
#2 C:\xampp\htdocs\SCR\system\CodeIgniter.php(403): CodeIgniter\CodeIgniter->runController(Object(App\Controllers\Setting))
#3 C:\xampp\htdocs\SCR\system\CodeIgniter.php(311): CodeIgniter\CodeIgniter->handleRequest(NULL, Object(Config\Cache), false)
#4 C:\xampp\htdocs\SCR\public\index.php(44): CodeIgniter\CodeIgniter->run()
#5 {main}
CRITICAL - 2021-03-22 22:34:45 --> Call to undefined method CodeIgniter\Database\MySQLi\Result::fetch_assoc()
#0 C:\xampp\htdocs\SCR\app\Controllers\Setting.php(83): App\Models\PushNotif->simpan(Array)
#1 C:\xampp\htdocs\SCR\system\CodeIgniter.php(917): App\Controllers\Setting->simpanData()
#2 C:\xampp\htdocs\SCR\system\CodeIgniter.php(403): CodeIgniter\CodeIgniter->runController(Object(App\Controllers\Setting))
#3 C:\xampp\htdocs\SCR\system\CodeIgniter.php(311): CodeIgniter\CodeIgniter->handleRequest(NULL, Object(Config\Cache), false)
#4 C:\xampp\htdocs\SCR\public\index.php(44): CodeIgniter\CodeIgniter->run()
#5 {main}
CRITICAL - 2021-03-22 22:34:48 --> Call to undefined method CodeIgniter\Database\MySQLi\Result::fetch_assoc()
#0 C:\xampp\htdocs\SCR\app\Controllers\Setting.php(83): App\Models\PushNotif->simpan(Array)
#1 C:\xampp\htdocs\SCR\system\CodeIgniter.php(917): App\Controllers\Setting->simpanData()
#2 C:\xampp\htdocs\SCR\system\CodeIgniter.php(403): CodeIgniter\CodeIgniter->runController(Object(App\Controllers\Setting))
#3 C:\xampp\htdocs\SCR\system\CodeIgniter.php(311): CodeIgniter\CodeIgniter->handleRequest(NULL, Object(Config\Cache), false)
#4 C:\xampp\htdocs\SCR\public\index.php(44): CodeIgniter\CodeIgniter->run()
#5 {main}
CRITICAL - 2021-03-22 22:35:33 --> Call to undefined method CodeIgniter\Database\MySQLi\Result::fetch_assoc()
#0 C:\xampp\htdocs\SCR\app\Controllers\Setting.php(83): App\Models\PushNotif->simpan(Array)
#1 C:\xampp\htdocs\SCR\system\CodeIgniter.php(917): App\Controllers\Setting->simpanData()
#2 C:\xampp\htdocs\SCR\system\CodeIgniter.php(403): CodeIgniter\CodeIgniter->runController(Object(App\Controllers\Setting))
#3 C:\xampp\htdocs\SCR\system\CodeIgniter.php(311): CodeIgniter\CodeIgniter->handleRequest(NULL, Object(Config\Cache), false)
#4 C:\xampp\htdocs\SCR\public\index.php(44): CodeIgniter\CodeIgniter->run()
#5 {main}
CRITICAL - 2021-03-22 22:35:36 --> Call to undefined method CodeIgniter\Database\MySQLi\Result::fetch_assoc()
#0 C:\xampp\htdocs\SCR\app\Controllers\Setting.php(83): App\Models\PushNotif->simpan(Array)
#1 C:\xampp\htdocs\SCR\system\CodeIgniter.php(917): App\Controllers\Setting->simpanData()
#2 C:\xampp\htdocs\SCR\system\CodeIgniter.php(403): CodeIgniter\CodeIgniter->runController(Object(App\Controllers\Setting))
#3 C:\xampp\htdocs\SCR\system\CodeIgniter.php(311): CodeIgniter\CodeIgniter->handleRequest(NULL, Object(Config\Cache), false)
#4 C:\xampp\htdocs\SCR\public\index.php(44): CodeIgniter\CodeIgniter->run()
#5 {main}
CRITICAL - 2021-03-22 22:38:14 --> Call to undefined method CodeIgniter\Database\MySQLi\Result::fetch()
#0 C:\xampp\htdocs\SCR\app\Controllers\Setting.php(78): App\Models\PushNotif->simpan(Array)
#1 C:\xampp\htdocs\SCR\system\CodeIgniter.php(917): App\Controllers\Setting->simpanData()
#2 C:\xampp\htdocs\SCR\system\CodeIgniter.php(403): CodeIgniter\CodeIgniter->runController(Object(App\Controllers\Setting))
#3 C:\xampp\htdocs\SCR\system\CodeIgniter.php(311): CodeIgniter\CodeIgniter->handleRequest(NULL, Object(Config\Cache), false)
#4 C:\xampp\htdocs\SCR\public\index.php(44): CodeIgniter\CodeIgniter->run()
#5 {main}
CRITICAL - 2021-03-22 22:38:16 --> Call to undefined method CodeIgniter\Database\MySQLi\Result::fetch()
#0 C:\xampp\htdocs\SCR\app\Controllers\Setting.php(78): App\Models\PushNotif->simpan(Array)
#1 C:\xampp\htdocs\SCR\system\CodeIgniter.php(917): App\Controllers\Setting->simpanData()
#2 C:\xampp\htdocs\SCR\system\CodeIgniter.php(403): CodeIgniter\CodeIgniter->runController(Object(App\Controllers\Setting))
#3 C:\xampp\htdocs\SCR\system\CodeIgniter.php(311): CodeIgniter\CodeIgniter->handleRequest(NULL, Object(Config\Cache), false)
#4 C:\xampp\htdocs\SCR\public\index.php(44): CodeIgniter\CodeIgniter->run()
#5 {main}
CRITICAL - 2021-03-22 22:42:30 --> Call to undefined method CodeIgniter\Database\MySQLi\Result::fetch_assoc()
#0 C:\xampp\htdocs\SCR\app\Controllers\Setting.php(78): App\Models\PushNotif->simpan(Array)
#1 C:\xampp\htdocs\SCR\system\CodeIgniter.php(917): App\Controllers\Setting->simpanData()
#2 C:\xampp\htdocs\SCR\system\CodeIgniter.php(403): CodeIgniter\CodeIgniter->runController(Object(App\Controllers\Setting))
#3 C:\xampp\htdocs\SCR\system\CodeIgniter.php(311): CodeIgniter\CodeIgniter->handleRequest(NULL, Object(Config\Cache), false)
#4 C:\xampp\htdocs\SCR\public\index.php(44): CodeIgniter\CodeIgniter->run()
#5 {main}
CRITICAL - 2021-03-22 22:57:38 --> Call to undefined method CodeIgniter\Database\MySQLi\Result::fetch_assoc()
#0 C:\xampp\htdocs\SCR\app\Controllers\Setting.php(78): App\Models\PushNotif->simpan(Array)
#1 C:\xampp\htdocs\SCR\system\CodeIgniter.php(917): App\Controllers\Setting->simpanData()
#2 C:\xampp\htdocs\SCR\system\CodeIgniter.php(403): CodeIgniter\CodeIgniter->runController(Object(App\Controllers\Setting))
#3 C:\xampp\htdocs\SCR\system\CodeIgniter.php(311): CodeIgniter\CodeIgniter->handleRequest(NULL, Object(Config\Cache), false)
#4 C:\xampp\htdocs\SCR\public\index.php(44): CodeIgniter\CodeIgniter->run()
#5 {main}
CRITICAL - 2021-03-22 22:57:47 --> Call to undefined method CodeIgniter\Database\MySQLi\Result::fetch_assoc()
#0 C:\xampp\htdocs\SCR\app\Controllers\Setting.php(78): App\Models\PushNotif->simpan(Array)
#1 C:\xampp\htdocs\SCR\system\CodeIgniter.php(917): App\Controllers\Setting->simpanData()
#2 C:\xampp\htdocs\SCR\system\CodeIgniter.php(403): CodeIgniter\CodeIgniter->runController(Object(App\Controllers\Setting))
#3 C:\xampp\htdocs\SCR\system\CodeIgniter.php(311): CodeIgniter\CodeIgniter->handleRequest(NULL, Object(Config\Cache), false)
#4 C:\xampp\htdocs\SCR\public\index.php(44): CodeIgniter\CodeIgniter->run()
#5 {main}
CRITICAL - 2021-03-22 23:01:19 --> Call to undefined method CodeIgniter\Database\MySQLi\Result::toString()
#0 C:\xampp\htdocs\SCR\app\Controllers\Setting.php(78): App\Models\PushNotif->simpan(Array)
#1 C:\xampp\htdocs\SCR\system\CodeIgniter.php(917): App\Controllers\Setting->simpanData()
#2 C:\xampp\htdocs\SCR\system\CodeIgniter.php(403): CodeIgniter\CodeIgniter->runController(Object(App\Controllers\Setting))
#3 C:\xampp\htdocs\SCR\system\CodeIgniter.php(311): CodeIgniter\CodeIgniter->handleRequest(NULL, Object(Config\Cache), false)
#4 C:\xampp\htdocs\SCR\public\index.php(44): CodeIgniter\CodeIgniter->run()
#5 {main}
CRITICAL - 2021-03-22 23:03:17 --> Call to undefined method CodeIgniter\Database\MySQLi\Result::fetch_assoc()
#0 C:\xampp\htdocs\SCR\app\Controllers\Setting.php(78): App\Models\PushNotif->simpan(Array)
#1 C:\xampp\htdocs\SCR\system\CodeIgniter.php(917): App\Controllers\Setting->simpanData()
#2 C:\xampp\htdocs\SCR\system\CodeIgniter.php(403): CodeIgniter\CodeIgniter->runController(Object(App\Controllers\Setting))
#3 C:\xampp\htdocs\SCR\system\CodeIgniter.php(311): CodeIgniter\CodeIgniter->handleRequest(NULL, Object(Config\Cache), false)
#4 C:\xampp\htdocs\SCR\public\index.php(44): CodeIgniter\CodeIgniter->run()
#5 {main}
CRITICAL - 2021-03-22 23:08:53 --> Call to undefined method CodeIgniter\Database\MySQLi\Result::_toString()
#0 C:\xampp\htdocs\SCR\app\Controllers\Setting.php(78): App\Models\PushNotif->simpan(Array)
#1 C:\xampp\htdocs\SCR\system\CodeIgniter.php(917): App\Controllers\Setting->simpanData()
#2 C:\xampp\htdocs\SCR\system\CodeIgniter.php(403): CodeIgniter\CodeIgniter->runController(Object(App\Controllers\Setting))
#3 C:\xampp\htdocs\SCR\system\CodeIgniter.php(311): CodeIgniter\CodeIgniter->handleRequest(NULL, Object(Config\Cache), false)
#4 C:\xampp\htdocs\SCR\public\index.php(44): CodeIgniter\CodeIgniter->run()
#5 {main}
CRITICAL - 2021-03-22 23:11:41 --> Call to undefined method CodeIgniter\Database\MySQLi\Result::_toString()
#0 C:\xampp\htdocs\SCR\app\Controllers\Setting.php(78): App\Models\PushNotif->simpan(Array)
#1 C:\xampp\htdocs\SCR\system\CodeIgniter.php(917): App\Controllers\Setting->simpanData()
#2 C:\xampp\htdocs\SCR\system\CodeIgniter.php(403): CodeIgniter\CodeIgniter->runController(Object(App\Controllers\Setting))
#3 C:\xampp\htdocs\SCR\system\CodeIgniter.php(311): CodeIgniter\CodeIgniter->handleRequest(NULL, Object(Config\Cache), false)
#4 C:\xampp\htdocs\SCR\public\index.php(44): CodeIgniter\CodeIgniter->run()
#5 {main}
CRITICAL - 2021-03-22 23:17:12 --> Call to undefined method CodeIgniter\Database\MySQLi\Result::_toString()
#0 C:\xampp\htdocs\SCR\app\Controllers\Setting.php(78): App\Models\PushNotif->simpan(Array)
#1 C:\xampp\htdocs\SCR\system\CodeIgniter.php(917): App\Controllers\Setting->simpanData()
#2 C:\xampp\htdocs\SCR\system\CodeIgniter.php(403): CodeIgniter\CodeIgniter->runController(Object(App\Controllers\Setting))
#3 C:\xampp\htdocs\SCR\system\CodeIgniter.php(311): CodeIgniter\CodeIgniter->handleRequest(NULL, Object(Config\Cache), false)
#4 C:\xampp\htdocs\SCR\public\index.php(44): CodeIgniter\CodeIgniter->run()
#5 {main}
CRITICAL - 2021-03-22 23:30:36 --> Cannot declare class CodeIgniter\Result, because the name is already in use
#0 [internal function]: CodeIgniter\Debug\Exceptions->shutdownHandler()
#1 {main}
CRITICAL - 2021-03-22 23:31:04 --> Cannot declare class CodeIgniter\Result, because the name is already in use
#0 [internal function]: CodeIgniter\Debug\Exceptions->shutdownHandler()
#1 {main}
CRITICAL - 2021-03-22 23:32:12 --> Call to undefined method CodeIgniter\Database\MySQLi\Result::_toString()
#0 C:\xampp\htdocs\SCR\app\Controllers\Setting.php(78): App\Models\PushNotif->simpan(Array)
#1 C:\xampp\htdocs\SCR\system\CodeIgniter.php(917): App\Controllers\Setting->simpanData()
#2 C:\xampp\htdocs\SCR\system\CodeIgniter.php(403): CodeIgniter\CodeIgniter->runController(Object(App\Controllers\Setting))
#3 C:\xampp\htdocs\SCR\system\CodeIgniter.php(311): CodeIgniter\CodeIgniter->handleRequest(NULL, Object(Config\Cache), false)
#4 C:\xampp\htdocs\SCR\public\index.php(44): CodeIgniter\CodeIgniter->run()
#5 {main}
CRITICAL - 2021-03-22 23:32:14 --> Call to undefined method CodeIgniter\Database\MySQLi\Result::_toString()
#0 C:\xampp\htdocs\SCR\app\Controllers\Setting.php(78): App\Models\PushNotif->simpan(Array)
#1 C:\xampp\htdocs\SCR\system\CodeIgniter.php(917): App\Controllers\Setting->simpanData()
#2 C:\xampp\htdocs\SCR\system\CodeIgniter.php(403): CodeIgniter\CodeIgniter->runController(Object(App\Controllers\Setting))
#3 C:\xampp\htdocs\SCR\system\CodeIgniter.php(311): CodeIgniter\CodeIgniter->handleRequest(NULL, Object(Config\Cache), false)
#4 C:\xampp\htdocs\SCR\public\index.php(44): CodeIgniter\CodeIgniter->run()
#5 {main}
CRITICAL - 2021-03-22 23:32:36 --> Call to undefined method CodeIgniter\Database\MySQLi\Result::_toString()
#0 C:\xampp\htdocs\SCR\app\Controllers\Setting.php(78): App\Models\PushNotif->simpan(Array)
#1 C:\xampp\htdocs\SCR\system\CodeIgniter.php(917): App\Controllers\Setting->simpanData()
#2 C:\xampp\htdocs\SCR\system\CodeIgniter.php(403): CodeIgniter\CodeIgniter->runController(Object(App\Controllers\Setting))
#3 C:\xampp\htdocs\SCR\system\CodeIgniter.php(311): CodeIgniter\CodeIgniter->handleRequest(NULL, Object(Config\Cache), false)
#4 C:\xampp\htdocs\SCR\public\index.php(44): CodeIgniter\CodeIgniter->run()
#5 {main}
CRITICAL - 2021-03-22 23:35:04 --> Call to protected method CodeIgniter\Database\MySQLi\Result::fetchAssoc() from context 'App\Models\PushNotif'
#0 C:\xampp\htdocs\SCR\app\Controllers\Setting.php(78): App\Models\PushNotif->simpan(Array)
#1 C:\xampp\htdocs\SCR\system\CodeIgniter.php(917): App\Controllers\Setting->simpanData()
#2 C:\xampp\htdocs\SCR\system\CodeIgniter.php(403): CodeIgniter\CodeIgniter->runController(Object(App\Controllers\Setting))
#3 C:\xampp\htdocs\SCR\system\CodeIgniter.php(311): CodeIgniter\CodeIgniter->handleRequest(NULL, Object(Config\Cache), false)
#4 C:\xampp\htdocs\SCR\public\index.php(44): CodeIgniter\CodeIgniter->run()
#5 {main}
CRITICAL - 2021-03-22 23:36:20 --> Call to protected method CodeIgniter\Database\MySQLi\Result::fetchAssoc() from context 'App\Models\PushNotif'
#0 C:\xampp\htdocs\SCR\app\Controllers\Setting.php(78): App\Models\PushNotif->simpan(Array)
#1 C:\xampp\htdocs\SCR\system\CodeIgniter.php(917): App\Controllers\Setting->simpanData()
#2 C:\xampp\htdocs\SCR\system\CodeIgniter.php(403): CodeIgniter\CodeIgniter->runController(Object(App\Controllers\Setting))
#3 C:\xampp\htdocs\SCR\system\CodeIgniter.php(311): CodeIgniter\CodeIgniter->handleRequest(NULL, Object(Config\Cache), false)
#4 C:\xampp\htdocs\SCR\public\index.php(44): CodeIgniter\CodeIgniter->run()
#5 {main}
CRITICAL - 2021-03-22 23:36:33 --> Call to protected method CodeIgniter\Database\MySQLi\Result::fetchAssoc() from context 'App\Models\PushNotif'
#0 C:\xampp\htdocs\SCR\app\Controllers\Setting.php(78): App\Models\PushNotif->simpan(Array)
#1 C:\xampp\htdocs\SCR\system\CodeIgniter.php(917): App\Controllers\Setting->simpanData()
#2 C:\xampp\htdocs\SCR\system\CodeIgniter.php(403): CodeIgniter\CodeIgniter->runController(Object(App\Controllers\Setting))
#3 C:\xampp\htdocs\SCR\system\CodeIgniter.php(311): CodeIgniter\CodeIgniter->handleRequest(NULL, Object(Config\Cache), false)
#4 C:\xampp\htdocs\SCR\public\index.php(44): CodeIgniter\CodeIgniter->run()
#5 {main}
CRITICAL - 2021-03-22 23:43:12 --> Undefined index: id
#0 C:\xampp\htdocs\SCR\app\Models\PushNotif.php(43): CodeIgniter\Debug\Exceptions->errorHandler(8, 'Undefined index...', 'C:\\xampp\\htdocs...', 43, Array)
#1 C:\xampp\htdocs\SCR\app\Controllers\Setting.php(79): App\Models\PushNotif->simpan(Array)
#2 C:\xampp\htdocs\SCR\system\CodeIgniter.php(917): App\Controllers\Setting->simpanData()
#3 C:\xampp\htdocs\SCR\system\CodeIgniter.php(403): CodeIgniter\CodeIgniter->runController(Object(App\Controllers\Setting))
#4 C:\xampp\htdocs\SCR\system\CodeIgniter.php(311): CodeIgniter\CodeIgniter->handleRequest(NULL, Object(Config\Cache), false)
#5 C:\xampp\htdocs\SCR\public\index.php(44): CodeIgniter\CodeIgniter->run()
#6 {main}
