CRITICAL - 2020-08-21 11:12:44 --> Undefined variable: error
#0 /home/fadf4949/codeigniter/app/Views/shareTarget.php(13): CodeIgniter\Debug\Exceptions->errorHandler(8, 'Undefined varia...', '/home/fadf4949/...', 13, Array)
#1 /home/fadf4949/codeigniter/system/View/View.php(246): include('/home/fadf4949/...')
#2 /home/fadf4949/codeigniter/system/Common.php(1087): CodeIgniter\View\View->render('shareTarget', Array, true)
#3 /home/fadf4949/codeigniter/app/Controllers/ShareTarget.php(22): view('shareTarget')
#4 /home/fadf4949/codeigniter/system/CodeIgniter.php(917): App\Controllers\ShareTarget->index()
#5 /home/fadf4949/codeigniter/system/CodeIgniter.php(403): CodeIgniter\CodeIgniter->runController(Object(App\Controllers\ShareTarget))
#6 /home/fadf4949/codeigniter/system/CodeIgniter.php(311): CodeIgniter\CodeIgniter->handleRequest(NULL, Object(Config\Cache), false)
#7 /home/fadf4949/public_html/index.php(44): CodeIgniter\CodeIgniter->run()
#8 {main}
CRITICAL - 2020-08-21 11:12:51 --> Undefined variable: error
#0 /home/fadf4949/codeigniter/app/Views/shareTarget.php(13): CodeIgniter\Debug\Exceptions->errorHandler(8, 'Undefined varia...', '/home/fadf4949/...', 13, Array)
#1 /home/fadf4949/codeigniter/system/View/View.php(246): include('/home/fadf4949/...')
#2 /home/fadf4949/codeigniter/system/Common.php(1087): CodeIgniter\View\View->render('shareTarget', Array, true)
#3 /home/fadf4949/codeigniter/app/Controllers/ShareTarget.php(22): view('shareTarget')
#4 /home/fadf4949/codeigniter/system/CodeIgniter.php(917): App\Controllers\ShareTarget->index()
#5 /home/fadf4949/codeigniter/system/CodeIgniter.php(403): CodeIgniter\CodeIgniter->runController(Object(App\Controllers\ShareTarget))
#6 /home/fadf4949/codeigniter/system/CodeIgniter.php(311): CodeIgniter\CodeIgniter->handleRequest(NULL, Object(Config\Cache), false)
#7 /home/fadf4949/public_html/index.php(44): CodeIgniter\CodeIgniter->run()
#8 {main}
CRITICAL - 2020-08-21 11:14:32 --> Call to undefined function form_open_multipart()
#0 /home/fadf4949/codeigniter/system/View/View.php(246): include()
#1 /home/fadf4949/codeigniter/system/Common.php(1087): CodeIgniter\View\View->render('shareTarget', Array, true)
#2 /home/fadf4949/codeigniter/app/Controllers/ShareTarget.php(22): view('shareTarget')
#3 /home/fadf4949/codeigniter/system/CodeIgniter.php(917): App\Controllers\ShareTarget->index()
#4 /home/fadf4949/codeigniter/system/CodeIgniter.php(403): CodeIgniter\CodeIgniter->runController(Object(App\Controllers\ShareTarget))
#5 /home/fadf4949/codeigniter/system/CodeIgniter.php(311): CodeIgniter\CodeIgniter->handleRequest(NULL, Object(Config\Cache), false)
#6 /home/fadf4949/public_html/index.php(44): CodeIgniter\CodeIgniter->run()
#7 {main}
CRITICAL - 2020-08-21 11:16:39 --> Undefined property: App\Controllers\ShareTarget::$load
#0 /home/fadf4949/codeigniter/app/Controllers/ShareTarget.php(22): CodeIgniter\Debug\Exceptions->errorHandler(8, 'Undefined prope...', '/home/fadf4949/...', 22, Array)
#1 /home/fadf4949/codeigniter/system/CodeIgniter.php(917): App\Controllers\ShareTarget->index()
#2 /home/fadf4949/codeigniter/system/CodeIgniter.php(403): CodeIgniter\CodeIgniter->runController(Object(App\Controllers\ShareTarget))
#3 /home/fadf4949/codeigniter/system/CodeIgniter.php(311): CodeIgniter\CodeIgniter->handleRequest(NULL, Object(Config\Cache), false)
#4 /home/fadf4949/public_html/index.php(44): CodeIgniter\CodeIgniter->run()
#5 {main}
CRITICAL - 2020-08-21 11:18:53 --> Cannot call constructor
#0 /home/fadf4949/codeigniter/system/CodeIgniter.php(889): App\Controllers\ShareTarget->__construct()
#1 /home/fadf4949/codeigniter/system/CodeIgniter.php(398): CodeIgniter\CodeIgniter->createController()
#2 /home/fadf4949/codeigniter/system/CodeIgniter.php(311): CodeIgniter\CodeIgniter->handleRequest(NULL, Object(Config\Cache), false)
#3 /home/fadf4949/public_html/index.php(44): CodeIgniter\CodeIgniter->run()
#4 {main}
CRITICAL - 2020-08-21 11:19:10 --> Cannot call constructor
#0 /home/fadf4949/codeigniter/system/CodeIgniter.php(889): App\Controllers\ShareTarget->__construct()
#1 /home/fadf4949/codeigniter/system/CodeIgniter.php(398): CodeIgniter\CodeIgniter->createController()
#2 /home/fadf4949/codeigniter/system/CodeIgniter.php(311): CodeIgniter\CodeIgniter->handleRequest(NULL, Object(Config\Cache), false)
#3 /home/fadf4949/public_html/index.php(44): CodeIgniter\CodeIgniter->run()
#4 {main}
CRITICAL - 2020-08-21 11:20:55 --> Cannot call constructor
#0 /home/fadf4949/codeigniter/system/CodeIgniter.php(889): App\Controllers\ShareTarget->__construct()
#1 /home/fadf4949/codeigniter/system/CodeIgniter.php(398): CodeIgniter\CodeIgniter->createController()
#2 /home/fadf4949/codeigniter/system/CodeIgniter.php(311): CodeIgniter\CodeIgniter->handleRequest(NULL, Object(Config\Cache), false)
#3 /home/fadf4949/public_html/index.php(44): CodeIgniter\CodeIgniter->run()
#4 {main}
CRITICAL - 2020-08-21 11:21:29 --> Class 'App\Controllers\CI_Controller' not found
#0 /home/fadf4949/codeigniter/system/Router/Router.php(578): include_once()
#1 /home/fadf4949/codeigniter/system/Router/Router.php(192): CodeIgniter\Router\Router->autoRoute('shareTarget')
#2 /home/fadf4949/codeigniter/system/CodeIgniter.php(792): CodeIgniter\Router\Router->handle('shareTarget')
#3 /home/fadf4949/codeigniter/system/CodeIgniter.php(363): CodeIgniter\CodeIgniter->tryToRouteIt(Object(CodeIgniter\Router\RouteCollection))
#4 /home/fadf4949/codeigniter/system/CodeIgniter.php(311): CodeIgniter\CodeIgniter->handleRequest(NULL, Object(Config\Cache), false)
#5 /home/fadf4949/public_html/index.php(44): CodeIgniter\CodeIgniter->run()
#6 {main}
CRITICAL - 2020-08-21 11:21:45 --> Cannot call constructor
#0 /home/fadf4949/codeigniter/system/CodeIgniter.php(889): App\Controllers\ShareTarget->__construct()
#1 /home/fadf4949/codeigniter/system/CodeIgniter.php(398): CodeIgniter\CodeIgniter->createController()
#2 /home/fadf4949/codeigniter/system/CodeIgniter.php(311): CodeIgniter\CodeIgniter->handleRequest(NULL, Object(Config\Cache), false)
#3 /home/fadf4949/public_html/index.php(44): CodeIgniter\CodeIgniter->run()
#4 {main}
CRITICAL - 2020-08-21 11:26:16 --> Cannot call constructor
#0 /home/fadf4949/codeigniter/system/CodeIgniter.php(889): App\Controllers\ShareTarget->__construct()
#1 /home/fadf4949/codeigniter/system/CodeIgniter.php(398): CodeIgniter\CodeIgniter->createController()
#2 /home/fadf4949/codeigniter/system/CodeIgniter.php(311): CodeIgniter\CodeIgniter->handleRequest(NULL, Object(Config\Cache), false)
#3 /home/fadf4949/public_html/index.php(44): CodeIgniter\CodeIgniter->run()
#4 {main}
CRITICAL - 2020-08-21 11:33:11 --> Cannot call constructor
#0 /home/fadf4949/codeigniter/system/CodeIgniter.php(889): App\Controllers\ShareTarget->__construct()
#1 /home/fadf4949/codeigniter/system/CodeIgniter.php(398): CodeIgniter\CodeIgniter->createController()
#2 /home/fadf4949/codeigniter/system/CodeIgniter.php(311): CodeIgniter\CodeIgniter->handleRequest(NULL, Object(Config\Cache), false)
#3 /home/fadf4949/public_html/index.php(44): CodeIgniter\CodeIgniter->run()
#4 {main}
CRITICAL - 2020-08-21 11:33:20 --> Cannot call constructor
#0 /home/fadf4949/codeigniter/system/CodeIgniter.php(889): App\Controllers\ShareTarget->__construct()
#1 /home/fadf4949/codeigniter/system/CodeIgniter.php(398): CodeIgniter\CodeIgniter->createController()
#2 /home/fadf4949/codeigniter/system/CodeIgniter.php(311): CodeIgniter\CodeIgniter->handleRequest(NULL, Object(Config\Cache), false)
#3 /home/fadf4949/public_html/index.php(44): CodeIgniter\CodeIgniter->run()
#4 {main}
CRITICAL - 2020-08-21 11:33:33 --> Cannot call constructor
#0 /home/fadf4949/codeigniter/system/CodeIgniter.php(889): App\Controllers\ShareTarget->__construct()
#1 /home/fadf4949/codeigniter/system/CodeIgniter.php(398): CodeIgniter\CodeIgniter->createController()
#2 /home/fadf4949/codeigniter/system/CodeIgniter.php(311): CodeIgniter\CodeIgniter->handleRequest(NULL, Object(Config\Cache), false)
#3 /home/fadf4949/public_html/index.php(44): CodeIgniter\CodeIgniter->run()
#4 {main}
CRITICAL - 2020-08-21 11:36:12 --> Undefined property: App\Controllers\ShareTarget::$load
#0 /home/fadf4949/codeigniter/app/Controllers/ShareTarget.php(24): CodeIgniter\Debug\Exceptions->errorHandler(8, 'Undefined prope...', '/home/fadf4949/...', 24, Array)
#1 /home/fadf4949/codeigniter/system/CodeIgniter.php(917): App\Controllers\ShareTarget->index()
#2 /home/fadf4949/codeigniter/system/CodeIgniter.php(403): CodeIgniter\CodeIgniter->runController(Object(App\Controllers\ShareTarget))
#3 /home/fadf4949/codeigniter/system/CodeIgniter.php(311): CodeIgniter\CodeIgniter->handleRequest(NULL, Object(Config\Cache), false)
#4 /home/fadf4949/public_html/index.php(44): CodeIgniter\CodeIgniter->run()
#5 {main}
CRITICAL - 2020-08-21 11:39:05 --> Undefined variable: error
#0 /home/fadf4949/codeigniter/app/Views/shareTarget.php(13): CodeIgniter\Debug\Exceptions->errorHandler(8, 'Undefined varia...', '/home/fadf4949/...', 13, Array)
#1 /home/fadf4949/codeigniter/system/View/View.php(246): include('/home/fadf4949/...')
#2 /home/fadf4949/codeigniter/system/Common.php(1087): CodeIgniter\View\View->render('shareTarget', Array, true)
#3 /home/fadf4949/codeigniter/app/Controllers/ShareTarget.php(24): view('shareTarget')
#4 /home/fadf4949/codeigniter/system/CodeIgniter.php(917): App\Controllers\ShareTarget->index()
#5 /home/fadf4949/codeigniter/system/CodeIgniter.php(403): CodeIgniter\CodeIgniter->runController(Object(App\Controllers\ShareTarget))
#6 /home/fadf4949/codeigniter/system/CodeIgniter.php(311): CodeIgniter\CodeIgniter->handleRequest(NULL, Object(Config\Cache), false)
#7 /home/fadf4949/public_html/index.php(44): CodeIgniter\CodeIgniter->run()
#8 {main}
CRITICAL - 2020-08-21 11:46:45 --> syntax error, unexpected '?>', expecting function (T_FUNCTION) or const (T_CONST)
#0 /home/fadf4949/codeigniter/system/Router/Router.php(192): CodeIgniter\Router\Router->autoRoute('shareTarget')
#1 /home/fadf4949/codeigniter/system/CodeIgniter.php(792): CodeIgniter\Router\Router->handle('shareTarget')
#2 /home/fadf4949/codeigniter/system/CodeIgniter.php(363): CodeIgniter\CodeIgniter->tryToRouteIt(Object(CodeIgniter\Router\RouteCollection))
#3 /home/fadf4949/codeigniter/system/CodeIgniter.php(311): CodeIgniter\CodeIgniter->handleRequest(NULL, Object(Config\Cache), false)
#4 /home/fadf4949/public_html/index.php(44): CodeIgniter\CodeIgniter->run()
#5 {main}
CRITICAL - 2020-08-21 11:49:53 --> syntax error, unexpected '?>', expecting function (T_FUNCTION) or const (T_CONST)
#0 /home/fadf4949/codeigniter/system/Router/Router.php(192): CodeIgniter\Router\Router->autoRoute('shareTarget')
#1 /home/fadf4949/codeigniter/system/CodeIgniter.php(792): CodeIgniter\Router\Router->handle('shareTarget')
#2 /home/fadf4949/codeigniter/system/CodeIgniter.php(363): CodeIgniter\CodeIgniter->tryToRouteIt(Object(CodeIgniter\Router\RouteCollection))
#3 /home/fadf4949/codeigniter/system/CodeIgniter.php(311): CodeIgniter\CodeIgniter->handleRequest(NULL, Object(Config\Cache), false)
#4 /home/fadf4949/public_html/index.php(44): CodeIgniter\CodeIgniter->run()
#5 {main}
CRITICAL - 2020-08-21 11:50:19 --> ini_set(): A session is active. You cannot change the session module's ini settings at this time
#0 [internal function]: CodeIgniter\Debug\Exceptions->errorHandler(2, 'ini_set(): A se...', '/home/fadf4949/...', 101, Array)
#1 /home/fadf4949/codeigniter/system/Session/Handlers/FileHandler.php(101): ini_set('session.save_pa...', '/home/fadf4949/...')
#2 /home/fadf4949/codeigniter/system/Config/Services.php(763): CodeIgniter\Session\Handlers\FileHandler->__construct(Object(Config\App), '111.221.44.60')
#3 /home/fadf4949/codeigniter/system/Config/BaseService.php(123): CodeIgniter\Config\Services::session(Object(Config\App), false)
#4 /home/fadf4949/codeigniter/system/Config/Services.php(752): CodeIgniter\Config\BaseService::getSharedInstance('session', NULL)
#5 /home/fadf4949/codeigniter/system/Common.php(894): CodeIgniter\Config\Services::session()
#6 /home/fadf4949/codeigniter/app/Views/shareTarget.php(17): session('msg')
#7 /home/fadf4949/codeigniter/system/View/View.php(246): include('/home/fadf4949/...')
#8 /home/fadf4949/codeigniter/system/Common.php(1087): CodeIgniter\View\View->render('shareTarget', Array, true)
#9 /home/fadf4949/codeigniter/app/Controllers/ShareTarget.php(19): view('shareTarget')
#10 /home/fadf4949/codeigniter/system/CodeIgniter.php(917): App\Controllers\ShareTarget->index()
#11 /home/fadf4949/codeigniter/system/CodeIgniter.php(403): CodeIgniter\CodeIgniter->runController(Object(App\Controllers\ShareTarget))
#12 /home/fadf4949/codeigniter/system/CodeIgniter.php(311): CodeIgniter\CodeIgniter->handleRequest(NULL, Object(Config\Cache), false)
#13 /home/fadf4949/public_html/index.php(44): CodeIgniter\CodeIgniter->run()
#14 {main}
CRITICAL - 2020-08-21 11:52:08 --> ini_set(): A session is active. You cannot change the session module's ini settings at this time
#0 [internal function]: CodeIgniter\Debug\Exceptions->errorHandler(2, 'ini_set(): A se...', '/home/fadf4949/...', 101, Array)
#1 /home/fadf4949/codeigniter/system/Session/Handlers/FileHandler.php(101): ini_set('session.save_pa...', '/home/fadf4949/...')
#2 /home/fadf4949/codeigniter/system/Config/Services.php(763): CodeIgniter\Session\Handlers\FileHandler->__construct(Object(Config\App), '111.221.44.60')
#3 /home/fadf4949/codeigniter/system/Config/BaseService.php(123): CodeIgniter\Config\Services::session(Object(Config\App), false)
#4 /home/fadf4949/codeigniter/system/Config/Services.php(752): CodeIgniter\Config\BaseService::getSharedInstance('session', NULL)
#5 /home/fadf4949/codeigniter/system/Common.php(894): CodeIgniter\Config\Services::session()
#6 /home/fadf4949/codeigniter/app/Views/shareTarget.php(17): session('msg')
#7 /home/fadf4949/codeigniter/system/View/View.php(246): include('/home/fadf4949/...')
#8 /home/fadf4949/codeigniter/system/Common.php(1087): CodeIgniter\View\View->render('shareTarget', Array, true)
#9 /home/fadf4949/codeigniter/app/Controllers/ShareTarget.php(19): view('shareTarget')
#10 /home/fadf4949/codeigniter/system/CodeIgniter.php(917): App\Controllers\ShareTarget->index()
#11 /home/fadf4949/codeigniter/system/CodeIgniter.php(403): CodeIgniter\CodeIgniter->runController(Object(App\Controllers\ShareTarget))
#12 /home/fadf4949/codeigniter/system/CodeIgniter.php(311): CodeIgniter\CodeIgniter->handleRequest(NULL, Object(Config\Cache), false)
#13 /home/fadf4949/public_html/index.php(44): CodeIgniter\CodeIgniter->run()
#14 {main}
CRITICAL - 2020-08-21 11:52:13 --> ini_set(): A session is active. You cannot change the session module's ini settings at this time
#0 [internal function]: CodeIgniter\Debug\Exceptions->errorHandler(2, 'ini_set(): A se...', '/home/fadf4949/...', 101, Array)
#1 /home/fadf4949/codeigniter/system/Session/Handlers/FileHandler.php(101): ini_set('session.save_pa...', '/home/fadf4949/...')
#2 /home/fadf4949/codeigniter/system/Config/Services.php(763): CodeIgniter\Session\Handlers\FileHandler->__construct(Object(Config\App), '111.221.44.60')
#3 /home/fadf4949/codeigniter/system/Config/BaseService.php(123): CodeIgniter\Config\Services::session(Object(Config\App), false)
#4 /home/fadf4949/codeigniter/system/Config/Services.php(752): CodeIgniter\Config\BaseService::getSharedInstance('session', NULL)
#5 /home/fadf4949/codeigniter/system/Common.php(894): CodeIgniter\Config\Services::session()
#6 /home/fadf4949/codeigniter/app/Views/shareTarget.php(17): session('msg')
#7 /home/fadf4949/codeigniter/system/View/View.php(246): include('/home/fadf4949/...')
#8 /home/fadf4949/codeigniter/system/Common.php(1087): CodeIgniter\View\View->render('shareTarget', Array, true)
#9 /home/fadf4949/codeigniter/app/Controllers/ShareTarget.php(19): view('shareTarget')
#10 /home/fadf4949/codeigniter/system/CodeIgniter.php(917): App\Controllers\ShareTarget->index()
#11 /home/fadf4949/codeigniter/system/CodeIgniter.php(403): CodeIgniter\CodeIgniter->runController(Object(App\Controllers\ShareTarget))
#12 /home/fadf4949/codeigniter/system/CodeIgniter.php(311): CodeIgniter\CodeIgniter->handleRequest(NULL, Object(Config\Cache), false)
#13 /home/fadf4949/public_html/index.php(44): CodeIgniter\CodeIgniter->run()
#14 {main}
CRITICAL - 2020-08-21 11:53:02 --> ini_set(): A session is active. You cannot change the session module's ini settings at this time
#0 [internal function]: CodeIgniter\Debug\Exceptions->errorHandler(2, 'ini_set(): A se...', '/home/fadf4949/...', 101, Array)
#1 /home/fadf4949/codeigniter/system/Session/Handlers/FileHandler.php(101): ini_set('session.save_pa...', '/home/fadf4949/...')
#2 /home/fadf4949/codeigniter/system/Config/Services.php(763): CodeIgniter\Session\Handlers\FileHandler->__construct(Object(Config\App), '111.221.44.60')
#3 /home/fadf4949/codeigniter/system/Config/BaseService.php(123): CodeIgniter\Config\Services::session(Object(Config\App), false)
#4 /home/fadf4949/codeigniter/system/Config/Services.php(752): CodeIgniter\Config\BaseService::getSharedInstance('session', NULL)
#5 /home/fadf4949/codeigniter/system/Common.php(894): CodeIgniter\Config\Services::session()
#6 /home/fadf4949/codeigniter/app/Views/shareTarget.php(17): session('msg')
#7 /home/fadf4949/codeigniter/system/View/View.php(246): include('/home/fadf4949/...')
#8 /home/fadf4949/codeigniter/system/Common.php(1087): CodeIgniter\View\View->render('shareTarget', Array, true)
#9 /home/fadf4949/codeigniter/app/Controllers/ShareTarget.php(19): view('shareTarget')
#10 /home/fadf4949/codeigniter/system/CodeIgniter.php(917): App\Controllers\ShareTarget->index()
#11 /home/fadf4949/codeigniter/system/CodeIgniter.php(403): CodeIgniter\CodeIgniter->runController(Object(App\Controllers\ShareTarget))
#12 /home/fadf4949/codeigniter/system/CodeIgniter.php(311): CodeIgniter\CodeIgniter->handleRequest(NULL, Object(Config\Cache), false)
#13 /home/fadf4949/public_html/index.php(44): CodeIgniter\CodeIgniter->run()
#14 {main}
CRITICAL - 2020-08-21 11:54:20 --> ini_set(): A session is active. You cannot change the session module's ini settings at this time
#0 [internal function]: CodeIgniter\Debug\Exceptions->errorHandler(2, 'ini_set(): A se...', '/home/fadf4949/...', 101, Array)
#1 /home/fadf4949/codeigniter/system/Session/Handlers/FileHandler.php(101): ini_set('session.save_pa...', '/home/fadf4949/...')
#2 /home/fadf4949/codeigniter/system/Config/Services.php(763): CodeIgniter\Session\Handlers\FileHandler->__construct(Object(Config\App), '111.221.44.60')
#3 /home/fadf4949/codeigniter/system/Config/BaseService.php(123): CodeIgniter\Config\Services::session(Object(Config\App), false)
#4 /home/fadf4949/codeigniter/system/Config/Services.php(752): CodeIgniter\Config\BaseService::getSharedInstance('session', NULL)
#5 /home/fadf4949/codeigniter/system/Common.php(894): CodeIgniter\Config\Services::session()
#6 /home/fadf4949/codeigniter/app/Views/shareTarget.php(17): session('msg')
#7 /home/fadf4949/codeigniter/system/View/View.php(246): include('/home/fadf4949/...')
#8 /home/fadf4949/codeigniter/system/Common.php(1087): CodeIgniter\View\View->render('shareTarget', Array, true)
#9 /home/fadf4949/codeigniter/app/Controllers/ShareTarget.php(19): view('shareTarget')
#10 /home/fadf4949/codeigniter/system/CodeIgniter.php(917): App\Controllers\ShareTarget->index()
#11 /home/fadf4949/codeigniter/system/CodeIgniter.php(403): CodeIgniter\CodeIgniter->runController(Object(App\Controllers\ShareTarget))
#12 /home/fadf4949/codeigniter/system/CodeIgniter.php(311): CodeIgniter\CodeIgniter->handleRequest(NULL, Object(Config\Cache), false)
#13 /home/fadf4949/public_html/index.php(44): CodeIgniter\CodeIgniter->run()
#14 {main}
CRITICAL - 2020-08-21 11:54:24 --> ini_set(): A session is active. You cannot change the session module's ini settings at this time
#0 [internal function]: CodeIgniter\Debug\Exceptions->errorHandler(2, 'ini_set(): A se...', '/home/fadf4949/...', 101, Array)
#1 /home/fadf4949/codeigniter/system/Session/Handlers/FileHandler.php(101): ini_set('session.save_pa...', '/home/fadf4949/...')
#2 /home/fadf4949/codeigniter/system/Config/Services.php(763): CodeIgniter\Session\Handlers\FileHandler->__construct(Object(Config\App), '111.221.44.60')
#3 /home/fadf4949/codeigniter/system/Config/BaseService.php(123): CodeIgniter\Config\Services::session(Object(Config\App), false)
#4 /home/fadf4949/codeigniter/system/Config/Services.php(752): CodeIgniter\Config\BaseService::getSharedInstance('session', NULL)
#5 /home/fadf4949/codeigniter/system/Common.php(894): CodeIgniter\Config\Services::session()
#6 /home/fadf4949/codeigniter/app/Views/shareTarget.php(17): session('msg')
#7 /home/fadf4949/codeigniter/system/View/View.php(246): include('/home/fadf4949/...')
#8 /home/fadf4949/codeigniter/system/Common.php(1087): CodeIgniter\View\View->render('shareTarget', Array, true)
#9 /home/fadf4949/codeigniter/app/Controllers/ShareTarget.php(19): view('shareTarget')
#10 /home/fadf4949/codeigniter/system/CodeIgniter.php(917): App\Controllers\ShareTarget->index()
#11 /home/fadf4949/codeigniter/system/CodeIgniter.php(403): CodeIgniter\CodeIgniter->runController(Object(App\Controllers\ShareTarget))
#12 /home/fadf4949/codeigniter/system/CodeIgniter.php(311): CodeIgniter\CodeIgniter->handleRequest(NULL, Object(Config\Cache), false)
#13 /home/fadf4949/public_html/index.php(44): CodeIgniter\CodeIgniter->run()
#14 {main}
CRITICAL - 2020-08-21 11:54:39 --> ini_set(): A session is active. You cannot change the session module's ini settings at this time
#0 [internal function]: CodeIgniter\Debug\Exceptions->errorHandler(2, 'ini_set(): A se...', '/home/fadf4949/...', 101, Array)
#1 /home/fadf4949/codeigniter/system/Session/Handlers/FileHandler.php(101): ini_set('session.save_pa...', '/home/fadf4949/...')
#2 /home/fadf4949/codeigniter/system/Config/Services.php(763): CodeIgniter\Session\Handlers\FileHandler->__construct(Object(Config\App), '111.221.44.60')
#3 /home/fadf4949/codeigniter/system/Config/BaseService.php(123): CodeIgniter\Config\Services::session(Object(Config\App), false)
#4 /home/fadf4949/codeigniter/system/Config/Services.php(752): CodeIgniter\Config\BaseService::getSharedInstance('session', NULL)
#5 /home/fadf4949/codeigniter/system/Common.php(894): CodeIgniter\Config\Services::session()
#6 /home/fadf4949/codeigniter/app/Views/shareTarget.php(17): session('msg')
#7 /home/fadf4949/codeigniter/system/View/View.php(246): include('/home/fadf4949/...')
#8 /home/fadf4949/codeigniter/system/Common.php(1087): CodeIgniter\View\View->render('shareTarget', Array, true)
#9 /home/fadf4949/codeigniter/app/Controllers/ShareTarget.php(19): view('shareTarget')
#10 /home/fadf4949/codeigniter/system/CodeIgniter.php(917): App\Controllers\ShareTarget->index()
#11 /home/fadf4949/codeigniter/system/CodeIgniter.php(403): CodeIgniter\CodeIgniter->runController(Object(App\Controllers\ShareTarget))
#12 /home/fadf4949/codeigniter/system/CodeIgniter.php(311): CodeIgniter\CodeIgniter->handleRequest(NULL, Object(Config\Cache), false)
#13 /home/fadf4949/public_html/index.php(44): CodeIgniter\CodeIgniter->run()
#14 {main}
CRITICAL - 2020-08-21 11:54:44 --> ini_set(): A session is active. You cannot change the session module's ini settings at this time
#0 [internal function]: CodeIgniter\Debug\Exceptions->errorHandler(2, 'ini_set(): A se...', '/home/fadf4949/...', 101, Array)
#1 /home/fadf4949/codeigniter/system/Session/Handlers/FileHandler.php(101): ini_set('session.save_pa...', '/home/fadf4949/...')
#2 /home/fadf4949/codeigniter/system/Config/Services.php(763): CodeIgniter\Session\Handlers\FileHandler->__construct(Object(Config\App), '111.221.44.60')
#3 /home/fadf4949/codeigniter/system/Config/BaseService.php(123): CodeIgniter\Config\Services::session(Object(Config\App), false)
#4 /home/fadf4949/codeigniter/system/Config/Services.php(752): CodeIgniter\Config\BaseService::getSharedInstance('session', NULL)
#5 /home/fadf4949/codeigniter/system/Common.php(894): CodeIgniter\Config\Services::session()
#6 /home/fadf4949/codeigniter/app/Views/shareTarget.php(17): session('msg')
#7 /home/fadf4949/codeigniter/system/View/View.php(246): include('/home/fadf4949/...')
#8 /home/fadf4949/codeigniter/system/Common.php(1087): CodeIgniter\View\View->render('shareTarget', Array, true)
#9 /home/fadf4949/codeigniter/app/Controllers/ShareTarget.php(19): view('shareTarget')
#10 /home/fadf4949/codeigniter/system/CodeIgniter.php(917): App\Controllers\ShareTarget->index()
#11 /home/fadf4949/codeigniter/system/CodeIgniter.php(403): CodeIgniter\CodeIgniter->runController(Object(App\Controllers\ShareTarget))
#12 /home/fadf4949/codeigniter/system/CodeIgniter.php(311): CodeIgniter\CodeIgniter->handleRequest(NULL, Object(Config\Cache), false)
#13 /home/fadf4949/public_html/index.php(44): CodeIgniter\CodeIgniter->run()
#14 {main}
CRITICAL - 2020-08-21 11:55:48 --> ini_set(): A session is active. You cannot change the session module's ini settings at this time
#0 [internal function]: CodeIgniter\Debug\Exceptions->errorHandler(2, 'ini_set(): A se...', '/home/fadf4949/...', 101, Array)
#1 /home/fadf4949/codeigniter/system/Session/Handlers/FileHandler.php(101): ini_set('session.save_pa...', '/home/fadf4949/...')
#2 /home/fadf4949/codeigniter/system/Config/Services.php(763): CodeIgniter\Session\Handlers\FileHandler->__construct(Object(Config\App), '111.221.44.60')
#3 /home/fadf4949/codeigniter/system/Config/BaseService.php(123): CodeIgniter\Config\Services::session(Object(Config\App), false)
#4 /home/fadf4949/codeigniter/system/Config/Services.php(752): CodeIgniter\Config\BaseService::getSharedInstance('session', NULL)
#5 /home/fadf4949/codeigniter/system/Common.php(894): CodeIgniter\Config\Services::session()
#6 /home/fadf4949/codeigniter/app/Views/shareTarget.php(17): session('msg')
#7 /home/fadf4949/codeigniter/system/View/View.php(246): include('/home/fadf4949/...')
#8 /home/fadf4949/codeigniter/system/Common.php(1087): CodeIgniter\View\View->render('shareTarget', Array, true)
#9 /home/fadf4949/codeigniter/app/Controllers/ShareTarget.php(19): view('shareTarget')
#10 /home/fadf4949/codeigniter/system/CodeIgniter.php(917): App\Controllers\ShareTarget->index()
#11 /home/fadf4949/codeigniter/system/CodeIgniter.php(403): CodeIgniter\CodeIgniter->runController(Object(App\Controllers\ShareTarget))
#12 /home/fadf4949/codeigniter/system/CodeIgniter.php(311): CodeIgniter\CodeIgniter->handleRequest(NULL, Object(Config\Cache), false)
#13 /home/fadf4949/public_html/index.php(44): CodeIgniter\CodeIgniter->run()
#14 {main}
CRITICAL - 2020-08-21 11:56:56 --> ini_set(): A session is active. You cannot change the session module's ini settings at this time
#0 [internal function]: CodeIgniter\Debug\Exceptions->errorHandler(2, 'ini_set(): A se...', '/home/fadf4949/...', 101, Array)
#1 /home/fadf4949/codeigniter/system/Session/Handlers/FileHandler.php(101): ini_set('session.save_pa...', '/home/fadf4949/...')
#2 /home/fadf4949/codeigniter/system/Config/Services.php(763): CodeIgniter\Session\Handlers\FileHandler->__construct(Object(Config\App), '111.221.44.60')
#3 /home/fadf4949/codeigniter/system/Config/BaseService.php(123): CodeIgniter\Config\Services::session(Object(Config\App), false)
#4 /home/fadf4949/codeigniter/system/Config/Services.php(752): CodeIgniter\Config\BaseService::getSharedInstance('session', NULL)
#5 /home/fadf4949/codeigniter/system/Common.php(894): CodeIgniter\Config\Services::session()
#6 /home/fadf4949/codeigniter/app/Views/shareTarget.php(17): session('msg')
#7 /home/fadf4949/codeigniter/system/View/View.php(246): include('/home/fadf4949/...')
#8 /home/fadf4949/codeigniter/system/Common.php(1087): CodeIgniter\View\View->render('shareTarget', Array, true)
#9 /home/fadf4949/codeigniter/app/Controllers/ShareTarget.php(19): view('shareTarget')
#10 /home/fadf4949/codeigniter/system/CodeIgniter.php(917): App\Controllers\ShareTarget->index()
#11 /home/fadf4949/codeigniter/system/CodeIgniter.php(403): CodeIgniter\CodeIgniter->runController(Object(App\Controllers\ShareTarget))
#12 /home/fadf4949/codeigniter/system/CodeIgniter.php(311): CodeIgniter\CodeIgniter->handleRequest(NULL, Object(Config\Cache), false)
#13 /home/fadf4949/public_html/index.php(44): CodeIgniter\CodeIgniter->run()
#14 {main}
CRITICAL - 2020-08-21 11:57:03 --> ini_set(): A session is active. You cannot change the session module's ini settings at this time
#0 [internal function]: CodeIgniter\Debug\Exceptions->errorHandler(2, 'ini_set(): A se...', '/home/fadf4949/...', 101, Array)
#1 /home/fadf4949/codeigniter/system/Session/Handlers/FileHandler.php(101): ini_set('session.save_pa...', '/home/fadf4949/...')
#2 /home/fadf4949/codeigniter/system/Config/Services.php(763): CodeIgniter\Session\Handlers\FileHandler->__construct(Object(Config\App), '111.221.44.60')
#3 /home/fadf4949/codeigniter/system/Config/BaseService.php(123): CodeIgniter\Config\Services::session(Object(Config\App), false)
#4 /home/fadf4949/codeigniter/system/Config/Services.php(752): CodeIgniter\Config\BaseService::getSharedInstance('session', NULL)
#5 /home/fadf4949/codeigniter/system/Common.php(894): CodeIgniter\Config\Services::session()
#6 /home/fadf4949/codeigniter/app/Views/shareTarget.php(17): session('msg')
#7 /home/fadf4949/codeigniter/system/View/View.php(246): include('/home/fadf4949/...')
#8 /home/fadf4949/codeigniter/system/Common.php(1087): CodeIgniter\View\View->render('shareTarget', Array, true)
#9 /home/fadf4949/codeigniter/app/Controllers/ShareTarget.php(19): view('shareTarget')
#10 /home/fadf4949/codeigniter/system/CodeIgniter.php(917): App\Controllers\ShareTarget->index()
#11 /home/fadf4949/codeigniter/system/CodeIgniter.php(403): CodeIgniter\CodeIgniter->runController(Object(App\Controllers\ShareTarget))
#12 /home/fadf4949/codeigniter/system/CodeIgniter.php(311): CodeIgniter\CodeIgniter->handleRequest(NULL, Object(Config\Cache), false)
#13 /home/fadf4949/public_html/index.php(44): CodeIgniter\CodeIgniter->run()
#14 {main}
CRITICAL - 2020-08-21 11:57:38 --> ini_set(): A session is active. You cannot change the session module's ini settings at this time
#0 [internal function]: CodeIgniter\Debug\Exceptions->errorHandler(2, 'ini_set(): A se...', '/home/fadf4949/...', 101, Array)
#1 /home/fadf4949/codeigniter/system/Session/Handlers/FileHandler.php(101): ini_set('session.save_pa...', '/home/fadf4949/...')
#2 /home/fadf4949/codeigniter/system/Config/Services.php(763): CodeIgniter\Session\Handlers\FileHandler->__construct(Object(Config\App), '111.221.44.60')
#3 /home/fadf4949/codeigniter/system/Config/BaseService.php(123): CodeIgniter\Config\Services::session(Object(Config\App), false)
#4 /home/fadf4949/codeigniter/system/Config/Services.php(752): CodeIgniter\Config\BaseService::getSharedInstance('session', NULL)
#5 /home/fadf4949/codeigniter/system/Common.php(894): CodeIgniter\Config\Services::session()
#6 /home/fadf4949/codeigniter/app/Views/shareTarget.php(17): session('msg')
#7 /home/fadf4949/codeigniter/system/View/View.php(246): include('/home/fadf4949/...')
#8 /home/fadf4949/codeigniter/system/Common.php(1087): CodeIgniter\View\View->render('shareTarget', Array, true)
#9 /home/fadf4949/codeigniter/app/Controllers/ShareTarget.php(19): view('shareTarget')
#10 /home/fadf4949/codeigniter/system/CodeIgniter.php(917): App\Controllers\ShareTarget->index()
#11 /home/fadf4949/codeigniter/system/CodeIgniter.php(403): CodeIgniter\CodeIgniter->runController(Object(App\Controllers\ShareTarget))
#12 /home/fadf4949/codeigniter/system/CodeIgniter.php(311): CodeIgniter\CodeIgniter->handleRequest(NULL, Object(Config\Cache), false)
#13 /home/fadf4949/public_html/index.php(44): CodeIgniter\CodeIgniter->run()
#14 {main}
CRITICAL - 2020-08-21 11:57:57 --> ini_set(): A session is active. You cannot change the session module's ini settings at this time
#0 [internal function]: CodeIgniter\Debug\Exceptions->errorHandler(2, 'ini_set(): A se...', '/home/fadf4949/...', 101, Array)
#1 /home/fadf4949/codeigniter/system/Session/Handlers/FileHandler.php(101): ini_set('session.save_pa...', '/home/fadf4949/...')
#2 /home/fadf4949/codeigniter/system/Config/Services.php(763): CodeIgniter\Session\Handlers\FileHandler->__construct(Object(Config\App), '111.221.44.60')
#3 /home/fadf4949/codeigniter/system/Config/BaseService.php(123): CodeIgniter\Config\Services::session(Object(Config\App), false)
#4 /home/fadf4949/codeigniter/system/Config/Services.php(752): CodeIgniter\Config\BaseService::getSharedInstance('session', NULL)
#5 /home/fadf4949/codeigniter/system/Common.php(894): CodeIgniter\Config\Services::session()
#6 /home/fadf4949/codeigniter/app/Views/shareTarget.php(17): session('msg')
#7 /home/fadf4949/codeigniter/system/View/View.php(246): include('/home/fadf4949/...')
#8 /home/fadf4949/codeigniter/system/Common.php(1087): CodeIgniter\View\View->render('shareTarget', Array, true)
#9 /home/fadf4949/codeigniter/app/Controllers/ShareTarget.php(19): view('shareTarget')
#10 /home/fadf4949/codeigniter/system/CodeIgniter.php(917): App\Controllers\ShareTarget->index()
#11 /home/fadf4949/codeigniter/system/CodeIgniter.php(403): CodeIgniter\CodeIgniter->runController(Object(App\Controllers\ShareTarget))
#12 /home/fadf4949/codeigniter/system/CodeIgniter.php(311): CodeIgniter\CodeIgniter->handleRequest(NULL, Object(Config\Cache), false)
#13 /home/fadf4949/public_html/index.php(44): CodeIgniter\CodeIgniter->run()
#14 {main}
CRITICAL - 2020-08-21 11:58:20 --> ini_set(): A session is active. You cannot change the session module's ini settings at this time
#0 [internal function]: CodeIgniter\Debug\Exceptions->errorHandler(2, 'ini_set(): A se...', '/home/fadf4949/...', 101, Array)
#1 /home/fadf4949/codeigniter/system/Session/Handlers/FileHandler.php(101): ini_set('session.save_pa...', '/home/fadf4949/...')
#2 /home/fadf4949/codeigniter/system/Config/Services.php(763): CodeIgniter\Session\Handlers\FileHandler->__construct(Object(Config\App), '111.221.44.60')
#3 /home/fadf4949/codeigniter/system/Config/BaseService.php(123): CodeIgniter\Config\Services::session(Object(Config\App), false)
#4 /home/fadf4949/codeigniter/system/Config/Services.php(752): CodeIgniter\Config\BaseService::getSharedInstance('session', NULL)
#5 /home/fadf4949/codeigniter/system/Common.php(894): CodeIgniter\Config\Services::session()
#6 /home/fadf4949/codeigniter/app/Views/shareTarget.php(17): session('msg')
#7 /home/fadf4949/codeigniter/system/View/View.php(246): include('/home/fadf4949/...')
#8 /home/fadf4949/codeigniter/system/Common.php(1087): CodeIgniter\View\View->render('shareTarget', Array, true)
#9 /home/fadf4949/codeigniter/app/Controllers/ShareTarget.php(19): view('shareTarget')
#10 /home/fadf4949/codeigniter/system/CodeIgniter.php(917): App\Controllers\ShareTarget->index()
#11 /home/fadf4949/codeigniter/system/CodeIgniter.php(403): CodeIgniter\CodeIgniter->runController(Object(App\Controllers\ShareTarget))
#12 /home/fadf4949/codeigniter/system/CodeIgniter.php(311): CodeIgniter\CodeIgniter->handleRequest(NULL, Object(Config\Cache), false)
#13 /home/fadf4949/public_html/index.php(44): CodeIgniter\CodeIgniter->run()
#14 {main}
CRITICAL - 2020-08-21 11:59:20 --> ini_set(): A session is active. You cannot change the session module's ini settings at this time
#0 [internal function]: CodeIgniter\Debug\Exceptions->errorHandler(2, 'ini_set(): A se...', '/home/fadf4949/...', 101, Array)
#1 /home/fadf4949/codeigniter/system/Session/Handlers/FileHandler.php(101): ini_set('session.save_pa...', '/home/fadf4949/...')
#2 /home/fadf4949/codeigniter/system/Config/Services.php(763): CodeIgniter\Session\Handlers\FileHandler->__construct(Object(Config\App), '111.221.44.60')
#3 /home/fadf4949/codeigniter/system/Config/BaseService.php(123): CodeIgniter\Config\Services::session(Object(Config\App), false)
#4 /home/fadf4949/codeigniter/system/Config/Services.php(752): CodeIgniter\Config\BaseService::getSharedInstance('session', NULL)
#5 /home/fadf4949/codeigniter/system/Common.php(894): CodeIgniter\Config\Services::session()
#6 /home/fadf4949/codeigniter/app/Views/shareTarget.php(12): session('msg')
#7 /home/fadf4949/codeigniter/system/View/View.php(246): include('/home/fadf4949/...')
#8 /home/fadf4949/codeigniter/system/Common.php(1087): CodeIgniter\View\View->render('shareTarget', Array, true)
#9 /home/fadf4949/codeigniter/app/Controllers/ShareTarget.php(19): view('shareTarget')
#10 /home/fadf4949/codeigniter/system/CodeIgniter.php(917): App\Controllers\ShareTarget->index()
#11 /home/fadf4949/codeigniter/system/CodeIgniter.php(403): CodeIgniter\CodeIgniter->runController(Object(App\Controllers\ShareTarget))
#12 /home/fadf4949/codeigniter/system/CodeIgniter.php(311): CodeIgniter\CodeIgniter->handleRequest(NULL, Object(Config\Cache), false)
#13 /home/fadf4949/public_html/index.php(44): CodeIgniter\CodeIgniter->run()
#14 {main}
CRITICAL - 2020-08-21 12:01:48 --> Field 'created_at' doesn't have a default value
#0 /home/fadf4949/codeigniter/system/Database/MySQLi/Connection.php(331): mysqli->query('INSERT INTO `fi...')
#1 /home/fadf4949/codeigniter/system/Database/BaseConnection.php(752): CodeIgniter\Database\MySQLi\Connection->execute('INSERT INTO `fi...')
#2 /home/fadf4949/codeigniter/system/Database/BaseConnection.php(680): CodeIgniter\Database\BaseConnection->simpleQuery('INSERT INTO `fi...')
#3 /home/fadf4949/codeigniter/system/Database/BaseBuilder.php(2248): CodeIgniter\Database\BaseConnection->query('INSERT INTO `fi...', Array, false)
#4 /home/fadf4949/codeigniter/app/Controllers/ShareTarget.php(80): CodeIgniter\Database\BaseBuilder->insert(Array)
#5 /home/fadf4949/codeigniter/system/CodeIgniter.php(917): App\Controllers\ShareTarget->store()
#6 /home/fadf4949/codeigniter/system/CodeIgniter.php(403): CodeIgniter\CodeIgniter->runController(Object(App\Controllers\ShareTarget))
#7 /home/fadf4949/codeigniter/system/CodeIgniter.php(311): CodeIgniter\CodeIgniter->handleRequest(NULL, Object(Config\Cache), false)
#8 /home/fadf4949/public_html/index.php(44): CodeIgniter\CodeIgniter->run()
#9 {main}
CRITICAL - 2020-08-21 12:03:38 --> Field 'created_at' doesn't have a default value
#0 /home/fadf4949/codeigniter/system/Database/MySQLi/Connection.php(331): mysqli->query('INSERT INTO `fi...')
#1 /home/fadf4949/codeigniter/system/Database/BaseConnection.php(752): CodeIgniter\Database\MySQLi\Connection->execute('INSERT INTO `fi...')
#2 /home/fadf4949/codeigniter/system/Database/BaseConnection.php(680): CodeIgniter\Database\BaseConnection->simpleQuery('INSERT INTO `fi...')
#3 /home/fadf4949/codeigniter/system/Database/BaseBuilder.php(2248): CodeIgniter\Database\BaseConnection->query('INSERT INTO `fi...', Array, false)
#4 /home/fadf4949/codeigniter/app/Controllers/ShareTarget.php(80): CodeIgniter\Database\BaseBuilder->insert(Array)
#5 /home/fadf4949/codeigniter/system/CodeIgniter.php(917): App\Controllers\ShareTarget->store()
#6 /home/fadf4949/codeigniter/system/CodeIgniter.php(403): CodeIgniter\CodeIgniter->runController(Object(App\Controllers\ShareTarget))
#7 /home/fadf4949/codeigniter/system/CodeIgniter.php(311): CodeIgniter\CodeIgniter->handleRequest(NULL, Object(Config\Cache), false)
#8 /home/fadf4949/public_html/index.php(44): CodeIgniter\CodeIgniter->run()
#9 {main}
CRITICAL - 2020-08-21 12:04:31 --> Field 'created_at' doesn't have a default value
#0 /home/fadf4949/codeigniter/system/Database/MySQLi/Connection.php(331): mysqli->query('INSERT INTO `fi...')
#1 /home/fadf4949/codeigniter/system/Database/BaseConnection.php(752): CodeIgniter\Database\MySQLi\Connection->execute('INSERT INTO `fi...')
#2 /home/fadf4949/codeigniter/system/Database/BaseConnection.php(680): CodeIgniter\Database\BaseConnection->simpleQuery('INSERT INTO `fi...')
#3 /home/fadf4949/codeigniter/system/Database/BaseBuilder.php(2248): CodeIgniter\Database\BaseConnection->query('INSERT INTO `fi...', Array, false)
#4 /home/fadf4949/codeigniter/app/Controllers/ShareTarget.php(80): CodeIgniter\Database\BaseBuilder->insert(Array)
#5 /home/fadf4949/codeigniter/system/CodeIgniter.php(917): App\Controllers\ShareTarget->store()
#6 /home/fadf4949/codeigniter/system/CodeIgniter.php(403): CodeIgniter\CodeIgniter->runController(Object(App\Controllers\ShareTarget))
#7 /home/fadf4949/codeigniter/system/CodeIgniter.php(311): CodeIgniter\CodeIgniter->handleRequest(NULL, Object(Config\Cache), false)
#8 /home/fadf4949/public_html/index.php(44): CodeIgniter\CodeIgniter->run()
#9 {main}
CRITICAL - 2020-08-21 12:07:22 --> Field 'created_at' doesn't have a default value
#0 /home/fadf4949/codeigniter/system/Database/MySQLi/Connection.php(331): mysqli->query('INSERT INTO `fi...')
#1 /home/fadf4949/codeigniter/system/Database/BaseConnection.php(752): CodeIgniter\Database\MySQLi\Connection->execute('INSERT INTO `fi...')
#2 /home/fadf4949/codeigniter/system/Database/BaseConnection.php(680): CodeIgniter\Database\BaseConnection->simpleQuery('INSERT INTO `fi...')
#3 /home/fadf4949/codeigniter/system/Database/BaseBuilder.php(2248): CodeIgniter\Database\BaseConnection->query('INSERT INTO `fi...', Array, false)
#4 /home/fadf4949/codeigniter/app/Controllers/ShareTarget.php(80): CodeIgniter\Database\BaseBuilder->insert(Array)
#5 /home/fadf4949/codeigniter/system/CodeIgniter.php(917): App\Controllers\ShareTarget->store()
#6 /home/fadf4949/codeigniter/system/CodeIgniter.php(403): CodeIgniter\CodeIgniter->runController(Object(App\Controllers\ShareTarget))
#7 /home/fadf4949/codeigniter/system/CodeIgniter.php(311): CodeIgniter\CodeIgniter->handleRequest(NULL, Object(Config\Cache), false)
#8 /home/fadf4949/public_html/index.php(44): CodeIgniter\CodeIgniter->run()
#9 {main}
CRITICAL - 2020-08-21 12:08:06 --> Field 'created_at' doesn't have a default value
#0 /home/fadf4949/codeigniter/system/Database/MySQLi/Connection.php(331): mysqli->query('INSERT INTO `fi...')
#1 /home/fadf4949/codeigniter/system/Database/BaseConnection.php(752): CodeIgniter\Database\MySQLi\Connection->execute('INSERT INTO `fi...')
#2 /home/fadf4949/codeigniter/system/Database/BaseConnection.php(680): CodeIgniter\Database\BaseConnection->simpleQuery('INSERT INTO `fi...')
#3 /home/fadf4949/codeigniter/system/Database/BaseBuilder.php(2248): CodeIgniter\Database\BaseConnection->query('INSERT INTO `fi...', Array, false)
#4 /home/fadf4949/codeigniter/app/Controllers/ShareTarget.php(80): CodeIgniter\Database\BaseBuilder->insert(Array)
#5 /home/fadf4949/codeigniter/system/CodeIgniter.php(917): App\Controllers\ShareTarget->store()
#6 /home/fadf4949/codeigniter/system/CodeIgniter.php(403): CodeIgniter\CodeIgniter->runController(Object(App\Controllers\ShareTarget))
#7 /home/fadf4949/codeigniter/system/CodeIgniter.php(311): CodeIgniter\CodeIgniter->handleRequest(NULL, Object(Config\Cache), false)
#8 /home/fadf4949/public_html/index.php(44): CodeIgniter\CodeIgniter->run()
#9 {main}
CRITICAL - 2020-08-21 12:08:23 --> Field 'created_at' doesn't have a default value
#0 /home/fadf4949/codeigniter/system/Database/MySQLi/Connection.php(331): mysqli->query('INSERT INTO `fi...')
#1 /home/fadf4949/codeigniter/system/Database/BaseConnection.php(752): CodeIgniter\Database\MySQLi\Connection->execute('INSERT INTO `fi...')
#2 /home/fadf4949/codeigniter/system/Database/BaseConnection.php(680): CodeIgniter\Database\BaseConnection->simpleQuery('INSERT INTO `fi...')
#3 /home/fadf4949/codeigniter/system/Database/BaseBuilder.php(2248): CodeIgniter\Database\BaseConnection->query('INSERT INTO `fi...', Array, false)
#4 /home/fadf4949/codeigniter/app/Controllers/ShareTarget.php(80): CodeIgniter\Database\BaseBuilder->insert(Array)
#5 /home/fadf4949/codeigniter/system/CodeIgniter.php(917): App\Controllers\ShareTarget->store()
#6 /home/fadf4949/codeigniter/system/CodeIgniter.php(403): CodeIgniter\CodeIgniter->runController(Object(App\Controllers\ShareTarget))
#7 /home/fadf4949/codeigniter/system/CodeIgniter.php(311): CodeIgniter\CodeIgniter->handleRequest(NULL, Object(Config\Cache), false)
#8 /home/fadf4949/public_html/index.php(44): CodeIgniter\CodeIgniter->run()
#9 {main}
CRITICAL - 2020-08-21 22:02:33 --> Field 'created_at' doesn't have a default value
#0 /home/fadf4949/codeigniter/system/Database/MySQLi/Connection.php(331): mysqli->query('INSERT INTO `fi...')
#1 /home/fadf4949/codeigniter/system/Database/BaseConnection.php(752): CodeIgniter\Database\MySQLi\Connection->execute('INSERT INTO `fi...')
#2 /home/fadf4949/codeigniter/system/Database/BaseConnection.php(680): CodeIgniter\Database\BaseConnection->simpleQuery('INSERT INTO `fi...')
#3 /home/fadf4949/codeigniter/system/Database/BaseBuilder.php(2248): CodeIgniter\Database\BaseConnection->query('INSERT INTO `fi...', Array, false)
#4 /home/fadf4949/codeigniter/app/Controllers/ShareTarget.php(80): CodeIgniter\Database\BaseBuilder->insert(Array)
#5 /home/fadf4949/codeigniter/system/CodeIgniter.php(917): App\Controllers\ShareTarget->store()
#6 /home/fadf4949/codeigniter/system/CodeIgniter.php(403): CodeIgniter\CodeIgniter->runController(Object(App\Controllers\ShareTarget))
#7 /home/fadf4949/codeigniter/system/CodeIgniter.php(311): CodeIgniter\CodeIgniter->handleRequest(NULL, Object(Config\Cache), false)
#8 /home/fadf4949/public_html/index.php(44): CodeIgniter\CodeIgniter->run()
#9 {main}
CRITICAL - 2020-08-21 22:21:08 --> Undefined index: mathcaptcha_answer
#0 /home/fadf4949/codeigniter/app/Controllers/Login.php(41): CodeIgniter\Debug\Exceptions->errorHandler(8, 'Undefined index...', '/home/fadf4949/...', 41, Array)
#1 /home/fadf4949/codeigniter/system/CodeIgniter.php(917): App\Controllers\Login->index()
#2 /home/fadf4949/codeigniter/system/CodeIgniter.php(403): CodeIgniter\CodeIgniter->runController(Object(App\Controllers\Login))
#3 /home/fadf4949/codeigniter/system/CodeIgniter.php(311): CodeIgniter\CodeIgniter->handleRequest(NULL, Object(Config\Cache), false)
#4 /home/fadf4949/public_html/index.php(44): CodeIgniter\CodeIgniter->run()
#5 {main}
CRITICAL - 2020-08-21 22:21:23 --> Undefined index: mathcaptcha_answer
#0 /home/fadf4949/codeigniter/app/Controllers/Login.php(41): CodeIgniter\Debug\Exceptions->errorHandler(8, 'Undefined index...', '/home/fadf4949/...', 41, Array)
#1 /home/fadf4949/codeigniter/system/CodeIgniter.php(917): App\Controllers\Login->index()
#2 /home/fadf4949/codeigniter/system/CodeIgniter.php(403): CodeIgniter\CodeIgniter->runController(Object(App\Controllers\Login))
#3 /home/fadf4949/codeigniter/system/CodeIgniter.php(311): CodeIgniter\CodeIgniter->handleRequest(NULL, Object(Config\Cache), false)
#4 /home/fadf4949/public_html/index.php(44): CodeIgniter\CodeIgniter->run()
#5 {main}
CRITICAL - 2020-08-21 22:21:26 --> Undefined index: mathcaptcha_answer
#0 /home/fadf4949/codeigniter/app/Controllers/Login.php(41): CodeIgniter\Debug\Exceptions->errorHandler(8, 'Undefined index...', '/home/fadf4949/...', 41, Array)
#1 /home/fadf4949/codeigniter/system/CodeIgniter.php(917): App\Controllers\Login->index()
#2 /home/fadf4949/codeigniter/system/CodeIgniter.php(403): CodeIgniter\CodeIgniter->runController(Object(App\Controllers\Login))
#3 /home/fadf4949/codeigniter/system/CodeIgniter.php(311): CodeIgniter\CodeIgniter->handleRequest(NULL, Object(Config\Cache), false)
#4 /home/fadf4949/public_html/index.php(44): CodeIgniter\CodeIgniter->run()
#5 {main}
CRITICAL - 2020-08-21 22:21:30 --> Undefined index: mathcaptcha_answer
#0 /home/fadf4949/codeigniter/app/Controllers/Login.php(41): CodeIgniter\Debug\Exceptions->errorHandler(8, 'Undefined index...', '/home/fadf4949/...', 41, Array)
#1 /home/fadf4949/codeigniter/system/CodeIgniter.php(917): App\Controllers\Login->index()
#2 /home/fadf4949/codeigniter/system/CodeIgniter.php(403): CodeIgniter\CodeIgniter->runController(Object(App\Controllers\Login))
#3 /home/fadf4949/codeigniter/system/CodeIgniter.php(311): CodeIgniter\CodeIgniter->handleRequest(NULL, Object(Config\Cache), false)
#4 /home/fadf4949/public_html/index.php(44): CodeIgniter\CodeIgniter->run()
#5 {main}
CRITICAL - 2020-08-21 22:21:41 --> Undefined index: mathcaptcha_answer
#0 /home/fadf4949/codeigniter/app/Controllers/Login.php(41): CodeIgniter\Debug\Exceptions->errorHandler(8, 'Undefined index...', '/home/fadf4949/...', 41, Array)
#1 /home/fadf4949/codeigniter/system/CodeIgniter.php(917): App\Controllers\Login->index()
#2 /home/fadf4949/codeigniter/system/CodeIgniter.php(403): CodeIgniter\CodeIgniter->runController(Object(App\Controllers\Login))
#3 /home/fadf4949/codeigniter/system/CodeIgniter.php(311): CodeIgniter\CodeIgniter->handleRequest(NULL, Object(Config\Cache), false)
#4 /home/fadf4949/public_html/index.php(44): CodeIgniter\CodeIgniter->run()
#5 {main}
CRITICAL - 2020-08-21 22:22:01 --> Undefined index: mathcaptcha_answer
#0 /home/fadf4949/codeigniter/app/Controllers/Login.php(41): CodeIgniter\Debug\Exceptions->errorHandler(8, 'Undefined index...', '/home/fadf4949/...', 41, Array)
#1 /home/fadf4949/codeigniter/system/CodeIgniter.php(917): App\Controllers\Login->index()
#2 /home/fadf4949/codeigniter/system/CodeIgniter.php(403): CodeIgniter\CodeIgniter->runController(Object(App\Controllers\Login))
#3 /home/fadf4949/codeigniter/system/CodeIgniter.php(311): CodeIgniter\CodeIgniter->handleRequest(NULL, Object(Config\Cache), false)
#4 /home/fadf4949/public_html/index.php(44): CodeIgniter\CodeIgniter->run()
#5 {main}
