CRITICAL - 2020-11-07 08:08:01 --> Table 'database.aktivitas' doesn't exist
#0 C:\xampp\htdocs\SCR\system\Database\MySQLi\Connection.php(331): mysqli->query('SELECT *\nFROM `...')
#1 C:\xampp\htdocs\SCR\system\Database\BaseConnection.php(752): CodeIgniter\Database\MySQLi\Connection->execute('SELECT *\nFROM `...')
#2 C:\xampp\htdocs\SCR\system\Database\BaseConnection.php(680): CodeIgniter\Database\BaseConnection->simpleQuery('SELECT *\nFROM `...')
#3 C:\xampp\htdocs\SCR\system\Database\BaseBuilder.php(1859): CodeIgniter\Database\BaseConnection->query('SELECT *\nFROM `...', Array, false)
#4 C:\xampp\htdocs\SCR\app\Models\ShareModel.php(26): CodeIgniter\Database\BaseBuilder->get()
#5 C:\xampp\htdocs\SCR\app\Controllers\ShareTarget.php(23): App\Models\ShareModel->tampil()
#6 C:\xampp\htdocs\SCR\system\CodeIgniter.php(917): App\Controllers\ShareTarget->index()
#7 C:\xampp\htdocs\SCR\system\CodeIgniter.php(403): CodeIgniter\CodeIgniter->runController(Object(App\Controllers\ShareTarget))
#8 C:\xampp\htdocs\SCR\system\CodeIgniter.php(311): CodeIgniter\CodeIgniter->handleRequest(NULL, Object(Config\Cache), false)
#9 C:\xampp\htdocs\SCR\public\index.php(44): CodeIgniter\CodeIgniter->run()
#10 {main}
CRITICAL - 2020-11-07 08:08:08 --> Table 'database.aktivitas' doesn't exist
#0 C:\xampp\htdocs\SCR\system\Database\MySQLi\Connection.php(331): mysqli->query('SELECT *\nFROM `...')
#1 C:\xampp\htdocs\SCR\system\Database\BaseConnection.php(752): CodeIgniter\Database\MySQLi\Connection->execute('SELECT *\nFROM `...')
#2 C:\xampp\htdocs\SCR\system\Database\BaseConnection.php(680): CodeIgniter\Database\BaseConnection->simpleQuery('SELECT *\nFROM `...')
#3 C:\xampp\htdocs\SCR\system\Database\BaseBuilder.php(1859): CodeIgniter\Database\BaseConnection->query('SELECT *\nFROM `...', Array, false)
#4 C:\xampp\htdocs\SCR\app\Models\ShareModel.php(26): CodeIgniter\Database\BaseBuilder->get()
#5 C:\xampp\htdocs\SCR\app\Controllers\ShareTarget.php(23): App\Models\ShareModel->tampil()
#6 C:\xampp\htdocs\SCR\system\CodeIgniter.php(917): App\Controllers\ShareTarget->index()
#7 C:\xampp\htdocs\SCR\system\CodeIgniter.php(403): CodeIgniter\CodeIgniter->runController(Object(App\Controllers\ShareTarget))
#8 C:\xampp\htdocs\SCR\system\CodeIgniter.php(311): CodeIgniter\CodeIgniter->handleRequest(NULL, Object(Config\Cache), false)
#9 C:\xampp\htdocs\SCR\public\index.php(44): CodeIgniter\CodeIgniter->run()
#10 {main}
