CRITICAL - 2020-09-01 02:54:06 --> Undefined index: mathcaptcha_answer
#0 /home/fadf4949/codeigniter/app/Controllers/Login.php(41): CodeIgniter\Debug\Exceptions->errorHandler(8, 'Undefined index...', '/home/fadf4949/...', 41, Array)
#1 /home/fadf4949/codeigniter/system/CodeIgniter.php(917): App\Controllers\Login->index()
#2 /home/fadf4949/codeigniter/system/CodeIgniter.php(403): CodeIgniter\CodeIgniter->runController(Object(App\Controllers\Login))
#3 /home/fadf4949/codeigniter/system/CodeIgniter.php(311): CodeIgniter\CodeIgniter->handleRequest(NULL, Object(Config\Cache), false)
#4 /home/fadf4949/public_html/index.php(44): CodeIgniter\CodeIgniter->run()
#5 {main}
CRITICAL - 2020-09-01 07:33:45 --> file_get_contents(assets/provinsi.json): failed to open stream: No such file or directory
#0 [internal function]: CodeIgniter\Debug\Exceptions->errorHandler(2, 'file_get_conten...', '/home/fadf4949/...', 245, Array)
#1 /home/fadf4949/codeigniter/app/Controllers/Login.php(245): file_get_contents('assets/provinsi...')
#2 /home/fadf4949/codeigniter/system/CodeIgniter.php(917): App\Controllers\Login->test('wp-includes', 'wlwmanifest.xml')
#3 /home/fadf4949/codeigniter/system/CodeIgniter.php(403): CodeIgniter\CodeIgniter->runController(Object(App\Controllers\Login))
#4 /home/fadf4949/codeigniter/system/CodeIgniter.php(311): CodeIgniter\CodeIgniter->handleRequest(NULL, Object(Config\Cache), false)
#5 /home/fadf4949/public_html/index.php(44): CodeIgniter\CodeIgniter->run()
#6 {main}
CRITICAL - 2020-09-01 10:50:56 --> Column 'tempat' cannot be null
#0 /home/fadf4949/codeigniter/system/Database/MySQLi/Connection.php(331): mysqli->query('INSERT INTO `ak...')
#1 /home/fadf4949/codeigniter/system/Database/BaseConnection.php(752): CodeIgniter\Database\MySQLi\Connection->execute('INSERT INTO `ak...')
#2 /home/fadf4949/codeigniter/system/Database/BaseConnection.php(680): CodeIgniter\Database\BaseConnection->simpleQuery('INSERT INTO `ak...')
#3 /home/fadf4949/codeigniter/system/Database/BaseBuilder.php(2248): CodeIgniter\Database\BaseConnection->query('INSERT INTO `ak...', Array, false)
#4 /home/fadf4949/codeigniter/app/Models/ShareModel.php(31): CodeIgniter\Database\BaseBuilder->insert(Array)
#5 /home/fadf4949/codeigniter/app/Controllers/ShareTarget.php(78): App\Models\ShareModel->simpan(Array)
#6 /home/fadf4949/codeigniter/system/CodeIgniter.php(917): App\Controllers\ShareTarget->simpandata()
#7 /home/fadf4949/codeigniter/system/CodeIgniter.php(403): CodeIgniter\CodeIgniter->runController(Object(App\Controllers\ShareTarget))
#8 /home/fadf4949/codeigniter/system/CodeIgniter.php(311): CodeIgniter\CodeIgniter->handleRequest(NULL, Object(Config\Cache), false)
#9 /home/fadf4949/public_html/index.php(44): CodeIgniter\CodeIgniter->run()
#10 {main}
CRITICAL - 2020-09-01 10:51:53 --> Column 'tempat' cannot be null
#0 /home/fadf4949/codeigniter/system/Database/MySQLi/Connection.php(331): mysqli->query('INSERT INTO `ak...')
#1 /home/fadf4949/codeigniter/system/Database/BaseConnection.php(752): CodeIgniter\Database\MySQLi\Connection->execute('INSERT INTO `ak...')
#2 /home/fadf4949/codeigniter/system/Database/BaseConnection.php(680): CodeIgniter\Database\BaseConnection->simpleQuery('INSERT INTO `ak...')
#3 /home/fadf4949/codeigniter/system/Database/BaseBuilder.php(2248): CodeIgniter\Database\BaseConnection->query('INSERT INTO `ak...', Array, false)
#4 /home/fadf4949/codeigniter/app/Models/ShareModel.php(31): CodeIgniter\Database\BaseBuilder->insert(Array)
#5 /home/fadf4949/codeigniter/app/Controllers/ShareTarget.php(78): App\Models\ShareModel->simpan(Array)
#6 /home/fadf4949/codeigniter/system/CodeIgniter.php(917): App\Controllers\ShareTarget->simpandata()
#7 /home/fadf4949/codeigniter/system/CodeIgniter.php(403): CodeIgniter\CodeIgniter->runController(Object(App\Controllers\ShareTarget))
#8 /home/fadf4949/codeigniter/system/CodeIgniter.php(311): CodeIgniter\CodeIgniter->handleRequest(NULL, Object(Config\Cache), false)
#9 /home/fadf4949/public_html/index.php(44): CodeIgniter\CodeIgniter->run()
#10 {main}
CRITICAL - 2020-09-01 10:55:37 --> Column 'tempat' cannot be null
#0 /home/fadf4949/codeigniter/system/Database/MySQLi/Connection.php(331): mysqli->query('INSERT INTO `ak...')
#1 /home/fadf4949/codeigniter/system/Database/BaseConnection.php(752): CodeIgniter\Database\MySQLi\Connection->execute('INSERT INTO `ak...')
#2 /home/fadf4949/codeigniter/system/Database/BaseConnection.php(680): CodeIgniter\Database\BaseConnection->simpleQuery('INSERT INTO `ak...')
#3 /home/fadf4949/codeigniter/system/Database/BaseBuilder.php(2248): CodeIgniter\Database\BaseConnection->query('INSERT INTO `ak...', Array, false)
#4 /home/fadf4949/codeigniter/app/Models/ShareModel.php(31): CodeIgniter\Database\BaseBuilder->insert(Array)
#5 /home/fadf4949/codeigniter/app/Controllers/ShareTarget.php(78): App\Models\ShareModel->simpan(Array)
#6 /home/fadf4949/codeigniter/system/CodeIgniter.php(917): App\Controllers\ShareTarget->simpandata()
#7 /home/fadf4949/codeigniter/system/CodeIgniter.php(403): CodeIgniter\CodeIgniter->runController(Object(App\Controllers\ShareTarget))
#8 /home/fadf4949/codeigniter/system/CodeIgniter.php(311): CodeIgniter\CodeIgniter->handleRequest(NULL, Object(Config\Cache), false)
#9 /home/fadf4949/public_html/index.php(44): CodeIgniter\CodeIgniter->run()
#10 {main}
