CRITICAL - 2020-08-06 08:47:54 --> Invalid file: scripts/app.json
#0 /home/fadf4949/codeigniter/system/View/View.php(228): CodeIgniter\Exceptions\FrameworkException::forInvalidFile('scripts/app.jso...')
#1 /home/fadf4949/codeigniter/system/Common.php(1087): CodeIgniter\View\View->render('scripts/app.jso...', Array, true)
#2 /home/fadf4949/codeigniter/app/Controllers/BaseController.php(28): view('scripts/app.jso...')
#3 /home/fadf4949/codeigniter/system/Autoloader/Autoloader.php(365): require_once('/home/fadf4949/...')
#4 /home/fadf4949/codeigniter/system/Autoloader/Autoloader.php(296): CodeIgniter\Autoloader\Autoloader->requireFile('/home/fadf4949/...')
#5 /home/fadf4949/codeigniter/system/Autoloader/Autoloader.php(258): CodeIgniter\Autoloader\Autoloader->loadInNamespace('App\\Controllers...')
#6 [internal function]: CodeIgniter\Autoloader\Autoloader->loadClass('App\\Controllers...')
#7 /home/fadf4949/codeigniter/app/Controllers/Users.php(7): spl_autoload_call('App\\Controllers...')
#8 /home/fadf4949/codeigniter/system/Autoloader/Autoloader.php(365): require_once('/home/fadf4949/...')
#9 /home/fadf4949/codeigniter/system/Autoloader/Autoloader.php(296): CodeIgniter\Autoloader\Autoloader->requireFile('/home/fadf4949/...')
#10 /home/fadf4949/codeigniter/system/Autoloader/Autoloader.php(258): CodeIgniter\Autoloader\Autoloader->loadInNamespace('App\\Controllers...')
#11 [internal function]: CodeIgniter\Autoloader\Autoloader->loadClass('App\\Controllers...')
#12 /home/fadf4949/codeigniter/app/Controllers/Dashboard.php(12): spl_autoload_call('App\\Controllers...')
#13 /home/fadf4949/codeigniter/system/CodeIgniter.php(917): App\Controllers\Dashboard->index()
#14 /home/fadf4949/codeigniter/system/CodeIgniter.php(403): CodeIgniter\CodeIgniter->runController(Object(App\Controllers\Dashboard))
#15 /home/fadf4949/codeigniter/system/CodeIgniter.php(311): CodeIgniter\CodeIgniter->handleRequest(NULL, Object(Config\Cache), false)
#16 /home/fadf4949/public_html/index.php(44): CodeIgniter\CodeIgniter->run()
#17 {main}
CRITICAL - 2020-08-06 08:47:56 --> Invalid file: scripts/app.json
#0 /home/fadf4949/codeigniter/system/View/View.php(228): CodeIgniter\Exceptions\FrameworkException::forInvalidFile('scripts/app.jso...')
#1 /home/fadf4949/codeigniter/system/Common.php(1087): CodeIgniter\View\View->render('scripts/app.jso...', Array, true)
#2 /home/fadf4949/codeigniter/app/Controllers/BaseController.php(28): view('scripts/app.jso...')
#3 /home/fadf4949/codeigniter/system/Autoloader/Autoloader.php(365): require_once('/home/fadf4949/...')
#4 /home/fadf4949/codeigniter/system/Autoloader/Autoloader.php(296): CodeIgniter\Autoloader\Autoloader->requireFile('/home/fadf4949/...')
#5 /home/fadf4949/codeigniter/system/Autoloader/Autoloader.php(258): CodeIgniter\Autoloader\Autoloader->loadInNamespace('App\\Controllers...')
#6 [internal function]: CodeIgniter\Autoloader\Autoloader->loadClass('App\\Controllers...')
#7 /home/fadf4949/codeigniter/app/Controllers/Users.php(7): spl_autoload_call('App\\Controllers...')
#8 /home/fadf4949/codeigniter/system/Autoloader/Autoloader.php(365): require_once('/home/fadf4949/...')
#9 /home/fadf4949/codeigniter/system/Autoloader/Autoloader.php(296): CodeIgniter\Autoloader\Autoloader->requireFile('/home/fadf4949/...')
#10 /home/fadf4949/codeigniter/system/Autoloader/Autoloader.php(258): CodeIgniter\Autoloader\Autoloader->loadInNamespace('App\\Controllers...')
#11 [internal function]: CodeIgniter\Autoloader\Autoloader->loadClass('App\\Controllers...')
#12 /home/fadf4949/codeigniter/app/Controllers/Dashboard.php(12): spl_autoload_call('App\\Controllers...')
#13 /home/fadf4949/codeigniter/system/CodeIgniter.php(917): App\Controllers\Dashboard->index()
#14 /home/fadf4949/codeigniter/system/CodeIgniter.php(403): CodeIgniter\CodeIgniter->runController(Object(App\Controllers\Dashboard))
#15 /home/fadf4949/codeigniter/system/CodeIgniter.php(311): CodeIgniter\CodeIgniter->handleRequest(NULL, Object(Config\Cache), false)
#16 /home/fadf4949/public_html/index.php(44): CodeIgniter\CodeIgniter->run()
#17 {main}
CRITICAL - 2020-08-06 08:48:01 --> Invalid file: scripts/app.json
#0 /home/fadf4949/codeigniter/system/View/View.php(228): CodeIgniter\Exceptions\FrameworkException::forInvalidFile('scripts/app.jso...')
#1 /home/fadf4949/codeigniter/system/Common.php(1087): CodeIgniter\View\View->render('scripts/app.jso...', Array, true)
#2 /home/fadf4949/codeigniter/app/Controllers/BaseController.php(28): view('scripts/app.jso...')
#3 /home/fadf4949/codeigniter/system/Autoloader/Autoloader.php(365): require_once('/home/fadf4949/...')
#4 /home/fadf4949/codeigniter/system/Autoloader/Autoloader.php(296): CodeIgniter\Autoloader\Autoloader->requireFile('/home/fadf4949/...')
#5 /home/fadf4949/codeigniter/system/Autoloader/Autoloader.php(258): CodeIgniter\Autoloader\Autoloader->loadInNamespace('App\\Controllers...')
#6 [internal function]: CodeIgniter\Autoloader\Autoloader->loadClass('App\\Controllers...')
#7 /home/fadf4949/codeigniter/app/Controllers/Users.php(7): spl_autoload_call('App\\Controllers...')
#8 /home/fadf4949/codeigniter/system/Autoloader/Autoloader.php(365): require_once('/home/fadf4949/...')
#9 /home/fadf4949/codeigniter/system/Autoloader/Autoloader.php(296): CodeIgniter\Autoloader\Autoloader->requireFile('/home/fadf4949/...')
#10 /home/fadf4949/codeigniter/system/Autoloader/Autoloader.php(258): CodeIgniter\Autoloader\Autoloader->loadInNamespace('App\\Controllers...')
#11 [internal function]: CodeIgniter\Autoloader\Autoloader->loadClass('App\\Controllers...')
#12 /home/fadf4949/codeigniter/app/Controllers/Dashboard.php(12): spl_autoload_call('App\\Controllers...')
#13 /home/fadf4949/codeigniter/system/CodeIgniter.php(917): App\Controllers\Dashboard->index()
#14 /home/fadf4949/codeigniter/system/CodeIgniter.php(403): CodeIgniter\CodeIgniter->runController(Object(App\Controllers\Dashboard))
#15 /home/fadf4949/codeigniter/system/CodeIgniter.php(311): CodeIgniter\CodeIgniter->handleRequest(NULL, Object(Config\Cache), false)
#16 /home/fadf4949/public_html/index.php(44): CodeIgniter\CodeIgniter->run()
#17 {main}
CRITICAL - 2020-08-06 08:48:18 --> Invalid file: scripts/app.php
#0 /home/fadf4949/codeigniter/system/View/View.php(228): CodeIgniter\Exceptions\FrameworkException::forInvalidFile('scripts/app.php')
#1 /home/fadf4949/codeigniter/system/Common.php(1087): CodeIgniter\View\View->render('scripts/app', Array, true)
#2 /home/fadf4949/codeigniter/app/Controllers/BaseController.php(28): view('scripts/app')
#3 /home/fadf4949/codeigniter/system/Autoloader/Autoloader.php(365): require_once('/home/fadf4949/...')
#4 /home/fadf4949/codeigniter/system/Autoloader/Autoloader.php(296): CodeIgniter\Autoloader\Autoloader->requireFile('/home/fadf4949/...')
#5 /home/fadf4949/codeigniter/system/Autoloader/Autoloader.php(258): CodeIgniter\Autoloader\Autoloader->loadInNamespace('App\\Controllers...')
#6 [internal function]: CodeIgniter\Autoloader\Autoloader->loadClass('App\\Controllers...')
#7 /home/fadf4949/codeigniter/app/Controllers/Users.php(7): spl_autoload_call('App\\Controllers...')
#8 /home/fadf4949/codeigniter/system/Autoloader/Autoloader.php(365): require_once('/home/fadf4949/...')
#9 /home/fadf4949/codeigniter/system/Autoloader/Autoloader.php(296): CodeIgniter\Autoloader\Autoloader->requireFile('/home/fadf4949/...')
#10 /home/fadf4949/codeigniter/system/Autoloader/Autoloader.php(258): CodeIgniter\Autoloader\Autoloader->loadInNamespace('App\\Controllers...')
#11 [internal function]: CodeIgniter\Autoloader\Autoloader->loadClass('App\\Controllers...')
#12 /home/fadf4949/codeigniter/app/Controllers/Dashboard.php(12): spl_autoload_call('App\\Controllers...')
#13 /home/fadf4949/codeigniter/system/CodeIgniter.php(917): App\Controllers\Dashboard->index()
#14 /home/fadf4949/codeigniter/system/CodeIgniter.php(403): CodeIgniter\CodeIgniter->runController(Object(App\Controllers\Dashboard))
#15 /home/fadf4949/codeigniter/system/CodeIgniter.php(311): CodeIgniter\CodeIgniter->handleRequest(NULL, Object(Config\Cache), false)
#16 /home/fadf4949/public_html/index.php(44): CodeIgniter\CodeIgniter->run()
#17 {main}
CRITICAL - 2020-08-06 08:48:20 --> Invalid file: scripts/app.php
#0 /home/fadf4949/codeigniter/system/View/View.php(228): CodeIgniter\Exceptions\FrameworkException::forInvalidFile('scripts/app.php')
#1 /home/fadf4949/codeigniter/system/Common.php(1087): CodeIgniter\View\View->render('scripts/app', Array, true)
#2 /home/fadf4949/codeigniter/app/Controllers/BaseController.php(28): view('scripts/app')
#3 /home/fadf4949/codeigniter/system/Autoloader/Autoloader.php(365): require_once('/home/fadf4949/...')
#4 /home/fadf4949/codeigniter/system/Autoloader/Autoloader.php(296): CodeIgniter\Autoloader\Autoloader->requireFile('/home/fadf4949/...')
#5 /home/fadf4949/codeigniter/system/Autoloader/Autoloader.php(258): CodeIgniter\Autoloader\Autoloader->loadInNamespace('App\\Controllers...')
#6 [internal function]: CodeIgniter\Autoloader\Autoloader->loadClass('App\\Controllers...')
#7 /home/fadf4949/codeigniter/app/Controllers/Users.php(7): spl_autoload_call('App\\Controllers...')
#8 /home/fadf4949/codeigniter/system/Autoloader/Autoloader.php(365): require_once('/home/fadf4949/...')
#9 /home/fadf4949/codeigniter/system/Autoloader/Autoloader.php(296): CodeIgniter\Autoloader\Autoloader->requireFile('/home/fadf4949/...')
#10 /home/fadf4949/codeigniter/system/Autoloader/Autoloader.php(258): CodeIgniter\Autoloader\Autoloader->loadInNamespace('App\\Controllers...')
#11 [internal function]: CodeIgniter\Autoloader\Autoloader->loadClass('App\\Controllers...')
#12 /home/fadf4949/codeigniter/app/Controllers/Dashboard.php(12): spl_autoload_call('App\\Controllers...')
#13 /home/fadf4949/codeigniter/system/CodeIgniter.php(917): App\Controllers\Dashboard->index()
#14 /home/fadf4949/codeigniter/system/CodeIgniter.php(403): CodeIgniter\CodeIgniter->runController(Object(App\Controllers\Dashboard))
#15 /home/fadf4949/codeigniter/system/CodeIgniter.php(311): CodeIgniter\CodeIgniter->handleRequest(NULL, Object(Config\Cache), false)
#16 /home/fadf4949/public_html/index.php(44): CodeIgniter\CodeIgniter->run()
#17 {main}
CRITICAL - 2020-08-06 10:54:00 --> Invalid file: load.php
#0 /home/fadf4949/codeigniter/system/View/View.php(228): CodeIgniter\Exceptions\FrameworkException::forInvalidFile('load.php')
#1 /home/fadf4949/codeigniter/system/Common.php(1087): CodeIgniter\View\View->render('load', Array, true)
#2 /home/fadf4949/codeigniter/app/Views/login.php(6): view('load', Array)
#3 /home/fadf4949/codeigniter/system/View/View.php(246): include('/home/fadf4949/...')
#4 /home/fadf4949/codeigniter/system/Common.php(1087): CodeIgniter\View\View->render('login', Array, true)
#5 /home/fadf4949/codeigniter/app/Controllers/Login.php(103): view('login', Array)
#6 /home/fadf4949/codeigniter/system/CodeIgniter.php(917): App\Controllers\Login->index()
#7 /home/fadf4949/codeigniter/system/CodeIgniter.php(403): CodeIgniter\CodeIgniter->runController(Object(App\Controllers\Login))
#8 /home/fadf4949/codeigniter/system/CodeIgniter.php(311): CodeIgniter\CodeIgniter->handleRequest(NULL, Object(Config\Cache), false)
#9 /home/fadf4949/public_html/index.php(44): CodeIgniter\CodeIgniter->run()
#10 {main}
CRITICAL - 2020-08-06 10:54:16 --> Invalid file: load.php
#0 /home/fadf4949/codeigniter/system/View/View.php(228): CodeIgniter\Exceptions\FrameworkException::forInvalidFile('load.php')
#1 /home/fadf4949/codeigniter/system/Common.php(1087): CodeIgniter\View\View->render('load.php', Array, true)
#2 /home/fadf4949/codeigniter/app/Views/login.php(6): view('load.php', Array)
#3 /home/fadf4949/codeigniter/system/View/View.php(246): include('/home/fadf4949/...')
#4 /home/fadf4949/codeigniter/system/Common.php(1087): CodeIgniter\View\View->render('login', Array, true)
#5 /home/fadf4949/codeigniter/app/Controllers/Login.php(103): view('login', Array)
#6 /home/fadf4949/codeigniter/system/CodeIgniter.php(917): App\Controllers\Login->index()
#7 /home/fadf4949/codeigniter/system/CodeIgniter.php(403): CodeIgniter\CodeIgniter->runController(Object(App\Controllers\Login))
#8 /home/fadf4949/codeigniter/system/CodeIgniter.php(311): CodeIgniter\CodeIgniter->handleRequest(NULL, Object(Config\Cache), false)
#9 /home/fadf4949/public_html/index.php(44): CodeIgniter\CodeIgniter->run()
#10 {main}
CRITICAL - 2020-08-06 10:54:17 --> Invalid file: load.php
#0 /home/fadf4949/codeigniter/system/View/View.php(228): CodeIgniter\Exceptions\FrameworkException::forInvalidFile('load.php')
#1 /home/fadf4949/codeigniter/system/Common.php(1087): CodeIgniter\View\View->render('load.php', Array, true)
#2 /home/fadf4949/codeigniter/app/Views/login.php(6): view('load.php', Array)
#3 /home/fadf4949/codeigniter/system/View/View.php(246): include('/home/fadf4949/...')
#4 /home/fadf4949/codeigniter/system/Common.php(1087): CodeIgniter\View\View->render('login', Array, true)
#5 /home/fadf4949/codeigniter/app/Controllers/Login.php(103): view('login', Array)
#6 /home/fadf4949/codeigniter/system/CodeIgniter.php(917): App\Controllers\Login->index()
#7 /home/fadf4949/codeigniter/system/CodeIgniter.php(403): CodeIgniter\CodeIgniter->runController(Object(App\Controllers\Login))
#8 /home/fadf4949/codeigniter/system/CodeIgniter.php(311): CodeIgniter\CodeIgniter->handleRequest(NULL, Object(Config\Cache), false)
#9 /home/fadf4949/public_html/index.php(44): CodeIgniter\CodeIgniter->run()
#10 {main}
CRITICAL - 2020-08-06 10:54:31 --> Invalid file: load.php
#0 /home/fadf4949/codeigniter/system/View/View.php(228): CodeIgniter\Exceptions\FrameworkException::forInvalidFile('load.php')
#1 /home/fadf4949/codeigniter/system/Common.php(1087): CodeIgniter\View\View->render('load.php', Array, true)
#2 /home/fadf4949/codeigniter/app/Views/login.php(6): view('load.php')
#3 /home/fadf4949/codeigniter/system/View/View.php(246): include('/home/fadf4949/...')
#4 /home/fadf4949/codeigniter/system/Common.php(1087): CodeIgniter\View\View->render('login', Array, true)
#5 /home/fadf4949/codeigniter/app/Controllers/Login.php(103): view('login', Array)
#6 /home/fadf4949/codeigniter/system/CodeIgniter.php(917): App\Controllers\Login->index()
#7 /home/fadf4949/codeigniter/system/CodeIgniter.php(403): CodeIgniter\CodeIgniter->runController(Object(App\Controllers\Login))
#8 /home/fadf4949/codeigniter/system/CodeIgniter.php(311): CodeIgniter\CodeIgniter->handleRequest(NULL, Object(Config\Cache), false)
#9 /home/fadf4949/public_html/index.php(44): CodeIgniter\CodeIgniter->run()
#10 {main}
CRITICAL - 2020-08-06 10:54:32 --> Invalid file: load.php
#0 /home/fadf4949/codeigniter/system/View/View.php(228): CodeIgniter\Exceptions\FrameworkException::forInvalidFile('load.php')
#1 /home/fadf4949/codeigniter/system/Common.php(1087): CodeIgniter\View\View->render('load.php', Array, true)
#2 /home/fadf4949/codeigniter/app/Views/login.php(6): view('load.php')
#3 /home/fadf4949/codeigniter/system/View/View.php(246): include('/home/fadf4949/...')
#4 /home/fadf4949/codeigniter/system/Common.php(1087): CodeIgniter\View\View->render('login', Array, true)
#5 /home/fadf4949/codeigniter/app/Controllers/Login.php(103): view('login', Array)
#6 /home/fadf4949/codeigniter/system/CodeIgniter.php(917): App\Controllers\Login->index()
#7 /home/fadf4949/codeigniter/system/CodeIgniter.php(403): CodeIgniter\CodeIgniter->runController(Object(App\Controllers\Login))
#8 /home/fadf4949/codeigniter/system/CodeIgniter.php(311): CodeIgniter\CodeIgniter->handleRequest(NULL, Object(Config\Cache), false)
#9 /home/fadf4949/public_html/index.php(44): CodeIgniter\CodeIgniter->run()
#10 {main}
CRITICAL - 2020-08-06 11:11:08 --> Namespace declaration statement has to be the very first statement or after any declare call in the script
#0 [internal function]: CodeIgniter\Debug\Exceptions->shutdownHandler()
#1 {main}
CRITICAL - 2020-08-06 11:11:09 --> Namespace declaration statement has to be the very first statement or after any declare call in the script
#0 [internal function]: CodeIgniter\Debug\Exceptions->shutdownHandler()
#1 {main}
CRITICAL - 2020-08-06 11:26:12 --> Invalid file: users.php
#0 /home/fadf4949/codeigniter/system/View/View.php(228): CodeIgniter\Exceptions\FrameworkException::forInvalidFile('users.php')
#1 /home/fadf4949/codeigniter/system/Common.php(1087): CodeIgniter\View\View->render('users', Array, true)
#2 /home/fadf4949/codeigniter/app/Controllers/Users.php(61): view('users', Array)
#3 /home/fadf4949/codeigniter/app/Controllers/Users.php(39): App\Controllers\Users->_example_output(Object(stdClass))
#4 /home/fadf4949/codeigniter/system/CodeIgniter.php(917): App\Controllers\Users->index('edit', '1')
#5 /home/fadf4949/codeigniter/system/CodeIgniter.php(403): CodeIgniter\CodeIgniter->runController(Object(App\Controllers\Users))
#6 /home/fadf4949/codeigniter/system/CodeIgniter.php(311): CodeIgniter\CodeIgniter->handleRequest(NULL, Object(Config\Cache), false)
#7 /home/fadf4949/public_html/index.php(44): CodeIgniter\CodeIgniter->run()
#8 {main}
