CRITICAL - 2021-03-10 13:20:53 --> Undefined variable: publickey
#0 C:\xampp\htdocs\SCR\app\Views\settingClient.php(56): CodeIgniter\Debug\Exceptions->errorHandler(8, 'Undefined varia...', 'C:\\xampp\\htdocs...', 56, Array)
#1 C:\xampp\htdocs\SCR\system\View\View.php(246): include('C:\\xampp\\htdocs...')
#2 C:\xampp\htdocs\SCR\system\Common.php(1087): CodeIgniter\View\View->render('settingClient', Array, true)
#3 C:\xampp\htdocs\SCR\app\Controllers\Setting.php(114): view('settingClient', Array)
#4 C:\xampp\htdocs\SCR\system\CodeIgniter.php(917): App\Controllers\Setting->client()
#5 C:\xampp\htdocs\SCR\system\CodeIgniter.php(403): CodeIgniter\CodeIgniter->runController(Object(App\Controllers\Setting))
#6 C:\xampp\htdocs\SCR\system\CodeIgniter.php(311): CodeIgniter\CodeIgniter->handleRequest(NULL, Object(Config\Cache), false)
#7 C:\xampp\htdocs\SCR\public\index.php(44): CodeIgniter\CodeIgniter->run()
#8 {main}
CRITICAL - 2021-03-10 14:21:49 --> Undefined property: stdClass::$kotaa
#0 C:\xampp\htdocs\SCR\app\Views\setting.php(140): CodeIgniter\Debug\Exceptions->errorHandler(8, 'Undefined prope...', 'C:\\xampp\\htdocs...', 140, Array)
#1 C:\xampp\htdocs\SCR\system\View\View.php(246): include('C:\\xampp\\htdocs...')
#2 C:\xampp\htdocs\SCR\system\Common.php(1087): CodeIgniter\View\View->render('setting', Array, true)
#3 C:\xampp\htdocs\SCR\app\Controllers\Setting.php(35): view('setting', Array)
#4 C:\xampp\htdocs\SCR\system\CodeIgniter.php(917): App\Controllers\Setting->index()
#5 C:\xampp\htdocs\SCR\system\CodeIgniter.php(403): CodeIgniter\CodeIgniter->runController(Object(App\Controllers\Setting))
#6 C:\xampp\htdocs\SCR\system\CodeIgniter.php(311): CodeIgniter\CodeIgniter->handleRequest(NULL, Object(Config\Cache), false)
#7 C:\xampp\htdocs\SCR\public\index.php(44): CodeIgniter\CodeIgniter->run()
#8 {main}
CRITICAL - 2021-03-10 14:21:56 --> Undefined property: stdClass::$kota
#0 C:\xampp\htdocs\SCR\app\Views\setting.php(140): CodeIgniter\Debug\Exceptions->errorHandler(8, 'Undefined prope...', 'C:\\xampp\\htdocs...', 140, Array)
#1 C:\xampp\htdocs\SCR\system\View\View.php(246): include('C:\\xampp\\htdocs...')
#2 C:\xampp\htdocs\SCR\system\Common.php(1087): CodeIgniter\View\View->render('setting', Array, true)
#3 C:\xampp\htdocs\SCR\app\Controllers\Setting.php(35): view('setting', Array)
#4 C:\xampp\htdocs\SCR\system\CodeIgniter.php(917): App\Controllers\Setting->index()
#5 C:\xampp\htdocs\SCR\system\CodeIgniter.php(403): CodeIgniter\CodeIgniter->runController(Object(App\Controllers\Setting))
#6 C:\xampp\htdocs\SCR\system\CodeIgniter.php(311): CodeIgniter\CodeIgniter->handleRequest(NULL, Object(Config\Cache), false)
#7 C:\xampp\htdocs\SCR\public\index.php(44): CodeIgniter\CodeIgniter->run()
#8 {main}
CRITICAL - 2021-03-10 14:22:15 --> Undefined variable: conn
#0 C:\xampp\htdocs\SCR\app\Views\setting.php(131): CodeIgniter\Debug\Exceptions->errorHandler(8, 'Undefined varia...', 'C:\\xampp\\htdocs...', 131, Array)
#1 C:\xampp\htdocs\SCR\system\View\View.php(246): include('C:\\xampp\\htdocs...')
#2 C:\xampp\htdocs\SCR\system\Common.php(1087): CodeIgniter\View\View->render('setting', Array, true)
#3 C:\xampp\htdocs\SCR\app\Controllers\Setting.php(35): view('setting', Array)
#4 C:\xampp\htdocs\SCR\system\CodeIgniter.php(917): App\Controllers\Setting->index()
#5 C:\xampp\htdocs\SCR\system\CodeIgniter.php(403): CodeIgniter\CodeIgniter->runController(Object(App\Controllers\Setting))
#6 C:\xampp\htdocs\SCR\system\CodeIgniter.php(311): CodeIgniter\CodeIgniter->handleRequest(NULL, Object(Config\Cache), false)
#7 C:\xampp\htdocs\SCR\public\index.php(44): CodeIgniter\CodeIgniter->run()
#8 {main}
CRITICAL - 2021-03-10 14:22:49 --> No database selected
#0 C:\xampp\htdocs\SCR\app\Views\setting.php(133): mysqli_query(Object(mysqli), 'SELECT * FROM s...')
#1 C:\xampp\htdocs\SCR\system\View\View.php(246): include('C:\\xampp\\htdocs...')
#2 C:\xampp\htdocs\SCR\system\Common.php(1087): CodeIgniter\View\View->render('setting', Array, true)
#3 C:\xampp\htdocs\SCR\app\Controllers\Setting.php(35): view('setting', Array)
#4 C:\xampp\htdocs\SCR\system\CodeIgniter.php(917): App\Controllers\Setting->index()
#5 C:\xampp\htdocs\SCR\system\CodeIgniter.php(403): CodeIgniter\CodeIgniter->runController(Object(App\Controllers\Setting))
#6 C:\xampp\htdocs\SCR\system\CodeIgniter.php(311): CodeIgniter\CodeIgniter->handleRequest(NULL, Object(Config\Cache), false)
#7 C:\xampp\htdocs\SCR\public\index.php(44): CodeIgniter\CodeIgniter->run()
#8 {main}
CRITICAL - 2021-03-10 14:23:13 --> No database selected
#0 C:\xampp\htdocs\SCR\app\Views\setting.php(138): mysqli_query(Object(mysqli), 'SELECT * FROM s...')
#1 C:\xampp\htdocs\SCR\system\View\View.php(246): include('C:\\xampp\\htdocs...')
#2 C:\xampp\htdocs\SCR\system\Common.php(1087): CodeIgniter\View\View->render('setting', Array, true)
#3 C:\xampp\htdocs\SCR\app\Controllers\Setting.php(35): view('setting', Array)
#4 C:\xampp\htdocs\SCR\system\CodeIgniter.php(917): App\Controllers\Setting->index()
#5 C:\xampp\htdocs\SCR\system\CodeIgniter.php(403): CodeIgniter\CodeIgniter->runController(Object(App\Controllers\Setting))
#6 C:\xampp\htdocs\SCR\system\CodeIgniter.php(311): CodeIgniter\CodeIgniter->handleRequest(NULL, Object(Config\Cache), false)
#7 C:\xampp\htdocs\SCR\public\index.php(44): CodeIgniter\CodeIgniter->run()
#8 {main}
CRITICAL - 2021-03-10 14:23:15 --> No database selected
#0 C:\xampp\htdocs\SCR\app\Views\setting.php(138): mysqli_query(Object(mysqli), 'SELECT * FROM s...')
#1 C:\xampp\htdocs\SCR\system\View\View.php(246): include('C:\\xampp\\htdocs...')
#2 C:\xampp\htdocs\SCR\system\Common.php(1087): CodeIgniter\View\View->render('setting', Array, true)
#3 C:\xampp\htdocs\SCR\app\Controllers\Setting.php(35): view('setting', Array)
#4 C:\xampp\htdocs\SCR\system\CodeIgniter.php(917): App\Controllers\Setting->index()
#5 C:\xampp\htdocs\SCR\system\CodeIgniter.php(403): CodeIgniter\CodeIgniter->runController(Object(App\Controllers\Setting))
#6 C:\xampp\htdocs\SCR\system\CodeIgniter.php(311): CodeIgniter\CodeIgniter->handleRequest(NULL, Object(Config\Cache), false)
#7 C:\xampp\htdocs\SCR\public\index.php(44): CodeIgniter\CodeIgniter->run()
#8 {main}
CRITICAL - 2021-03-10 14:23:24 --> Undefined property: stdClass::$kota
#0 C:\xampp\htdocs\SCR\app\Views\setting.php(147): CodeIgniter\Debug\Exceptions->errorHandler(8, 'Undefined prope...', 'C:\\xampp\\htdocs...', 147, Array)
#1 C:\xampp\htdocs\SCR\system\View\View.php(246): include('C:\\xampp\\htdocs...')
#2 C:\xampp\htdocs\SCR\system\Common.php(1087): CodeIgniter\View\View->render('setting', Array, true)
#3 C:\xampp\htdocs\SCR\app\Controllers\Setting.php(35): view('setting', Array)
#4 C:\xampp\htdocs\SCR\system\CodeIgniter.php(917): App\Controllers\Setting->index()
#5 C:\xampp\htdocs\SCR\system\CodeIgniter.php(403): CodeIgniter\CodeIgniter->runController(Object(App\Controllers\Setting))
#6 C:\xampp\htdocs\SCR\system\CodeIgniter.php(311): CodeIgniter\CodeIgniter->handleRequest(NULL, Object(Config\Cache), false)
#7 C:\xampp\htdocs\SCR\public\index.php(44): CodeIgniter\CodeIgniter->run()
#8 {main}
CRITICAL - 2021-03-10 14:26:13 --> Undefined property: stdClass::$kota
#0 C:\xampp\htdocs\SCR\app\Views\setting.php(147): CodeIgniter\Debug\Exceptions->errorHandler(8, 'Undefined prope...', 'C:\\xampp\\htdocs...', 147, Array)
#1 C:\xampp\htdocs\SCR\system\View\View.php(246): include('C:\\xampp\\htdocs...')
#2 C:\xampp\htdocs\SCR\system\Common.php(1087): CodeIgniter\View\View->render('setting', Array, true)
#3 C:\xampp\htdocs\SCR\app\Controllers\Setting.php(35): view('setting', Array)
#4 C:\xampp\htdocs\SCR\system\CodeIgniter.php(917): App\Controllers\Setting->index()
#5 C:\xampp\htdocs\SCR\system\CodeIgniter.php(403): CodeIgniter\CodeIgniter->runController(Object(App\Controllers\Setting))
#6 C:\xampp\htdocs\SCR\system\CodeIgniter.php(311): CodeIgniter\CodeIgniter->handleRequest(NULL, Object(Config\Cache), false)
#7 C:\xampp\htdocs\SCR\public\index.php(44): CodeIgniter\CodeIgniter->run()
#8 {main}
CRITICAL - 2021-03-10 14:26:30 --> Undefined property: stdClass::$id
#0 C:\xampp\htdocs\SCR\app\Views\setting.php(146): CodeIgniter\Debug\Exceptions->errorHandler(8, 'Undefined prope...', 'C:\\xampp\\htdocs...', 146, Array)
#1 C:\xampp\htdocs\SCR\system\View\View.php(246): include('C:\\xampp\\htdocs...')
#2 C:\xampp\htdocs\SCR\system\Common.php(1087): CodeIgniter\View\View->render('setting', Array, true)
#3 C:\xampp\htdocs\SCR\app\Controllers\Setting.php(35): view('setting', Array)
#4 C:\xampp\htdocs\SCR\system\CodeIgniter.php(917): App\Controllers\Setting->index()
#5 C:\xampp\htdocs\SCR\system\CodeIgniter.php(403): CodeIgniter\CodeIgniter->runController(Object(App\Controllers\Setting))
#6 C:\xampp\htdocs\SCR\system\CodeIgniter.php(311): CodeIgniter\CodeIgniter->handleRequest(NULL, Object(Config\Cache), false)
#7 C:\xampp\htdocs\SCR\public\index.php(44): CodeIgniter\CodeIgniter->run()
#8 {main}
CRITICAL - 2021-03-10 14:32:09 --> Undefined property: stdClass::$name
#0 C:\xampp\htdocs\SCR\app\Views\setting.php(146): CodeIgniter\Debug\Exceptions->errorHandler(8, 'Undefined prope...', 'C:\\xampp\\htdocs...', 146, Array)
#1 C:\xampp\htdocs\SCR\system\View\View.php(246): include('C:\\xampp\\htdocs...')
#2 C:\xampp\htdocs\SCR\system\Common.php(1087): CodeIgniter\View\View->render('setting', Array, true)
#3 C:\xampp\htdocs\SCR\app\Controllers\Setting.php(35): view('setting', Array)
#4 C:\xampp\htdocs\SCR\system\CodeIgniter.php(917): App\Controllers\Setting->index()
#5 C:\xampp\htdocs\SCR\system\CodeIgniter.php(403): CodeIgniter\CodeIgniter->runController(Object(App\Controllers\Setting))
#6 C:\xampp\htdocs\SCR\system\CodeIgniter.php(311): CodeIgniter\CodeIgniter->handleRequest(NULL, Object(Config\Cache), false)
#7 C:\xampp\htdocs\SCR\public\index.php(44): CodeIgniter\CodeIgniter->run()
#8 {main}
CRITICAL - 2021-03-10 14:32:11 --> Undefined property: stdClass::$name
#0 C:\xampp\htdocs\SCR\app\Views\setting.php(146): CodeIgniter\Debug\Exceptions->errorHandler(8, 'Undefined prope...', 'C:\\xampp\\htdocs...', 146, Array)
#1 C:\xampp\htdocs\SCR\system\View\View.php(246): include('C:\\xampp\\htdocs...')
#2 C:\xampp\htdocs\SCR\system\Common.php(1087): CodeIgniter\View\View->render('setting', Array, true)
#3 C:\xampp\htdocs\SCR\app\Controllers\Setting.php(35): view('setting', Array)
#4 C:\xampp\htdocs\SCR\system\CodeIgniter.php(917): App\Controllers\Setting->index()
#5 C:\xampp\htdocs\SCR\system\CodeIgniter.php(403): CodeIgniter\CodeIgniter->runController(Object(App\Controllers\Setting))
#6 C:\xampp\htdocs\SCR\system\CodeIgniter.php(311): CodeIgniter\CodeIgniter->handleRequest(NULL, Object(Config\Cache), false)
#7 C:\xampp\htdocs\SCR\public\index.php(44): CodeIgniter\CodeIgniter->run()
#8 {main}
CRITICAL - 2021-03-10 14:43:45 --> Undefined property: stdClass::$kota
#0 C:\xampp\htdocs\SCR\app\Views\setting.php(147): CodeIgniter\Debug\Exceptions->errorHandler(8, 'Undefined prope...', 'C:\\xampp\\htdocs...', 147, Array)
#1 C:\xampp\htdocs\SCR\system\View\View.php(246): include('C:\\xampp\\htdocs...')
#2 C:\xampp\htdocs\SCR\system\Common.php(1087): CodeIgniter\View\View->render('setting', Array, true)
#3 C:\xampp\htdocs\SCR\app\Controllers\Setting.php(35): view('setting', Array)
#4 C:\xampp\htdocs\SCR\system\CodeIgniter.php(917): App\Controllers\Setting->index()
#5 C:\xampp\htdocs\SCR\system\CodeIgniter.php(403): CodeIgniter\CodeIgniter->runController(Object(App\Controllers\Setting))
#6 C:\xampp\htdocs\SCR\system\CodeIgniter.php(311): CodeIgniter\CodeIgniter->handleRequest(NULL, Object(Config\Cache), false)
#7 C:\xampp\htdocs\SCR\public\index.php(44): CodeIgniter\CodeIgniter->run()
#8 {main}
CRITICAL - 2021-03-10 14:48:25 --> Undefined property: mysqli_result::$kota
#0 C:\xampp\htdocs\SCR\app\Views\setting.php(147): CodeIgniter\Debug\Exceptions->errorHandler(8, 'Undefined prope...', 'C:\\xampp\\htdocs...', 147, Array)
#1 C:\xampp\htdocs\SCR\system\View\View.php(246): include('C:\\xampp\\htdocs...')
#2 C:\xampp\htdocs\SCR\system\Common.php(1087): CodeIgniter\View\View->render('setting', Array, true)
#3 C:\xampp\htdocs\SCR\app\Controllers\Setting.php(35): view('setting', Array)
#4 C:\xampp\htdocs\SCR\system\CodeIgniter.php(917): App\Controllers\Setting->index()
#5 C:\xampp\htdocs\SCR\system\CodeIgniter.php(403): CodeIgniter\CodeIgniter->runController(Object(App\Controllers\Setting))
#6 C:\xampp\htdocs\SCR\system\CodeIgniter.php(311): CodeIgniter\CodeIgniter->handleRequest(NULL, Object(Config\Cache), false)
#7 C:\xampp\htdocs\SCR\public\index.php(44): CodeIgniter\CodeIgniter->run()
#8 {main}
CRITICAL - 2021-03-10 14:50:12 --> Object of class mysqli_result could not be converted to string
#0 C:\xampp\htdocs\SCR\system\View\View.php(246): include()
#1 C:\xampp\htdocs\SCR\system\Common.php(1087): CodeIgniter\View\View->render('setting', Array, true)
#2 C:\xampp\htdocs\SCR\app\Controllers\Setting.php(35): view('setting', Array)
#3 C:\xampp\htdocs\SCR\system\CodeIgniter.php(917): App\Controllers\Setting->index()
#4 C:\xampp\htdocs\SCR\system\CodeIgniter.php(403): CodeIgniter\CodeIgniter->runController(Object(App\Controllers\Setting))
#5 C:\xampp\htdocs\SCR\system\CodeIgniter.php(311): CodeIgniter\CodeIgniter->handleRequest(NULL, Object(Config\Cache), false)
#6 C:\xampp\htdocs\SCR\public\index.php(44): CodeIgniter\CodeIgniter->run()
#7 {main}
CRITICAL - 2021-03-10 14:50:20 --> Trying to get property 'user_subs' of non-object
#0 C:\xampp\htdocs\SCR\app\Views\setting.php(146): CodeIgniter\Debug\Exceptions->errorHandler(8, 'Trying to get p...', 'C:\\xampp\\htdocs...', 146, Array)
#1 C:\xampp\htdocs\SCR\system\View\View.php(246): include('C:\\xampp\\htdocs...')
#2 C:\xampp\htdocs\SCR\system\Common.php(1087): CodeIgniter\View\View->render('setting', Array, true)
#3 C:\xampp\htdocs\SCR\app\Controllers\Setting.php(35): view('setting', Array)
#4 C:\xampp\htdocs\SCR\system\CodeIgniter.php(917): App\Controllers\Setting->index()
#5 C:\xampp\htdocs\SCR\system\CodeIgniter.php(403): CodeIgniter\CodeIgniter->runController(Object(App\Controllers\Setting))
#6 C:\xampp\htdocs\SCR\system\CodeIgniter.php(311): CodeIgniter\CodeIgniter->handleRequest(NULL, Object(Config\Cache), false)
#7 C:\xampp\htdocs\SCR\public\index.php(44): CodeIgniter\CodeIgniter->run()
#8 {main}
CRITICAL - 2021-03-10 14:50:32 --> Trying to get property 'nama' of non-object
#0 C:\xampp\htdocs\SCR\app\Views\setting.php(146): CodeIgniter\Debug\Exceptions->errorHandler(8, 'Trying to get p...', 'C:\\xampp\\htdocs...', 146, Array)
#1 C:\xampp\htdocs\SCR\system\View\View.php(246): include('C:\\xampp\\htdocs...')
#2 C:\xampp\htdocs\SCR\system\Common.php(1087): CodeIgniter\View\View->render('setting', Array, true)
#3 C:\xampp\htdocs\SCR\app\Controllers\Setting.php(35): view('setting', Array)
#4 C:\xampp\htdocs\SCR\system\CodeIgniter.php(917): App\Controllers\Setting->index()
#5 C:\xampp\htdocs\SCR\system\CodeIgniter.php(403): CodeIgniter\CodeIgniter->runController(Object(App\Controllers\Setting))
#6 C:\xampp\htdocs\SCR\system\CodeIgniter.php(311): CodeIgniter\CodeIgniter->handleRequest(NULL, Object(Config\Cache), false)
#7 C:\xampp\htdocs\SCR\public\index.php(44): CodeIgniter\CodeIgniter->run()
#8 {main}
CRITICAL - 2021-03-10 14:50:34 --> Trying to get property 'nama' of non-object
#0 C:\xampp\htdocs\SCR\app\Views\setting.php(146): CodeIgniter\Debug\Exceptions->errorHandler(8, 'Trying to get p...', 'C:\\xampp\\htdocs...', 146, Array)
#1 C:\xampp\htdocs\SCR\system\View\View.php(246): include('C:\\xampp\\htdocs...')
#2 C:\xampp\htdocs\SCR\system\Common.php(1087): CodeIgniter\View\View->render('setting', Array, true)
#3 C:\xampp\htdocs\SCR\app\Controllers\Setting.php(35): view('setting', Array)
#4 C:\xampp\htdocs\SCR\system\CodeIgniter.php(917): App\Controllers\Setting->index()
#5 C:\xampp\htdocs\SCR\system\CodeIgniter.php(403): CodeIgniter\CodeIgniter->runController(Object(App\Controllers\Setting))
#6 C:\xampp\htdocs\SCR\system\CodeIgniter.php(311): CodeIgniter\CodeIgniter->handleRequest(NULL, Object(Config\Cache), false)
#7 C:\xampp\htdocs\SCR\public\index.php(44): CodeIgniter\CodeIgniter->run()
#8 {main}
CRITICAL - 2021-03-10 14:50:44 --> Trying to get property 'name' of non-object
#0 C:\xampp\htdocs\SCR\app\Views\setting.php(146): CodeIgniter\Debug\Exceptions->errorHandler(8, 'Trying to get p...', 'C:\\xampp\\htdocs...', 146, Array)
#1 C:\xampp\htdocs\SCR\system\View\View.php(246): include('C:\\xampp\\htdocs...')
#2 C:\xampp\htdocs\SCR\system\Common.php(1087): CodeIgniter\View\View->render('setting', Array, true)
#3 C:\xampp\htdocs\SCR\app\Controllers\Setting.php(35): view('setting', Array)
#4 C:\xampp\htdocs\SCR\system\CodeIgniter.php(917): App\Controllers\Setting->index()
#5 C:\xampp\htdocs\SCR\system\CodeIgniter.php(403): CodeIgniter\CodeIgniter->runController(Object(App\Controllers\Setting))
#6 C:\xampp\htdocs\SCR\system\CodeIgniter.php(311): CodeIgniter\CodeIgniter->handleRequest(NULL, Object(Config\Cache), false)
#7 C:\xampp\htdocs\SCR\public\index.php(44): CodeIgniter\CodeIgniter->run()
#8 {main}
CRITICAL - 2021-03-10 14:52:20 --> Trying to get property 'name' of non-object
#0 C:\xampp\htdocs\SCR\app\Views\setting.php(146): CodeIgniter\Debug\Exceptions->errorHandler(8, 'Trying to get p...', 'C:\\xampp\\htdocs...', 146, Array)
#1 C:\xampp\htdocs\SCR\system\View\View.php(246): include('C:\\xampp\\htdocs...')
#2 C:\xampp\htdocs\SCR\system\Common.php(1087): CodeIgniter\View\View->render('setting', Array, true)
#3 C:\xampp\htdocs\SCR\app\Controllers\Setting.php(35): view('setting', Array)
#4 C:\xampp\htdocs\SCR\system\CodeIgniter.php(917): App\Controllers\Setting->index()
#5 C:\xampp\htdocs\SCR\system\CodeIgniter.php(403): CodeIgniter\CodeIgniter->runController(Object(App\Controllers\Setting))
#6 C:\xampp\htdocs\SCR\system\CodeIgniter.php(311): CodeIgniter\CodeIgniter->handleRequest(NULL, Object(Config\Cache), false)
#7 C:\xampp\htdocs\SCR\public\index.php(44): CodeIgniter\CodeIgniter->run()
#8 {main}
CRITICAL - 2021-03-10 15:13:51 --> Undefined variable: publickey
#0 C:\xampp\htdocs\SCR\app\Views\settingClient.php(14): CodeIgniter\Debug\Exceptions->errorHandler(8, 'Undefined varia...', 'C:\\xampp\\htdocs...', 14, Array)
#1 C:\xampp\htdocs\SCR\system\View\View.php(246): include('C:\\xampp\\htdocs...')
#2 C:\xampp\htdocs\SCR\system\Common.php(1087): CodeIgniter\View\View->render('settingClient', Array, true)
#3 C:\xampp\htdocs\SCR\app\Controllers\Setting.php(130): view('settingClient', Array)
#4 C:\xampp\htdocs\SCR\system\CodeIgniter.php(917): App\Controllers\Setting->client()
#5 C:\xampp\htdocs\SCR\system\CodeIgniter.php(403): CodeIgniter\CodeIgniter->runController(Object(App\Controllers\Setting))
#6 C:\xampp\htdocs\SCR\system\CodeIgniter.php(311): CodeIgniter\CodeIgniter->handleRequest(NULL, Object(Config\Cache), false)
#7 C:\xampp\htdocs\SCR\public\index.php(44): CodeIgniter\CodeIgniter->run()
#8 {main}
CRITICAL - 2021-03-10 15:14:20 --> Undefined variable: publickey
#0 C:\xampp\htdocs\SCR\app\Views\settingClient.php(14): CodeIgniter\Debug\Exceptions->errorHandler(8, 'Undefined varia...', 'C:\\xampp\\htdocs...', 14, Array)
#1 C:\xampp\htdocs\SCR\system\View\View.php(246): include('C:\\xampp\\htdocs...')
#2 C:\xampp\htdocs\SCR\system\Common.php(1087): CodeIgniter\View\View->render('settingClient', Array, true)
#3 C:\xampp\htdocs\SCR\app\Controllers\Setting.php(130): view('settingClient', Array)
#4 C:\xampp\htdocs\SCR\system\CodeIgniter.php(917): App\Controllers\Setting->client()
#5 C:\xampp\htdocs\SCR\system\CodeIgniter.php(403): CodeIgniter\CodeIgniter->runController(Object(App\Controllers\Setting))
#6 C:\xampp\htdocs\SCR\system\CodeIgniter.php(311): CodeIgniter\CodeIgniter->handleRequest(NULL, Object(Config\Cache), false)
#7 C:\xampp\htdocs\SCR\public\index.php(44): CodeIgniter\CodeIgniter->run()
#8 {main}
CRITICAL - 2021-03-10 15:40:45 --> Undefined index: DATA_SESSION
#0 C:\xampp\htdocs\SCR\app\Views\parts\header.php(423): CodeIgniter\Debug\Exceptions->errorHandler(8, 'Undefined index...', 'C:\\xampp\\htdocs...', 423, Array)
#1 C:\xampp\htdocs\SCR\system\View\View.php(246): include('C:\\xampp\\htdocs...')
#2 C:\xampp\htdocs\SCR\system\Common.php(1087): CodeIgniter\View\View->render('parts/header', Array, true)
#3 C:\xampp\htdocs\SCR\app\Views\settingClient.php(3): view('parts/header', Array)
#4 C:\xampp\htdocs\SCR\system\View\View.php(246): include('C:\\xampp\\htdocs...')
#5 C:\xampp\htdocs\SCR\system\Common.php(1087): CodeIgniter\View\View->render('settingClient', Array, true)
#6 C:\xampp\htdocs\SCR\app\Controllers\Setting.php(130): view('settingClient', Array)
#7 C:\xampp\htdocs\SCR\system\CodeIgniter.php(917): App\Controllers\Setting->client()
#8 C:\xampp\htdocs\SCR\system\CodeIgniter.php(403): CodeIgniter\CodeIgniter->runController(Object(App\Controllers\Setting))
#9 C:\xampp\htdocs\SCR\system\CodeIgniter.php(311): CodeIgniter\CodeIgniter->handleRequest(NULL, Object(Config\Cache), false)
#10 C:\xampp\htdocs\SCR\public\index.php(44): CodeIgniter\CodeIgniter->run()
#11 {main}
CRITICAL - 2021-03-10 15:40:46 --> Undefined index: DATA_SESSION
#0 C:\xampp\htdocs\SCR\app\Views\parts\header.php(423): CodeIgniter\Debug\Exceptions->errorHandler(8, 'Undefined index...', 'C:\\xampp\\htdocs...', 423, Array)
#1 C:\xampp\htdocs\SCR\system\View\View.php(246): include('C:\\xampp\\htdocs...')
#2 C:\xampp\htdocs\SCR\system\Common.php(1087): CodeIgniter\View\View->render('parts/header', Array, true)
#3 C:\xampp\htdocs\SCR\app\Views\settingClient.php(3): view('parts/header', Array)
#4 C:\xampp\htdocs\SCR\system\View\View.php(246): include('C:\\xampp\\htdocs...')
#5 C:\xampp\htdocs\SCR\system\Common.php(1087): CodeIgniter\View\View->render('settingClient', Array, true)
#6 C:\xampp\htdocs\SCR\app\Controllers\Setting.php(130): view('settingClient', Array)
#7 C:\xampp\htdocs\SCR\system\CodeIgniter.php(917): App\Controllers\Setting->client()
#8 C:\xampp\htdocs\SCR\system\CodeIgniter.php(403): CodeIgniter\CodeIgniter->runController(Object(App\Controllers\Setting))
#9 C:\xampp\htdocs\SCR\system\CodeIgniter.php(311): CodeIgniter\CodeIgniter->handleRequest(NULL, Object(Config\Cache), false)
#10 C:\xampp\htdocs\SCR\public\index.php(44): CodeIgniter\CodeIgniter->run()
#11 {main}
CRITICAL - 2021-03-10 15:40:47 --> Undefined index: DATA_SESSION
#0 C:\xampp\htdocs\SCR\app\Views\parts\header.php(423): CodeIgniter\Debug\Exceptions->errorHandler(8, 'Undefined index...', 'C:\\xampp\\htdocs...', 423, Array)
#1 C:\xampp\htdocs\SCR\system\View\View.php(246): include('C:\\xampp\\htdocs...')
#2 C:\xampp\htdocs\SCR\system\Common.php(1087): CodeIgniter\View\View->render('parts/header', Array, true)
#3 C:\xampp\htdocs\SCR\app\Views\settingClient.php(3): view('parts/header', Array)
#4 C:\xampp\htdocs\SCR\system\View\View.php(246): include('C:\\xampp\\htdocs...')
#5 C:\xampp\htdocs\SCR\system\Common.php(1087): CodeIgniter\View\View->render('settingClient', Array, true)
#6 C:\xampp\htdocs\SCR\app\Controllers\Setting.php(130): view('settingClient', Array)
#7 C:\xampp\htdocs\SCR\system\CodeIgniter.php(917): App\Controllers\Setting->client()
#8 C:\xampp\htdocs\SCR\system\CodeIgniter.php(403): CodeIgniter\CodeIgniter->runController(Object(App\Controllers\Setting))
#9 C:\xampp\htdocs\SCR\system\CodeIgniter.php(311): CodeIgniter\CodeIgniter->handleRequest(NULL, Object(Config\Cache), false)
#10 C:\xampp\htdocs\SCR\public\index.php(44): CodeIgniter\CodeIgniter->run()
#11 {main}
CRITICAL - 2021-03-10 16:45:57 --> Call to undefined function App\Models\connect()
#0 C:\xampp\htdocs\SCR\app\Controllers\Setting.php(50): App\Models\PushNotif->simpan(Array)
#1 C:\xampp\htdocs\SCR\system\CodeIgniter.php(917): App\Controllers\Setting->simpanData()
#2 C:\xampp\htdocs\SCR\system\CodeIgniter.php(403): CodeIgniter\CodeIgniter->runController(Object(App\Controllers\Setting))
#3 C:\xampp\htdocs\SCR\system\CodeIgniter.php(311): CodeIgniter\CodeIgniter->handleRequest(NULL, Object(Config\Cache), false)
#4 C:\xampp\htdocs\SCR\public\index.php(44): CodeIgniter\CodeIgniter->run()
#5 {main}
CRITICAL - 2021-03-10 16:49:00 --> Call to undefined function App\Models\connect()
#0 C:\xampp\htdocs\SCR\app\Controllers\Setting.php(50): App\Models\PushNotif->simpan(Array)
#1 C:\xampp\htdocs\SCR\system\CodeIgniter.php(917): App\Controllers\Setting->simpanData()
#2 C:\xampp\htdocs\SCR\system\CodeIgniter.php(403): CodeIgniter\CodeIgniter->runController(Object(App\Controllers\Setting))
#3 C:\xampp\htdocs\SCR\system\CodeIgniter.php(311): CodeIgniter\CodeIgniter->handleRequest(NULL, Object(Config\Cache), false)
#4 C:\xampp\htdocs\SCR\public\index.php(44): CodeIgniter\CodeIgniter->run()
#5 {main}
CRITICAL - 2021-03-10 17:22:27 --> Undefined property: stdClass::$user
#0 C:\xampp\htdocs\SCR\app\Views\setting.php(146): CodeIgniter\Debug\Exceptions->errorHandler(8, 'Undefined prope...', 'C:\\xampp\\htdocs...', 146, Array)
#1 C:\xampp\htdocs\SCR\system\View\View.php(246): include('C:\\xampp\\htdocs...')
#2 C:\xampp\htdocs\SCR\system\Common.php(1087): CodeIgniter\View\View->render('setting', Array, true)
#3 C:\xampp\htdocs\SCR\app\Controllers\Setting.php(35): view('setting', Array)
#4 C:\xampp\htdocs\SCR\system\CodeIgniter.php(917): App\Controllers\Setting->index()
#5 C:\xampp\htdocs\SCR\system\CodeIgniter.php(403): CodeIgniter\CodeIgniter->runController(Object(App\Controllers\Setting))
#6 C:\xampp\htdocs\SCR\system\CodeIgniter.php(311): CodeIgniter\CodeIgniter->handleRequest(NULL, Object(Config\Cache), false)
#7 C:\xampp\htdocs\SCR\public\index.php(44): CodeIgniter\CodeIgniter->run()
#8 {main}
CRITICAL - 2021-03-10 17:33:44 --> Call to undefined method App\Controllers\Setting::query()
#0 C:\xampp\htdocs\SCR\system\CodeIgniter.php(917): App\Controllers\Setting->simpanData()
#1 C:\xampp\htdocs\SCR\system\CodeIgniter.php(403): CodeIgniter\CodeIgniter->runController(Object(App\Controllers\Setting))
#2 C:\xampp\htdocs\SCR\system\CodeIgniter.php(311): CodeIgniter\CodeIgniter->handleRequest(NULL, Object(Config\Cache), false)
#3 C:\xampp\htdocs\SCR\public\index.php(44): CodeIgniter\CodeIgniter->run()
#4 {main}
CRITICAL - 2021-03-10 17:34:51 --> Call to undefined method App\Controllers\Setting::query()
#0 C:\xampp\htdocs\SCR\system\CodeIgniter.php(917): App\Controllers\Setting->simpanData()
#1 C:\xampp\htdocs\SCR\system\CodeIgniter.php(403): CodeIgniter\CodeIgniter->runController(Object(App\Controllers\Setting))
#2 C:\xampp\htdocs\SCR\system\CodeIgniter.php(311): CodeIgniter\CodeIgniter->handleRequest(NULL, Object(Config\Cache), false)
#3 C:\xampp\htdocs\SCR\public\index.php(44): CodeIgniter\CodeIgniter->run()
#4 {main}
CRITICAL - 2021-03-10 17:35:15 --> Call to undefined method App\Controllers\Setting::query()
#0 C:\xampp\htdocs\SCR\system\CodeIgniter.php(917): App\Controllers\Setting->simpanData()
#1 C:\xampp\htdocs\SCR\system\CodeIgniter.php(403): CodeIgniter\CodeIgniter->runController(Object(App\Controllers\Setting))
#2 C:\xampp\htdocs\SCR\system\CodeIgniter.php(311): CodeIgniter\CodeIgniter->handleRequest(NULL, Object(Config\Cache), false)
#3 C:\xampp\htdocs\SCR\public\index.php(44): CodeIgniter\CodeIgniter->run()
#4 {main}
CRITICAL - 2021-03-10 17:35:27 --> Call to undefined method App\Controllers\Setting::query()
#0 C:\xampp\htdocs\SCR\system\CodeIgniter.php(917): App\Controllers\Setting->simpanData()
#1 C:\xampp\htdocs\SCR\system\CodeIgniter.php(403): CodeIgniter\CodeIgniter->runController(Object(App\Controllers\Setting))
#2 C:\xampp\htdocs\SCR\system\CodeIgniter.php(311): CodeIgniter\CodeIgniter->handleRequest(NULL, Object(Config\Cache), false)
#3 C:\xampp\htdocs\SCR\public\index.php(44): CodeIgniter\CodeIgniter->run()
#4 {main}
CRITICAL - 2021-03-10 17:36:09 --> Call to undefined method App\Controllers\Setting::query()
#0 C:\xampp\htdocs\SCR\system\CodeIgniter.php(917): App\Controllers\Setting->simpanData()
#1 C:\xampp\htdocs\SCR\system\CodeIgniter.php(403): CodeIgniter\CodeIgniter->runController(Object(App\Controllers\Setting))
#2 C:\xampp\htdocs\SCR\system\CodeIgniter.php(311): CodeIgniter\CodeIgniter->handleRequest(NULL, Object(Config\Cache), false)
#3 C:\xampp\htdocs\SCR\public\index.php(44): CodeIgniter\CodeIgniter->run()
#4 {main}
CRITICAL - 2021-03-10 17:37:09 --> Call to undefined method App\Controllers\Setting::query()
#0 C:\xampp\htdocs\SCR\system\CodeIgniter.php(917): App\Controllers\Setting->simpanData()
#1 C:\xampp\htdocs\SCR\system\CodeIgniter.php(403): CodeIgniter\CodeIgniter->runController(Object(App\Controllers\Setting))
#2 C:\xampp\htdocs\SCR\system\CodeIgniter.php(311): CodeIgniter\CodeIgniter->handleRequest(NULL, Object(Config\Cache), false)
#3 C:\xampp\htdocs\SCR\public\index.php(44): CodeIgniter\CodeIgniter->run()
#4 {main}
CRITICAL - 2021-03-10 17:37:25 --> Call to undefined method App\Controllers\Setting::query()
#0 C:\xampp\htdocs\SCR\system\CodeIgniter.php(917): App\Controllers\Setting->simpanData()
#1 C:\xampp\htdocs\SCR\system\CodeIgniter.php(403): CodeIgniter\CodeIgniter->runController(Object(App\Controllers\Setting))
#2 C:\xampp\htdocs\SCR\system\CodeIgniter.php(311): CodeIgniter\CodeIgniter->handleRequest(NULL, Object(Config\Cache), false)
#3 C:\xampp\htdocs\SCR\public\index.php(44): CodeIgniter\CodeIgniter->run()
#4 {main}
CRITICAL - 2021-03-10 17:39:26 --> Column 'endpoint' cannot be null
#0 C:\xampp\htdocs\SCR\system\Database\MySQLi\Connection.php(331): mysqli->query('INSERT INTO `pu...')
#1 C:\xampp\htdocs\SCR\system\Database\BaseConnection.php(752): CodeIgniter\Database\MySQLi\Connection->execute('INSERT INTO `pu...')
#2 C:\xampp\htdocs\SCR\system\Database\BaseConnection.php(680): CodeIgniter\Database\BaseConnection->simpleQuery('INSERT INTO `pu...')
#3 C:\xampp\htdocs\SCR\system\Database\BaseBuilder.php(2248): CodeIgniter\Database\BaseConnection->query('INSERT INTO `pu...', Array, false)
#4 C:\xampp\htdocs\SCR\app\Models\PushNotif.php(31): CodeIgniter\Database\BaseBuilder->insert(Array)
#5 C:\xampp\htdocs\SCR\app\Controllers\Setting.php(50): App\Models\PushNotif->simpan(Array)
#6 C:\xampp\htdocs\SCR\system\CodeIgniter.php(917): App\Controllers\Setting->simpanData()
#7 C:\xampp\htdocs\SCR\system\CodeIgniter.php(403): CodeIgniter\CodeIgniter->runController(Object(App\Controllers\Setting))
#8 C:\xampp\htdocs\SCR\system\CodeIgniter.php(311): CodeIgniter\CodeIgniter->handleRequest(NULL, Object(Config\Cache), false)
#9 C:\xampp\htdocs\SCR\public\index.php(44): CodeIgniter\CodeIgniter->run()
#10 {main}
CRITICAL - 2021-03-10 17:39:35 --> Column 'endpoint' cannot be null
#0 C:\xampp\htdocs\SCR\system\Database\MySQLi\Connection.php(331): mysqli->query('INSERT INTO `pu...')
#1 C:\xampp\htdocs\SCR\system\Database\BaseConnection.php(752): CodeIgniter\Database\MySQLi\Connection->execute('INSERT INTO `pu...')
#2 C:\xampp\htdocs\SCR\system\Database\BaseConnection.php(680): CodeIgniter\Database\BaseConnection->simpleQuery('INSERT INTO `pu...')
#3 C:\xampp\htdocs\SCR\system\Database\BaseBuilder.php(2248): CodeIgniter\Database\BaseConnection->query('INSERT INTO `pu...', Array, false)
#4 C:\xampp\htdocs\SCR\app\Models\PushNotif.php(31): CodeIgniter\Database\BaseBuilder->insert(Array)
#5 C:\xampp\htdocs\SCR\app\Controllers\Setting.php(50): App\Models\PushNotif->simpan(Array)
#6 C:\xampp\htdocs\SCR\system\CodeIgniter.php(917): App\Controllers\Setting->simpanData()
#7 C:\xampp\htdocs\SCR\system\CodeIgniter.php(403): CodeIgniter\CodeIgniter->runController(Object(App\Controllers\Setting))
#8 C:\xampp\htdocs\SCR\system\CodeIgniter.php(311): CodeIgniter\CodeIgniter->handleRequest(NULL, Object(Config\Cache), false)
#9 C:\xampp\htdocs\SCR\public\index.php(44): CodeIgniter\CodeIgniter->run()
#10 {main}
CRITICAL - 2021-03-10 17:40:01 --> Undefined index: DATA_SESSION
#0 C:\xampp\htdocs\SCR\app\Views\parts\header.php(423): CodeIgniter\Debug\Exceptions->errorHandler(8, 'Undefined index...', 'C:\\xampp\\htdocs...', 423, Array)
#1 C:\xampp\htdocs\SCR\system\View\View.php(246): include('C:\\xampp\\htdocs...')
#2 C:\xampp\htdocs\SCR\system\Common.php(1087): CodeIgniter\View\View->render('parts/header', Array, true)
#3 C:\xampp\htdocs\SCR\app\Views\settingClient.php(3): view('parts/header', Array)
#4 C:\xampp\htdocs\SCR\system\View\View.php(246): include('C:\\xampp\\htdocs...')
#5 C:\xampp\htdocs\SCR\system\Common.php(1087): CodeIgniter\View\View->render('settingClient', Array, true)
#6 C:\xampp\htdocs\SCR\app\Controllers\Setting.php(131): view('settingClient', Array)
#7 C:\xampp\htdocs\SCR\system\CodeIgniter.php(917): App\Controllers\Setting->client()
#8 C:\xampp\htdocs\SCR\system\CodeIgniter.php(403): CodeIgniter\CodeIgniter->runController(Object(App\Controllers\Setting))
#9 C:\xampp\htdocs\SCR\system\CodeIgniter.php(311): CodeIgniter\CodeIgniter->handleRequest(NULL, Object(Config\Cache), false)
#10 C:\xampp\htdocs\SCR\public\index.php(44): CodeIgniter\CodeIgniter->run()
#11 {main}
CRITICAL - 2021-03-10 17:40:41 --> Column 'endpoint' cannot be null
#0 C:\xampp\htdocs\SCR\system\Database\MySQLi\Connection.php(331): mysqli->query('INSERT INTO `pu...')
#1 C:\xampp\htdocs\SCR\system\Database\BaseConnection.php(752): CodeIgniter\Database\MySQLi\Connection->execute('INSERT INTO `pu...')
#2 C:\xampp\htdocs\SCR\system\Database\BaseConnection.php(680): CodeIgniter\Database\BaseConnection->simpleQuery('INSERT INTO `pu...')
#3 C:\xampp\htdocs\SCR\system\Database\BaseBuilder.php(2248): CodeIgniter\Database\BaseConnection->query('INSERT INTO `pu...', Array, false)
#4 C:\xampp\htdocs\SCR\app\Models\PushNotif.php(31): CodeIgniter\Database\BaseBuilder->insert(Array)
#5 C:\xampp\htdocs\SCR\app\Controllers\Setting.php(50): App\Models\PushNotif->simpan(Array)
#6 C:\xampp\htdocs\SCR\system\CodeIgniter.php(917): App\Controllers\Setting->simpanData()
#7 C:\xampp\htdocs\SCR\system\CodeIgniter.php(403): CodeIgniter\CodeIgniter->runController(Object(App\Controllers\Setting))
#8 C:\xampp\htdocs\SCR\system\CodeIgniter.php(311): CodeIgniter\CodeIgniter->handleRequest(NULL, Object(Config\Cache), false)
#9 C:\xampp\htdocs\SCR\public\index.php(44): CodeIgniter\CodeIgniter->run()
#10 {main}
CRITICAL - 2021-03-10 17:45:44 --> Undefined property: stdClass::$endpoint
#0 C:\xampp\htdocs\SCR\app\Views\setting.php(147): CodeIgniter\Debug\Exceptions->errorHandler(8, 'Undefined prope...', 'C:\\xampp\\htdocs...', 147, Array)
#1 C:\xampp\htdocs\SCR\system\View\View.php(246): include('C:\\xampp\\htdocs...')
#2 C:\xampp\htdocs\SCR\system\Common.php(1087): CodeIgniter\View\View->render('setting', Array, true)
#3 C:\xampp\htdocs\SCR\app\Controllers\Setting.php(35): view('setting', Array)
#4 C:\xampp\htdocs\SCR\system\CodeIgniter.php(917): App\Controllers\Setting->index()
#5 C:\xampp\htdocs\SCR\system\CodeIgniter.php(403): CodeIgniter\CodeIgniter->runController(Object(App\Controllers\Setting))
#6 C:\xampp\htdocs\SCR\system\CodeIgniter.php(311): CodeIgniter\CodeIgniter->handleRequest(NULL, Object(Config\Cache), false)
#7 C:\xampp\htdocs\SCR\public\index.php(44): CodeIgniter\CodeIgniter->run()
#8 {main}
CRITICAL - 2021-03-10 17:45:56 --> Undefined property: stdClass::$endpoint
#0 C:\xampp\htdocs\SCR\app\Views\setting.php(147): CodeIgniter\Debug\Exceptions->errorHandler(8, 'Undefined prope...', 'C:\\xampp\\htdocs...', 147, Array)
#1 C:\xampp\htdocs\SCR\system\View\View.php(246): include('C:\\xampp\\htdocs...')
#2 C:\xampp\htdocs\SCR\system\Common.php(1087): CodeIgniter\View\View->render('setting', Array, true)
#3 C:\xampp\htdocs\SCR\app\Controllers\Setting.php(35): view('setting', Array)
#4 C:\xampp\htdocs\SCR\system\CodeIgniter.php(917): App\Controllers\Setting->index()
#5 C:\xampp\htdocs\SCR\system\CodeIgniter.php(403): CodeIgniter\CodeIgniter->runController(Object(App\Controllers\Setting))
#6 C:\xampp\htdocs\SCR\system\CodeIgniter.php(311): CodeIgniter\CodeIgniter->handleRequest(NULL, Object(Config\Cache), false)
#7 C:\xampp\htdocs\SCR\public\index.php(44): CodeIgniter\CodeIgniter->run()
#8 {main}
CRITICAL - 2021-03-10 18:02:37 --> Undefined index: DATA_SESSION
#0 C:\xampp\htdocs\SCR\app\Views\parts\header.php(423): CodeIgniter\Debug\Exceptions->errorHandler(8, 'Undefined index...', 'C:\\xampp\\htdocs...', 423, Array)
#1 C:\xampp\htdocs\SCR\system\View\View.php(246): include('C:\\xampp\\htdocs...')
#2 C:\xampp\htdocs\SCR\system\Common.php(1087): CodeIgniter\View\View->render('parts/header', Array, true)
#3 C:\xampp\htdocs\SCR\app\Views\settingClient.php(3): view('parts/header', Array)
#4 C:\xampp\htdocs\SCR\system\View\View.php(246): include('C:\\xampp\\htdocs...')
#5 C:\xampp\htdocs\SCR\system\Common.php(1087): CodeIgniter\View\View->render('settingClient', Array, true)
#6 C:\xampp\htdocs\SCR\app\Controllers\Setting.php(131): view('settingClient', Array)
#7 C:\xampp\htdocs\SCR\system\CodeIgniter.php(917): App\Controllers\Setting->client()
#8 C:\xampp\htdocs\SCR\system\CodeIgniter.php(403): CodeIgniter\CodeIgniter->runController(Object(App\Controllers\Setting))
#9 C:\xampp\htdocs\SCR\system\CodeIgniter.php(311): CodeIgniter\CodeIgniter->handleRequest(NULL, Object(Config\Cache), false)
#10 C:\xampp\htdocs\SCR\public\index.php(44): CodeIgniter\CodeIgniter->run()
#11 {main}
CRITICAL - 2021-03-10 18:03:09 --> Undefined index: mathcaptcha_answer
#0 C:\xampp\htdocs\SCR\app\Controllers\Login.php(35): CodeIgniter\Debug\Exceptions->errorHandler(8, 'Undefined index...', 'C:\\xampp\\htdocs...', 35, Array)
#1 C:\xampp\htdocs\SCR\system\CodeIgniter.php(917): App\Controllers\Login->index()
#2 C:\xampp\htdocs\SCR\system\CodeIgniter.php(403): CodeIgniter\CodeIgniter->runController(Object(App\Controllers\Login))
#3 C:\xampp\htdocs\SCR\system\CodeIgniter.php(311): CodeIgniter\CodeIgniter->handleRequest(NULL, Object(Config\Cache), false)
#4 C:\xampp\htdocs\SCR\public\index.php(44): CodeIgniter\CodeIgniter->run()
#5 {main}
CRITICAL - 2021-03-10 18:26:07 --> Undefined index: DATA_SESSION
#0 C:\xampp\htdocs\SCR\app\Views\parts\header.php(423): CodeIgniter\Debug\Exceptions->errorHandler(8, 'Undefined index...', 'C:\\xampp\\htdocs...', 423, Array)
#1 C:\xampp\htdocs\SCR\system\View\View.php(246): include('C:\\xampp\\htdocs...')
#2 C:\xampp\htdocs\SCR\system\Common.php(1087): CodeIgniter\View\View->render('parts/header', Array, true)
#3 C:\xampp\htdocs\SCR\app\Views\settingClient.php(3): view('parts/header', Array)
#4 C:\xampp\htdocs\SCR\system\View\View.php(246): include('C:\\xampp\\htdocs...')
#5 C:\xampp\htdocs\SCR\system\Common.php(1087): CodeIgniter\View\View->render('settingClient', Array, true)
#6 C:\xampp\htdocs\SCR\app\Controllers\Setting.php(178): view('settingClient', Array)
#7 C:\xampp\htdocs\SCR\system\CodeIgniter.php(917): App\Controllers\Setting->client()
#8 C:\xampp\htdocs\SCR\system\CodeIgniter.php(403): CodeIgniter\CodeIgniter->runController(Object(App\Controllers\Setting))
#9 C:\xampp\htdocs\SCR\system\CodeIgniter.php(311): CodeIgniter\CodeIgniter->handleRequest(NULL, Object(Config\Cache), false)
#10 C:\xampp\htdocs\SCR\public\index.php(44): CodeIgniter\CodeIgniter->run()
#11 {main}
CRITICAL - 2021-03-10 19:15:22 --> Undefined index: DATA_SESSION
#0 C:\xampp\htdocs\SCR\app\Views\parts\header.php(423): CodeIgniter\Debug\Exceptions->errorHandler(8, 'Undefined index...', 'C:\\xampp\\htdocs...', 423, Array)
#1 C:\xampp\htdocs\SCR\system\View\View.php(246): include('C:\\xampp\\htdocs...')
#2 C:\xampp\htdocs\SCR\system\Common.php(1087): CodeIgniter\View\View->render('parts/header', Array, true)
#3 C:\xampp\htdocs\SCR\app\Views\settingClient.php(3): view('parts/header', Array)
#4 C:\xampp\htdocs\SCR\system\View\View.php(246): include('C:\\xampp\\htdocs...')
#5 C:\xampp\htdocs\SCR\system\Common.php(1087): CodeIgniter\View\View->render('settingClient', Array, true)
#6 C:\xampp\htdocs\SCR\app\Controllers\Setting.php(130): view('settingClient', Array)
#7 C:\xampp\htdocs\SCR\system\CodeIgniter.php(917): App\Controllers\Setting->client()
#8 C:\xampp\htdocs\SCR\system\CodeIgniter.php(403): CodeIgniter\CodeIgniter->runController(Object(App\Controllers\Setting))
#9 C:\xampp\htdocs\SCR\system\CodeIgniter.php(311): CodeIgniter\CodeIgniter->handleRequest(NULL, Object(Config\Cache), false)
#10 C:\xampp\htdocs\SCR\public\index.php(44): CodeIgniter\CodeIgniter->run()
#11 {main}
CRITICAL - 2021-03-10 19:39:47 --> Column 'endpoints' cannot be null
#0 C:\xampp\htdocs\SCR\system\Database\MySQLi\Connection.php(331): mysqli->query('INSERT INTO `pu...')
#1 C:\xampp\htdocs\SCR\system\Database\BaseConnection.php(752): CodeIgniter\Database\MySQLi\Connection->execute('INSERT INTO `pu...')
#2 C:\xampp\htdocs\SCR\system\Database\BaseConnection.php(680): CodeIgniter\Database\BaseConnection->simpleQuery('INSERT INTO `pu...')
#3 C:\xampp\htdocs\SCR\system\Database\BaseBuilder.php(2248): CodeIgniter\Database\BaseConnection->query('INSERT INTO `pu...', Array, false)
#4 C:\xampp\htdocs\SCR\app\Models\PushNotif.php(61): CodeIgniter\Database\BaseBuilder->insert(Array)
#5 C:\xampp\htdocs\SCR\app\Controllers\Setting.php(65): App\Models\PushNotif->simpan(Array)
#6 C:\xampp\htdocs\SCR\system\CodeIgniter.php(917): App\Controllers\Setting->simpanData()
#7 C:\xampp\htdocs\SCR\system\CodeIgniter.php(403): CodeIgniter\CodeIgniter->runController(Object(App\Controllers\Setting))
#8 C:\xampp\htdocs\SCR\system\CodeIgniter.php(311): CodeIgniter\CodeIgniter->handleRequest(NULL, Object(Config\Cache), false)
#9 C:\xampp\htdocs\SCR\public\index.php(44): CodeIgniter\CodeIgniter->run()
#10 {main}
CRITICAL - 2021-03-10 19:40:06 --> Column 'endpoints' cannot be null
#0 C:\xampp\htdocs\SCR\system\Database\MySQLi\Connection.php(331): mysqli->query('INSERT INTO `pu...')
#1 C:\xampp\htdocs\SCR\system\Database\BaseConnection.php(752): CodeIgniter\Database\MySQLi\Connection->execute('INSERT INTO `pu...')
#2 C:\xampp\htdocs\SCR\system\Database\BaseConnection.php(680): CodeIgniter\Database\BaseConnection->simpleQuery('INSERT INTO `pu...')
#3 C:\xampp\htdocs\SCR\system\Database\BaseBuilder.php(2248): CodeIgniter\Database\BaseConnection->query('INSERT INTO `pu...', Array, false)
#4 C:\xampp\htdocs\SCR\app\Models\PushNotif.php(61): CodeIgniter\Database\BaseBuilder->insert(Array)
#5 C:\xampp\htdocs\SCR\app\Controllers\Setting.php(65): App\Models\PushNotif->simpan(Array)
#6 C:\xampp\htdocs\SCR\system\CodeIgniter.php(917): App\Controllers\Setting->simpanData()
#7 C:\xampp\htdocs\SCR\system\CodeIgniter.php(403): CodeIgniter\CodeIgniter->runController(Object(App\Controllers\Setting))
#8 C:\xampp\htdocs\SCR\system\CodeIgniter.php(311): CodeIgniter\CodeIgniter->handleRequest(NULL, Object(Config\Cache), false)
#9 C:\xampp\htdocs\SCR\public\index.php(44): CodeIgniter\CodeIgniter->run()
#10 {main}
CRITICAL - 2021-03-10 19:41:36 --> Column 'endpoints' cannot be null
#0 C:\xampp\htdocs\SCR\system\Database\MySQLi\Connection.php(331): mysqli->query('INSERT INTO `pu...')
#1 C:\xampp\htdocs\SCR\system\Database\BaseConnection.php(752): CodeIgniter\Database\MySQLi\Connection->execute('INSERT INTO `pu...')
#2 C:\xampp\htdocs\SCR\system\Database\BaseConnection.php(680): CodeIgniter\Database\BaseConnection->simpleQuery('INSERT INTO `pu...')
#3 C:\xampp\htdocs\SCR\system\Database\BaseBuilder.php(2248): CodeIgniter\Database\BaseConnection->query('INSERT INTO `pu...', Array, false)
#4 C:\xampp\htdocs\SCR\app\Models\PushNotif.php(61): CodeIgniter\Database\BaseBuilder->insert(Array)
#5 C:\xampp\htdocs\SCR\app\Controllers\Setting.php(65): App\Models\PushNotif->simpan(Array)
#6 C:\xampp\htdocs\SCR\system\CodeIgniter.php(917): App\Controllers\Setting->simpanData()
#7 C:\xampp\htdocs\SCR\system\CodeIgniter.php(403): CodeIgniter\CodeIgniter->runController(Object(App\Controllers\Setting))
#8 C:\xampp\htdocs\SCR\system\CodeIgniter.php(311): CodeIgniter\CodeIgniter->handleRequest(NULL, Object(Config\Cache), false)
#9 C:\xampp\htdocs\SCR\public\index.php(44): CodeIgniter\CodeIgniter->run()
#10 {main}
CRITICAL - 2021-03-10 19:44:27 --> Column 'endpoints' cannot be null
#0 C:\xampp\htdocs\SCR\system\Database\MySQLi\Connection.php(331): mysqli->query('INSERT INTO `pu...')
#1 C:\xampp\htdocs\SCR\system\Database\BaseConnection.php(752): CodeIgniter\Database\MySQLi\Connection->execute('INSERT INTO `pu...')
#2 C:\xampp\htdocs\SCR\system\Database\BaseConnection.php(680): CodeIgniter\Database\BaseConnection->simpleQuery('INSERT INTO `pu...')
#3 C:\xampp\htdocs\SCR\system\Database\BaseBuilder.php(2248): CodeIgniter\Database\BaseConnection->query('INSERT INTO `pu...', Array, false)
#4 C:\xampp\htdocs\SCR\app\Models\PushNotif.php(61): CodeIgniter\Database\BaseBuilder->insert(Array)
#5 C:\xampp\htdocs\SCR\app\Controllers\Setting.php(65): App\Models\PushNotif->simpan(Array)
#6 C:\xampp\htdocs\SCR\system\CodeIgniter.php(917): App\Controllers\Setting->simpanData()
#7 C:\xampp\htdocs\SCR\system\CodeIgniter.php(403): CodeIgniter\CodeIgniter->runController(Object(App\Controllers\Setting))
#8 C:\xampp\htdocs\SCR\system\CodeIgniter.php(311): CodeIgniter\CodeIgniter->handleRequest(NULL, Object(Config\Cache), false)
#9 C:\xampp\htdocs\SCR\public\index.php(44): CodeIgniter\CodeIgniter->run()
#10 {main}
CRITICAL - 2021-03-10 19:45:06 --> Column 'endpoints' cannot be null
#0 C:\xampp\htdocs\SCR\system\Database\MySQLi\Connection.php(331): mysqli->query('INSERT INTO `pu...')
#1 C:\xampp\htdocs\SCR\system\Database\BaseConnection.php(752): CodeIgniter\Database\MySQLi\Connection->execute('INSERT INTO `pu...')
#2 C:\xampp\htdocs\SCR\system\Database\BaseConnection.php(680): CodeIgniter\Database\BaseConnection->simpleQuery('INSERT INTO `pu...')
#3 C:\xampp\htdocs\SCR\system\Database\BaseBuilder.php(2248): CodeIgniter\Database\BaseConnection->query('INSERT INTO `pu...', Array, false)
#4 C:\xampp\htdocs\SCR\app\Models\PushNotif.php(61): CodeIgniter\Database\BaseBuilder->insert(Array)
#5 C:\xampp\htdocs\SCR\app\Controllers\Setting.php(65): App\Models\PushNotif->simpan(Array)
#6 C:\xampp\htdocs\SCR\system\CodeIgniter.php(917): App\Controllers\Setting->simpanData()
#7 C:\xampp\htdocs\SCR\system\CodeIgniter.php(403): CodeIgniter\CodeIgniter->runController(Object(App\Controllers\Setting))
#8 C:\xampp\htdocs\SCR\system\CodeIgniter.php(311): CodeIgniter\CodeIgniter->handleRequest(NULL, Object(Config\Cache), false)
#9 C:\xampp\htdocs\SCR\public\index.php(44): CodeIgniter\CodeIgniter->run()
#10 {main}
CRITICAL - 2021-03-10 19:45:26 --> Column 'endpoints' cannot be null
#0 C:\xampp\htdocs\SCR\system\Database\MySQLi\Connection.php(331): mysqli->query('INSERT INTO `pu...')
#1 C:\xampp\htdocs\SCR\system\Database\BaseConnection.php(752): CodeIgniter\Database\MySQLi\Connection->execute('INSERT INTO `pu...')
#2 C:\xampp\htdocs\SCR\system\Database\BaseConnection.php(680): CodeIgniter\Database\BaseConnection->simpleQuery('INSERT INTO `pu...')
#3 C:\xampp\htdocs\SCR\system\Database\BaseBuilder.php(2248): CodeIgniter\Database\BaseConnection->query('INSERT INTO `pu...', Array, false)
#4 C:\xampp\htdocs\SCR\app\Models\PushNotif.php(61): CodeIgniter\Database\BaseBuilder->insert(Array)
#5 C:\xampp\htdocs\SCR\app\Controllers\Setting.php(65): App\Models\PushNotif->simpan(Array)
#6 C:\xampp\htdocs\SCR\system\CodeIgniter.php(917): App\Controllers\Setting->simpanData()
#7 C:\xampp\htdocs\SCR\system\CodeIgniter.php(403): CodeIgniter\CodeIgniter->runController(Object(App\Controllers\Setting))
#8 C:\xampp\htdocs\SCR\system\CodeIgniter.php(311): CodeIgniter\CodeIgniter->handleRequest(NULL, Object(Config\Cache), false)
#9 C:\xampp\htdocs\SCR\public\index.php(44): CodeIgniter\CodeIgniter->run()
#10 {main}
CRITICAL - 2021-03-10 19:46:17 --> Undefined index: DATA_SESSION
#0 C:\xampp\htdocs\SCR\app\Views\parts\header.php(423): CodeIgniter\Debug\Exceptions->errorHandler(8, 'Undefined index...', 'C:\\xampp\\htdocs...', 423, Array)
#1 C:\xampp\htdocs\SCR\system\View\View.php(246): include('C:\\xampp\\htdocs...')
#2 C:\xampp\htdocs\SCR\system\Common.php(1087): CodeIgniter\View\View->render('parts/header', Array, true)
#3 C:\xampp\htdocs\SCR\app\Views\settingClient.php(3): view('parts/header', Array)
#4 C:\xampp\htdocs\SCR\system\View\View.php(246): include('C:\\xampp\\htdocs...')
#5 C:\xampp\htdocs\SCR\system\Common.php(1087): CodeIgniter\View\View->render('settingClient', Array, true)
#6 C:\xampp\htdocs\SCR\app\Controllers\Setting.php(183): view('settingClient', Array)
#7 C:\xampp\htdocs\SCR\system\CodeIgniter.php(917): App\Controllers\Setting->client()
#8 C:\xampp\htdocs\SCR\system\CodeIgniter.php(403): CodeIgniter\CodeIgniter->runController(Object(App\Controllers\Setting))
#9 C:\xampp\htdocs\SCR\system\CodeIgniter.php(311): CodeIgniter\CodeIgniter->handleRequest(NULL, Object(Config\Cache), false)
#10 C:\xampp\htdocs\SCR\public\index.php(44): CodeIgniter\CodeIgniter->run()
#11 {main}
CRITICAL - 2021-03-10 19:47:15 --> Column 'endpoints' cannot be null
#0 C:\xampp\htdocs\SCR\system\Database\MySQLi\Connection.php(331): mysqli->query('INSERT INTO `pu...')
#1 C:\xampp\htdocs\SCR\system\Database\BaseConnection.php(752): CodeIgniter\Database\MySQLi\Connection->execute('INSERT INTO `pu...')
#2 C:\xampp\htdocs\SCR\system\Database\BaseConnection.php(680): CodeIgniter\Database\BaseConnection->simpleQuery('INSERT INTO `pu...')
#3 C:\xampp\htdocs\SCR\system\Database\BaseBuilder.php(2248): CodeIgniter\Database\BaseConnection->query('INSERT INTO `pu...', Array, false)
#4 C:\xampp\htdocs\SCR\app\Models\PushNotif.php(61): CodeIgniter\Database\BaseBuilder->insert(Array)
#5 C:\xampp\htdocs\SCR\app\Controllers\Setting.php(65): App\Models\PushNotif->simpan(Array)
#6 C:\xampp\htdocs\SCR\system\CodeIgniter.php(917): App\Controllers\Setting->simpanData()
#7 C:\xampp\htdocs\SCR\system\CodeIgniter.php(403): CodeIgniter\CodeIgniter->runController(Object(App\Controllers\Setting))
#8 C:\xampp\htdocs\SCR\system\CodeIgniter.php(311): CodeIgniter\CodeIgniter->handleRequest(NULL, Object(Config\Cache), false)
#9 C:\xampp\htdocs\SCR\public\index.php(44): CodeIgniter\CodeIgniter->run()
#10 {main}
CRITICAL - 2021-03-10 19:50:24 --> Column 'endpoints' cannot be null
#0 C:\xampp\htdocs\SCR\system\Database\MySQLi\Connection.php(331): mysqli->query('INSERT INTO `pu...')
#1 C:\xampp\htdocs\SCR\system\Database\BaseConnection.php(752): CodeIgniter\Database\MySQLi\Connection->execute('INSERT INTO `pu...')
#2 C:\xampp\htdocs\SCR\system\Database\BaseConnection.php(680): CodeIgniter\Database\BaseConnection->simpleQuery('INSERT INTO `pu...')
#3 C:\xampp\htdocs\SCR\system\Database\BaseBuilder.php(2248): CodeIgniter\Database\BaseConnection->query('INSERT INTO `pu...', Array, false)
#4 C:\xampp\htdocs\SCR\app\Models\PushNotif.php(61): CodeIgniter\Database\BaseBuilder->insert(Array)
#5 C:\xampp\htdocs\SCR\app\Controllers\Setting.php(65): App\Models\PushNotif->simpan(Array)
#6 C:\xampp\htdocs\SCR\system\CodeIgniter.php(917): App\Controllers\Setting->simpanData()
#7 C:\xampp\htdocs\SCR\system\CodeIgniter.php(403): CodeIgniter\CodeIgniter->runController(Object(App\Controllers\Setting))
#8 C:\xampp\htdocs\SCR\system\CodeIgniter.php(311): CodeIgniter\CodeIgniter->handleRequest(NULL, Object(Config\Cache), false)
#9 C:\xampp\htdocs\SCR\public\index.php(44): CodeIgniter\CodeIgniter->run()
#10 {main}
CRITICAL - 2021-03-10 19:53:34 --> Column 'endpoints' cannot be null
#0 C:\xampp\htdocs\SCR\system\Database\MySQLi\Connection.php(331): mysqli->query('INSERT INTO `pu...')
#1 C:\xampp\htdocs\SCR\system\Database\BaseConnection.php(752): CodeIgniter\Database\MySQLi\Connection->execute('INSERT INTO `pu...')
#2 C:\xampp\htdocs\SCR\system\Database\BaseConnection.php(680): CodeIgniter\Database\BaseConnection->simpleQuery('INSERT INTO `pu...')
#3 C:\xampp\htdocs\SCR\system\Database\BaseBuilder.php(2248): CodeIgniter\Database\BaseConnection->query('INSERT INTO `pu...', Array, false)
#4 C:\xampp\htdocs\SCR\app\Models\PushNotif.php(61): CodeIgniter\Database\BaseBuilder->insert(Array)
#5 C:\xampp\htdocs\SCR\app\Controllers\Setting.php(65): App\Models\PushNotif->simpan(Array)
#6 C:\xampp\htdocs\SCR\system\CodeIgniter.php(917): App\Controllers\Setting->simpanData()
#7 C:\xampp\htdocs\SCR\system\CodeIgniter.php(403): CodeIgniter\CodeIgniter->runController(Object(App\Controllers\Setting))
#8 C:\xampp\htdocs\SCR\system\CodeIgniter.php(311): CodeIgniter\CodeIgniter->handleRequest(NULL, Object(Config\Cache), false)
#9 C:\xampp\htdocs\SCR\public\index.php(44): CodeIgniter\CodeIgniter->run()
#10 {main}
CRITICAL - 2021-03-10 19:57:45 --> Undefined index: keys
#0 C:\xampp\htdocs\SCR\app\Controllers\Setting.php(45): CodeIgniter\Debug\Exceptions->errorHandler(8, 'Undefined index...', 'C:\\xampp\\htdocs...', 45, Array)
#1 C:\xampp\htdocs\SCR\system\CodeIgniter.php(917): App\Controllers\Setting->simpanData()
#2 C:\xampp\htdocs\SCR\system\CodeIgniter.php(403): CodeIgniter\CodeIgniter->runController(Object(App\Controllers\Setting))
#3 C:\xampp\htdocs\SCR\system\CodeIgniter.php(311): CodeIgniter\CodeIgniter->handleRequest(NULL, Object(Config\Cache), false)
#4 C:\xampp\htdocs\SCR\public\index.php(44): CodeIgniter\CodeIgniter->run()
#5 {main}
CRITICAL - 2021-03-10 19:59:07 --> Column 'endpoints' cannot be null
#0 C:\xampp\htdocs\SCR\system\Database\MySQLi\Connection.php(331): mysqli->query('INSERT INTO `pu...')
#1 C:\xampp\htdocs\SCR\system\Database\BaseConnection.php(752): CodeIgniter\Database\MySQLi\Connection->execute('INSERT INTO `pu...')
#2 C:\xampp\htdocs\SCR\system\Database\BaseConnection.php(680): CodeIgniter\Database\BaseConnection->simpleQuery('INSERT INTO `pu...')
#3 C:\xampp\htdocs\SCR\system\Database\BaseBuilder.php(2248): CodeIgniter\Database\BaseConnection->query('INSERT INTO `pu...', Array, false)
#4 C:\xampp\htdocs\SCR\app\Models\PushNotif.php(61): CodeIgniter\Database\BaseBuilder->insert(Array)
#5 C:\xampp\htdocs\SCR\app\Controllers\Setting.php(65): App\Models\PushNotif->simpan(Array)
#6 C:\xampp\htdocs\SCR\system\CodeIgniter.php(917): App\Controllers\Setting->simpanData()
#7 C:\xampp\htdocs\SCR\system\CodeIgniter.php(403): CodeIgniter\CodeIgniter->runController(Object(App\Controllers\Setting))
#8 C:\xampp\htdocs\SCR\system\CodeIgniter.php(311): CodeIgniter\CodeIgniter->handleRequest(NULL, Object(Config\Cache), false)
#9 C:\xampp\htdocs\SCR\public\index.php(44): CodeIgniter\CodeIgniter->run()
#10 {main}
CRITICAL - 2021-03-10 20:00:42 --> Column 'endpoints' cannot be null
#0 C:\xampp\htdocs\SCR\system\Database\MySQLi\Connection.php(331): mysqli->query('INSERT INTO `pu...')
#1 C:\xampp\htdocs\SCR\system\Database\BaseConnection.php(752): CodeIgniter\Database\MySQLi\Connection->execute('INSERT INTO `pu...')
#2 C:\xampp\htdocs\SCR\system\Database\BaseConnection.php(680): CodeIgniter\Database\BaseConnection->simpleQuery('INSERT INTO `pu...')
#3 C:\xampp\htdocs\SCR\system\Database\BaseBuilder.php(2248): CodeIgniter\Database\BaseConnection->query('INSERT INTO `pu...', Array, false)
#4 C:\xampp\htdocs\SCR\app\Models\PushNotif.php(61): CodeIgniter\Database\BaseBuilder->insert(Array)
#5 C:\xampp\htdocs\SCR\app\Controllers\Setting.php(65): App\Models\PushNotif->simpan(Array)
#6 C:\xampp\htdocs\SCR\system\CodeIgniter.php(917): App\Controllers\Setting->simpanData()
#7 C:\xampp\htdocs\SCR\system\CodeIgniter.php(403): CodeIgniter\CodeIgniter->runController(Object(App\Controllers\Setting))
#8 C:\xampp\htdocs\SCR\system\CodeIgniter.php(311): CodeIgniter\CodeIgniter->handleRequest(NULL, Object(Config\Cache), false)
#9 C:\xampp\htdocs\SCR\public\index.php(44): CodeIgniter\CodeIgniter->run()
#10 {main}
CRITICAL - 2021-03-10 20:03:26 --> Column 'endpoints' cannot be null
#0 C:\xampp\htdocs\SCR\system\Database\MySQLi\Connection.php(331): mysqli->query('INSERT INTO `pu...')
#1 C:\xampp\htdocs\SCR\system\Database\BaseConnection.php(752): CodeIgniter\Database\MySQLi\Connection->execute('INSERT INTO `pu...')
#2 C:\xampp\htdocs\SCR\system\Database\BaseConnection.php(680): CodeIgniter\Database\BaseConnection->simpleQuery('INSERT INTO `pu...')
#3 C:\xampp\htdocs\SCR\system\Database\BaseBuilder.php(2248): CodeIgniter\Database\BaseConnection->query('INSERT INTO `pu...', Array, false)
#4 C:\xampp\htdocs\SCR\app\Models\PushNotif.php(61): CodeIgniter\Database\BaseBuilder->insert(Array)
#5 C:\xampp\htdocs\SCR\app\Controllers\Setting.php(65): App\Models\PushNotif->simpan(Array)
#6 C:\xampp\htdocs\SCR\system\CodeIgniter.php(917): App\Controllers\Setting->simpanData()
#7 C:\xampp\htdocs\SCR\system\CodeIgniter.php(403): CodeIgniter\CodeIgniter->runController(Object(App\Controllers\Setting))
#8 C:\xampp\htdocs\SCR\system\CodeIgniter.php(311): CodeIgniter\CodeIgniter->handleRequest(NULL, Object(Config\Cache), false)
#9 C:\xampp\htdocs\SCR\public\index.php(44): CodeIgniter\CodeIgniter->run()
#10 {main}
CRITICAL - 2021-03-10 20:08:37 --> Argument 1 passed to CodeIgniter\Database\BaseBuilder::insert() must be of the type array or null, string given, called in C:\xampp\htdocs\SCR\app\Models\PushNotif.php on line 61
#0 C:\xampp\htdocs\SCR\app\Models\PushNotif.php(61): CodeIgniter\Database\BaseBuilder->insert('INSERT INTO pus...')
#1 C:\xampp\htdocs\SCR\app\Controllers\Setting.php(66): App\Models\PushNotif->simpan('INSERT INTO pus...')
#2 C:\xampp\htdocs\SCR\system\CodeIgniter.php(917): App\Controllers\Setting->simpanData()
#3 C:\xampp\htdocs\SCR\system\CodeIgniter.php(403): CodeIgniter\CodeIgniter->runController(Object(App\Controllers\Setting))
#4 C:\xampp\htdocs\SCR\system\CodeIgniter.php(311): CodeIgniter\CodeIgniter->handleRequest(NULL, Object(Config\Cache), false)
#5 C:\xampp\htdocs\SCR\public\index.php(44): CodeIgniter\CodeIgniter->run()
#6 {main}
CRITICAL - 2021-03-10 20:11:14 --> Column 'endpoints' cannot be null
#0 C:\xampp\htdocs\SCR\system\Database\MySQLi\Connection.php(331): mysqli->query('INSERT INTO `pu...')
#1 C:\xampp\htdocs\SCR\system\Database\BaseConnection.php(752): CodeIgniter\Database\MySQLi\Connection->execute('INSERT INTO `pu...')
#2 C:\xampp\htdocs\SCR\system\Database\BaseConnection.php(680): CodeIgniter\Database\BaseConnection->simpleQuery('INSERT INTO `pu...')
#3 C:\xampp\htdocs\SCR\system\Database\BaseBuilder.php(2248): CodeIgniter\Database\BaseConnection->query('INSERT INTO `pu...', Array, false)
#4 C:\xampp\htdocs\SCR\app\Models\PushNotif.php(61): CodeIgniter\Database\BaseBuilder->insert(Array)
#5 C:\xampp\htdocs\SCR\app\Controllers\Setting.php(103): App\Models\PushNotif->simpan(Array)
#6 C:\xampp\htdocs\SCR\system\CodeIgniter.php(917): App\Controllers\Setting->simpanData()
#7 C:\xampp\htdocs\SCR\system\CodeIgniter.php(403): CodeIgniter\CodeIgniter->runController(Object(App\Controllers\Setting))
#8 C:\xampp\htdocs\SCR\system\CodeIgniter.php(311): CodeIgniter\CodeIgniter->handleRequest(NULL, Object(Config\Cache), false)
#9 C:\xampp\htdocs\SCR\public\index.php(44): CodeIgniter\CodeIgniter->run()
#10 {main}
CRITICAL - 2021-03-10 20:46:37 --> Cannot add or update a child row: a foreign key constraint fails (`database`.`subscribers`, CONSTRAINT `subscribers_ibfk_1` FOREIGN KEY (`id_subs`) REFERENCES `users` (`id`))
#0 C:\xampp\htdocs\SCR\system\Database\MySQLi\Connection.php(331): mysqli->query('INSERT INTO sub...')
#1 C:\xampp\htdocs\SCR\system\Database\BaseConnection.php(752): CodeIgniter\Database\MySQLi\Connection->execute('INSERT INTO sub...')
#2 C:\xampp\htdocs\SCR\system\Database\BaseConnection.php(680): CodeIgniter\Database\BaseConnection->simpleQuery('INSERT INTO sub...')
#3 C:\xampp\htdocs\SCR\system\Model.php(1755): CodeIgniter\Database\BaseConnection->query('INSERT INTO sub...')
#4 C:\xampp\htdocs\SCR\app\Models\PushNotif.php(49): CodeIgniter\Model->__call('query', Array)
#5 C:\xampp\htdocs\SCR\app\Controllers\Setting.php(50): App\Models\PushNotif->simpan(Array)
#6 C:\xampp\htdocs\SCR\system\CodeIgniter.php(917): App\Controllers\Setting->simpanData()
#7 C:\xampp\htdocs\SCR\system\CodeIgniter.php(403): CodeIgniter\CodeIgniter->runController(Object(App\Controllers\Setting))
#8 C:\xampp\htdocs\SCR\system\CodeIgniter.php(311): CodeIgniter\CodeIgniter->handleRequest(NULL, Object(Config\Cache), false)
#9 C:\xampp\htdocs\SCR\public\index.php(44): CodeIgniter\CodeIgniter->run()
#10 {main}
CRITICAL - 2021-03-10 21:01:56 --> Cannot add or update a child row: a foreign key constraint fails (`database`.`subscribers`, CONSTRAINT `subscribers_ibfk_1` FOREIGN KEY (`id_subs`) REFERENCES `users` (`id`))
#0 C:\xampp\htdocs\SCR\system\Database\MySQLi\Connection.php(331): mysqli->query('INSERT INTO sub...')
#1 C:\xampp\htdocs\SCR\system\Database\BaseConnection.php(752): CodeIgniter\Database\MySQLi\Connection->execute('INSERT INTO sub...')
#2 C:\xampp\htdocs\SCR\system\Database\BaseConnection.php(680): CodeIgniter\Database\BaseConnection->simpleQuery('INSERT INTO sub...')
#3 C:\xampp\htdocs\SCR\system\Model.php(1755): CodeIgniter\Database\BaseConnection->query('INSERT INTO sub...')
#4 C:\xampp\htdocs\SCR\app\Models\PushNotif.php(49): CodeIgniter\Model->__call('query', Array)
#5 C:\xampp\htdocs\SCR\app\Controllers\Setting.php(52): App\Models\PushNotif->simpan(Array)
#6 C:\xampp\htdocs\SCR\system\CodeIgniter.php(917): App\Controllers\Setting->simpanData()
#7 C:\xampp\htdocs\SCR\system\CodeIgniter.php(403): CodeIgniter\CodeIgniter->runController(Object(App\Controllers\Setting))
#8 C:\xampp\htdocs\SCR\system\CodeIgniter.php(311): CodeIgniter\CodeIgniter->handleRequest(NULL, Object(Config\Cache), false)
#9 C:\xampp\htdocs\SCR\public\index.php(44): CodeIgniter\CodeIgniter->run()
#10 {main}
CRITICAL - 2021-03-10 21:16:33 --> Duplicate entry '0' for key 'PRIMARY'
#0 C:\xampp\htdocs\SCR\system\Database\MySQLi\Connection.php(331): mysqli->query('INSERT INTO sub...')
#1 C:\xampp\htdocs\SCR\system\Database\BaseConnection.php(752): CodeIgniter\Database\MySQLi\Connection->execute('INSERT INTO sub...')
#2 C:\xampp\htdocs\SCR\system\Database\BaseConnection.php(680): CodeIgniter\Database\BaseConnection->simpleQuery('INSERT INTO sub...')
#3 C:\xampp\htdocs\SCR\system\Model.php(1755): CodeIgniter\Database\BaseConnection->query('INSERT INTO sub...')
#4 C:\xampp\htdocs\SCR\app\Models\PushNotif.php(49): CodeIgniter\Model->__call('query', Array)
#5 C:\xampp\htdocs\SCR\app\Controllers\Setting.php(50): App\Models\PushNotif->simpan(Array)
#6 C:\xampp\htdocs\SCR\system\CodeIgniter.php(917): App\Controllers\Setting->simpanData()
#7 C:\xampp\htdocs\SCR\system\CodeIgniter.php(403): CodeIgniter\CodeIgniter->runController(Object(App\Controllers\Setting))
#8 C:\xampp\htdocs\SCR\system\CodeIgniter.php(311): CodeIgniter\CodeIgniter->handleRequest(NULL, Object(Config\Cache), false)
#9 C:\xampp\htdocs\SCR\public\index.php(44): CodeIgniter\CodeIgniter->run()
#10 {main}
CRITICAL - 2021-03-10 21:17:28 --> Duplicate entry '0' for key 'PRIMARY'
#0 C:\xampp\htdocs\SCR\system\Database\MySQLi\Connection.php(331): mysqli->query('INSERT INTO sub...')
#1 C:\xampp\htdocs\SCR\system\Database\BaseConnection.php(752): CodeIgniter\Database\MySQLi\Connection->execute('INSERT INTO sub...')
#2 C:\xampp\htdocs\SCR\system\Database\BaseConnection.php(680): CodeIgniter\Database\BaseConnection->simpleQuery('INSERT INTO sub...')
#3 C:\xampp\htdocs\SCR\system\Model.php(1755): CodeIgniter\Database\BaseConnection->query('INSERT INTO sub...')
#4 C:\xampp\htdocs\SCR\app\Models\PushNotif.php(49): CodeIgniter\Model->__call('query', Array)
#5 C:\xampp\htdocs\SCR\app\Controllers\Setting.php(50): App\Models\PushNotif->simpan(Array)
#6 C:\xampp\htdocs\SCR\system\CodeIgniter.php(917): App\Controllers\Setting->simpanData()
#7 C:\xampp\htdocs\SCR\system\CodeIgniter.php(403): CodeIgniter\CodeIgniter->runController(Object(App\Controllers\Setting))
#8 C:\xampp\htdocs\SCR\system\CodeIgniter.php(311): CodeIgniter\CodeIgniter->handleRequest(NULL, Object(Config\Cache), false)
#9 C:\xampp\htdocs\SCR\public\index.php(44): CodeIgniter\CodeIgniter->run()
#10 {main}
CRITICAL - 2021-03-10 21:17:47 --> Duplicate entry '0' for key 'PRIMARY'
#0 C:\xampp\htdocs\SCR\system\Database\MySQLi\Connection.php(331): mysqli->query('INSERT INTO sub...')
#1 C:\xampp\htdocs\SCR\system\Database\BaseConnection.php(752): CodeIgniter\Database\MySQLi\Connection->execute('INSERT INTO sub...')
#2 C:\xampp\htdocs\SCR\system\Database\BaseConnection.php(680): CodeIgniter\Database\BaseConnection->simpleQuery('INSERT INTO sub...')
#3 C:\xampp\htdocs\SCR\system\Model.php(1755): CodeIgniter\Database\BaseConnection->query('INSERT INTO sub...')
#4 C:\xampp\htdocs\SCR\app\Models\PushNotif.php(49): CodeIgniter\Model->__call('query', Array)
#5 C:\xampp\htdocs\SCR\app\Controllers\Setting.php(50): App\Models\PushNotif->simpan(Array)
#6 C:\xampp\htdocs\SCR\system\CodeIgniter.php(917): App\Controllers\Setting->simpanData()
#7 C:\xampp\htdocs\SCR\system\CodeIgniter.php(403): CodeIgniter\CodeIgniter->runController(Object(App\Controllers\Setting))
#8 C:\xampp\htdocs\SCR\system\CodeIgniter.php(311): CodeIgniter\CodeIgniter->handleRequest(NULL, Object(Config\Cache), false)
#9 C:\xampp\htdocs\SCR\public\index.php(44): CodeIgniter\CodeIgniter->run()
#10 {main}
CRITICAL - 2021-03-10 21:18:21 --> Duplicate entry '0' for key 'PRIMARY'
#0 C:\xampp\htdocs\SCR\system\Database\MySQLi\Connection.php(331): mysqli->query('INSERT INTO sub...')
#1 C:\xampp\htdocs\SCR\system\Database\BaseConnection.php(752): CodeIgniter\Database\MySQLi\Connection->execute('INSERT INTO sub...')
#2 C:\xampp\htdocs\SCR\system\Database\BaseConnection.php(680): CodeIgniter\Database\BaseConnection->simpleQuery('INSERT INTO sub...')
#3 C:\xampp\htdocs\SCR\system\Model.php(1755): CodeIgniter\Database\BaseConnection->query('INSERT INTO sub...')
#4 C:\xampp\htdocs\SCR\app\Models\PushNotif.php(49): CodeIgniter\Model->__call('query', Array)
#5 C:\xampp\htdocs\SCR\app\Controllers\Setting.php(50): App\Models\PushNotif->simpan(Array)
#6 C:\xampp\htdocs\SCR\system\CodeIgniter.php(917): App\Controllers\Setting->simpanData()
#7 C:\xampp\htdocs\SCR\system\CodeIgniter.php(403): CodeIgniter\CodeIgniter->runController(Object(App\Controllers\Setting))
#8 C:\xampp\htdocs\SCR\system\CodeIgniter.php(311): CodeIgniter\CodeIgniter->handleRequest(NULL, Object(Config\Cache), false)
#9 C:\xampp\htdocs\SCR\public\index.php(44): CodeIgniter\CodeIgniter->run()
#10 {main}
CRITICAL - 2021-03-10 21:39:53 --> mysqli_query() expects parameter 1 to be mysqli, object given
#0 [internal function]: CodeIgniter\Debug\Exceptions->errorHandler(2, 'mysqli_query() ...', 'C:\\xampp\\htdocs...', 70, Array)
#1 C:\xampp\htdocs\SCR\app\Controllers\Setting.php(70): mysqli_query(Object(App\Controllers\Setting), 'SELECT * FROM s...')
#2 C:\xampp\htdocs\SCR\system\CodeIgniter.php(917): App\Controllers\Setting->broadcast()
#3 C:\xampp\htdocs\SCR\system\CodeIgniter.php(403): CodeIgniter\CodeIgniter->runController(Object(App\Controllers\Setting))
#4 C:\xampp\htdocs\SCR\system\CodeIgniter.php(311): CodeIgniter\CodeIgniter->handleRequest(NULL, Object(Config\Cache), false)
#5 C:\xampp\htdocs\SCR\public\index.php(44): CodeIgniter\CodeIgniter->run()
#6 {main}
CRITICAL - 2021-03-10 21:46:10 --> mysqli_query() expects parameter 1 to be mysqli, object given
#0 [internal function]: CodeIgniter\Debug\Exceptions->errorHandler(2, 'mysqli_query() ...', 'C:\\xampp\\htdocs...', 70, Array)
#1 C:\xampp\htdocs\SCR\app\Controllers\Setting.php(70): mysqli_query(Object(App\Controllers\Setting), 'SELECT * FROM s...')
#2 C:\xampp\htdocs\SCR\system\CodeIgniter.php(917): App\Controllers\Setting->broadcast()
#3 C:\xampp\htdocs\SCR\system\CodeIgniter.php(403): CodeIgniter\CodeIgniter->runController(Object(App\Controllers\Setting))
#4 C:\xampp\htdocs\SCR\system\CodeIgniter.php(311): CodeIgniter\CodeIgniter->handleRequest(NULL, Object(Config\Cache), false)
#5 C:\xampp\htdocs\SCR\public\index.php(44): CodeIgniter\CodeIgniter->run()
#6 {main}
CRITICAL - 2021-03-10 21:48:01 --> mysqli_query() expects parameter 1 to be mysqli, object given
#0 [internal function]: CodeIgniter\Debug\Exceptions->errorHandler(2, 'mysqli_query() ...', 'C:\\xampp\\htdocs...', 70, Array)
#1 C:\xampp\htdocs\SCR\app\Controllers\Setting.php(70): mysqli_query(Object(App\Controllers\Setting), 'SELECT * FROM s...')
#2 C:\xampp\htdocs\SCR\system\CodeIgniter.php(917): App\Controllers\Setting->broadcast()
#3 C:\xampp\htdocs\SCR\system\CodeIgniter.php(403): CodeIgniter\CodeIgniter->runController(Object(App\Controllers\Setting))
#4 C:\xampp\htdocs\SCR\system\CodeIgniter.php(311): CodeIgniter\CodeIgniter->handleRequest(NULL, Object(Config\Cache), false)
#5 C:\xampp\htdocs\SCR\public\index.php(44): CodeIgniter\CodeIgniter->run()
#6 {main}
CRITICAL - 2021-03-10 21:50:51 --> mysqli_query() expects parameter 1 to be mysqli, object given
#0 [internal function]: CodeIgniter\Debug\Exceptions->errorHandler(2, 'mysqli_query() ...', 'C:\\xampp\\htdocs...', 70, Array)
#1 C:\xampp\htdocs\SCR\app\Controllers\Setting.php(70): mysqli_query(Object(App\Controllers\Setting), 'SELECT * FROM s...')
#2 C:\xampp\htdocs\SCR\system\CodeIgniter.php(917): App\Controllers\Setting->broadcast()
#3 C:\xampp\htdocs\SCR\system\CodeIgniter.php(403): CodeIgniter\CodeIgniter->runController(Object(App\Controllers\Setting))
#4 C:\xampp\htdocs\SCR\system\CodeIgniter.php(311): CodeIgniter\CodeIgniter->handleRequest(NULL, Object(Config\Cache), false)
#5 C:\xampp\htdocs\SCR\public\index.php(44): CodeIgniter\CodeIgniter->run()
#6 {main}
CRITICAL - 2021-03-10 21:58:15 --> mysqli_query() expects parameter 1 to be mysqli, object given
#0 [internal function]: CodeIgniter\Debug\Exceptions->errorHandler(2, 'mysqli_query() ...', 'C:\\xampp\\htdocs...', 84, Array)
#1 C:\xampp\htdocs\SCR\app\Controllers\Setting.php(84): mysqli_query(Object(App\Controllers\Setting), 'SELECT * FROM s...')
#2 C:\xampp\htdocs\SCR\system\CodeIgniter.php(917): App\Controllers\Setting->broadcast()
#3 C:\xampp\htdocs\SCR\system\CodeIgniter.php(403): CodeIgniter\CodeIgniter->runController(Object(App\Controllers\Setting))
#4 C:\xampp\htdocs\SCR\system\CodeIgniter.php(311): CodeIgniter\CodeIgniter->handleRequest(NULL, Object(Config\Cache), false)
#5 C:\xampp\htdocs\SCR\public\index.php(44): CodeIgniter\CodeIgniter->run()
#6 {main}
CRITICAL - 2021-03-10 22:04:27 --> require(C:\xampp\htdocs\SCR\app\Views\content/push/vendor/autoload.php): failed to open stream: No such file or directory
#0 C:\xampp\htdocs\SCR\app\Views\content\pushNotif.php(2): CodeIgniter\Debug\Exceptions->errorHandler(2, 'require(C:\\xamp...', 'C:\\xampp\\htdocs...', 2, Array)
#1 C:\xampp\htdocs\SCR\app\Views\content\pushNotif.php(2): require()
#2 C:\xampp\htdocs\SCR\system\View\View.php(246): include('C:\\xampp\\htdocs...')
#3 C:\xampp\htdocs\SCR\system\Common.php(1087): CodeIgniter\View\View->render('content/pushNot...', Array, true)
#4 C:\xampp\htdocs\SCR\app\Controllers\Setting.php(88): view('content/pushNot...', Array)
#5 C:\xampp\htdocs\SCR\system\CodeIgniter.php(917): App\Controllers\Setting->broadcast()
#6 C:\xampp\htdocs\SCR\system\CodeIgniter.php(403): CodeIgniter\CodeIgniter->runController(Object(App\Controllers\Setting))
#7 C:\xampp\htdocs\SCR\system\CodeIgniter.php(311): CodeIgniter\CodeIgniter->handleRequest(NULL, Object(Config\Cache), false)
#8 C:\xampp\htdocs\SCR\public\index.php(44): CodeIgniter\CodeIgniter->run()
#9 {main}
CRITICAL - 2021-03-10 22:05:56 --> CodeIgniter\View\View::main(): Failed opening required 'vendor/autoload.php' (include_path='C:\xampp\php\PEAR')
#0 [internal function]: CodeIgniter\Debug\Exceptions->shutdownHandler()
#1 {main}
CRITICAL - 2021-03-10 22:06:55 --> Invalid data: only uncompressed keys are supported.
#0 C:\xampp\htdocs\SCR\app\Views\vendor\minishlink\web-push\src\Encryption.php(108): Minishlink\WebPush\Utils::unserializePublicKey('76776491d9e3763...')
#1 C:\xampp\htdocs\SCR\app\Views\vendor\minishlink\web-push\src\Encryption.php(66): Minishlink\WebPush\Encryption::deterministicEncrypt('\v\xDB\x00\x00\x00\x00\x00\x00\x00\x00\x00\x00\x00\x00\x00...', 'vwd\x91\xD9\xE3v6\xA4v6\xA4\x967', 'v\xC6\x9Dj\xC7Z}\xF7l~\xC7_\xB1\xD7', 'aesgcm', Array, '\x07\e\f\x93~\x9F\xB9^\x87(\xA8\x160J\x94...')
#2 C:\xampp\htdocs\SCR\app\Views\vendor\minishlink\web-push\src\WebPush.php(225): Minishlink\WebPush\Encryption::encrypt('\v\xDB\x00\x00\x00\x00\x00\x00\x00\x00\x00\x00\x00\x00\x00...', 'dndkkdnjdjakdja...', 'dsadasdaffdsfsd...', 'aesgcm')
#3 C:\xampp\htdocs\SCR\app\Views\vendor\minishlink\web-push\src\WebPush.php(173): Minishlink\WebPush\WebPush->prepare(Array)
#4 C:\xampp\htdocs\SCR\app\Views\content\pushNotif.php(40): Minishlink\WebPush\WebPush->flush()
#5 C:\xampp\htdocs\SCR\system\View\View.php(246): include('C:\\xampp\\htdocs...')
#6 C:\xampp\htdocs\SCR\system\Common.php(1087): CodeIgniter\View\View->render('content/pushNot...', Array, true)
#7 C:\xampp\htdocs\SCR\app\Controllers\Setting.php(89): view('content/pushNot...', Array)
#8 C:\xampp\htdocs\SCR\system\CodeIgniter.php(917): App\Controllers\Setting->broadcast()
#9 C:\xampp\htdocs\SCR\system\CodeIgniter.php(403): CodeIgniter\CodeIgniter->runController(Object(App\Controllers\Setting))
#10 C:\xampp\htdocs\SCR\system\CodeIgniter.php(311): CodeIgniter\CodeIgniter->handleRequest(NULL, Object(Config\Cache), false)
#11 C:\xampp\htdocs\SCR\public\index.php(44): CodeIgniter\CodeIgniter->run()
#12 {main}
CRITICAL - 2021-03-10 22:07:08 --> Invalid data: only uncompressed keys are supported.
#0 C:\xampp\htdocs\SCR\app\Views\vendor\minishlink\web-push\src\Encryption.php(108): Minishlink\WebPush\Utils::unserializePublicKey('76776491d9e3763...')
#1 C:\xampp\htdocs\SCR\app\Views\vendor\minishlink\web-push\src\Encryption.php(66): Minishlink\WebPush\Encryption::deterministicEncrypt('\v\xDB\x00\x00\x00\x00\x00\x00\x00\x00\x00\x00\x00\x00\x00...', 'vwd\x91\xD9\xE3v6\xA4v6\xA4\x967', 'v\xC6\x9Dj\xC7Z}\xF7l~\xC7_\xB1\xD7', 'aesgcm', Array, ';\e\x04\x04^6\xD5\xB4\xA6\xB6\xEA\xD9+e5...')
#2 C:\xampp\htdocs\SCR\app\Views\vendor\minishlink\web-push\src\WebPush.php(225): Minishlink\WebPush\Encryption::encrypt('\v\xDB\x00\x00\x00\x00\x00\x00\x00\x00\x00\x00\x00\x00\x00...', 'dndkkdnjdjakdja...', 'dsadasdaffdsfsd...', 'aesgcm')
#3 C:\xampp\htdocs\SCR\app\Views\vendor\minishlink\web-push\src\WebPush.php(173): Minishlink\WebPush\WebPush->prepare(Array)
#4 C:\xampp\htdocs\SCR\app\Views\content\pushNotif.php(40): Minishlink\WebPush\WebPush->flush()
#5 C:\xampp\htdocs\SCR\system\View\View.php(246): include('C:\\xampp\\htdocs...')
#6 C:\xampp\htdocs\SCR\system\Common.php(1087): CodeIgniter\View\View->render('content/pushNot...', Array, true)
#7 C:\xampp\htdocs\SCR\app\Controllers\Setting.php(89): view('content/pushNot...', Array)
#8 C:\xampp\htdocs\SCR\system\CodeIgniter.php(917): App\Controllers\Setting->broadcast()
#9 C:\xampp\htdocs\SCR\system\CodeIgniter.php(403): CodeIgniter\CodeIgniter->runController(Object(App\Controllers\Setting))
#10 C:\xampp\htdocs\SCR\system\CodeIgniter.php(311): CodeIgniter\CodeIgniter->handleRequest(NULL, Object(Config\Cache), false)
#11 C:\xampp\htdocs\SCR\public\index.php(44): CodeIgniter\CodeIgniter->run()
#12 {main}
CRITICAL - 2021-03-10 22:07:46 --> Undefined property: CodeIgniter\View\View::$db
#0 C:\xampp\htdocs\SCR\app\Views\content\pushNotif.php(6): CodeIgniter\Debug\Exceptions->errorHandler(8, 'Undefined prope...', 'C:\\xampp\\htdocs...', 6, Array)
#1 C:\xampp\htdocs\SCR\system\View\View.php(246): include('C:\\xampp\\htdocs...')
#2 C:\xampp\htdocs\SCR\system\Common.php(1087): CodeIgniter\View\View->render('content/pushNot...', Array, true)
#3 C:\xampp\htdocs\SCR\app\Controllers\Setting.php(89): view('content/pushNot...', Array)
#4 C:\xampp\htdocs\SCR\system\CodeIgniter.php(917): App\Controllers\Setting->broadcast()
#5 C:\xampp\htdocs\SCR\system\CodeIgniter.php(403): CodeIgniter\CodeIgniter->runController(Object(App\Controllers\Setting))
#6 C:\xampp\htdocs\SCR\system\CodeIgniter.php(311): CodeIgniter\CodeIgniter->handleRequest(NULL, Object(Config\Cache), false)
#7 C:\xampp\htdocs\SCR\public\index.php(44): CodeIgniter\CodeIgniter->run()
#8 {main}
CRITICAL - 2021-03-10 22:09:58 --> mysqli_query() expects parameter 1 to be mysqli, object given
#0 [internal function]: CodeIgniter\Debug\Exceptions->errorHandler(2, 'mysqli_query() ...', 'C:\\xampp\\htdocs...', 9, Array)
#1 C:\xampp\htdocs\SCR\app\Views\content\pushNotif.php(9): mysqli_query(Object(CodeIgniter\View\View), 'SELECT * FROM s...')
#2 C:\xampp\htdocs\SCR\system\View\View.php(246): include('C:\\xampp\\htdocs...')
#3 C:\xampp\htdocs\SCR\system\Common.php(1087): CodeIgniter\View\View->render('content/pushNot...', Array, true)
#4 C:\xampp\htdocs\SCR\app\Controllers\Setting.php(89): view('content/pushNot...', Array)
#5 C:\xampp\htdocs\SCR\system\CodeIgniter.php(917): App\Controllers\Setting->broadcast()
#6 C:\xampp\htdocs\SCR\system\CodeIgniter.php(403): CodeIgniter\CodeIgniter->runController(Object(App\Controllers\Setting))
#7 C:\xampp\htdocs\SCR\system\CodeIgniter.php(311): CodeIgniter\CodeIgniter->handleRequest(NULL, Object(Config\Cache), false)
#8 C:\xampp\htdocs\SCR\public\index.php(44): CodeIgniter\CodeIgniter->run()
#9 {main}
CRITICAL - 2021-03-10 22:50:25 --> Undefined variable: subscription
#0 C:\xampp\htdocs\SCR\app\Views\content\pushNotif.php(32): CodeIgniter\Debug\Exceptions->errorHandler(8, 'Undefined varia...', 'C:\\xampp\\htdocs...', 32, Array)
#1 C:\xampp\htdocs\SCR\system\View\View.php(246): include('C:\\xampp\\htdocs...')
#2 C:\xampp\htdocs\SCR\system\Common.php(1087): CodeIgniter\View\View->render('content/pushNot...', Array, true)
#3 C:\xampp\htdocs\SCR\app\Controllers\Setting.php(89): view('content/pushNot...')
#4 C:\xampp\htdocs\SCR\system\CodeIgniter.php(917): App\Controllers\Setting->broadcast()
#5 C:\xampp\htdocs\SCR\system\CodeIgniter.php(403): CodeIgniter\CodeIgniter->runController(Object(App\Controllers\Setting))
#6 C:\xampp\htdocs\SCR\system\CodeIgniter.php(311): CodeIgniter\CodeIgniter->handleRequest(NULL, Object(Config\Cache), false)
#7 C:\xampp\htdocs\SCR\public\index.php(44): CodeIgniter\CodeIgniter->run()
#8 {main}
