CRITICAL - 2021-04-29 21:24:35 --> Undefined index: status
#0 C:\xampp\htdocs\SCR\app\Views\settingClient.php(202): CodeIgniter\Debug\Exceptions->errorHandler(8, 'Undefined index...', 'C:\\xampp\\htdocs...', 202, Array)
#1 C:\xampp\htdocs\SCR\system\View\View.php(246): include('C:\\xampp\\htdocs...')
#2 C:\xampp\htdocs\SCR\system\Common.php(1087): CodeIgniter\View\View->render('settingClient', Array, true)
#3 C:\xampp\htdocs\SCR\app\Controllers\Setting.php(208): view('settingClient', Array)
#4 C:\xampp\htdocs\SCR\system\CodeIgniter.php(917): App\Controllers\Setting->client()
#5 C:\xampp\htdocs\SCR\system\CodeIgniter.php(403): CodeIgniter\CodeIgniter->runController(Object(App\Controllers\Setting))
#6 C:\xampp\htdocs\SCR\system\CodeIgniter.php(311): CodeIgniter\CodeIgniter->handleRequest(NULL, Object(Config\Cache), false)
#7 C:\xampp\htdocs\SCR\public\index.php(44): CodeIgniter\CodeIgniter->run()
#8 {main}
CRITICAL - 2021-04-29 22:34:01 --> Undefined variable: row
#0 C:\xampp\htdocs\SCR\app\Views\settingClient.php(149): CodeIgniter\Debug\Exceptions->errorHandler(8, 'Undefined varia...', 'C:\\xampp\\htdocs...', 149, Array)
#1 C:\xampp\htdocs\SCR\system\View\View.php(246): include('C:\\xampp\\htdocs...')
#2 C:\xampp\htdocs\SCR\system\Common.php(1087): CodeIgniter\View\View->render('settingClient', Array, true)
#3 C:\xampp\htdocs\SCR\app\Controllers\Setting.php(208): view('settingClient', Array)
#4 C:\xampp\htdocs\SCR\system\CodeIgniter.php(917): App\Controllers\Setting->client()
#5 C:\xampp\htdocs\SCR\system\CodeIgniter.php(403): CodeIgniter\CodeIgniter->runController(Object(App\Controllers\Setting))
#6 C:\xampp\htdocs\SCR\system\CodeIgniter.php(311): CodeIgniter\CodeIgniter->handleRequest(NULL, Object(Config\Cache), false)
#7 C:\xampp\htdocs\SCR\public\index.php(44): CodeIgniter\CodeIgniter->run()
#8 {main}
CRITICAL - 2021-04-29 22:34:32 --> Undefined variable: row
#0 C:\xampp\htdocs\SCR\app\Views\settingClient.php(149): CodeIgniter\Debug\Exceptions->errorHandler(8, 'Undefined varia...', 'C:\\xampp\\htdocs...', 149, Array)
#1 C:\xampp\htdocs\SCR\system\View\View.php(246): include('C:\\xampp\\htdocs...')
#2 C:\xampp\htdocs\SCR\system\Common.php(1087): CodeIgniter\View\View->render('settingClient', Array, true)
#3 C:\xampp\htdocs\SCR\app\Controllers\Setting.php(208): view('settingClient', Array)
#4 C:\xampp\htdocs\SCR\system\CodeIgniter.php(917): App\Controllers\Setting->client()
#5 C:\xampp\htdocs\SCR\system\CodeIgniter.php(403): CodeIgniter\CodeIgniter->runController(Object(App\Controllers\Setting))
#6 C:\xampp\htdocs\SCR\system\CodeIgniter.php(311): CodeIgniter\CodeIgniter->handleRequest(NULL, Object(Config\Cache), false)
#7 C:\xampp\htdocs\SCR\public\index.php(44): CodeIgniter\CodeIgniter->run()
#8 {main}
CRITICAL - 2021-04-29 22:35:05 --> syntax error, unexpected end of file
#0 C:\xampp\htdocs\SCR\system\Common.php(1087): CodeIgniter\View\View->render('settingClient', Array, true)
#1 C:\xampp\htdocs\SCR\app\Controllers\Setting.php(208): view('settingClient', Array)
#2 C:\xampp\htdocs\SCR\system\CodeIgniter.php(917): App\Controllers\Setting->client()
#3 C:\xampp\htdocs\SCR\system\CodeIgniter.php(403): CodeIgniter\CodeIgniter->runController(Object(App\Controllers\Setting))
#4 C:\xampp\htdocs\SCR\system\CodeIgniter.php(311): CodeIgniter\CodeIgniter->handleRequest(NULL, Object(Config\Cache), false)
#5 C:\xampp\htdocs\SCR\public\index.php(44): CodeIgniter\CodeIgniter->run()
#6 {main}
