CRITICAL - 2021-03-01 00:20:00 --> Trying to access array offset on value of type null
#0 C:\xampp\htdocs\SCR\app\Views\setting.php(23): CodeIgniter\Debug\Exceptions->errorHandler(8, 'Trying to acces...', 'C:\\xampp\\htdocs...', 23, Array)
#1 C:\xampp\htdocs\SCR\system\View\View.php(246): include('C:\\xampp\\htdocs...')
#2 C:\xampp\htdocs\SCR\system\Common.php(1087): CodeIgniter\View\View->render('setting', Array, true)
#3 C:\xampp\htdocs\SCR\app\Controllers\Setting.php(29): view('setting', Array)
#4 C:\xampp\htdocs\SCR\system\CodeIgniter.php(917): App\Controllers\Setting->index()
#5 C:\xampp\htdocs\SCR\system\CodeIgniter.php(403): CodeIgniter\CodeIgniter->runController(Object(App\Controllers\Setting))
#6 C:\xampp\htdocs\SCR\system\CodeIgniter.php(311): CodeIgniter\CodeIgniter->handleRequest(NULL, Object(Config\Cache), false)
#7 C:\xampp\htdocs\SCR\public\index.php(44): CodeIgniter\CodeIgniter->run()
#8 {main}
CRITICAL - 2021-03-01 00:25:06 --> Trying to access array offset on value of type null
#0 C:\xampp\htdocs\SCR\app\Views\setting.php(26): CodeIgniter\Debug\Exceptions->errorHandler(8, 'Trying to acces...', 'C:\\xampp\\htdocs...', 26, Array)
#1 C:\xampp\htdocs\SCR\system\View\View.php(246): include('C:\\xampp\\htdocs...')
#2 C:\xampp\htdocs\SCR\system\Common.php(1087): CodeIgniter\View\View->render('setting', Array, true)
#3 C:\xampp\htdocs\SCR\app\Controllers\Setting.php(29): view('setting', Array)
#4 C:\xampp\htdocs\SCR\system\CodeIgniter.php(917): App\Controllers\Setting->index()
#5 C:\xampp\htdocs\SCR\system\CodeIgniter.php(403): CodeIgniter\CodeIgniter->runController(Object(App\Controllers\Setting))
#6 C:\xampp\htdocs\SCR\system\CodeIgniter.php(311): CodeIgniter\CodeIgniter->handleRequest(NULL, Object(Config\Cache), false)
#7 C:\xampp\htdocs\SCR\public\index.php(44): CodeIgniter\CodeIgniter->run()
#8 {main}
CRITICAL - 2021-03-01 00:25:08 --> Trying to access array offset on value of type null
#0 C:\xampp\htdocs\SCR\app\Views\setting.php(26): CodeIgniter\Debug\Exceptions->errorHandler(8, 'Trying to acces...', 'C:\\xampp\\htdocs...', 26, Array)
#1 C:\xampp\htdocs\SCR\system\View\View.php(246): include('C:\\xampp\\htdocs...')
#2 C:\xampp\htdocs\SCR\system\Common.php(1087): CodeIgniter\View\View->render('setting', Array, true)
#3 C:\xampp\htdocs\SCR\app\Controllers\Setting.php(29): view('setting', Array)
#4 C:\xampp\htdocs\SCR\system\CodeIgniter.php(917): App\Controllers\Setting->index()
#5 C:\xampp\htdocs\SCR\system\CodeIgniter.php(403): CodeIgniter\CodeIgniter->runController(Object(App\Controllers\Setting))
#6 C:\xampp\htdocs\SCR\system\CodeIgniter.php(311): CodeIgniter\CodeIgniter->handleRequest(NULL, Object(Config\Cache), false)
#7 C:\xampp\htdocs\SCR\public\index.php(44): CodeIgniter\CodeIgniter->run()
#8 {main}
CRITICAL - 2021-03-01 00:25:21 --> Invalid argument supplied for foreach()
#0 C:\xampp\htdocs\SCR\system\HTTP\Request.php(371): CodeIgniter\Debug\Exceptions->errorHandler(2, 'Invalid argumen...', 'C:\\xampp\\htdocs...', 371, Array)
#1 C:\xampp\htdocs\SCR\system\HTTP\IncomingRequest.php(411): CodeIgniter\HTTP\Request->fetchGlobal('post', NULL, 516, NULL)
#2 C:\xampp\htdocs\SCR\system\Debug\Toolbar.php(165): CodeIgniter\HTTP\IncomingRequest->getPost()
#3 C:\xampp\htdocs\SCR\system\Debug\Toolbar.php(353): CodeIgniter\Debug\Toolbar->run(1614533121.8007, 0.1145, Object(CodeIgniter\HTTP\IncomingRequest), Object(CodeIgniter\HTTP\Response))
#4 C:\xampp\htdocs\SCR\system\Filters\DebugToolbar.php(75): CodeIgniter\Debug\Toolbar->prepare(Object(CodeIgniter\HTTP\IncomingRequest), Object(CodeIgniter\HTTP\Response))
#5 C:\xampp\htdocs\SCR\system\Filters\Filters.php(199): CodeIgniter\Filters\DebugToolbar->after(Object(CodeIgniter\HTTP\IncomingRequest), Object(CodeIgniter\HTTP\Response))
#6 C:\xampp\htdocs\SCR\system\CodeIgniter.php(421): CodeIgniter\Filters\Filters->run('setting/index', 'after')
#7 C:\xampp\htdocs\SCR\system\CodeIgniter.php(311): CodeIgniter\CodeIgniter->handleRequest(NULL, Object(Config\Cache), false)
#8 C:\xampp\htdocs\SCR\public\index.php(44): CodeIgniter\CodeIgniter->run()
#9 {main}
CRITICAL - 2021-03-01 00:25:38 --> Invalid argument supplied for foreach()
#0 C:\xampp\htdocs\SCR\system\HTTP\Request.php(371): CodeIgniter\Debug\Exceptions->errorHandler(2, 'Invalid argumen...', 'C:\\xampp\\htdocs...', 371, Array)
#1 C:\xampp\htdocs\SCR\system\HTTP\IncomingRequest.php(411): CodeIgniter\HTTP\Request->fetchGlobal('post', NULL, 516, NULL)
#2 C:\xampp\htdocs\SCR\system\Debug\Toolbar.php(165): CodeIgniter\HTTP\IncomingRequest->getPost()
#3 C:\xampp\htdocs\SCR\system\Debug\Toolbar.php(353): CodeIgniter\Debug\Toolbar->run(1614533138.2437, 0.0938, Object(CodeIgniter\HTTP\IncomingRequest), Object(CodeIgniter\HTTP\Response))
#4 C:\xampp\htdocs\SCR\system\Filters\DebugToolbar.php(75): CodeIgniter\Debug\Toolbar->prepare(Object(CodeIgniter\HTTP\IncomingRequest), Object(CodeIgniter\HTTP\Response))
#5 C:\xampp\htdocs\SCR\system\Filters\Filters.php(199): CodeIgniter\Filters\DebugToolbar->after(Object(CodeIgniter\HTTP\IncomingRequest), Object(CodeIgniter\HTTP\Response))
#6 C:\xampp\htdocs\SCR\system\CodeIgniter.php(421): CodeIgniter\Filters\Filters->run('setting/index', 'after')
#7 C:\xampp\htdocs\SCR\system\CodeIgniter.php(311): CodeIgniter\CodeIgniter->handleRequest(NULL, Object(Config\Cache), false)
#8 C:\xampp\htdocs\SCR\public\index.php(44): CodeIgniter\CodeIgniter->run()
#9 {main}
CRITICAL - 2021-03-01 00:25:39 --> Invalid argument supplied for foreach()
#0 C:\xampp\htdocs\SCR\system\HTTP\Request.php(371): CodeIgniter\Debug\Exceptions->errorHandler(2, 'Invalid argumen...', 'C:\\xampp\\htdocs...', 371, Array)
#1 C:\xampp\htdocs\SCR\system\HTTP\IncomingRequest.php(411): CodeIgniter\HTTP\Request->fetchGlobal('post', NULL, 516, NULL)
#2 C:\xampp\htdocs\SCR\system\Debug\Toolbar.php(165): CodeIgniter\HTTP\IncomingRequest->getPost()
#3 C:\xampp\htdocs\SCR\system\Debug\Toolbar.php(353): CodeIgniter\Debug\Toolbar->run(1614533139.5104, 0.1041, Object(CodeIgniter\HTTP\IncomingRequest), Object(CodeIgniter\HTTP\Response))
#4 C:\xampp\htdocs\SCR\system\Filters\DebugToolbar.php(75): CodeIgniter\Debug\Toolbar->prepare(Object(CodeIgniter\HTTP\IncomingRequest), Object(CodeIgniter\HTTP\Response))
#5 C:\xampp\htdocs\SCR\system\Filters\Filters.php(199): CodeIgniter\Filters\DebugToolbar->after(Object(CodeIgniter\HTTP\IncomingRequest), Object(CodeIgniter\HTTP\Response))
#6 C:\xampp\htdocs\SCR\system\CodeIgniter.php(421): CodeIgniter\Filters\Filters->run('setting/index', 'after')
#7 C:\xampp\htdocs\SCR\system\CodeIgniter.php(311): CodeIgniter\CodeIgniter->handleRequest(NULL, Object(Config\Cache), false)
#8 C:\xampp\htdocs\SCR\public\index.php(44): CodeIgniter\CodeIgniter->run()
#9 {main}
CRITICAL - 2021-03-01 00:25:42 --> Invalid argument supplied for foreach()
#0 C:\xampp\htdocs\SCR\system\HTTP\Request.php(371): CodeIgniter\Debug\Exceptions->errorHandler(2, 'Invalid argumen...', 'C:\\xampp\\htdocs...', 371, Array)
#1 C:\xampp\htdocs\SCR\system\HTTP\IncomingRequest.php(411): CodeIgniter\HTTP\Request->fetchGlobal('post', NULL, 516, NULL)
#2 C:\xampp\htdocs\SCR\system\Debug\Toolbar.php(165): CodeIgniter\HTTP\IncomingRequest->getPost()
#3 C:\xampp\htdocs\SCR\system\Debug\Toolbar.php(353): CodeIgniter\Debug\Toolbar->run(1614533142.5191, 0.0926, Object(CodeIgniter\HTTP\IncomingRequest), Object(CodeIgniter\HTTP\Response))
#4 C:\xampp\htdocs\SCR\system\Filters\DebugToolbar.php(75): CodeIgniter\Debug\Toolbar->prepare(Object(CodeIgniter\HTTP\IncomingRequest), Object(CodeIgniter\HTTP\Response))
#5 C:\xampp\htdocs\SCR\system\Filters\Filters.php(199): CodeIgniter\Filters\DebugToolbar->after(Object(CodeIgniter\HTTP\IncomingRequest), Object(CodeIgniter\HTTP\Response))
#6 C:\xampp\htdocs\SCR\system\CodeIgniter.php(421): CodeIgniter\Filters\Filters->run('setting/index', 'after')
#7 C:\xampp\htdocs\SCR\system\CodeIgniter.php(311): CodeIgniter\CodeIgniter->handleRequest(NULL, Object(Config\Cache), false)
#8 C:\xampp\htdocs\SCR\public\index.php(44): CodeIgniter\CodeIgniter->run()
#9 {main}
CRITICAL - 2021-03-01 00:29:17 --> syntax error, unexpected 'S' (T_STRING)
#0 C:\xampp\htdocs\SCR\system\Common.php(1087): CodeIgniter\View\View->render('setting', Array, true)
#1 C:\xampp\htdocs\SCR\app\Controllers\Setting.php(29): view('setting', Array)
#2 C:\xampp\htdocs\SCR\system\CodeIgniter.php(917): App\Controllers\Setting->index()
#3 C:\xampp\htdocs\SCR\system\CodeIgniter.php(403): CodeIgniter\CodeIgniter->runController(Object(App\Controllers\Setting))
#4 C:\xampp\htdocs\SCR\system\CodeIgniter.php(311): CodeIgniter\CodeIgniter->handleRequest(NULL, Object(Config\Cache), false)
#5 C:\xampp\htdocs\SCR\public\index.php(44): CodeIgniter\CodeIgniter->run()
#6 {main}
CRITICAL - 2021-03-01 00:29:57 --> Undefined index: endpoint
#0 C:\xampp\htdocs\SCR\app\Views\setting.php(26): CodeIgniter\Debug\Exceptions->errorHandler(8, 'Undefined index...', 'C:\\xampp\\htdocs...', 26, Array)
#1 C:\xampp\htdocs\SCR\system\View\View.php(246): include('C:\\xampp\\htdocs...')
#2 C:\xampp\htdocs\SCR\system\Common.php(1087): CodeIgniter\View\View->render('setting', Array, true)
#3 C:\xampp\htdocs\SCR\app\Controllers\Setting.php(29): view('setting', Array)
#4 C:\xampp\htdocs\SCR\system\CodeIgniter.php(917): App\Controllers\Setting->index()
#5 C:\xampp\htdocs\SCR\system\CodeIgniter.php(403): CodeIgniter\CodeIgniter->runController(Object(App\Controllers\Setting))
#6 C:\xampp\htdocs\SCR\system\CodeIgniter.php(311): CodeIgniter\CodeIgniter->handleRequest(NULL, Object(Config\Cache), false)
#7 C:\xampp\htdocs\SCR\public\index.php(44): CodeIgniter\CodeIgniter->run()
#8 {main}
CRITICAL - 2021-03-01 00:31:49 --> Trying to access array offset on value of type null
#0 C:\xampp\htdocs\SCR\app\Views\setting.php(26): CodeIgniter\Debug\Exceptions->errorHandler(8, 'Trying to acces...', 'C:\\xampp\\htdocs...', 26, Array)
#1 C:\xampp\htdocs\SCR\system\View\View.php(246): include('C:\\xampp\\htdocs...')
#2 C:\xampp\htdocs\SCR\system\Common.php(1087): CodeIgniter\View\View->render('setting', Array, true)
#3 C:\xampp\htdocs\SCR\app\Controllers\Setting.php(29): view('setting', Array)
#4 C:\xampp\htdocs\SCR\system\CodeIgniter.php(917): App\Controllers\Setting->index()
#5 C:\xampp\htdocs\SCR\system\CodeIgniter.php(403): CodeIgniter\CodeIgniter->runController(Object(App\Controllers\Setting))
#6 C:\xampp\htdocs\SCR\system\CodeIgniter.php(311): CodeIgniter\CodeIgniter->handleRequest(NULL, Object(Config\Cache), false)
#7 C:\xampp\htdocs\SCR\public\index.php(44): CodeIgniter\CodeIgniter->run()
#8 {main}
CRITICAL - 2021-03-01 00:31:52 --> Trying to access array offset on value of type null
#0 C:\xampp\htdocs\SCR\app\Views\setting.php(26): CodeIgniter\Debug\Exceptions->errorHandler(8, 'Trying to acces...', 'C:\\xampp\\htdocs...', 26, Array)
#1 C:\xampp\htdocs\SCR\system\View\View.php(246): include('C:\\xampp\\htdocs...')
#2 C:\xampp\htdocs\SCR\system\Common.php(1087): CodeIgniter\View\View->render('setting', Array, true)
#3 C:\xampp\htdocs\SCR\app\Controllers\Setting.php(29): view('setting', Array)
#4 C:\xampp\htdocs\SCR\system\CodeIgniter.php(917): App\Controllers\Setting->index()
#5 C:\xampp\htdocs\SCR\system\CodeIgniter.php(403): CodeIgniter\CodeIgniter->runController(Object(App\Controllers\Setting))
#6 C:\xampp\htdocs\SCR\system\CodeIgniter.php(311): CodeIgniter\CodeIgniter->handleRequest(NULL, Object(Config\Cache), false)
#7 C:\xampp\htdocs\SCR\public\index.php(44): CodeIgniter\CodeIgniter->run()
#8 {main}
CRITICAL - 2021-03-01 00:34:39 --> Trying to access array offset on value of type null
#0 C:\xampp\htdocs\SCR\app\Views\setting.php(27): CodeIgniter\Debug\Exceptions->errorHandler(8, 'Trying to acces...', 'C:\\xampp\\htdocs...', 27, Array)
#1 C:\xampp\htdocs\SCR\system\View\View.php(246): include('C:\\xampp\\htdocs...')
#2 C:\xampp\htdocs\SCR\system\Common.php(1087): CodeIgniter\View\View->render('setting', Array, true)
#3 C:\xampp\htdocs\SCR\app\Controllers\Setting.php(29): view('setting', Array)
#4 C:\xampp\htdocs\SCR\system\CodeIgniter.php(917): App\Controllers\Setting->index()
#5 C:\xampp\htdocs\SCR\system\CodeIgniter.php(403): CodeIgniter\CodeIgniter->runController(Object(App\Controllers\Setting))
#6 C:\xampp\htdocs\SCR\system\CodeIgniter.php(311): CodeIgniter\CodeIgniter->handleRequest(NULL, Object(Config\Cache), false)
#7 C:\xampp\htdocs\SCR\public\index.php(44): CodeIgniter\CodeIgniter->run()
#8 {main}
CRITICAL - 2021-03-01 00:35:32 --> Trying to access array offset on value of type null
#0 C:\xampp\htdocs\SCR\app\Views\setting.php(27): CodeIgniter\Debug\Exceptions->errorHandler(8, 'Trying to acces...', 'C:\\xampp\\htdocs...', 27, Array)
#1 C:\xampp\htdocs\SCR\system\View\View.php(246): include('C:\\xampp\\htdocs...')
#2 C:\xampp\htdocs\SCR\system\Common.php(1087): CodeIgniter\View\View->render('setting', Array, true)
#3 C:\xampp\htdocs\SCR\app\Controllers\Setting.php(29): view('setting', Array)
#4 C:\xampp\htdocs\SCR\system\CodeIgniter.php(917): App\Controllers\Setting->index()
#5 C:\xampp\htdocs\SCR\system\CodeIgniter.php(403): CodeIgniter\CodeIgniter->runController(Object(App\Controllers\Setting))
#6 C:\xampp\htdocs\SCR\system\CodeIgniter.php(311): CodeIgniter\CodeIgniter->handleRequest(NULL, Object(Config\Cache), false)
#7 C:\xampp\htdocs\SCR\public\index.php(44): CodeIgniter\CodeIgniter->run()
#8 {main}
CRITICAL - 2021-03-01 04:51:26 --> Invalid argument supplied for foreach()
#0 C:\xampp\htdocs\SCR\system\HTTP\Request.php(371): CodeIgniter\Debug\Exceptions->errorHandler(2, 'Invalid argumen...', 'C:\\xampp\\htdocs...', 371, Array)
#1 C:\xampp\htdocs\SCR\system\HTTP\IncomingRequest.php(411): CodeIgniter\HTTP\Request->fetchGlobal('post', NULL, 516, NULL)
#2 C:\xampp\htdocs\SCR\system\Debug\Toolbar.php(165): CodeIgniter\HTTP\IncomingRequest->getPost()
#3 C:\xampp\htdocs\SCR\system\Debug\Toolbar.php(353): CodeIgniter\Debug\Toolbar->run(1614549086.4852, 0.1174, Object(CodeIgniter\HTTP\IncomingRequest), Object(CodeIgniter\HTTP\Response))
#4 C:\xampp\htdocs\SCR\system\Filters\DebugToolbar.php(75): CodeIgniter\Debug\Toolbar->prepare(Object(CodeIgniter\HTTP\IncomingRequest), Object(CodeIgniter\HTTP\Response))
#5 C:\xampp\htdocs\SCR\system\Filters\Filters.php(199): CodeIgniter\Filters\DebugToolbar->after(Object(CodeIgniter\HTTP\IncomingRequest), Object(CodeIgniter\HTTP\Response))
#6 C:\xampp\htdocs\SCR\system\CodeIgniter.php(421): CodeIgniter\Filters\Filters->run('setting/index', 'after')
#7 C:\xampp\htdocs\SCR\system\CodeIgniter.php(311): CodeIgniter\CodeIgniter->handleRequest(NULL, Object(Config\Cache), false)
#8 C:\xampp\htdocs\SCR\public\index.php(44): CodeIgniter\CodeIgniter->run()
#9 {main}
CRITICAL - 2021-03-01 04:52:06 --> Invalid argument supplied for foreach()
#0 C:\xampp\htdocs\SCR\system\HTTP\Request.php(371): CodeIgniter\Debug\Exceptions->errorHandler(2, 'Invalid argumen...', 'C:\\xampp\\htdocs...', 371, Array)
#1 C:\xampp\htdocs\SCR\system\HTTP\IncomingRequest.php(411): CodeIgniter\HTTP\Request->fetchGlobal('post', NULL, 516, NULL)
#2 C:\xampp\htdocs\SCR\system\Debug\Toolbar.php(165): CodeIgniter\HTTP\IncomingRequest->getPost()
#3 C:\xampp\htdocs\SCR\system\Debug\Toolbar.php(353): CodeIgniter\Debug\Toolbar->run(1614549126.5249, 0.1302, Object(CodeIgniter\HTTP\IncomingRequest), Object(CodeIgniter\HTTP\Response))
#4 C:\xampp\htdocs\SCR\system\Filters\DebugToolbar.php(75): CodeIgniter\Debug\Toolbar->prepare(Object(CodeIgniter\HTTP\IncomingRequest), Object(CodeIgniter\HTTP\Response))
#5 C:\xampp\htdocs\SCR\system\Filters\Filters.php(199): CodeIgniter\Filters\DebugToolbar->after(Object(CodeIgniter\HTTP\IncomingRequest), Object(CodeIgniter\HTTP\Response))
#6 C:\xampp\htdocs\SCR\system\CodeIgniter.php(421): CodeIgniter\Filters\Filters->run('setting/index', 'after')
#7 C:\xampp\htdocs\SCR\system\CodeIgniter.php(311): CodeIgniter\CodeIgniter->handleRequest(NULL, Object(Config\Cache), false)
#8 C:\xampp\htdocs\SCR\public\index.php(44): CodeIgniter\CodeIgniter->run()
#9 {main}
CRITICAL - 2021-03-01 04:52:15 --> Invalid argument supplied for foreach()
#0 C:\xampp\htdocs\SCR\system\HTTP\Request.php(371): CodeIgniter\Debug\Exceptions->errorHandler(2, 'Invalid argumen...', 'C:\\xampp\\htdocs...', 371, Array)
#1 C:\xampp\htdocs\SCR\system\HTTP\IncomingRequest.php(411): CodeIgniter\HTTP\Request->fetchGlobal('post', NULL, 516, NULL)
#2 C:\xampp\htdocs\SCR\system\Debug\Toolbar.php(165): CodeIgniter\HTTP\IncomingRequest->getPost()
#3 C:\xampp\htdocs\SCR\system\Debug\Toolbar.php(353): CodeIgniter\Debug\Toolbar->run(1614549135.7394, 0.1213, Object(CodeIgniter\HTTP\IncomingRequest), Object(CodeIgniter\HTTP\Response))
#4 C:\xampp\htdocs\SCR\system\Filters\DebugToolbar.php(75): CodeIgniter\Debug\Toolbar->prepare(Object(CodeIgniter\HTTP\IncomingRequest), Object(CodeIgniter\HTTP\Response))
#5 C:\xampp\htdocs\SCR\system\Filters\Filters.php(199): CodeIgniter\Filters\DebugToolbar->after(Object(CodeIgniter\HTTP\IncomingRequest), Object(CodeIgniter\HTTP\Response))
#6 C:\xampp\htdocs\SCR\system\CodeIgniter.php(421): CodeIgniter\Filters\Filters->run('setting/index', 'after')
#7 C:\xampp\htdocs\SCR\system\CodeIgniter.php(311): CodeIgniter\CodeIgniter->handleRequest(NULL, Object(Config\Cache), false)
#8 C:\xampp\htdocs\SCR\public\index.php(44): CodeIgniter\CodeIgniter->run()
#9 {main}
CRITICAL - 2021-03-01 04:56:08 --> Undefined variable: HTTP_RAW_POST_DATA
#0 C:\xampp\htdocs\SCR\app\Views\setting.php(25): CodeIgniter\Debug\Exceptions->errorHandler(8, 'Undefined varia...', 'C:\\xampp\\htdocs...', 25, Array)
#1 C:\xampp\htdocs\SCR\system\View\View.php(246): include('C:\\xampp\\htdocs...')
#2 C:\xampp\htdocs\SCR\system\Common.php(1087): CodeIgniter\View\View->render('setting', Array, true)
#3 C:\xampp\htdocs\SCR\app\Controllers\Setting.php(29): view('setting', Array)
#4 C:\xampp\htdocs\SCR\system\CodeIgniter.php(917): App\Controllers\Setting->index()
#5 C:\xampp\htdocs\SCR\system\CodeIgniter.php(403): CodeIgniter\CodeIgniter->runController(Object(App\Controllers\Setting))
#6 C:\xampp\htdocs\SCR\system\CodeIgniter.php(311): CodeIgniter\CodeIgniter->handleRequest(NULL, Object(Config\Cache), false)
#7 C:\xampp\htdocs\SCR\public\index.php(44): CodeIgniter\CodeIgniter->run()
#8 {main}
CRITICAL - 2021-03-01 04:57:38 --> Undefined variable: HTTP_RAW_POST_DATA
#0 C:\xampp\htdocs\SCR\app\Views\setting.php(25): CodeIgniter\Debug\Exceptions->errorHandler(8, 'Undefined varia...', 'C:\\xampp\\htdocs...', 25, Array)
#1 C:\xampp\htdocs\SCR\system\View\View.php(246): include('C:\\xampp\\htdocs...')
#2 C:\xampp\htdocs\SCR\system\Common.php(1087): CodeIgniter\View\View->render('setting', Array, true)
#3 C:\xampp\htdocs\SCR\app\Controllers\Setting.php(29): view('setting', Array)
#4 C:\xampp\htdocs\SCR\system\CodeIgniter.php(917): App\Controllers\Setting->index()
#5 C:\xampp\htdocs\SCR\system\CodeIgniter.php(403): CodeIgniter\CodeIgniter->runController(Object(App\Controllers\Setting))
#6 C:\xampp\htdocs\SCR\system\CodeIgniter.php(311): CodeIgniter\CodeIgniter->handleRequest(NULL, Object(Config\Cache), false)
#7 C:\xampp\htdocs\SCR\public\index.php(44): CodeIgniter\CodeIgniter->run()
#8 {main}
CRITICAL - 2021-03-01 04:57:43 --> Undefined variable: HTTP_RAW_POST_DATA
#0 C:\xampp\htdocs\SCR\app\Views\setting.php(25): CodeIgniter\Debug\Exceptions->errorHandler(8, 'Undefined varia...', 'C:\\xampp\\htdocs...', 25, Array)
#1 C:\xampp\htdocs\SCR\system\View\View.php(246): include('C:\\xampp\\htdocs...')
#2 C:\xampp\htdocs\SCR\system\Common.php(1087): CodeIgniter\View\View->render('setting', Array, true)
#3 C:\xampp\htdocs\SCR\app\Controllers\Setting.php(29): view('setting', Array)
#4 C:\xampp\htdocs\SCR\system\CodeIgniter.php(917): App\Controllers\Setting->index()
#5 C:\xampp\htdocs\SCR\system\CodeIgniter.php(403): CodeIgniter\CodeIgniter->runController(Object(App\Controllers\Setting))
#6 C:\xampp\htdocs\SCR\system\CodeIgniter.php(311): CodeIgniter\CodeIgniter->handleRequest(NULL, Object(Config\Cache), false)
#7 C:\xampp\htdocs\SCR\public\index.php(44): CodeIgniter\CodeIgniter->run()
#8 {main}
CRITICAL - 2021-03-01 04:59:46 --> Invalid argument supplied for foreach()
#0 C:\xampp\htdocs\SCR\system\HTTP\Request.php(371): CodeIgniter\Debug\Exceptions->errorHandler(2, 'Invalid argumen...', 'C:\\xampp\\htdocs...', 371, Array)
#1 C:\xampp\htdocs\SCR\system\HTTP\IncomingRequest.php(411): CodeIgniter\HTTP\Request->fetchGlobal('post', NULL, 516, NULL)
#2 C:\xampp\htdocs\SCR\system\Debug\Toolbar.php(165): CodeIgniter\HTTP\IncomingRequest->getPost()
#3 C:\xampp\htdocs\SCR\system\Debug\Toolbar.php(353): CodeIgniter\Debug\Toolbar->run(1614549586.5677, 0.1849, Object(CodeIgniter\HTTP\IncomingRequest), Object(CodeIgniter\HTTP\Response))
#4 C:\xampp\htdocs\SCR\system\Filters\DebugToolbar.php(75): CodeIgniter\Debug\Toolbar->prepare(Object(CodeIgniter\HTTP\IncomingRequest), Object(CodeIgniter\HTTP\Response))
#5 C:\xampp\htdocs\SCR\system\Filters\Filters.php(199): CodeIgniter\Filters\DebugToolbar->after(Object(CodeIgniter\HTTP\IncomingRequest), Object(CodeIgniter\HTTP\Response))
#6 C:\xampp\htdocs\SCR\system\CodeIgniter.php(421): CodeIgniter\Filters\Filters->run('setting/index', 'after')
#7 C:\xampp\htdocs\SCR\system\CodeIgniter.php(311): CodeIgniter\CodeIgniter->handleRequest(NULL, Object(Config\Cache), false)
#8 C:\xampp\htdocs\SCR\public\index.php(44): CodeIgniter\CodeIgniter->run()
#9 {main}
CRITICAL - 2021-03-01 05:04:19 --> Invalid argument supplied for foreach()
#0 C:\xampp\htdocs\SCR\system\HTTP\Request.php(371): CodeIgniter\Debug\Exceptions->errorHandler(2, 'Invalid argumen...', 'C:\\xampp\\htdocs...', 371, Array)
#1 C:\xampp\htdocs\SCR\system\HTTP\IncomingRequest.php(411): CodeIgniter\HTTP\Request->fetchGlobal('post', NULL, 516, NULL)
#2 C:\xampp\htdocs\SCR\system\Debug\Toolbar.php(165): CodeIgniter\HTTP\IncomingRequest->getPost()
#3 C:\xampp\htdocs\SCR\system\Debug\Toolbar.php(353): CodeIgniter\Debug\Toolbar->run(1614549859.3964, 0.149, Object(CodeIgniter\HTTP\IncomingRequest), Object(CodeIgniter\HTTP\Response))
#4 C:\xampp\htdocs\SCR\system\Filters\DebugToolbar.php(75): CodeIgniter\Debug\Toolbar->prepare(Object(CodeIgniter\HTTP\IncomingRequest), Object(CodeIgniter\HTTP\Response))
#5 C:\xampp\htdocs\SCR\system\Filters\Filters.php(199): CodeIgniter\Filters\DebugToolbar->after(Object(CodeIgniter\HTTP\IncomingRequest), Object(CodeIgniter\HTTP\Response))
#6 C:\xampp\htdocs\SCR\system\CodeIgniter.php(421): CodeIgniter\Filters\Filters->run('setting/index', 'after')
#7 C:\xampp\htdocs\SCR\system\CodeIgniter.php(311): CodeIgniter\CodeIgniter->handleRequest(NULL, Object(Config\Cache), false)
#8 C:\xampp\htdocs\SCR\public\index.php(44): CodeIgniter\CodeIgniter->run()
#9 {main}
CRITICAL - 2021-03-01 05:06:35 --> Invalid argument supplied for foreach()
#0 C:\xampp\htdocs\SCR\system\HTTP\Request.php(371): CodeIgniter\Debug\Exceptions->errorHandler(2, 'Invalid argumen...', 'C:\\xampp\\htdocs...', 371, Array)
#1 C:\xampp\htdocs\SCR\system\HTTP\IncomingRequest.php(411): CodeIgniter\HTTP\Request->fetchGlobal('post', NULL, 516, NULL)
#2 C:\xampp\htdocs\SCR\system\Debug\Toolbar.php(165): CodeIgniter\HTTP\IncomingRequest->getPost()
#3 C:\xampp\htdocs\SCR\system\Debug\Toolbar.php(353): CodeIgniter\Debug\Toolbar->run(1614549995.5027, 0.0942, Object(CodeIgniter\HTTP\IncomingRequest), Object(CodeIgniter\HTTP\Response))
#4 C:\xampp\htdocs\SCR\system\Filters\DebugToolbar.php(75): CodeIgniter\Debug\Toolbar->prepare(Object(CodeIgniter\HTTP\IncomingRequest), Object(CodeIgniter\HTTP\Response))
#5 C:\xampp\htdocs\SCR\system\Filters\Filters.php(199): CodeIgniter\Filters\DebugToolbar->after(Object(CodeIgniter\HTTP\IncomingRequest), Object(CodeIgniter\HTTP\Response))
#6 C:\xampp\htdocs\SCR\system\CodeIgniter.php(421): CodeIgniter\Filters\Filters->run('setting/index', 'after')
#7 C:\xampp\htdocs\SCR\system\CodeIgniter.php(311): CodeIgniter\CodeIgniter->handleRequest(NULL, Object(Config\Cache), false)
#8 C:\xampp\htdocs\SCR\public\index.php(44): CodeIgniter\CodeIgniter->run()
#9 {main}
CRITICAL - 2021-03-01 05:21:08 --> Undefined index: mathcaptcha_answer
#0 C:\xampp\htdocs\SCR\app\Controllers\Login.php(35): CodeIgniter\Debug\Exceptions->errorHandler(8, 'Undefined index...', 'C:\\xampp\\htdocs...', 35, Array)
#1 C:\xampp\htdocs\SCR\system\CodeIgniter.php(917): App\Controllers\Login->index()
#2 C:\xampp\htdocs\SCR\system\CodeIgniter.php(403): CodeIgniter\CodeIgniter->runController(Object(App\Controllers\Login))
#3 C:\xampp\htdocs\SCR\system\CodeIgniter.php(311): CodeIgniter\CodeIgniter->handleRequest(NULL, Object(Config\Cache), false)
#4 C:\xampp\htdocs\SCR\public\index.php(44): CodeIgniter\CodeIgniter->run()
#5 {main}
CRITICAL - 2021-03-01 05:21:16 --> Undefined index: mathcaptcha_answer
#0 C:\xampp\htdocs\SCR\app\Controllers\Login.php(35): CodeIgniter\Debug\Exceptions->errorHandler(8, 'Undefined index...', 'C:\\xampp\\htdocs...', 35, Array)
#1 C:\xampp\htdocs\SCR\system\CodeIgniter.php(917): App\Controllers\Login->index()
#2 C:\xampp\htdocs\SCR\system\CodeIgniter.php(403): CodeIgniter\CodeIgniter->runController(Object(App\Controllers\Login))
#3 C:\xampp\htdocs\SCR\system\CodeIgniter.php(311): CodeIgniter\CodeIgniter->handleRequest(NULL, Object(Config\Cache), false)
#4 C:\xampp\htdocs\SCR\public\index.php(44): CodeIgniter\CodeIgniter->run()
#5 {main}
CRITICAL - 2021-03-01 11:36:10 --> Trying to access array offset on value of type null
#0 C:\xampp\htdocs\SCR\app\Views\setting.php(32): CodeIgniter\Debug\Exceptions->errorHandler(8, 'Trying to acces...', 'C:\\xampp\\htdocs...', 32, Array)
#1 C:\xampp\htdocs\SCR\system\View\View.php(246): include('C:\\xampp\\htdocs...')
#2 C:\xampp\htdocs\SCR\system\Common.php(1087): CodeIgniter\View\View->render('setting', Array, true)
#3 C:\xampp\htdocs\SCR\app\Controllers\Setting.php(29): view('setting', Array)
#4 C:\xampp\htdocs\SCR\system\CodeIgniter.php(917): App\Controllers\Setting->index()
#5 C:\xampp\htdocs\SCR\system\CodeIgniter.php(403): CodeIgniter\CodeIgniter->runController(Object(App\Controllers\Setting))
#6 C:\xampp\htdocs\SCR\system\CodeIgniter.php(311): CodeIgniter\CodeIgniter->handleRequest(NULL, Object(Config\Cache), false)
#7 C:\xampp\htdocs\SCR\public\index.php(44): CodeIgniter\CodeIgniter->run()
#8 {main}
