CRITICAL - 2021-03-06 10:27:41 --> Trying to access array offset on value of type null
#0 C:\xampp\htdocs\SCR\app\Views\setting.php(35): CodeIgniter\Debug\Exceptions->errorHandler(8, 'Trying to acces...', 'C:\\xampp\\htdocs...', 35, Array)
#1 C:\xampp\htdocs\SCR\system\View\View.php(246): include('C:\\xampp\\htdocs...')
#2 C:\xampp\htdocs\SCR\system\Common.php(1087): CodeIgniter\View\View->render('setting', Array, true)
#3 C:\xampp\htdocs\SCR\app\Controllers\Setting.php(34): view('setting', Array)
#4 C:\xampp\htdocs\SCR\system\CodeIgniter.php(917): App\Controllers\Setting->index()
#5 C:\xampp\htdocs\SCR\system\CodeIgniter.php(403): CodeIgniter\CodeIgniter->runController(Object(App\Controllers\Setting))
#6 C:\xampp\htdocs\SCR\system\CodeIgniter.php(311): CodeIgniter\CodeIgniter->handleRequest(NULL, Object(Config\Cache), false)
#7 C:\xampp\htdocs\SCR\public\index.php(44): CodeIgniter\CodeIgniter->run()
#8 {main}
CRITICAL - 2021-03-06 10:30:05 --> Trying to access array offset on value of type null
#0 C:\xampp\htdocs\SCR\app\Views\setting.php(35): CodeIgniter\Debug\Exceptions->errorHandler(8, 'Trying to acces...', 'C:\\xampp\\htdocs...', 35, Array)
#1 C:\xampp\htdocs\SCR\system\View\View.php(246): include('C:\\xampp\\htdocs...')
#2 C:\xampp\htdocs\SCR\system\Common.php(1087): CodeIgniter\View\View->render('setting', Array, true)
#3 C:\xampp\htdocs\SCR\app\Controllers\Setting.php(34): view('setting', Array)
#4 C:\xampp\htdocs\SCR\system\CodeIgniter.php(917): App\Controllers\Setting->index()
#5 C:\xampp\htdocs\SCR\system\CodeIgniter.php(403): CodeIgniter\CodeIgniter->runController(Object(App\Controllers\Setting))
#6 C:\xampp\htdocs\SCR\system\CodeIgniter.php(311): CodeIgniter\CodeIgniter->handleRequest(NULL, Object(Config\Cache), false)
#7 C:\xampp\htdocs\SCR\public\index.php(44): CodeIgniter\CodeIgniter->run()
#8 {main}
CRITICAL - 2021-03-06 10:30:32 --> Trying to access array offset on value of type null
#0 C:\xampp\htdocs\SCR\app\Views\setting.php(35): CodeIgniter\Debug\Exceptions->errorHandler(8, 'Trying to acces...', 'C:\\xampp\\htdocs...', 35, Array)
#1 C:\xampp\htdocs\SCR\system\View\View.php(246): include('C:\\xampp\\htdocs...')
#2 C:\xampp\htdocs\SCR\system\Common.php(1087): CodeIgniter\View\View->render('setting', Array, true)
#3 C:\xampp\htdocs\SCR\app\Controllers\Setting.php(34): view('setting', Array)
#4 C:\xampp\htdocs\SCR\system\CodeIgniter.php(917): App\Controllers\Setting->index()
#5 C:\xampp\htdocs\SCR\system\CodeIgniter.php(403): CodeIgniter\CodeIgniter->runController(Object(App\Controllers\Setting))
#6 C:\xampp\htdocs\SCR\system\CodeIgniter.php(311): CodeIgniter\CodeIgniter->handleRequest(NULL, Object(Config\Cache), false)
#7 C:\xampp\htdocs\SCR\public\index.php(44): CodeIgniter\CodeIgniter->run()
#8 {main}
CRITICAL - 2021-03-06 10:30:35 --> Trying to access array offset on value of type null
#0 C:\xampp\htdocs\SCR\app\Views\setting.php(35): CodeIgniter\Debug\Exceptions->errorHandler(8, 'Trying to acces...', 'C:\\xampp\\htdocs...', 35, Array)
#1 C:\xampp\htdocs\SCR\system\View\View.php(246): include('C:\\xampp\\htdocs...')
#2 C:\xampp\htdocs\SCR\system\Common.php(1087): CodeIgniter\View\View->render('setting', Array, true)
#3 C:\xampp\htdocs\SCR\app\Controllers\Setting.php(34): view('setting', Array)
#4 C:\xampp\htdocs\SCR\system\CodeIgniter.php(917): App\Controllers\Setting->index()
#5 C:\xampp\htdocs\SCR\system\CodeIgniter.php(403): CodeIgniter\CodeIgniter->runController(Object(App\Controllers\Setting))
#6 C:\xampp\htdocs\SCR\system\CodeIgniter.php(311): CodeIgniter\CodeIgniter->handleRequest(NULL, Object(Config\Cache), false)
#7 C:\xampp\htdocs\SCR\public\index.php(44): CodeIgniter\CodeIgniter->run()
#8 {main}
CRITICAL - 2021-03-06 10:38:38 --> Trying to access array offset on value of type null
#0 C:\xampp\htdocs\SCR\app\Views\setting.php(35): CodeIgniter\Debug\Exceptions->errorHandler(8, 'Trying to acces...', 'C:\\xampp\\htdocs...', 35, Array)
#1 C:\xampp\htdocs\SCR\system\View\View.php(246): include('C:\\xampp\\htdocs...')
#2 C:\xampp\htdocs\SCR\system\Common.php(1087): CodeIgniter\View\View->render('setting', Array, true)
#3 C:\xampp\htdocs\SCR\app\Controllers\Setting.php(34): view('setting', Array)
#4 C:\xampp\htdocs\SCR\system\CodeIgniter.php(917): App\Controllers\Setting->index()
#5 C:\xampp\htdocs\SCR\system\CodeIgniter.php(403): CodeIgniter\CodeIgniter->runController(Object(App\Controllers\Setting))
#6 C:\xampp\htdocs\SCR\system\CodeIgniter.php(311): CodeIgniter\CodeIgniter->handleRequest(NULL, Object(Config\Cache), false)
#7 C:\xampp\htdocs\SCR\public\index.php(44): CodeIgniter\CodeIgniter->run()
#8 {main}
CRITICAL - 2021-03-06 10:44:56 --> Trying to access array offset on value of type null
#0 C:\xampp\htdocs\SCR\app\Views\setting.php(31): CodeIgniter\Debug\Exceptions->errorHandler(8, 'Trying to acces...', 'C:\\xampp\\htdocs...', 31, Array)
#1 C:\xampp\htdocs\SCR\system\View\View.php(246): include('C:\\xampp\\htdocs...')
#2 C:\xampp\htdocs\SCR\system\Common.php(1087): CodeIgniter\View\View->render('setting', Array, true)
#3 C:\xampp\htdocs\SCR\app\Controllers\Setting.php(34): view('setting', Array)
#4 C:\xampp\htdocs\SCR\system\CodeIgniter.php(917): App\Controllers\Setting->index()
#5 C:\xampp\htdocs\SCR\system\CodeIgniter.php(403): CodeIgniter\CodeIgniter->runController(Object(App\Controllers\Setting))
#6 C:\xampp\htdocs\SCR\system\CodeIgniter.php(311): CodeIgniter\CodeIgniter->handleRequest(NULL, Object(Config\Cache), false)
#7 C:\xampp\htdocs\SCR\public\index.php(44): CodeIgniter\CodeIgniter->run()
#8 {main}
CRITICAL - 2021-03-06 10:45:16 --> Trying to access array offset on value of type null
#0 C:\xampp\htdocs\SCR\app\Views\setting.php(31): CodeIgniter\Debug\Exceptions->errorHandler(8, 'Trying to acces...', 'C:\\xampp\\htdocs...', 31, Array)
#1 C:\xampp\htdocs\SCR\system\View\View.php(246): include('C:\\xampp\\htdocs...')
#2 C:\xampp\htdocs\SCR\system\Common.php(1087): CodeIgniter\View\View->render('setting', Array, true)
#3 C:\xampp\htdocs\SCR\app\Controllers\Setting.php(34): view('setting', Array)
#4 C:\xampp\htdocs\SCR\system\CodeIgniter.php(917): App\Controllers\Setting->index()
#5 C:\xampp\htdocs\SCR\system\CodeIgniter.php(403): CodeIgniter\CodeIgniter->runController(Object(App\Controllers\Setting))
#6 C:\xampp\htdocs\SCR\system\CodeIgniter.php(311): CodeIgniter\CodeIgniter->handleRequest(NULL, Object(Config\Cache), false)
#7 C:\xampp\htdocs\SCR\public\index.php(44): CodeIgniter\CodeIgniter->run()
#8 {main}
CRITICAL - 2021-03-06 11:15:34 --> Undefined variable: key
#0 C:\xampp\htdocs\SCR\app\Views\setting.php(36): CodeIgniter\Debug\Exceptions->errorHandler(8, 'Undefined varia...', 'C:\\xampp\\htdocs...', 36, Array)
#1 C:\xampp\htdocs\SCR\system\View\View.php(246): include('C:\\xampp\\htdocs...')
#2 C:\xampp\htdocs\SCR\system\Common.php(1087): CodeIgniter\View\View->render('setting', Array, true)
#3 C:\xampp\htdocs\SCR\app\Controllers\Setting.php(34): view('setting', Array)
#4 C:\xampp\htdocs\SCR\system\CodeIgniter.php(917): App\Controllers\Setting->index()
#5 C:\xampp\htdocs\SCR\system\CodeIgniter.php(403): CodeIgniter\CodeIgniter->runController(Object(App\Controllers\Setting))
#6 C:\xampp\htdocs\SCR\system\CodeIgniter.php(311): CodeIgniter\CodeIgniter->handleRequest(NULL, Object(Config\Cache), false)
#7 C:\xampp\htdocs\SCR\public\index.php(44): CodeIgniter\CodeIgniter->run()
#8 {main}
CRITICAL - 2021-03-06 11:15:58 --> Invalid argument supplied for foreach()
#0 C:\xampp\htdocs\SCR\system\HTTP\Request.php(371): CodeIgniter\Debug\Exceptions->errorHandler(2, 'Invalid argumen...', 'C:\\xampp\\htdocs...', 371, Array)
#1 C:\xampp\htdocs\SCR\system\HTTP\IncomingRequest.php(411): CodeIgniter\HTTP\Request->fetchGlobal('post', NULL, 516, NULL)
#2 C:\xampp\htdocs\SCR\system\Debug\Toolbar.php(165): CodeIgniter\HTTP\IncomingRequest->getPost()
#3 C:\xampp\htdocs\SCR\system\Debug\Toolbar.php(353): CodeIgniter\Debug\Toolbar->run(1615004158.1786, 0.0998, Object(CodeIgniter\HTTP\IncomingRequest), Object(CodeIgniter\HTTP\Response))
#4 C:\xampp\htdocs\SCR\system\Filters\DebugToolbar.php(75): CodeIgniter\Debug\Toolbar->prepare(Object(CodeIgniter\HTTP\IncomingRequest), Object(CodeIgniter\HTTP\Response))
#5 C:\xampp\htdocs\SCR\system\Filters\Filters.php(199): CodeIgniter\Filters\DebugToolbar->after(Object(CodeIgniter\HTTP\IncomingRequest), Object(CodeIgniter\HTTP\Response))
#6 C:\xampp\htdocs\SCR\system\CodeIgniter.php(421): CodeIgniter\Filters\Filters->run('setting/index', 'after')
#7 C:\xampp\htdocs\SCR\system\CodeIgniter.php(311): CodeIgniter\CodeIgniter->handleRequest(NULL, Object(Config\Cache), false)
#8 C:\xampp\htdocs\SCR\public\index.php(44): CodeIgniter\CodeIgniter->run()
#9 {main}
CRITICAL - 2021-03-06 11:17:17 --> Invalid argument supplied for foreach()
#0 C:\xampp\htdocs\SCR\system\HTTP\Request.php(371): CodeIgniter\Debug\Exceptions->errorHandler(2, 'Invalid argumen...', 'C:\\xampp\\htdocs...', 371, Array)
#1 C:\xampp\htdocs\SCR\system\HTTP\IncomingRequest.php(411): CodeIgniter\HTTP\Request->fetchGlobal('post', NULL, 516, NULL)
#2 C:\xampp\htdocs\SCR\system\Debug\Toolbar.php(165): CodeIgniter\HTTP\IncomingRequest->getPost()
#3 C:\xampp\htdocs\SCR\system\Debug\Toolbar.php(353): CodeIgniter\Debug\Toolbar->run(1615004237.3481, 0.0784, Object(CodeIgniter\HTTP\IncomingRequest), Object(CodeIgniter\HTTP\Response))
#4 C:\xampp\htdocs\SCR\system\Filters\DebugToolbar.php(75): CodeIgniter\Debug\Toolbar->prepare(Object(CodeIgniter\HTTP\IncomingRequest), Object(CodeIgniter\HTTP\Response))
#5 C:\xampp\htdocs\SCR\system\Filters\Filters.php(199): CodeIgniter\Filters\DebugToolbar->after(Object(CodeIgniter\HTTP\IncomingRequest), Object(CodeIgniter\HTTP\Response))
#6 C:\xampp\htdocs\SCR\system\CodeIgniter.php(421): CodeIgniter\Filters\Filters->run('setting/index', 'after')
#7 C:\xampp\htdocs\SCR\system\CodeIgniter.php(311): CodeIgniter\CodeIgniter->handleRequest(NULL, Object(Config\Cache), false)
#8 C:\xampp\htdocs\SCR\public\index.php(44): CodeIgniter\CodeIgniter->run()
#9 {main}
CRITICAL - 2021-03-06 11:29:27 --> Invalid argument supplied for foreach()
#0 C:\xampp\htdocs\SCR\system\HTTP\Request.php(371): CodeIgniter\Debug\Exceptions->errorHandler(2, 'Invalid argumen...', 'C:\\xampp\\htdocs...', 371, Array)
#1 C:\xampp\htdocs\SCR\system\HTTP\IncomingRequest.php(411): CodeIgniter\HTTP\Request->fetchGlobal('post', NULL, 516, NULL)
#2 C:\xampp\htdocs\SCR\system\Debug\Toolbar.php(165): CodeIgniter\HTTP\IncomingRequest->getPost()
#3 C:\xampp\htdocs\SCR\system\Debug\Toolbar.php(353): CodeIgniter\Debug\Toolbar->run(1615004967.1768, 0.0624, Object(CodeIgniter\HTTP\IncomingRequest), Object(CodeIgniter\HTTP\Response))
#4 C:\xampp\htdocs\SCR\system\Filters\DebugToolbar.php(75): CodeIgniter\Debug\Toolbar->prepare(Object(CodeIgniter\HTTP\IncomingRequest), Object(CodeIgniter\HTTP\Response))
#5 C:\xampp\htdocs\SCR\system\Filters\Filters.php(199): CodeIgniter\Filters\DebugToolbar->after(Object(CodeIgniter\HTTP\IncomingRequest), Object(CodeIgniter\HTTP\Response))
#6 C:\xampp\htdocs\SCR\system\CodeIgniter.php(421): CodeIgniter\Filters\Filters->run('setting/index', 'after')
#7 C:\xampp\htdocs\SCR\system\CodeIgniter.php(311): CodeIgniter\CodeIgniter->handleRequest(NULL, Object(Config\Cache), false)
#8 C:\xampp\htdocs\SCR\public\index.php(44): CodeIgniter\CodeIgniter->run()
#9 {main}
CRITICAL - 2021-03-06 11:35:53 --> CodeIgniter\View\View::main(): Failed opening required 'vendor/autoload.php' (include_path='C:\xampp\php\PEAR')
#0 [internal function]: CodeIgniter\Debug\Exceptions->shutdownHandler()
#1 {main}
CRITICAL - 2021-03-06 11:36:05 --> Trying to access array offset on value of type null
#0 C:\xampp\htdocs\SCR\public\post.php(9): CodeIgniter\Debug\Exceptions->errorHandler(8, 'Trying to acces...', 'C:\\xampp\\htdocs...', 9, Array)
#1 C:\xampp\htdocs\SCR\app\Views\setting.php(7): require_once('C:\\xampp\\htdocs...')
#2 C:\xampp\htdocs\SCR\system\View\View.php(246): include('C:\\xampp\\htdocs...')
#3 C:\xampp\htdocs\SCR\system\Common.php(1087): CodeIgniter\View\View->render('setting', Array, true)
#4 C:\xampp\htdocs\SCR\app\Controllers\Setting.php(34): view('setting', Array)
#5 C:\xampp\htdocs\SCR\system\CodeIgniter.php(917): App\Controllers\Setting->index()
#6 C:\xampp\htdocs\SCR\system\CodeIgniter.php(403): CodeIgniter\CodeIgniter->runController(Object(App\Controllers\Setting))
#7 C:\xampp\htdocs\SCR\system\CodeIgniter.php(311): CodeIgniter\CodeIgniter->handleRequest(NULL, Object(Config\Cache), false)
#8 C:\xampp\htdocs\SCR\public\index.php(44): CodeIgniter\CodeIgniter->run()
#9 {main}
CRITICAL - 2021-03-06 11:36:06 --> Trying to access array offset on value of type null
#0 C:\xampp\htdocs\SCR\public\post.php(9): CodeIgniter\Debug\Exceptions->errorHandler(8, 'Trying to acces...', 'C:\\xampp\\htdocs...', 9, Array)
#1 C:\xampp\htdocs\SCR\app\Views\setting.php(7): require_once('C:\\xampp\\htdocs...')
#2 C:\xampp\htdocs\SCR\system\View\View.php(246): include('C:\\xampp\\htdocs...')
#3 C:\xampp\htdocs\SCR\system\Common.php(1087): CodeIgniter\View\View->render('setting', Array, true)
#4 C:\xampp\htdocs\SCR\app\Controllers\Setting.php(34): view('setting', Array)
#5 C:\xampp\htdocs\SCR\system\CodeIgniter.php(917): App\Controllers\Setting->index()
#6 C:\xampp\htdocs\SCR\system\CodeIgniter.php(403): CodeIgniter\CodeIgniter->runController(Object(App\Controllers\Setting))
#7 C:\xampp\htdocs\SCR\system\CodeIgniter.php(311): CodeIgniter\CodeIgniter->handleRequest(NULL, Object(Config\Cache), false)
#8 C:\xampp\htdocs\SCR\public\index.php(44): CodeIgniter\CodeIgniter->run()
#9 {main}
CRITICAL - 2021-03-06 11:36:07 --> Trying to access array offset on value of type null
#0 C:\xampp\htdocs\SCR\public\post.php(9): CodeIgniter\Debug\Exceptions->errorHandler(8, 'Trying to acces...', 'C:\\xampp\\htdocs...', 9, Array)
#1 C:\xampp\htdocs\SCR\app\Views\setting.php(7): require_once('C:\\xampp\\htdocs...')
#2 C:\xampp\htdocs\SCR\system\View\View.php(246): include('C:\\xampp\\htdocs...')
#3 C:\xampp\htdocs\SCR\system\Common.php(1087): CodeIgniter\View\View->render('setting', Array, true)
#4 C:\xampp\htdocs\SCR\app\Controllers\Setting.php(34): view('setting', Array)
#5 C:\xampp\htdocs\SCR\system\CodeIgniter.php(917): App\Controllers\Setting->index()
#6 C:\xampp\htdocs\SCR\system\CodeIgniter.php(403): CodeIgniter\CodeIgniter->runController(Object(App\Controllers\Setting))
#7 C:\xampp\htdocs\SCR\system\CodeIgniter.php(311): CodeIgniter\CodeIgniter->handleRequest(NULL, Object(Config\Cache), false)
#8 C:\xampp\htdocs\SCR\public\index.php(44): CodeIgniter\CodeIgniter->run()
#9 {main}
CRITICAL - 2021-03-06 11:36:28 --> Invalid argument supplied for foreach()
#0 C:\xampp\htdocs\SCR\system\HTTP\Request.php(371): CodeIgniter\Debug\Exceptions->errorHandler(2, 'Invalid argumen...', 'C:\\xampp\\htdocs...', 371, Array)
#1 C:\xampp\htdocs\SCR\system\HTTP\IncomingRequest.php(411): CodeIgniter\HTTP\Request->fetchGlobal('post', NULL, 516, NULL)
#2 C:\xampp\htdocs\SCR\system\Debug\Toolbar.php(165): CodeIgniter\HTTP\IncomingRequest->getPost()
#3 C:\xampp\htdocs\SCR\system\Debug\Toolbar.php(353): CodeIgniter\Debug\Toolbar->run(1615005388.3258, 0.0743, Object(CodeIgniter\HTTP\IncomingRequest), Object(CodeIgniter\HTTP\Response))
#4 C:\xampp\htdocs\SCR\system\Filters\DebugToolbar.php(75): CodeIgniter\Debug\Toolbar->prepare(Object(CodeIgniter\HTTP\IncomingRequest), Object(CodeIgniter\HTTP\Response))
#5 C:\xampp\htdocs\SCR\system\Filters\Filters.php(199): CodeIgniter\Filters\DebugToolbar->after(Object(CodeIgniter\HTTP\IncomingRequest), Object(CodeIgniter\HTTP\Response))
#6 C:\xampp\htdocs\SCR\system\CodeIgniter.php(421): CodeIgniter\Filters\Filters->run('setting/index', 'after')
#7 C:\xampp\htdocs\SCR\system\CodeIgniter.php(311): CodeIgniter\CodeIgniter->handleRequest(NULL, Object(Config\Cache), false)
#8 C:\xampp\htdocs\SCR\public\index.php(44): CodeIgniter\CodeIgniter->run()
#9 {main}
CRITICAL - 2021-03-06 11:36:47 --> Invalid argument supplied for foreach()
#0 C:\xampp\htdocs\SCR\system\HTTP\Request.php(371): CodeIgniter\Debug\Exceptions->errorHandler(2, 'Invalid argumen...', 'C:\\xampp\\htdocs...', 371, Array)
#1 C:\xampp\htdocs\SCR\system\HTTP\IncomingRequest.php(411): CodeIgniter\HTTP\Request->fetchGlobal('post', NULL, 516, NULL)
#2 C:\xampp\htdocs\SCR\system\Debug\Toolbar.php(165): CodeIgniter\HTTP\IncomingRequest->getPost()
#3 C:\xampp\htdocs\SCR\system\Debug\Toolbar.php(353): CodeIgniter\Debug\Toolbar->run(1615005407.1901, 0.0673, Object(CodeIgniter\HTTP\IncomingRequest), Object(CodeIgniter\HTTP\Response))
#4 C:\xampp\htdocs\SCR\system\Filters\DebugToolbar.php(75): CodeIgniter\Debug\Toolbar->prepare(Object(CodeIgniter\HTTP\IncomingRequest), Object(CodeIgniter\HTTP\Response))
#5 C:\xampp\htdocs\SCR\system\Filters\Filters.php(199): CodeIgniter\Filters\DebugToolbar->after(Object(CodeIgniter\HTTP\IncomingRequest), Object(CodeIgniter\HTTP\Response))
#6 C:\xampp\htdocs\SCR\system\CodeIgniter.php(421): CodeIgniter\Filters\Filters->run('setting/index', 'after')
#7 C:\xampp\htdocs\SCR\system\CodeIgniter.php(311): CodeIgniter\CodeIgniter->handleRequest(NULL, Object(Config\Cache), false)
#8 C:\xampp\htdocs\SCR\public\index.php(44): CodeIgniter\CodeIgniter->run()
#9 {main}
CRITICAL - 2021-03-06 11:37:31 --> Invalid argument supplied for foreach()
#0 C:\xampp\htdocs\SCR\system\HTTP\Request.php(371): CodeIgniter\Debug\Exceptions->errorHandler(2, 'Invalid argumen...', 'C:\\xampp\\htdocs...', 371, Array)
#1 C:\xampp\htdocs\SCR\system\HTTP\IncomingRequest.php(411): CodeIgniter\HTTP\Request->fetchGlobal('post', NULL, 516, NULL)
#2 C:\xampp\htdocs\SCR\system\Debug\Toolbar.php(165): CodeIgniter\HTTP\IncomingRequest->getPost()
#3 C:\xampp\htdocs\SCR\system\Debug\Toolbar.php(353): CodeIgniter\Debug\Toolbar->run(1615005451.4645, 0.066, Object(CodeIgniter\HTTP\IncomingRequest), Object(CodeIgniter\HTTP\Response))
#4 C:\xampp\htdocs\SCR\system\Filters\DebugToolbar.php(75): CodeIgniter\Debug\Toolbar->prepare(Object(CodeIgniter\HTTP\IncomingRequest), Object(CodeIgniter\HTTP\Response))
#5 C:\xampp\htdocs\SCR\system\Filters\Filters.php(199): CodeIgniter\Filters\DebugToolbar->after(Object(CodeIgniter\HTTP\IncomingRequest), Object(CodeIgniter\HTTP\Response))
#6 C:\xampp\htdocs\SCR\system\CodeIgniter.php(421): CodeIgniter\Filters\Filters->run('setting/index', 'after')
#7 C:\xampp\htdocs\SCR\system\CodeIgniter.php(311): CodeIgniter\CodeIgniter->handleRequest(NULL, Object(Config\Cache), false)
#8 C:\xampp\htdocs\SCR\public\index.php(44): CodeIgniter\CodeIgniter->run()
#9 {main}
CRITICAL - 2021-03-06 15:22:44 --> Trying to access array offset on value of type null
#0 C:\xampp\htdocs\SCR\app\Views\setting.php(32): CodeIgniter\Debug\Exceptions->errorHandler(8, 'Trying to acces...', 'C:\\xampp\\htdocs...', 32, Array)
#1 C:\xampp\htdocs\SCR\system\View\View.php(246): include('C:\\xampp\\htdocs...')
#2 C:\xampp\htdocs\SCR\system\Common.php(1087): CodeIgniter\View\View->render('setting', Array, true)
#3 C:\xampp\htdocs\SCR\app\Controllers\Setting.php(34): view('setting', Array)
#4 C:\xampp\htdocs\SCR\system\CodeIgniter.php(917): App\Controllers\Setting->index()
#5 C:\xampp\htdocs\SCR\system\CodeIgniter.php(403): CodeIgniter\CodeIgniter->runController(Object(App\Controllers\Setting))
#6 C:\xampp\htdocs\SCR\system\CodeIgniter.php(311): CodeIgniter\CodeIgniter->handleRequest(NULL, Object(Config\Cache), false)
#7 C:\xampp\htdocs\SCR\public\index.php(44): CodeIgniter\CodeIgniter->run()
#8 {main}
CRITICAL - 2021-03-06 15:26:26 --> Trying to access array offset on value of type null
#0 C:\xampp\htdocs\SCR\app\Views\setting.php(32): CodeIgniter\Debug\Exceptions->errorHandler(8, 'Trying to acces...', 'C:\\xampp\\htdocs...', 32, Array)
#1 C:\xampp\htdocs\SCR\system\View\View.php(246): include('C:\\xampp\\htdocs...')
#2 C:\xampp\htdocs\SCR\system\Common.php(1087): CodeIgniter\View\View->render('setting', Array, true)
#3 C:\xampp\htdocs\SCR\app\Controllers\Setting.php(34): view('setting', Array)
#4 C:\xampp\htdocs\SCR\system\CodeIgniter.php(917): App\Controllers\Setting->index()
#5 C:\xampp\htdocs\SCR\system\CodeIgniter.php(403): CodeIgniter\CodeIgniter->runController(Object(App\Controllers\Setting))
#6 C:\xampp\htdocs\SCR\system\CodeIgniter.php(311): CodeIgniter\CodeIgniter->handleRequest(NULL, Object(Config\Cache), false)
#7 C:\xampp\htdocs\SCR\public\index.php(44): CodeIgniter\CodeIgniter->run()
#8 {main}
CRITICAL - 2021-03-06 15:26:47 --> Invalid argument supplied for foreach()
#0 C:\xampp\htdocs\SCR\system\HTTP\Request.php(371): CodeIgniter\Debug\Exceptions->errorHandler(2, 'Invalid argumen...', 'C:\\xampp\\htdocs...', 371, Array)
#1 C:\xampp\htdocs\SCR\system\HTTP\IncomingRequest.php(411): CodeIgniter\HTTP\Request->fetchGlobal('post', NULL, 516, NULL)
#2 C:\xampp\htdocs\SCR\system\Debug\Toolbar.php(165): CodeIgniter\HTTP\IncomingRequest->getPost()
#3 C:\xampp\htdocs\SCR\system\Debug\Toolbar.php(353): CodeIgniter\Debug\Toolbar->run(1615019207.7658, 0.1583, Object(CodeIgniter\HTTP\IncomingRequest), Object(CodeIgniter\HTTP\Response))
#4 C:\xampp\htdocs\SCR\system\Filters\DebugToolbar.php(75): CodeIgniter\Debug\Toolbar->prepare(Object(CodeIgniter\HTTP\IncomingRequest), Object(CodeIgniter\HTTP\Response))
#5 C:\xampp\htdocs\SCR\system\Filters\Filters.php(199): CodeIgniter\Filters\DebugToolbar->after(Object(CodeIgniter\HTTP\IncomingRequest), Object(CodeIgniter\HTTP\Response))
#6 C:\xampp\htdocs\SCR\system\CodeIgniter.php(421): CodeIgniter\Filters\Filters->run('setting/index', 'after')
#7 C:\xampp\htdocs\SCR\system\CodeIgniter.php(311): CodeIgniter\CodeIgniter->handleRequest(NULL, Object(Config\Cache), false)
#8 C:\xampp\htdocs\SCR\public\index.php(44): CodeIgniter\CodeIgniter->run()
#9 {main}
CRITICAL - 2021-03-06 15:27:41 --> Invalid argument supplied for foreach()
#0 C:\xampp\htdocs\SCR\system\HTTP\Request.php(371): CodeIgniter\Debug\Exceptions->errorHandler(2, 'Invalid argumen...', 'C:\\xampp\\htdocs...', 371, Array)
#1 C:\xampp\htdocs\SCR\system\HTTP\IncomingRequest.php(411): CodeIgniter\HTTP\Request->fetchGlobal('post', NULL, 516, NULL)
#2 C:\xampp\htdocs\SCR\system\Debug\Toolbar.php(165): CodeIgniter\HTTP\IncomingRequest->getPost()
#3 C:\xampp\htdocs\SCR\system\Debug\Toolbar.php(353): CodeIgniter\Debug\Toolbar->run(1615019261.6719, 0.0907, Object(CodeIgniter\HTTP\IncomingRequest), Object(CodeIgniter\HTTP\Response))
#4 C:\xampp\htdocs\SCR\system\Filters\DebugToolbar.php(75): CodeIgniter\Debug\Toolbar->prepare(Object(CodeIgniter\HTTP\IncomingRequest), Object(CodeIgniter\HTTP\Response))
#5 C:\xampp\htdocs\SCR\system\Filters\Filters.php(199): CodeIgniter\Filters\DebugToolbar->after(Object(CodeIgniter\HTTP\IncomingRequest), Object(CodeIgniter\HTTP\Response))
#6 C:\xampp\htdocs\SCR\system\CodeIgniter.php(421): CodeIgniter\Filters\Filters->run('setting/index', 'after')
#7 C:\xampp\htdocs\SCR\system\CodeIgniter.php(311): CodeIgniter\CodeIgniter->handleRequest(NULL, Object(Config\Cache), false)
#8 C:\xampp\htdocs\SCR\public\index.php(44): CodeIgniter\CodeIgniter->run()
#9 {main}
CRITICAL - 2021-03-06 15:27:44 --> Invalid argument supplied for foreach()
#0 C:\xampp\htdocs\SCR\system\HTTP\Request.php(371): CodeIgniter\Debug\Exceptions->errorHandler(2, 'Invalid argumen...', 'C:\\xampp\\htdocs...', 371, Array)
#1 C:\xampp\htdocs\SCR\system\HTTP\IncomingRequest.php(411): CodeIgniter\HTTP\Request->fetchGlobal('post', NULL, 516, NULL)
#2 C:\xampp\htdocs\SCR\system\Debug\Toolbar.php(165): CodeIgniter\HTTP\IncomingRequest->getPost()
#3 C:\xampp\htdocs\SCR\system\Debug\Toolbar.php(353): CodeIgniter\Debug\Toolbar->run(1615019264.6463, 0.1825, Object(CodeIgniter\HTTP\IncomingRequest), Object(CodeIgniter\HTTP\Response))
#4 C:\xampp\htdocs\SCR\system\Filters\DebugToolbar.php(75): CodeIgniter\Debug\Toolbar->prepare(Object(CodeIgniter\HTTP\IncomingRequest), Object(CodeIgniter\HTTP\Response))
#5 C:\xampp\htdocs\SCR\system\Filters\Filters.php(199): CodeIgniter\Filters\DebugToolbar->after(Object(CodeIgniter\HTTP\IncomingRequest), Object(CodeIgniter\HTTP\Response))
#6 C:\xampp\htdocs\SCR\system\CodeIgniter.php(421): CodeIgniter\Filters\Filters->run('setting/index', 'after')
#7 C:\xampp\htdocs\SCR\system\CodeIgniter.php(311): CodeIgniter\CodeIgniter->handleRequest(NULL, Object(Config\Cache), false)
#8 C:\xampp\htdocs\SCR\public\index.php(44): CodeIgniter\CodeIgniter->run()
#9 {main}
CRITICAL - 2021-03-06 15:34:30 --> Invalid argument supplied for foreach()
#0 C:\xampp\htdocs\SCR\system\HTTP\Request.php(371): CodeIgniter\Debug\Exceptions->errorHandler(2, 'Invalid argumen...', 'C:\\xampp\\htdocs...', 371, Array)
#1 C:\xampp\htdocs\SCR\system\HTTP\IncomingRequest.php(411): CodeIgniter\HTTP\Request->fetchGlobal('post', NULL, 516, NULL)
#2 C:\xampp\htdocs\SCR\system\Debug\Toolbar.php(165): CodeIgniter\HTTP\IncomingRequest->getPost()
#3 C:\xampp\htdocs\SCR\system\Debug\Toolbar.php(353): CodeIgniter\Debug\Toolbar->run(1615019670.7672, 0.1608, Object(CodeIgniter\HTTP\IncomingRequest), Object(CodeIgniter\HTTP\Response))
#4 C:\xampp\htdocs\SCR\system\Filters\DebugToolbar.php(75): CodeIgniter\Debug\Toolbar->prepare(Object(CodeIgniter\HTTP\IncomingRequest), Object(CodeIgniter\HTTP\Response))
#5 C:\xampp\htdocs\SCR\system\Filters\Filters.php(199): CodeIgniter\Filters\DebugToolbar->after(Object(CodeIgniter\HTTP\IncomingRequest), Object(CodeIgniter\HTTP\Response))
#6 C:\xampp\htdocs\SCR\system\CodeIgniter.php(421): CodeIgniter\Filters\Filters->run('setting/index', 'after')
#7 C:\xampp\htdocs\SCR\system\CodeIgniter.php(311): CodeIgniter\CodeIgniter->handleRequest(NULL, Object(Config\Cache), false)
#8 C:\xampp\htdocs\SCR\public\index.php(44): CodeIgniter\CodeIgniter->run()
#9 {main}
CRITICAL - 2021-03-06 22:26:26 --> syntax error, unexpected '}', expecting ';'
#0 C:\xampp\htdocs\SCR\system\Router\Router.php(192): CodeIgniter\Router\Router->autoRoute('dashboard')
#1 C:\xampp\htdocs\SCR\system\CodeIgniter.php(792): CodeIgniter\Router\Router->handle('dashboard')
#2 C:\xampp\htdocs\SCR\system\CodeIgniter.php(363): CodeIgniter\CodeIgniter->tryToRouteIt(Object(CodeIgniter\Router\RouteCollection))
#3 C:\xampp\htdocs\SCR\system\CodeIgniter.php(311): CodeIgniter\CodeIgniter->handleRequest(NULL, Object(Config\Cache), false)
#4 C:\xampp\htdocs\SCR\public\index.php(44): CodeIgniter\CodeIgniter->run()
#5 {main}
CRITICAL - 2021-03-06 22:26:30 --> syntax error, unexpected '}', expecting ';'
#0 C:\xampp\htdocs\SCR\system\Router\Router.php(192): CodeIgniter\Router\Router->autoRoute('dashboard')
#1 C:\xampp\htdocs\SCR\system\CodeIgniter.php(792): CodeIgniter\Router\Router->handle('dashboard')
#2 C:\xampp\htdocs\SCR\system\CodeIgniter.php(363): CodeIgniter\CodeIgniter->tryToRouteIt(Object(CodeIgniter\Router\RouteCollection))
#3 C:\xampp\htdocs\SCR\system\CodeIgniter.php(311): CodeIgniter\CodeIgniter->handleRequest(NULL, Object(Config\Cache), false)
#4 C:\xampp\htdocs\SCR\public\index.php(44): CodeIgniter\CodeIgniter->run()
#5 {main}
CRITICAL - 2021-03-06 22:37:41 --> Undefined variable: publickey
#0 C:\xampp\htdocs\SCR\app\Views\setting.php(12): CodeIgniter\Debug\Exceptions->errorHandler(8, 'Undefined varia...', 'C:\\xampp\\htdocs...', 12, Array)
#1 C:\xampp\htdocs\SCR\system\View\View.php(246): include('C:\\xampp\\htdocs...')
#2 C:\xampp\htdocs\SCR\system\Common.php(1087): CodeIgniter\View\View->render('setting', Array, true)
#3 C:\xampp\htdocs\SCR\app\Controllers\Setting.php(120): view('setting', Array)
#4 C:\xampp\htdocs\SCR\system\CodeIgniter.php(917): App\Controllers\Setting->client()
#5 C:\xampp\htdocs\SCR\system\CodeIgniter.php(403): CodeIgniter\CodeIgniter->runController(Object(App\Controllers\Setting))
#6 C:\xampp\htdocs\SCR\system\CodeIgniter.php(311): CodeIgniter\CodeIgniter->handleRequest(NULL, Object(Config\Cache), false)
#7 C:\xampp\htdocs\SCR\public\index.php(44): CodeIgniter\CodeIgniter->run()
#8 {main}
CRITICAL - 2021-03-06 22:38:43 --> Undefined variable: publickey
#0 C:\xampp\htdocs\SCR\app\Views\setting.php(12): CodeIgniter\Debug\Exceptions->errorHandler(8, 'Undefined varia...', 'C:\\xampp\\htdocs...', 12, Array)
#1 C:\xampp\htdocs\SCR\system\View\View.php(246): include('C:\\xampp\\htdocs...')
#2 C:\xampp\htdocs\SCR\system\Common.php(1087): CodeIgniter\View\View->render('setting', Array, true)
#3 C:\xampp\htdocs\SCR\app\Controllers\Setting.php(120): view('setting', Array)
#4 C:\xampp\htdocs\SCR\system\CodeIgniter.php(917): App\Controllers\Setting->client()
#5 C:\xampp\htdocs\SCR\system\CodeIgniter.php(403): CodeIgniter\CodeIgniter->runController(Object(App\Controllers\Setting))
#6 C:\xampp\htdocs\SCR\system\CodeIgniter.php(311): CodeIgniter\CodeIgniter->handleRequest(NULL, Object(Config\Cache), false)
#7 C:\xampp\htdocs\SCR\public\index.php(44): CodeIgniter\CodeIgniter->run()
#8 {main}
CRITICAL - 2021-03-06 22:39:21 --> Undefined variable: publickey
#0 C:\xampp\htdocs\SCR\app\Views\setting.php(12): CodeIgniter\Debug\Exceptions->errorHandler(8, 'Undefined varia...', 'C:\\xampp\\htdocs...', 12, Array)
#1 C:\xampp\htdocs\SCR\system\View\View.php(246): include('C:\\xampp\\htdocs...')
#2 C:\xampp\htdocs\SCR\system\Common.php(1087): CodeIgniter\View\View->render('setting', Array, true)
#3 C:\xampp\htdocs\SCR\app\Controllers\Setting.php(120): view('setting', Array)
#4 C:\xampp\htdocs\SCR\system\CodeIgniter.php(917): App\Controllers\Setting->client()
#5 C:\xampp\htdocs\SCR\system\CodeIgniter.php(403): CodeIgniter\CodeIgniter->runController(Object(App\Controllers\Setting))
#6 C:\xampp\htdocs\SCR\system\CodeIgniter.php(311): CodeIgniter\CodeIgniter->handleRequest(NULL, Object(Config\Cache), false)
#7 C:\xampp\htdocs\SCR\public\index.php(44): CodeIgniter\CodeIgniter->run()
#8 {main}
CRITICAL - 2021-03-06 22:39:22 --> Undefined variable: publickey
#0 C:\xampp\htdocs\SCR\app\Views\setting.php(12): CodeIgniter\Debug\Exceptions->errorHandler(8, 'Undefined varia...', 'C:\\xampp\\htdocs...', 12, Array)
#1 C:\xampp\htdocs\SCR\system\View\View.php(246): include('C:\\xampp\\htdocs...')
#2 C:\xampp\htdocs\SCR\system\Common.php(1087): CodeIgniter\View\View->render('setting', Array, true)
#3 C:\xampp\htdocs\SCR\app\Controllers\Setting.php(120): view('setting', Array)
#4 C:\xampp\htdocs\SCR\system\CodeIgniter.php(917): App\Controllers\Setting->client()
#5 C:\xampp\htdocs\SCR\system\CodeIgniter.php(403): CodeIgniter\CodeIgniter->runController(Object(App\Controllers\Setting))
#6 C:\xampp\htdocs\SCR\system\CodeIgniter.php(311): CodeIgniter\CodeIgniter->handleRequest(NULL, Object(Config\Cache), false)
#7 C:\xampp\htdocs\SCR\public\index.php(44): CodeIgniter\CodeIgniter->run()
#8 {main}
CRITICAL - 2021-03-06 22:39:33 --> Undefined variable: publickey
#0 C:\xampp\htdocs\SCR\app\Views\setting.php(12): CodeIgniter\Debug\Exceptions->errorHandler(8, 'Undefined varia...', 'C:\\xampp\\htdocs...', 12, Array)
#1 C:\xampp\htdocs\SCR\system\View\View.php(246): include('C:\\xampp\\htdocs...')
#2 C:\xampp\htdocs\SCR\system\Common.php(1087): CodeIgniter\View\View->render('setting', Array, true)
#3 C:\xampp\htdocs\SCR\app\Controllers\Setting.php(120): view('setting', Array)
#4 C:\xampp\htdocs\SCR\system\CodeIgniter.php(917): App\Controllers\Setting->client()
#5 C:\xampp\htdocs\SCR\system\CodeIgniter.php(403): CodeIgniter\CodeIgniter->runController(Object(App\Controllers\Setting))
#6 C:\xampp\htdocs\SCR\system\CodeIgniter.php(311): CodeIgniter\CodeIgniter->handleRequest(NULL, Object(Config\Cache), false)
#7 C:\xampp\htdocs\SCR\public\index.php(44): CodeIgniter\CodeIgniter->run()
#8 {main}
CRITICAL - 2021-03-06 22:39:37 --> Undefined variable: publickey
#0 C:\xampp\htdocs\SCR\app\Views\setting.php(12): CodeIgniter\Debug\Exceptions->errorHandler(8, 'Undefined varia...', 'C:\\xampp\\htdocs...', 12, Array)
#1 C:\xampp\htdocs\SCR\system\View\View.php(246): include('C:\\xampp\\htdocs...')
#2 C:\xampp\htdocs\SCR\system\Common.php(1087): CodeIgniter\View\View->render('setting', Array, true)
#3 C:\xampp\htdocs\SCR\app\Controllers\Setting.php(120): view('setting', Array)
#4 C:\xampp\htdocs\SCR\system\CodeIgniter.php(917): App\Controllers\Setting->client()
#5 C:\xampp\htdocs\SCR\system\CodeIgniter.php(403): CodeIgniter\CodeIgniter->runController(Object(App\Controllers\Setting))
#6 C:\xampp\htdocs\SCR\system\CodeIgniter.php(311): CodeIgniter\CodeIgniter->handleRequest(NULL, Object(Config\Cache), false)
#7 C:\xampp\htdocs\SCR\public\index.php(44): CodeIgniter\CodeIgniter->run()
#8 {main}
CRITICAL - 2021-03-06 22:39:55 --> Undefined variable: publickey
#0 C:\xampp\htdocs\SCR\app\Views\setting.php(12): CodeIgniter\Debug\Exceptions->errorHandler(8, 'Undefined varia...', 'C:\\xampp\\htdocs...', 12, Array)
#1 C:\xampp\htdocs\SCR\system\View\View.php(246): include('C:\\xampp\\htdocs...')
#2 C:\xampp\htdocs\SCR\system\Common.php(1087): CodeIgniter\View\View->render('setting', Array, true)
#3 C:\xampp\htdocs\SCR\app\Controllers\Setting.php(120): view('setting', Array)
#4 C:\xampp\htdocs\SCR\system\CodeIgniter.php(917): App\Controllers\Setting->client()
#5 C:\xampp\htdocs\SCR\system\CodeIgniter.php(403): CodeIgniter\CodeIgniter->runController(Object(App\Controllers\Setting))
#6 C:\xampp\htdocs\SCR\system\CodeIgniter.php(311): CodeIgniter\CodeIgniter->handleRequest(NULL, Object(Config\Cache), false)
#7 C:\xampp\htdocs\SCR\public\index.php(44): CodeIgniter\CodeIgniter->run()
#8 {main}
CRITICAL - 2021-03-06 22:39:59 --> Undefined variable: publickey
#0 C:\xampp\htdocs\SCR\app\Views\setting.php(12): CodeIgniter\Debug\Exceptions->errorHandler(8, 'Undefined varia...', 'C:\\xampp\\htdocs...', 12, Array)
#1 C:\xampp\htdocs\SCR\system\View\View.php(246): include('C:\\xampp\\htdocs...')
#2 C:\xampp\htdocs\SCR\system\Common.php(1087): CodeIgniter\View\View->render('setting', Array, true)
#3 C:\xampp\htdocs\SCR\app\Controllers\Setting.php(120): view('setting', Array)
#4 C:\xampp\htdocs\SCR\system\CodeIgniter.php(917): App\Controllers\Setting->client()
#5 C:\xampp\htdocs\SCR\system\CodeIgniter.php(403): CodeIgniter\CodeIgniter->runController(Object(App\Controllers\Setting))
#6 C:\xampp\htdocs\SCR\system\CodeIgniter.php(311): CodeIgniter\CodeIgniter->handleRequest(NULL, Object(Config\Cache), false)
#7 C:\xampp\htdocs\SCR\public\index.php(44): CodeIgniter\CodeIgniter->run()
#8 {main}
CRITICAL - 2021-03-06 22:40:22 --> Undefined variable: publickey
#0 C:\xampp\htdocs\SCR\app\Views\setting.php(12): CodeIgniter\Debug\Exceptions->errorHandler(8, 'Undefined varia...', 'C:\\xampp\\htdocs...', 12, Array)
#1 C:\xampp\htdocs\SCR\system\View\View.php(246): include('C:\\xampp\\htdocs...')
#2 C:\xampp\htdocs\SCR\system\Common.php(1087): CodeIgniter\View\View->render('setting', Array, true)
#3 C:\xampp\htdocs\SCR\app\Controllers\Setting.php(35): view('setting', Array)
#4 C:\xampp\htdocs\SCR\system\CodeIgniter.php(917): App\Controllers\Setting->index()
#5 C:\xampp\htdocs\SCR\system\CodeIgniter.php(403): CodeIgniter\CodeIgniter->runController(Object(App\Controllers\Setting))
#6 C:\xampp\htdocs\SCR\system\CodeIgniter.php(311): CodeIgniter\CodeIgniter->handleRequest(NULL, Object(Config\Cache), false)
#7 C:\xampp\htdocs\SCR\public\index.php(44): CodeIgniter\CodeIgniter->run()
#8 {main}
CRITICAL - 2021-03-06 22:40:39 --> Undefined variable: publickey
#0 C:\xampp\htdocs\SCR\app\Views\setting.php(11): CodeIgniter\Debug\Exceptions->errorHandler(8, 'Undefined varia...', 'C:\\xampp\\htdocs...', 11, Array)
#1 C:\xampp\htdocs\SCR\system\View\View.php(246): include('C:\\xampp\\htdocs...')
#2 C:\xampp\htdocs\SCR\system\Common.php(1087): CodeIgniter\View\View->render('setting', Array, true)
#3 C:\xampp\htdocs\SCR\app\Controllers\Setting.php(120): view('setting', Array)
#4 C:\xampp\htdocs\SCR\system\CodeIgniter.php(917): App\Controllers\Setting->client()
#5 C:\xampp\htdocs\SCR\system\CodeIgniter.php(403): CodeIgniter\CodeIgniter->runController(Object(App\Controllers\Setting))
#6 C:\xampp\htdocs\SCR\system\CodeIgniter.php(311): CodeIgniter\CodeIgniter->handleRequest(NULL, Object(Config\Cache), false)
#7 C:\xampp\htdocs\SCR\public\index.php(44): CodeIgniter\CodeIgniter->run()
#8 {main}
CRITICAL - 2021-03-06 22:40:41 --> Undefined variable: publickey
#0 C:\xampp\htdocs\SCR\app\Views\setting.php(11): CodeIgniter\Debug\Exceptions->errorHandler(8, 'Undefined varia...', 'C:\\xampp\\htdocs...', 11, Array)
#1 C:\xampp\htdocs\SCR\system\View\View.php(246): include('C:\\xampp\\htdocs...')
#2 C:\xampp\htdocs\SCR\system\Common.php(1087): CodeIgniter\View\View->render('setting', Array, true)
#3 C:\xampp\htdocs\SCR\app\Controllers\Setting.php(120): view('setting', Array)
#4 C:\xampp\htdocs\SCR\system\CodeIgniter.php(917): App\Controllers\Setting->client()
#5 C:\xampp\htdocs\SCR\system\CodeIgniter.php(403): CodeIgniter\CodeIgniter->runController(Object(App\Controllers\Setting))
#6 C:\xampp\htdocs\SCR\system\CodeIgniter.php(311): CodeIgniter\CodeIgniter->handleRequest(NULL, Object(Config\Cache), false)
#7 C:\xampp\htdocs\SCR\public\index.php(44): CodeIgniter\CodeIgniter->run()
#8 {main}
CRITICAL - 2021-03-06 22:40:46 --> Undefined variable: publickey
#0 C:\xampp\htdocs\SCR\app\Views\setting.php(11): CodeIgniter\Debug\Exceptions->errorHandler(8, 'Undefined varia...', 'C:\\xampp\\htdocs...', 11, Array)
#1 C:\xampp\htdocs\SCR\system\View\View.php(246): include('C:\\xampp\\htdocs...')
#2 C:\xampp\htdocs\SCR\system\Common.php(1087): CodeIgniter\View\View->render('setting', Array, true)
#3 C:\xampp\htdocs\SCR\app\Controllers\Setting.php(120): view('setting', Array)
#4 C:\xampp\htdocs\SCR\system\CodeIgniter.php(917): App\Controllers\Setting->client()
#5 C:\xampp\htdocs\SCR\system\CodeIgniter.php(403): CodeIgniter\CodeIgniter->runController(Object(App\Controllers\Setting))
#6 C:\xampp\htdocs\SCR\system\CodeIgniter.php(311): CodeIgniter\CodeIgniter->handleRequest(NULL, Object(Config\Cache), false)
#7 C:\xampp\htdocs\SCR\public\index.php(44): CodeIgniter\CodeIgniter->run()
#8 {main}
CRITICAL - 2021-03-06 22:40:50 --> Undefined variable: publickey
#0 C:\xampp\htdocs\SCR\app\Views\setting.php(11): CodeIgniter\Debug\Exceptions->errorHandler(8, 'Undefined varia...', 'C:\\xampp\\htdocs...', 11, Array)
#1 C:\xampp\htdocs\SCR\system\View\View.php(246): include('C:\\xampp\\htdocs...')
#2 C:\xampp\htdocs\SCR\system\Common.php(1087): CodeIgniter\View\View->render('setting', Array, true)
#3 C:\xampp\htdocs\SCR\app\Controllers\Setting.php(35): view('setting', Array)
#4 C:\xampp\htdocs\SCR\system\CodeIgniter.php(917): App\Controllers\Setting->index()
#5 C:\xampp\htdocs\SCR\system\CodeIgniter.php(403): CodeIgniter\CodeIgniter->runController(Object(App\Controllers\Setting))
#6 C:\xampp\htdocs\SCR\system\CodeIgniter.php(311): CodeIgniter\CodeIgniter->handleRequest(NULL, Object(Config\Cache), false)
#7 C:\xampp\htdocs\SCR\public\index.php(44): CodeIgniter\CodeIgniter->run()
#8 {main}
CRITICAL - 2021-03-06 22:40:55 --> Undefined variable: publickey
#0 C:\xampp\htdocs\SCR\app\Views\setting.php(11): CodeIgniter\Debug\Exceptions->errorHandler(8, 'Undefined varia...', 'C:\\xampp\\htdocs...', 11, Array)
#1 C:\xampp\htdocs\SCR\system\View\View.php(246): include('C:\\xampp\\htdocs...')
#2 C:\xampp\htdocs\SCR\system\Common.php(1087): CodeIgniter\View\View->render('setting', Array, true)
#3 C:\xampp\htdocs\SCR\app\Controllers\Setting.php(35): view('setting', Array)
#4 C:\xampp\htdocs\SCR\system\CodeIgniter.php(917): App\Controllers\Setting->index()
#5 C:\xampp\htdocs\SCR\system\CodeIgniter.php(403): CodeIgniter\CodeIgniter->runController(Object(App\Controllers\Setting))
#6 C:\xampp\htdocs\SCR\system\CodeIgniter.php(311): CodeIgniter\CodeIgniter->handleRequest(NULL, Object(Config\Cache), false)
#7 C:\xampp\htdocs\SCR\public\index.php(44): CodeIgniter\CodeIgniter->run()
#8 {main}
CRITICAL - 2021-03-06 22:49:45 --> Undefined index: DATA_SESSION
#0 C:\xampp\htdocs\SCR\app\Views\parts\header.php(423): CodeIgniter\Debug\Exceptions->errorHandler(8, 'Undefined index...', 'C:\\xampp\\htdocs...', 423, Array)
#1 C:\xampp\htdocs\SCR\system\View\View.php(246): include('C:\\xampp\\htdocs...')
#2 C:\xampp\htdocs\SCR\system\Common.php(1087): CodeIgniter\View\View->render('parts/header', Array, true)
#3 C:\xampp\htdocs\SCR\app\Views\setting.php(3): view('parts/header', Array)
#4 C:\xampp\htdocs\SCR\system\View\View.php(246): include('C:\\xampp\\htdocs...')
#5 C:\xampp\htdocs\SCR\system\Common.php(1087): CodeIgniter\View\View->render('setting', Array, true)
#6 C:\xampp\htdocs\SCR\app\Controllers\Setting.php(114): view('setting', Array)
#7 C:\xampp\htdocs\SCR\system\CodeIgniter.php(917): App\Controllers\Setting->client()
#8 C:\xampp\htdocs\SCR\system\CodeIgniter.php(403): CodeIgniter\CodeIgniter->runController(Object(App\Controllers\Setting))
#9 C:\xampp\htdocs\SCR\system\CodeIgniter.php(311): CodeIgniter\CodeIgniter->handleRequest(NULL, Object(Config\Cache), false)
#10 C:\xampp\htdocs\SCR\public\index.php(44): CodeIgniter\CodeIgniter->run()
#11 {main}
CRITICAL - 2021-03-06 22:50:00 --> Undefined index: DATA_SESSION
#0 C:\xampp\htdocs\SCR\app\Views\parts\header.php(423): CodeIgniter\Debug\Exceptions->errorHandler(8, 'Undefined index...', 'C:\\xampp\\htdocs...', 423, Array)
#1 C:\xampp\htdocs\SCR\system\View\View.php(246): include('C:\\xampp\\htdocs...')
#2 C:\xampp\htdocs\SCR\system\Common.php(1087): CodeIgniter\View\View->render('parts/header', Array, true)
#3 C:\xampp\htdocs\SCR\app\Views\setting.php(3): view('parts/header', Array)
#4 C:\xampp\htdocs\SCR\system\View\View.php(246): include('C:\\xampp\\htdocs...')
#5 C:\xampp\htdocs\SCR\system\Common.php(1087): CodeIgniter\View\View->render('setting', Array, true)
#6 C:\xampp\htdocs\SCR\app\Controllers\Setting.php(114): view('setting', Array)
#7 C:\xampp\htdocs\SCR\system\CodeIgniter.php(917): App\Controllers\Setting->client()
#8 C:\xampp\htdocs\SCR\system\CodeIgniter.php(403): CodeIgniter\CodeIgniter->runController(Object(App\Controllers\Setting))
#9 C:\xampp\htdocs\SCR\system\CodeIgniter.php(311): CodeIgniter\CodeIgniter->handleRequest(NULL, Object(Config\Cache), false)
#10 C:\xampp\htdocs\SCR\public\index.php(44): CodeIgniter\CodeIgniter->run()
#11 {main}
CRITICAL - 2021-03-06 22:53:18 --> Invalid argument supplied for foreach()
#0 C:\xampp\htdocs\SCR\system\HTTP\Request.php(371): CodeIgniter\Debug\Exceptions->errorHandler(2, 'Invalid argumen...', 'C:\\xampp\\htdocs...', 371, Array)
#1 C:\xampp\htdocs\SCR\system\HTTP\IncomingRequest.php(411): CodeIgniter\HTTP\Request->fetchGlobal('post', NULL, 516, NULL)
#2 C:\xampp\htdocs\SCR\system\Debug\Toolbar.php(165): CodeIgniter\HTTP\IncomingRequest->getPost()
#3 C:\xampp\htdocs\SCR\system\Debug\Toolbar.php(353): CodeIgniter\Debug\Toolbar->run(1615045998.8939, 0.0782, Object(CodeIgniter\HTTP\IncomingRequest), Object(CodeIgniter\HTTP\Response))
#4 C:\xampp\htdocs\SCR\system\Filters\DebugToolbar.php(75): CodeIgniter\Debug\Toolbar->prepare(Object(CodeIgniter\HTTP\IncomingRequest), Object(CodeIgniter\HTTP\Response))
#5 C:\xampp\htdocs\SCR\system\Filters\Filters.php(199): CodeIgniter\Filters\DebugToolbar->after(Object(CodeIgniter\HTTP\IncomingRequest), Object(CodeIgniter\HTTP\Response))
#6 C:\xampp\htdocs\SCR\system\CodeIgniter.php(421): CodeIgniter\Filters\Filters->run('setting/client', 'after')
#7 C:\xampp\htdocs\SCR\system\CodeIgniter.php(311): CodeIgniter\CodeIgniter->handleRequest(NULL, Object(Config\Cache), false)
#8 C:\xampp\htdocs\SCR\public\index.php(44): CodeIgniter\CodeIgniter->run()
#9 {main}
CRITICAL - 2021-03-06 22:54:46 --> mysqli_query() expects parameter 1 to be mysqli, object given
#0 [internal function]: CodeIgniter\Debug\Exceptions->errorHandler(2, 'mysqli_query() ...', 'C:\\xampp\\htdocs...', 54, Array)
#1 C:\xampp\htdocs\SCR\app\Controllers\Setting.php(54): mysqli_query(Object(App\Controllers\Setting), 'SELECT * FROM s...')
#2 C:\xampp\htdocs\SCR\system\CodeIgniter.php(917): App\Controllers\Setting->broadcast()
#3 C:\xampp\htdocs\SCR\system\CodeIgniter.php(403): CodeIgniter\CodeIgniter->runController(Object(App\Controllers\Setting))
#4 C:\xampp\htdocs\SCR\system\CodeIgniter.php(311): CodeIgniter\CodeIgniter->handleRequest(NULL, Object(Config\Cache), false)
#5 C:\xampp\htdocs\SCR\public\index.php(44): CodeIgniter\CodeIgniter->run()
#6 {main}
CRITICAL - 2021-03-06 22:54:47 --> mysqli_query() expects parameter 1 to be mysqli, object given
#0 [internal function]: CodeIgniter\Debug\Exceptions->errorHandler(2, 'mysqli_query() ...', 'C:\\xampp\\htdocs...', 54, Array)
#1 C:\xampp\htdocs\SCR\app\Controllers\Setting.php(54): mysqli_query(Object(App\Controllers\Setting), 'SELECT * FROM s...')
#2 C:\xampp\htdocs\SCR\system\CodeIgniter.php(917): App\Controllers\Setting->broadcast()
#3 C:\xampp\htdocs\SCR\system\CodeIgniter.php(403): CodeIgniter\CodeIgniter->runController(Object(App\Controllers\Setting))
#4 C:\xampp\htdocs\SCR\system\CodeIgniter.php(311): CodeIgniter\CodeIgniter->handleRequest(NULL, Object(Config\Cache), false)
#5 C:\xampp\htdocs\SCR\public\index.php(44): CodeIgniter\CodeIgniter->run()
#6 {main}
