CRITICAL - 2020-11-01 09:33:58 --> Table 'database.aktivitas' doesn't exist
#0 C:\xampp\htdocs\SCR\system\Database\MySQLi\Connection.php(331): mysqli->query('SELECT *\nFROM `...')
#1 C:\xampp\htdocs\SCR\system\Database\BaseConnection.php(752): CodeIgniter\Database\MySQLi\Connection->execute('SELECT *\nFROM `...')
#2 C:\xampp\htdocs\SCR\system\Database\BaseConnection.php(680): CodeIgniter\Database\BaseConnection->simpleQuery('SELECT *\nFROM `...')
#3 C:\xampp\htdocs\SCR\system\Database\BaseBuilder.php(1859): CodeIgniter\Database\BaseConnection->query('SELECT *\nFROM `...', Array, false)
#4 C:\xampp\htdocs\SCR\app\Models\ShareModel.php(26): CodeIgniter\Database\BaseBuilder->get()
#5 C:\xampp\htdocs\SCR\app\Controllers\ShareTarget.php(23): App\Models\ShareModel->tampil()
#6 C:\xampp\htdocs\SCR\system\CodeIgniter.php(917): App\Controllers\ShareTarget->index()
#7 C:\xampp\htdocs\SCR\system\CodeIgniter.php(403): CodeIgniter\CodeIgniter->runController(Object(App\Controllers\ShareTarget))
#8 C:\xampp\htdocs\SCR\system\CodeIgniter.php(311): CodeIgniter\CodeIgniter->handleRequest(NULL, Object(Config\Cache), false)
#9 C:\xampp\htdocs\SCR\public\index.php(45): CodeIgniter\CodeIgniter->run()
#10 {main}
CRITICAL - 2020-11-01 10:00:12 --> Table 'database.aktivitas' doesn't exist
#0 C:\xampp\htdocs\SCR\system\Database\MySQLi\Connection.php(331): mysqli->query('SELECT *\nFROM `...')
#1 C:\xampp\htdocs\SCR\system\Database\BaseConnection.php(752): CodeIgniter\Database\MySQLi\Connection->execute('SELECT *\nFROM `...')
#2 C:\xampp\htdocs\SCR\system\Database\BaseConnection.php(680): CodeIgniter\Database\BaseConnection->simpleQuery('SELECT *\nFROM `...')
#3 C:\xampp\htdocs\SCR\system\Database\BaseBuilder.php(1859): CodeIgniter\Database\BaseConnection->query('SELECT *\nFROM `...', Array, false)
#4 C:\xampp\htdocs\SCR\app\Models\ShareModel.php(26): CodeIgniter\Database\BaseBuilder->get()
#5 C:\xampp\htdocs\SCR\app\Controllers\ShareTarget.php(23): App\Models\ShareModel->tampil()
#6 C:\xampp\htdocs\SCR\system\CodeIgniter.php(917): App\Controllers\ShareTarget->index()
#7 C:\xampp\htdocs\SCR\system\CodeIgniter.php(403): CodeIgniter\CodeIgniter->runController(Object(App\Controllers\ShareTarget))
#8 C:\xampp\htdocs\SCR\system\CodeIgniter.php(311): CodeIgniter\CodeIgniter->handleRequest(NULL, Object(Config\Cache), false)
#9 C:\xampp\htdocs\SCR\public\index.php(45): CodeIgniter\CodeIgniter->run()
#10 {main}
CRITICAL - 2020-11-01 10:52:07 --> Table 'database.aktivitas' doesn't exist
#0 C:\xampp\htdocs\SCR\system\Database\MySQLi\Connection.php(331): mysqli->query('SELECT *\nFROM `...')
#1 C:\xampp\htdocs\SCR\system\Database\BaseConnection.php(752): CodeIgniter\Database\MySQLi\Connection->execute('SELECT *\nFROM `...')
#2 C:\xampp\htdocs\SCR\system\Database\BaseConnection.php(680): CodeIgniter\Database\BaseConnection->simpleQuery('SELECT *\nFROM `...')
#3 C:\xampp\htdocs\SCR\system\Database\BaseBuilder.php(1859): CodeIgniter\Database\BaseConnection->query('SELECT *\nFROM `...', Array, false)
#4 C:\xampp\htdocs\SCR\app\Models\ShareModel.php(26): CodeIgniter\Database\BaseBuilder->get()
#5 C:\xampp\htdocs\SCR\app\Controllers\ShareTarget.php(23): App\Models\ShareModel->tampil()
#6 C:\xampp\htdocs\SCR\system\CodeIgniter.php(917): App\Controllers\ShareTarget->index()
#7 C:\xampp\htdocs\SCR\system\CodeIgniter.php(403): CodeIgniter\CodeIgniter->runController(Object(App\Controllers\ShareTarget))
#8 C:\xampp\htdocs\SCR\system\CodeIgniter.php(311): CodeIgniter\CodeIgniter->handleRequest(NULL, Object(Config\Cache), false)
#9 C:\xampp\htdocs\SCR\public\index.php(44): CodeIgniter\CodeIgniter->run()
#10 {main}
CRITICAL - 2020-11-01 12:30:03 --> Invalid file: users.php
#0 C:\xampp\htdocs\SCR\system\View\View.php(228): CodeIgniter\Exceptions\FrameworkException::forInvalidFile('users.php')
#1 C:\xampp\htdocs\SCR\system\Common.php(1087): CodeIgniter\View\View->render('users', Array, true)
#2 C:\xampp\htdocs\SCR\app\Controllers\Users.php(61): view('users', Array)
#3 C:\xampp\htdocs\SCR\app\Controllers\Users.php(39): App\Controllers\Users->_example_output(Object(stdClass))
#4 C:\xampp\htdocs\SCR\system\CodeIgniter.php(917): App\Controllers\Users->index('setting', '1')
#5 C:\xampp\htdocs\SCR\system\CodeIgniter.php(403): CodeIgniter\CodeIgniter->runController(Object(App\Controllers\Users))
#6 C:\xampp\htdocs\SCR\system\CodeIgniter.php(311): CodeIgniter\CodeIgniter->handleRequest(NULL, Object(Config\Cache), false)
#7 C:\xampp\htdocs\SCR\public\index.php(44): CodeIgniter\CodeIgniter->run()
#8 {main}
CRITICAL - 2020-11-01 12:37:19 --> Class 'App\Libraries\Exception' not found
#0 C:\xampp\htdocs\SCR\app\Libraries\GroceryCrud.php(4665): App\Libraries\GroceryCrud->get_table()
#1 C:\xampp\htdocs\SCR\app\Libraries\GroceryCrud.php(4681): App\Libraries\GroceryCrud->pre_render()
#2 C:\xampp\htdocs\SCR\app\Controllers\Aktivitas.php(36): App\Libraries\GroceryCrud->render()
#3 C:\xampp\htdocs\SCR\system\CodeIgniter.php(917): App\Controllers\Aktivitas->index()
#4 C:\xampp\htdocs\SCR\system\CodeIgniter.php(403): CodeIgniter\CodeIgniter->runController(Object(App\Controllers\Aktivitas))
#5 C:\xampp\htdocs\SCR\system\CodeIgniter.php(311): CodeIgniter\CodeIgniter->handleRequest(NULL, Object(Config\Cache), false)
#6 C:\xampp\htdocs\SCR\public\index.php(44): CodeIgniter\CodeIgniter->run()
#7 {main}
CRITICAL - 2020-11-01 12:58:38 --> Table 'database.aktivitas' doesn't exist
#0 C:\xampp\htdocs\SCR\system\Database\MySQLi\Connection.php(331): mysqli->query('SELECT *\nFROM `...')
#1 C:\xampp\htdocs\SCR\system\Database\BaseConnection.php(752): CodeIgniter\Database\MySQLi\Connection->execute('SELECT *\nFROM `...')
#2 C:\xampp\htdocs\SCR\system\Database\BaseConnection.php(680): CodeIgniter\Database\BaseConnection->simpleQuery('SELECT *\nFROM `...')
#3 C:\xampp\htdocs\SCR\system\Database\BaseBuilder.php(1859): CodeIgniter\Database\BaseConnection->query('SELECT *\nFROM `...', Array, false)
#4 C:\xampp\htdocs\SCR\app\Models\ShareModel.php(26): CodeIgniter\Database\BaseBuilder->get()
#5 C:\xampp\htdocs\SCR\app\Controllers\ShareTarget.php(23): App\Models\ShareModel->tampil()
#6 C:\xampp\htdocs\SCR\system\CodeIgniter.php(917): App\Controllers\ShareTarget->index()
#7 C:\xampp\htdocs\SCR\system\CodeIgniter.php(403): CodeIgniter\CodeIgniter->runController(Object(App\Controllers\ShareTarget))
#8 C:\xampp\htdocs\SCR\system\CodeIgniter.php(311): CodeIgniter\CodeIgniter->handleRequest(NULL, Object(Config\Cache), false)
#9 C:\xampp\htdocs\SCR\public\index.php(44): CodeIgniter\CodeIgniter->run()
#10 {main}
