CRITICAL - 2020-12-10 11:15:52 --> Invalid argument supplied for foreach()
#0 C:\xampp\htdocs\SCR\system\HTTP\Request.php(371): CodeIgniter\Debug\Exceptions->errorHandler(2, 'Invalid argumen...', 'C:\\xampp\\htdocs...', 371, Array)
#1 C:\xampp\htdocs\SCR\system\HTTP\IncomingRequest.php(411): CodeIgniter\HTTP\Request->fetchGlobal('post', NULL, 516, NULL)
#2 C:\xampp\htdocs\SCR\system\Debug\Toolbar.php(165): CodeIgniter\HTTP\IncomingRequest->getPost()
#3 C:\xampp\htdocs\SCR\system\Debug\Toolbar.php(353): CodeIgniter\Debug\Toolbar->run(1607620552.3068, 0.0608, Object(CodeIgniter\HTTP\IncomingRequest), Object(CodeIgniter\HTTP\Response))
#4 C:\xampp\htdocs\SCR\system\Filters\DebugToolbar.php(75): CodeIgniter\Debug\Toolbar->prepare(Object(CodeIgniter\HTTP\IncomingRequest), Object(CodeIgniter\HTTP\Response))
#5 C:\xampp\htdocs\SCR\system\Filters\Filters.php(199): CodeIgniter\Filters\DebugToolbar->after(Object(CodeIgniter\HTTP\IncomingRequest), Object(CodeIgniter\HTTP\Response))
#6 C:\xampp\htdocs\SCR\system\CodeIgniter.php(421): CodeIgniter\Filters\Filters->run('setting', 'after')
#7 C:\xampp\htdocs\SCR\system\CodeIgniter.php(311): CodeIgniter\CodeIgniter->handleRequest(NULL, Object(Config\Cache), false)
#8 C:\xampp\htdocs\SCR\public\index.php(44): CodeIgniter\CodeIgniter->run()
#9 {main}
CRITICAL - 2020-12-10 11:17:10 --> Invalid argument supplied for foreach()
#0 C:\xampp\htdocs\SCR\system\HTTP\Request.php(371): CodeIgniter\Debug\Exceptions->errorHandler(2, 'Invalid argumen...', 'C:\\xampp\\htdocs...', 371, Array)
#1 C:\xampp\htdocs\SCR\system\HTTP\IncomingRequest.php(411): CodeIgniter\HTTP\Request->fetchGlobal('post', NULL, 516, NULL)
#2 C:\xampp\htdocs\SCR\system\Debug\Toolbar.php(165): CodeIgniter\HTTP\IncomingRequest->getPost()
#3 C:\xampp\htdocs\SCR\system\Debug\Toolbar.php(353): CodeIgniter\Debug\Toolbar->run(1607620630.0538, 0.0571, Object(CodeIgniter\HTTP\IncomingRequest), Object(CodeIgniter\HTTP\Response))
#4 C:\xampp\htdocs\SCR\system\Filters\DebugToolbar.php(75): CodeIgniter\Debug\Toolbar->prepare(Object(CodeIgniter\HTTP\IncomingRequest), Object(CodeIgniter\HTTP\Response))
#5 C:\xampp\htdocs\SCR\system\Filters\Filters.php(199): CodeIgniter\Filters\DebugToolbar->after(Object(CodeIgniter\HTTP\IncomingRequest), Object(CodeIgniter\HTTP\Response))
#6 C:\xampp\htdocs\SCR\system\CodeIgniter.php(421): CodeIgniter\Filters\Filters->run('setting', 'after')
#7 C:\xampp\htdocs\SCR\system\CodeIgniter.php(311): CodeIgniter\CodeIgniter->handleRequest(NULL, Object(Config\Cache), false)
#8 C:\xampp\htdocs\SCR\public\index.php(44): CodeIgniter\CodeIgniter->run()
#9 {main}
CRITICAL - 2020-12-10 11:18:17 --> Invalid argument supplied for foreach()
#0 C:\xampp\htdocs\SCR\system\HTTP\Request.php(371): CodeIgniter\Debug\Exceptions->errorHandler(2, 'Invalid argumen...', 'C:\\xampp\\htdocs...', 371, Array)
#1 C:\xampp\htdocs\SCR\system\HTTP\IncomingRequest.php(411): CodeIgniter\HTTP\Request->fetchGlobal('post', NULL, 516, NULL)
#2 C:\xampp\htdocs\SCR\system\Debug\Toolbar.php(165): CodeIgniter\HTTP\IncomingRequest->getPost()
#3 C:\xampp\htdocs\SCR\system\Debug\Toolbar.php(353): CodeIgniter\Debug\Toolbar->run(1607620697.0497, 0.076, Object(CodeIgniter\HTTP\IncomingRequest), Object(CodeIgniter\HTTP\Response))
#4 C:\xampp\htdocs\SCR\system\Filters\DebugToolbar.php(75): CodeIgniter\Debug\Toolbar->prepare(Object(CodeIgniter\HTTP\IncomingRequest), Object(CodeIgniter\HTTP\Response))
#5 C:\xampp\htdocs\SCR\system\Filters\Filters.php(199): CodeIgniter\Filters\DebugToolbar->after(Object(CodeIgniter\HTTP\IncomingRequest), Object(CodeIgniter\HTTP\Response))
#6 C:\xampp\htdocs\SCR\system\CodeIgniter.php(421): CodeIgniter\Filters\Filters->run('setting', 'after')
#7 C:\xampp\htdocs\SCR\system\CodeIgniter.php(311): CodeIgniter\CodeIgniter->handleRequest(NULL, Object(Config\Cache), false)
#8 C:\xampp\htdocs\SCR\public\index.php(44): CodeIgniter\CodeIgniter->run()
#9 {main}
CRITICAL - 2020-12-10 11:20:37 --> Invalid argument supplied for foreach()
#0 C:\xampp\htdocs\SCR\system\HTTP\Request.php(371): CodeIgniter\Debug\Exceptions->errorHandler(2, 'Invalid argumen...', 'C:\\xampp\\htdocs...', 371, Array)
#1 C:\xampp\htdocs\SCR\system\HTTP\IncomingRequest.php(411): CodeIgniter\HTTP\Request->fetchGlobal('post', NULL, 516, NULL)
#2 C:\xampp\htdocs\SCR\system\Debug\Toolbar.php(165): CodeIgniter\HTTP\IncomingRequest->getPost()
#3 C:\xampp\htdocs\SCR\system\Debug\Toolbar.php(353): CodeIgniter\Debug\Toolbar->run(1607620837.349, 0.0636, Object(CodeIgniter\HTTP\IncomingRequest), Object(CodeIgniter\HTTP\Response))
#4 C:\xampp\htdocs\SCR\system\Filters\DebugToolbar.php(75): CodeIgniter\Debug\Toolbar->prepare(Object(CodeIgniter\HTTP\IncomingRequest), Object(CodeIgniter\HTTP\Response))
#5 C:\xampp\htdocs\SCR\system\Filters\Filters.php(199): CodeIgniter\Filters\DebugToolbar->after(Object(CodeIgniter\HTTP\IncomingRequest), Object(CodeIgniter\HTTP\Response))
#6 C:\xampp\htdocs\SCR\system\CodeIgniter.php(421): CodeIgniter\Filters\Filters->run('setting', 'after')
#7 C:\xampp\htdocs\SCR\system\CodeIgniter.php(311): CodeIgniter\CodeIgniter->handleRequest(NULL, Object(Config\Cache), false)
#8 C:\xampp\htdocs\SCR\public\index.php(44): CodeIgniter\CodeIgniter->run()
#9 {main}
CRITICAL - 2020-12-10 11:20:38 --> Invalid argument supplied for foreach()
#0 C:\xampp\htdocs\SCR\system\HTTP\Request.php(371): CodeIgniter\Debug\Exceptions->errorHandler(2, 'Invalid argumen...', 'C:\\xampp\\htdocs...', 371, Array)
#1 C:\xampp\htdocs\SCR\system\HTTP\IncomingRequest.php(411): CodeIgniter\HTTP\Request->fetchGlobal('post', NULL, 516, NULL)
#2 C:\xampp\htdocs\SCR\system\Debug\Toolbar.php(165): CodeIgniter\HTTP\IncomingRequest->getPost()
#3 C:\xampp\htdocs\SCR\system\Debug\Toolbar.php(353): CodeIgniter\Debug\Toolbar->run(1607620838.8038, 0.0724, Object(CodeIgniter\HTTP\IncomingRequest), Object(CodeIgniter\HTTP\Response))
#4 C:\xampp\htdocs\SCR\system\Filters\DebugToolbar.php(75): CodeIgniter\Debug\Toolbar->prepare(Object(CodeIgniter\HTTP\IncomingRequest), Object(CodeIgniter\HTTP\Response))
#5 C:\xampp\htdocs\SCR\system\Filters\Filters.php(199): CodeIgniter\Filters\DebugToolbar->after(Object(CodeIgniter\HTTP\IncomingRequest), Object(CodeIgniter\HTTP\Response))
#6 C:\xampp\htdocs\SCR\system\CodeIgniter.php(421): CodeIgniter\Filters\Filters->run('setting', 'after')
#7 C:\xampp\htdocs\SCR\system\CodeIgniter.php(311): CodeIgniter\CodeIgniter->handleRequest(NULL, Object(Config\Cache), false)
#8 C:\xampp\htdocs\SCR\public\index.php(44): CodeIgniter\CodeIgniter->run()
#9 {main}
CRITICAL - 2020-12-10 11:20:44 --> Invalid argument supplied for foreach()
#0 C:\xampp\htdocs\SCR\system\HTTP\Request.php(371): CodeIgniter\Debug\Exceptions->errorHandler(2, 'Invalid argumen...', 'C:\\xampp\\htdocs...', 371, Array)
#1 C:\xampp\htdocs\SCR\system\HTTP\IncomingRequest.php(411): CodeIgniter\HTTP\Request->fetchGlobal('post', NULL, 516, NULL)
#2 C:\xampp\htdocs\SCR\system\Debug\Toolbar.php(165): CodeIgniter\HTTP\IncomingRequest->getPost()
#3 C:\xampp\htdocs\SCR\system\Debug\Toolbar.php(353): CodeIgniter\Debug\Toolbar->run(1607620844.8714, 0.0499, Object(CodeIgniter\HTTP\IncomingRequest), Object(CodeIgniter\HTTP\Response))
#4 C:\xampp\htdocs\SCR\system\Filters\DebugToolbar.php(75): CodeIgniter\Debug\Toolbar->prepare(Object(CodeIgniter\HTTP\IncomingRequest), Object(CodeIgniter\HTTP\Response))
#5 C:\xampp\htdocs\SCR\system\Filters\Filters.php(199): CodeIgniter\Filters\DebugToolbar->after(Object(CodeIgniter\HTTP\IncomingRequest), Object(CodeIgniter\HTTP\Response))
#6 C:\xampp\htdocs\SCR\system\CodeIgniter.php(421): CodeIgniter\Filters\Filters->run('setting', 'after')
#7 C:\xampp\htdocs\SCR\system\CodeIgniter.php(311): CodeIgniter\CodeIgniter->handleRequest(NULL, Object(Config\Cache), false)
#8 C:\xampp\htdocs\SCR\public\index.php(44): CodeIgniter\CodeIgniter->run()
#9 {main}
CRITICAL - 2020-12-10 11:21:51 --> Invalid argument supplied for foreach()
#0 C:\xampp\htdocs\SCR\system\HTTP\Request.php(371): CodeIgniter\Debug\Exceptions->errorHandler(2, 'Invalid argumen...', 'C:\\xampp\\htdocs...', 371, Array)
#1 C:\xampp\htdocs\SCR\system\HTTP\IncomingRequest.php(411): CodeIgniter\HTTP\Request->fetchGlobal('post', NULL, 516, NULL)
#2 C:\xampp\htdocs\SCR\system\Debug\Toolbar.php(165): CodeIgniter\HTTP\IncomingRequest->getPost()
#3 C:\xampp\htdocs\SCR\system\Debug\Toolbar.php(353): CodeIgniter\Debug\Toolbar->run(1607620911.1913, 0.0606, Object(CodeIgniter\HTTP\IncomingRequest), Object(CodeIgniter\HTTP\Response))
#4 C:\xampp\htdocs\SCR\system\Filters\DebugToolbar.php(75): CodeIgniter\Debug\Toolbar->prepare(Object(CodeIgniter\HTTP\IncomingRequest), Object(CodeIgniter\HTTP\Response))
#5 C:\xampp\htdocs\SCR\system\Filters\Filters.php(199): CodeIgniter\Filters\DebugToolbar->after(Object(CodeIgniter\HTTP\IncomingRequest), Object(CodeIgniter\HTTP\Response))
#6 C:\xampp\htdocs\SCR\system\CodeIgniter.php(421): CodeIgniter\Filters\Filters->run('setting', 'after')
#7 C:\xampp\htdocs\SCR\system\CodeIgniter.php(311): CodeIgniter\CodeIgniter->handleRequest(NULL, Object(Config\Cache), false)
#8 C:\xampp\htdocs\SCR\public\index.php(44): CodeIgniter\CodeIgniter->run()
#9 {main}
CRITICAL - 2020-12-10 11:21:53 --> Invalid argument supplied for foreach()
#0 C:\xampp\htdocs\SCR\system\HTTP\Request.php(371): CodeIgniter\Debug\Exceptions->errorHandler(2, 'Invalid argumen...', 'C:\\xampp\\htdocs...', 371, Array)
#1 C:\xampp\htdocs\SCR\system\HTTP\IncomingRequest.php(411): CodeIgniter\HTTP\Request->fetchGlobal('post', NULL, 516, NULL)
#2 C:\xampp\htdocs\SCR\system\Debug\Toolbar.php(165): CodeIgniter\HTTP\IncomingRequest->getPost()
#3 C:\xampp\htdocs\SCR\system\Debug\Toolbar.php(353): CodeIgniter\Debug\Toolbar->run(1607620913.7069, 0.0588, Object(CodeIgniter\HTTP\IncomingRequest), Object(CodeIgniter\HTTP\Response))
#4 C:\xampp\htdocs\SCR\system\Filters\DebugToolbar.php(75): CodeIgniter\Debug\Toolbar->prepare(Object(CodeIgniter\HTTP\IncomingRequest), Object(CodeIgniter\HTTP\Response))
#5 C:\xampp\htdocs\SCR\system\Filters\Filters.php(199): CodeIgniter\Filters\DebugToolbar->after(Object(CodeIgniter\HTTP\IncomingRequest), Object(CodeIgniter\HTTP\Response))
#6 C:\xampp\htdocs\SCR\system\CodeIgniter.php(421): CodeIgniter\Filters\Filters->run('setting', 'after')
#7 C:\xampp\htdocs\SCR\system\CodeIgniter.php(311): CodeIgniter\CodeIgniter->handleRequest(NULL, Object(Config\Cache), false)
#8 C:\xampp\htdocs\SCR\public\index.php(44): CodeIgniter\CodeIgniter->run()
#9 {main}
CRITICAL - 2020-12-10 11:22:05 --> Invalid argument supplied for foreach()
#0 C:\xampp\htdocs\SCR\system\HTTP\Request.php(371): CodeIgniter\Debug\Exceptions->errorHandler(2, 'Invalid argumen...', 'C:\\xampp\\htdocs...', 371, Array)
#1 C:\xampp\htdocs\SCR\system\HTTP\IncomingRequest.php(411): CodeIgniter\HTTP\Request->fetchGlobal('post', NULL, 516, NULL)
#2 C:\xampp\htdocs\SCR\system\Debug\Toolbar.php(165): CodeIgniter\HTTP\IncomingRequest->getPost()
#3 C:\xampp\htdocs\SCR\system\Debug\Toolbar.php(353): CodeIgniter\Debug\Toolbar->run(1607620925.0571, 0.0646, Object(CodeIgniter\HTTP\IncomingRequest), Object(CodeIgniter\HTTP\Response))
#4 C:\xampp\htdocs\SCR\system\Filters\DebugToolbar.php(75): CodeIgniter\Debug\Toolbar->prepare(Object(CodeIgniter\HTTP\IncomingRequest), Object(CodeIgniter\HTTP\Response))
#5 C:\xampp\htdocs\SCR\system\Filters\Filters.php(199): CodeIgniter\Filters\DebugToolbar->after(Object(CodeIgniter\HTTP\IncomingRequest), Object(CodeIgniter\HTTP\Response))
#6 C:\xampp\htdocs\SCR\system\CodeIgniter.php(421): CodeIgniter\Filters\Filters->run('setting', 'after')
#7 C:\xampp\htdocs\SCR\system\CodeIgniter.php(311): CodeIgniter\CodeIgniter->handleRequest(NULL, Object(Config\Cache), false)
#8 C:\xampp\htdocs\SCR\public\index.php(44): CodeIgniter\CodeIgniter->run()
#9 {main}
CRITICAL - 2020-12-10 11:22:12 --> Invalid argument supplied for foreach()
#0 C:\xampp\htdocs\SCR\system\HTTP\Request.php(371): CodeIgniter\Debug\Exceptions->errorHandler(2, 'Invalid argumen...', 'C:\\xampp\\htdocs...', 371, Array)
#1 C:\xampp\htdocs\SCR\system\HTTP\IncomingRequest.php(411): CodeIgniter\HTTP\Request->fetchGlobal('post', NULL, 516, NULL)
#2 C:\xampp\htdocs\SCR\system\Debug\Toolbar.php(165): CodeIgniter\HTTP\IncomingRequest->getPost()
#3 C:\xampp\htdocs\SCR\system\Debug\Toolbar.php(353): CodeIgniter\Debug\Toolbar->run(1607620932.8807, 0.0703, Object(CodeIgniter\HTTP\IncomingRequest), Object(CodeIgniter\HTTP\Response))
#4 C:\xampp\htdocs\SCR\system\Filters\DebugToolbar.php(75): CodeIgniter\Debug\Toolbar->prepare(Object(CodeIgniter\HTTP\IncomingRequest), Object(CodeIgniter\HTTP\Response))
#5 C:\xampp\htdocs\SCR\system\Filters\Filters.php(199): CodeIgniter\Filters\DebugToolbar->after(Object(CodeIgniter\HTTP\IncomingRequest), Object(CodeIgniter\HTTP\Response))
#6 C:\xampp\htdocs\SCR\system\CodeIgniter.php(421): CodeIgniter\Filters\Filters->run('setting', 'after')
#7 C:\xampp\htdocs\SCR\system\CodeIgniter.php(311): CodeIgniter\CodeIgniter->handleRequest(NULL, Object(Config\Cache), false)
#8 C:\xampp\htdocs\SCR\public\index.php(44): CodeIgniter\CodeIgniter->run()
#9 {main}
CRITICAL - 2020-12-10 11:31:51 --> Invalid argument supplied for foreach()
#0 C:\xampp\htdocs\SCR\system\HTTP\Request.php(371): CodeIgniter\Debug\Exceptions->errorHandler(2, 'Invalid argumen...', 'C:\\xampp\\htdocs...', 371, Array)
#1 C:\xampp\htdocs\SCR\system\HTTP\IncomingRequest.php(411): CodeIgniter\HTTP\Request->fetchGlobal('post', NULL, 516, NULL)
#2 C:\xampp\htdocs\SCR\system\Debug\Toolbar.php(165): CodeIgniter\HTTP\IncomingRequest->getPost()
#3 C:\xampp\htdocs\SCR\system\Debug\Toolbar.php(353): CodeIgniter\Debug\Toolbar->run(1607621511.9463, 0.0499, Object(CodeIgniter\HTTP\IncomingRequest), Object(CodeIgniter\HTTP\Response))
#4 C:\xampp\htdocs\SCR\system\Filters\DebugToolbar.php(75): CodeIgniter\Debug\Toolbar->prepare(Object(CodeIgniter\HTTP\IncomingRequest), Object(CodeIgniter\HTTP\Response))
#5 C:\xampp\htdocs\SCR\system\Filters\Filters.php(199): CodeIgniter\Filters\DebugToolbar->after(Object(CodeIgniter\HTTP\IncomingRequest), Object(CodeIgniter\HTTP\Response))
#6 C:\xampp\htdocs\SCR\system\CodeIgniter.php(421): CodeIgniter\Filters\Filters->run('setting', 'after')
#7 C:\xampp\htdocs\SCR\system\CodeIgniter.php(311): CodeIgniter\CodeIgniter->handleRequest(NULL, Object(Config\Cache), false)
#8 C:\xampp\htdocs\SCR\public\index.php(44): CodeIgniter\CodeIgniter->run()
#9 {main}
CRITICAL - 2020-12-10 11:44:33 --> Invalid argument supplied for foreach()
#0 C:\xampp\htdocs\SCR\system\HTTP\Request.php(371): CodeIgniter\Debug\Exceptions->errorHandler(2, 'Invalid argumen...', 'C:\\xampp\\htdocs...', 371, Array)
#1 C:\xampp\htdocs\SCR\system\HTTP\IncomingRequest.php(411): CodeIgniter\HTTP\Request->fetchGlobal('post', NULL, 516, NULL)
#2 C:\xampp\htdocs\SCR\system\Debug\Toolbar.php(165): CodeIgniter\HTTP\IncomingRequest->getPost()
#3 C:\xampp\htdocs\SCR\system\Debug\Toolbar.php(353): CodeIgniter\Debug\Toolbar->run(1607622273.4106, 0.0525, Object(CodeIgniter\HTTP\IncomingRequest), Object(CodeIgniter\HTTP\Response))
#4 C:\xampp\htdocs\SCR\system\Filters\DebugToolbar.php(75): CodeIgniter\Debug\Toolbar->prepare(Object(CodeIgniter\HTTP\IncomingRequest), Object(CodeIgniter\HTTP\Response))
#5 C:\xampp\htdocs\SCR\system\Filters\Filters.php(199): CodeIgniter\Filters\DebugToolbar->after(Object(CodeIgniter\HTTP\IncomingRequest), Object(CodeIgniter\HTTP\Response))
#6 C:\xampp\htdocs\SCR\system\CodeIgniter.php(421): CodeIgniter\Filters\Filters->run('setting', 'after')
#7 C:\xampp\htdocs\SCR\system\CodeIgniter.php(311): CodeIgniter\CodeIgniter->handleRequest(NULL, Object(Config\Cache), false)
#8 C:\xampp\htdocs\SCR\public\index.php(44): CodeIgniter\CodeIgniter->run()
#9 {main}
CRITICAL - 2020-12-10 11:45:23 --> Invalid argument supplied for foreach()
#0 C:\xampp\htdocs\SCR\system\HTTP\Request.php(371): CodeIgniter\Debug\Exceptions->errorHandler(2, 'Invalid argumen...', 'C:\\xampp\\htdocs...', 371, Array)
#1 C:\xampp\htdocs\SCR\system\HTTP\IncomingRequest.php(411): CodeIgniter\HTTP\Request->fetchGlobal('post', NULL, 516, NULL)
#2 C:\xampp\htdocs\SCR\system\Debug\Toolbar.php(165): CodeIgniter\HTTP\IncomingRequest->getPost()
#3 C:\xampp\htdocs\SCR\system\Debug\Toolbar.php(353): CodeIgniter\Debug\Toolbar->run(1607622323.0144, 0.0516, Object(CodeIgniter\HTTP\IncomingRequest), Object(CodeIgniter\HTTP\Response))
#4 C:\xampp\htdocs\SCR\system\Filters\DebugToolbar.php(75): CodeIgniter\Debug\Toolbar->prepare(Object(CodeIgniter\HTTP\IncomingRequest), Object(CodeIgniter\HTTP\Response))
#5 C:\xampp\htdocs\SCR\system\Filters\Filters.php(199): CodeIgniter\Filters\DebugToolbar->after(Object(CodeIgniter\HTTP\IncomingRequest), Object(CodeIgniter\HTTP\Response))
#6 C:\xampp\htdocs\SCR\system\CodeIgniter.php(421): CodeIgniter\Filters\Filters->run('setting', 'after')
#7 C:\xampp\htdocs\SCR\system\CodeIgniter.php(311): CodeIgniter\CodeIgniter->handleRequest(NULL, Object(Config\Cache), false)
#8 C:\xampp\htdocs\SCR\public\index.php(44): CodeIgniter\CodeIgniter->run()
#9 {main}
CRITICAL - 2020-12-10 11:46:44 --> Invalid argument supplied for foreach()
#0 C:\xampp\htdocs\SCR\system\HTTP\Request.php(371): CodeIgniter\Debug\Exceptions->errorHandler(2, 'Invalid argumen...', 'C:\\xampp\\htdocs...', 371, Array)
#1 C:\xampp\htdocs\SCR\system\HTTP\IncomingRequest.php(411): CodeIgniter\HTTP\Request->fetchGlobal('post', NULL, 516, NULL)
#2 C:\xampp\htdocs\SCR\system\Debug\Toolbar.php(165): CodeIgniter\HTTP\IncomingRequest->getPost()
#3 C:\xampp\htdocs\SCR\system\Debug\Toolbar.php(353): CodeIgniter\Debug\Toolbar->run(1607622404.8117, 0.0605, Object(CodeIgniter\HTTP\IncomingRequest), Object(CodeIgniter\HTTP\Response))
#4 C:\xampp\htdocs\SCR\system\Filters\DebugToolbar.php(75): CodeIgniter\Debug\Toolbar->prepare(Object(CodeIgniter\HTTP\IncomingRequest), Object(CodeIgniter\HTTP\Response))
#5 C:\xampp\htdocs\SCR\system\Filters\Filters.php(199): CodeIgniter\Filters\DebugToolbar->after(Object(CodeIgniter\HTTP\IncomingRequest), Object(CodeIgniter\HTTP\Response))
#6 C:\xampp\htdocs\SCR\system\CodeIgniter.php(421): CodeIgniter\Filters\Filters->run('setting', 'after')
#7 C:\xampp\htdocs\SCR\system\CodeIgniter.php(311): CodeIgniter\CodeIgniter->handleRequest(NULL, Object(Config\Cache), false)
#8 C:\xampp\htdocs\SCR\public\index.php(44): CodeIgniter\CodeIgniter->run()
#9 {main}
CRITICAL - 2020-12-10 11:52:32 --> Invalid argument supplied for foreach()
#0 C:\xampp\htdocs\SCR\system\HTTP\Request.php(371): CodeIgniter\Debug\Exceptions->errorHandler(2, 'Invalid argumen...', 'C:\\xampp\\htdocs...', 371, Array)
#1 C:\xampp\htdocs\SCR\system\HTTP\IncomingRequest.php(411): CodeIgniter\HTTP\Request->fetchGlobal('post', NULL, 516, NULL)
#2 C:\xampp\htdocs\SCR\system\Debug\Toolbar.php(165): CodeIgniter\HTTP\IncomingRequest->getPost()
#3 C:\xampp\htdocs\SCR\system\Debug\Toolbar.php(353): CodeIgniter\Debug\Toolbar->run(1607622752.7189, 0.0509, Object(CodeIgniter\HTTP\IncomingRequest), Object(CodeIgniter\HTTP\Response))
#4 C:\xampp\htdocs\SCR\system\Filters\DebugToolbar.php(75): CodeIgniter\Debug\Toolbar->prepare(Object(CodeIgniter\HTTP\IncomingRequest), Object(CodeIgniter\HTTP\Response))
#5 C:\xampp\htdocs\SCR\system\Filters\Filters.php(199): CodeIgniter\Filters\DebugToolbar->after(Object(CodeIgniter\HTTP\IncomingRequest), Object(CodeIgniter\HTTP\Response))
#6 C:\xampp\htdocs\SCR\system\CodeIgniter.php(421): CodeIgniter\Filters\Filters->run('setting', 'after')
#7 C:\xampp\htdocs\SCR\system\CodeIgniter.php(311): CodeIgniter\CodeIgniter->handleRequest(NULL, Object(Config\Cache), false)
#8 C:\xampp\htdocs\SCR\public\index.php(44): CodeIgniter\CodeIgniter->run()
#9 {main}
CRITICAL - 2020-12-10 11:52:42 --> Invalid argument supplied for foreach()
#0 C:\xampp\htdocs\SCR\system\HTTP\Request.php(371): CodeIgniter\Debug\Exceptions->errorHandler(2, 'Invalid argumen...', 'C:\\xampp\\htdocs...', 371, Array)
#1 C:\xampp\htdocs\SCR\system\HTTP\IncomingRequest.php(411): CodeIgniter\HTTP\Request->fetchGlobal('post', NULL, 516, NULL)
#2 C:\xampp\htdocs\SCR\system\Debug\Toolbar.php(165): CodeIgniter\HTTP\IncomingRequest->getPost()
#3 C:\xampp\htdocs\SCR\system\Debug\Toolbar.php(353): CodeIgniter\Debug\Toolbar->run(1607622762.1816, 0.054, Object(CodeIgniter\HTTP\IncomingRequest), Object(CodeIgniter\HTTP\Response))
#4 C:\xampp\htdocs\SCR\system\Filters\DebugToolbar.php(75): CodeIgniter\Debug\Toolbar->prepare(Object(CodeIgniter\HTTP\IncomingRequest), Object(CodeIgniter\HTTP\Response))
#5 C:\xampp\htdocs\SCR\system\Filters\Filters.php(199): CodeIgniter\Filters\DebugToolbar->after(Object(CodeIgniter\HTTP\IncomingRequest), Object(CodeIgniter\HTTP\Response))
#6 C:\xampp\htdocs\SCR\system\CodeIgniter.php(421): CodeIgniter\Filters\Filters->run('setting', 'after')
#7 C:\xampp\htdocs\SCR\system\CodeIgniter.php(311): CodeIgniter\CodeIgniter->handleRequest(NULL, Object(Config\Cache), false)
#8 C:\xampp\htdocs\SCR\public\index.php(44): CodeIgniter\CodeIgniter->run()
#9 {main}
CRITICAL - 2020-12-10 11:53:51 --> Invalid argument supplied for foreach()
#0 C:\xampp\htdocs\SCR\system\HTTP\Request.php(371): CodeIgniter\Debug\Exceptions->errorHandler(2, 'Invalid argumen...', 'C:\\xampp\\htdocs...', 371, Array)
#1 C:\xampp\htdocs\SCR\system\HTTP\IncomingRequest.php(411): CodeIgniter\HTTP\Request->fetchGlobal('post', NULL, 516, NULL)
#2 C:\xampp\htdocs\SCR\system\Debug\Toolbar.php(165): CodeIgniter\HTTP\IncomingRequest->getPost()
#3 C:\xampp\htdocs\SCR\system\Debug\Toolbar.php(353): CodeIgniter\Debug\Toolbar->run(1607622831.9254, 0.0485, Object(CodeIgniter\HTTP\IncomingRequest), Object(CodeIgniter\HTTP\Response))
#4 C:\xampp\htdocs\SCR\system\Filters\DebugToolbar.php(75): CodeIgniter\Debug\Toolbar->prepare(Object(CodeIgniter\HTTP\IncomingRequest), Object(CodeIgniter\HTTP\Response))
#5 C:\xampp\htdocs\SCR\system\Filters\Filters.php(199): CodeIgniter\Filters\DebugToolbar->after(Object(CodeIgniter\HTTP\IncomingRequest), Object(CodeIgniter\HTTP\Response))
#6 C:\xampp\htdocs\SCR\system\CodeIgniter.php(421): CodeIgniter\Filters\Filters->run('setting', 'after')
#7 C:\xampp\htdocs\SCR\system\CodeIgniter.php(311): CodeIgniter\CodeIgniter->handleRequest(NULL, Object(Config\Cache), false)
#8 C:\xampp\htdocs\SCR\public\index.php(44): CodeIgniter\CodeIgniter->run()
#9 {main}
CRITICAL - 2020-12-10 11:53:53 --> Invalid argument supplied for foreach()
#0 C:\xampp\htdocs\SCR\system\HTTP\Request.php(371): CodeIgniter\Debug\Exceptions->errorHandler(2, 'Invalid argumen...', 'C:\\xampp\\htdocs...', 371, Array)
#1 C:\xampp\htdocs\SCR\system\HTTP\IncomingRequest.php(411): CodeIgniter\HTTP\Request->fetchGlobal('post', NULL, 516, NULL)
#2 C:\xampp\htdocs\SCR\system\Debug\Toolbar.php(165): CodeIgniter\HTTP\IncomingRequest->getPost()
#3 C:\xampp\htdocs\SCR\system\Debug\Toolbar.php(353): CodeIgniter\Debug\Toolbar->run(1607622832.9828, 0.0363, Object(CodeIgniter\HTTP\IncomingRequest), Object(CodeIgniter\HTTP\Response))
#4 C:\xampp\htdocs\SCR\system\Filters\DebugToolbar.php(75): CodeIgniter\Debug\Toolbar->prepare(Object(CodeIgniter\HTTP\IncomingRequest), Object(CodeIgniter\HTTP\Response))
#5 C:\xampp\htdocs\SCR\system\Filters\Filters.php(199): CodeIgniter\Filters\DebugToolbar->after(Object(CodeIgniter\HTTP\IncomingRequest), Object(CodeIgniter\HTTP\Response))
#6 C:\xampp\htdocs\SCR\system\CodeIgniter.php(421): CodeIgniter\Filters\Filters->run('setting', 'after')
#7 C:\xampp\htdocs\SCR\system\CodeIgniter.php(311): CodeIgniter\CodeIgniter->handleRequest(NULL, Object(Config\Cache), false)
#8 C:\xampp\htdocs\SCR\public\index.php(44): CodeIgniter\CodeIgniter->run()
#9 {main}
CRITICAL - 2020-12-10 11:54:13 --> Invalid argument supplied for foreach()
#0 C:\xampp\htdocs\SCR\system\HTTP\Request.php(371): CodeIgniter\Debug\Exceptions->errorHandler(2, 'Invalid argumen...', 'C:\\xampp\\htdocs...', 371, Array)
#1 C:\xampp\htdocs\SCR\system\HTTP\IncomingRequest.php(411): CodeIgniter\HTTP\Request->fetchGlobal('post', NULL, 516, NULL)
#2 C:\xampp\htdocs\SCR\system\Debug\Toolbar.php(165): CodeIgniter\HTTP\IncomingRequest->getPost()
#3 C:\xampp\htdocs\SCR\system\Debug\Toolbar.php(353): CodeIgniter\Debug\Toolbar->run(1607622853.398, 0.0373, Object(CodeIgniter\HTTP\IncomingRequest), Object(CodeIgniter\HTTP\Response))
#4 C:\xampp\htdocs\SCR\system\Filters\DebugToolbar.php(75): CodeIgniter\Debug\Toolbar->prepare(Object(CodeIgniter\HTTP\IncomingRequest), Object(CodeIgniter\HTTP\Response))
#5 C:\xampp\htdocs\SCR\system\Filters\Filters.php(199): CodeIgniter\Filters\DebugToolbar->after(Object(CodeIgniter\HTTP\IncomingRequest), Object(CodeIgniter\HTTP\Response))
#6 C:\xampp\htdocs\SCR\system\CodeIgniter.php(421): CodeIgniter\Filters\Filters->run('setting', 'after')
#7 C:\xampp\htdocs\SCR\system\CodeIgniter.php(311): CodeIgniter\CodeIgniter->handleRequest(NULL, Object(Config\Cache), false)
#8 C:\xampp\htdocs\SCR\public\index.php(44): CodeIgniter\CodeIgniter->run()
#9 {main}
CRITICAL - 2020-12-10 11:54:14 --> Invalid argument supplied for foreach()
#0 C:\xampp\htdocs\SCR\system\HTTP\Request.php(371): CodeIgniter\Debug\Exceptions->errorHandler(2, 'Invalid argumen...', 'C:\\xampp\\htdocs...', 371, Array)
#1 C:\xampp\htdocs\SCR\system\HTTP\IncomingRequest.php(411): CodeIgniter\HTTP\Request->fetchGlobal('post', NULL, 516, NULL)
#2 C:\xampp\htdocs\SCR\system\Debug\Toolbar.php(165): CodeIgniter\HTTP\IncomingRequest->getPost()
#3 C:\xampp\htdocs\SCR\system\Debug\Toolbar.php(353): CodeIgniter\Debug\Toolbar->run(1607622854.4366, 0.0472, Object(CodeIgniter\HTTP\IncomingRequest), Object(CodeIgniter\HTTP\Response))
#4 C:\xampp\htdocs\SCR\system\Filters\DebugToolbar.php(75): CodeIgniter\Debug\Toolbar->prepare(Object(CodeIgniter\HTTP\IncomingRequest), Object(CodeIgniter\HTTP\Response))
#5 C:\xampp\htdocs\SCR\system\Filters\Filters.php(199): CodeIgniter\Filters\DebugToolbar->after(Object(CodeIgniter\HTTP\IncomingRequest), Object(CodeIgniter\HTTP\Response))
#6 C:\xampp\htdocs\SCR\system\CodeIgniter.php(421): CodeIgniter\Filters\Filters->run('setting', 'after')
#7 C:\xampp\htdocs\SCR\system\CodeIgniter.php(311): CodeIgniter\CodeIgniter->handleRequest(NULL, Object(Config\Cache), false)
#8 C:\xampp\htdocs\SCR\public\index.php(44): CodeIgniter\CodeIgniter->run()
#9 {main}
