CRITICAL - 2020-08-19 00:30:36 --> Invalid file: share-target.php
#0 /home/fadf4949/codeigniter/system/View/View.php(228): CodeIgniter\Exceptions\FrameworkException::forInvalidFile('share-target.ph...')
#1 /home/fadf4949/codeigniter/system/Common.php(1087): CodeIgniter\View\View->render('share-target', Array, true)
#2 /home/fadf4949/codeigniter/app/Controllers/Aktivitas.php(9): view('share-target')
#3 /home/fadf4949/codeigniter/system/Router/Router.php(578): include_once('/home/fadf4949/...')
#4 /home/fadf4949/codeigniter/system/Router/Router.php(192): CodeIgniter\Router\Router->autoRoute('aktivitas')
#5 /home/fadf4949/codeigniter/system/CodeIgniter.php(792): CodeIgniter\Router\Router->handle('aktivitas')
#6 /home/fadf4949/codeigniter/system/CodeIgniter.php(363): CodeIgniter\CodeIgniter->tryToRouteIt(Object(CodeIgniter\Router\RouteCollection))
#7 /home/fadf4949/codeigniter/system/CodeIgniter.php(311): CodeIgniter\CodeIgniter->handleRequest(NULL, Object(Config\Cache), false)
#8 /home/fadf4949/public_html/index.php(44): CodeIgniter\CodeIgniter->run()
#9 {main}
CRITICAL - 2020-08-19 09:48:31 --> Undefined index: mathcaptcha_answer
#0 /home/fadf4949/codeigniter/app/Controllers/Login.php(41): CodeIgniter\Debug\Exceptions->errorHandler(8, 'Undefined index...', '/home/fadf4949/...', 41, Array)
#1 /home/fadf4949/codeigniter/system/CodeIgniter.php(917): App\Controllers\Login->index()
#2 /home/fadf4949/codeigniter/system/CodeIgniter.php(403): CodeIgniter\CodeIgniter->runController(Object(App\Controllers\Login))
#3 /home/fadf4949/codeigniter/system/CodeIgniter.php(311): CodeIgniter\CodeIgniter->handleRequest(NULL, Object(Config\Cache), false)
#4 /home/fadf4949/public_html/index.php(44): CodeIgniter\CodeIgniter->run()
#5 {main}
CRITICAL - 2020-08-19 10:30:48 --> ini_set(): A session is active. You cannot change the session module's ini settings at this time
#0 [internal function]: CodeIgniter\Debug\Exceptions->errorHandler(2, 'ini_set(): A se...', '/home/fadf4949/...', 101, Array)
#1 /home/fadf4949/codeigniter/system/Session/Handlers/FileHandler.php(101): ini_set('session.save_pa...', '/home/fadf4949/...')
#2 /home/fadf4949/codeigniter/system/Config/Services.php(763): CodeIgniter\Session\Handlers\FileHandler->__construct(Object(Config\App), '111.221.44.60')
#3 /home/fadf4949/codeigniter/system/Config/BaseService.php(123): CodeIgniter\Config\Services::session(Object(Config\App), false)
#4 /home/fadf4949/codeigniter/system/Config/Services.php(752): CodeIgniter\Config\BaseService::getSharedInstance('session', NULL)
#5 /home/fadf4949/codeigniter/system/Common.php(894): CodeIgniter\Config\Services::session()
#6 /home/fadf4949/codeigniter/app/Views/shareTarget.php(39): session('msg')
#7 /home/fadf4949/codeigniter/system/View/View.php(246): include('/home/fadf4949/...')
#8 /home/fadf4949/codeigniter/system/Common.php(1087): CodeIgniter\View\View->render('shareTarget', Array, true)
#9 /home/fadf4949/codeigniter/app/Controllers/ShareTarget.php(19): view('shareTarget')
#10 /home/fadf4949/codeigniter/system/CodeIgniter.php(917): App\Controllers\ShareTarget->index()
#11 /home/fadf4949/codeigniter/system/CodeIgniter.php(403): CodeIgniter\CodeIgniter->runController(Object(App\Controllers\ShareTarget))
#12 /home/fadf4949/codeigniter/system/CodeIgniter.php(311): CodeIgniter\CodeIgniter->handleRequest(NULL, Object(Config\Cache), false)
#13 /home/fadf4949/public_html/index.php(44): CodeIgniter\CodeIgniter->run()
#14 {main}
CRITICAL - 2020-08-19 10:32:32 --> ini_set(): A session is active. You cannot change the session module's ini settings at this time
#0 [internal function]: CodeIgniter\Debug\Exceptions->errorHandler(2, 'ini_set(): A se...', '/home/fadf4949/...', 101, Array)
#1 /home/fadf4949/codeigniter/system/Session/Handlers/FileHandler.php(101): ini_set('session.save_pa...', '/home/fadf4949/...')
#2 /home/fadf4949/codeigniter/system/Config/Services.php(763): CodeIgniter\Session\Handlers\FileHandler->__construct(Object(Config\App), '111.221.44.60')
#3 /home/fadf4949/codeigniter/system/Config/BaseService.php(123): CodeIgniter\Config\Services::session(Object(Config\App), false)
#4 /home/fadf4949/codeigniter/system/Config/Services.php(752): CodeIgniter\Config\BaseService::getSharedInstance('session', NULL)
#5 /home/fadf4949/codeigniter/system/Common.php(894): CodeIgniter\Config\Services::session()
#6 /home/fadf4949/codeigniter/app/Views/shareTarget.php(39): session('msg')
#7 /home/fadf4949/codeigniter/system/View/View.php(246): include('/home/fadf4949/...')
#8 /home/fadf4949/codeigniter/system/Common.php(1087): CodeIgniter\View\View->render('shareTarget', Array, true)
#9 /home/fadf4949/codeigniter/app/Controllers/ShareTarget.php(19): view('shareTarget')
#10 /home/fadf4949/codeigniter/system/CodeIgniter.php(917): App\Controllers\ShareTarget->index()
#11 /home/fadf4949/codeigniter/system/CodeIgniter.php(403): CodeIgniter\CodeIgniter->runController(Object(App\Controllers\ShareTarget))
#12 /home/fadf4949/codeigniter/system/CodeIgniter.php(311): CodeIgniter\CodeIgniter->handleRequest(NULL, Object(Config\Cache), false)
#13 /home/fadf4949/public_html/index.php(44): CodeIgniter\CodeIgniter->run()
#14 {main}
CRITICAL - 2020-08-19 10:38:14 --> ini_set(): A session is active. You cannot change the session module's ini settings at this time
#0 [internal function]: CodeIgniter\Debug\Exceptions->errorHandler(2, 'ini_set(): A se...', '/home/fadf4949/...', 101, Array)
#1 /home/fadf4949/codeigniter/system/Session/Handlers/FileHandler.php(101): ini_set('session.save_pa...', '/home/fadf4949/...')
#2 /home/fadf4949/codeigniter/system/Config/Services.php(763): CodeIgniter\Session\Handlers\FileHandler->__construct(Object(Config\App), '111.221.44.60')
#3 /home/fadf4949/codeigniter/system/Config/BaseService.php(123): CodeIgniter\Config\Services::session(Object(Config\App), false)
#4 /home/fadf4949/codeigniter/system/Config/Services.php(752): CodeIgniter\Config\BaseService::getSharedInstance('session', NULL)
#5 /home/fadf4949/codeigniter/system/Common.php(894): CodeIgniter\Config\Services::session()
#6 /home/fadf4949/codeigniter/app/Views/shareTarget.php(39): session('msg')
#7 /home/fadf4949/codeigniter/system/View/View.php(246): include('/home/fadf4949/...')
#8 /home/fadf4949/codeigniter/system/Common.php(1087): CodeIgniter\View\View->render('shareTarget', Array, true)
#9 /home/fadf4949/codeigniter/app/Controllers/ShareTarget.php(19): view('shareTarget')
#10 /home/fadf4949/codeigniter/system/CodeIgniter.php(917): App\Controllers\ShareTarget->index()
#11 /home/fadf4949/codeigniter/system/CodeIgniter.php(403): CodeIgniter\CodeIgniter->runController(Object(App\Controllers\ShareTarget))
#12 /home/fadf4949/codeigniter/system/CodeIgniter.php(311): CodeIgniter\CodeIgniter->handleRequest(NULL, Object(Config\Cache), false)
#13 /home/fadf4949/public_html/index.php(44): CodeIgniter\CodeIgniter->run()
#14 {main}
CRITICAL - 2020-08-19 10:38:17 --> ini_set(): A session is active. You cannot change the session module's ini settings at this time
#0 [internal function]: CodeIgniter\Debug\Exceptions->errorHandler(2, 'ini_set(): A se...', '/home/fadf4949/...', 101, Array)
#1 /home/fadf4949/codeigniter/system/Session/Handlers/FileHandler.php(101): ini_set('session.save_pa...', '/home/fadf4949/...')
#2 /home/fadf4949/codeigniter/system/Config/Services.php(763): CodeIgniter\Session\Handlers\FileHandler->__construct(Object(Config\App), '111.221.44.60')
#3 /home/fadf4949/codeigniter/system/Config/BaseService.php(123): CodeIgniter\Config\Services::session(Object(Config\App), false)
#4 /home/fadf4949/codeigniter/system/Config/Services.php(752): CodeIgniter\Config\BaseService::getSharedInstance('session', NULL)
#5 /home/fadf4949/codeigniter/system/Common.php(894): CodeIgniter\Config\Services::session()
#6 /home/fadf4949/codeigniter/app/Views/shareTarget.php(39): session('msg')
#7 /home/fadf4949/codeigniter/system/View/View.php(246): include('/home/fadf4949/...')
#8 /home/fadf4949/codeigniter/system/Common.php(1087): CodeIgniter\View\View->render('shareTarget', Array, true)
#9 /home/fadf4949/codeigniter/app/Controllers/ShareTarget.php(19): view('shareTarget')
#10 /home/fadf4949/codeigniter/system/CodeIgniter.php(917): App\Controllers\ShareTarget->index()
#11 /home/fadf4949/codeigniter/system/CodeIgniter.php(403): CodeIgniter\CodeIgniter->runController(Object(App\Controllers\ShareTarget))
#12 /home/fadf4949/codeigniter/system/CodeIgniter.php(311): CodeIgniter\CodeIgniter->handleRequest(NULL, Object(Config\Cache), false)
#13 /home/fadf4949/public_html/index.php(44): CodeIgniter\CodeIgniter->run()
#14 {main}
CRITICAL - 2020-08-19 10:39:08 --> ini_set(): A session is active. You cannot change the session module's ini settings at this time
#0 [internal function]: CodeIgniter\Debug\Exceptions->errorHandler(2, 'ini_set(): A se...', '/home/fadf4949/...', 101, Array)
#1 /home/fadf4949/codeigniter/system/Session/Handlers/FileHandler.php(101): ini_set('session.save_pa...', '/home/fadf4949/...')
#2 /home/fadf4949/codeigniter/system/Config/Services.php(763): CodeIgniter\Session\Handlers\FileHandler->__construct(Object(Config\App), '111.221.44.60')
#3 /home/fadf4949/codeigniter/system/Config/BaseService.php(123): CodeIgniter\Config\Services::session(Object(Config\App), false)
#4 /home/fadf4949/codeigniter/system/Config/Services.php(752): CodeIgniter\Config\BaseService::getSharedInstance('session', NULL)
#5 /home/fadf4949/codeigniter/system/Common.php(894): CodeIgniter\Config\Services::session()
#6 /home/fadf4949/codeigniter/app/Views/shareTarget.php(39): session('msg')
#7 /home/fadf4949/codeigniter/system/View/View.php(246): include('/home/fadf4949/...')
#8 /home/fadf4949/codeigniter/system/Common.php(1087): CodeIgniter\View\View->render('shareTarget', Array, true)
#9 /home/fadf4949/codeigniter/app/Controllers/ShareTarget.php(19): view('shareTarget')
#10 /home/fadf4949/codeigniter/system/CodeIgniter.php(917): App\Controllers\ShareTarget->index()
#11 /home/fadf4949/codeigniter/system/CodeIgniter.php(403): CodeIgniter\CodeIgniter->runController(Object(App\Controllers\ShareTarget))
#12 /home/fadf4949/codeigniter/system/CodeIgniter.php(311): CodeIgniter\CodeIgniter->handleRequest(NULL, Object(Config\Cache), false)
#13 /home/fadf4949/public_html/index.php(44): CodeIgniter\CodeIgniter->run()
#14 {main}
CRITICAL - 2020-08-19 10:42:50 --> ini_set(): A session is active. You cannot change the session module's ini settings at this time
#0 [internal function]: CodeIgniter\Debug\Exceptions->errorHandler(2, 'ini_set(): A se...', '/home/fadf4949/...', 101, Array)
#1 /home/fadf4949/codeigniter/system/Session/Handlers/FileHandler.php(101): ini_set('session.save_pa...', '/home/fadf4949/...')
#2 /home/fadf4949/codeigniter/system/Config/Services.php(763): CodeIgniter\Session\Handlers\FileHandler->__construct(Object(Config\App), '111.221.44.60')
#3 /home/fadf4949/codeigniter/system/Config/BaseService.php(123): CodeIgniter\Config\Services::session(Object(Config\App), false)
#4 /home/fadf4949/codeigniter/system/Config/Services.php(752): CodeIgniter\Config\BaseService::getSharedInstance('session', NULL)
#5 /home/fadf4949/codeigniter/system/Common.php(894): CodeIgniter\Config\Services::session()
#6 /home/fadf4949/codeigniter/app/Views/shareTarget.php(39): session('msg')
#7 /home/fadf4949/codeigniter/system/View/View.php(246): include('/home/fadf4949/...')
#8 /home/fadf4949/codeigniter/system/Common.php(1087): CodeIgniter\View\View->render('shareTarget', Array, true)
#9 /home/fadf4949/codeigniter/app/Controllers/ShareTarget.php(19): view('shareTarget')
#10 /home/fadf4949/codeigniter/system/CodeIgniter.php(917): App\Controllers\ShareTarget->index()
#11 /home/fadf4949/codeigniter/system/CodeIgniter.php(403): CodeIgniter\CodeIgniter->runController(Object(App\Controllers\ShareTarget))
#12 /home/fadf4949/codeigniter/system/CodeIgniter.php(311): CodeIgniter\CodeIgniter->handleRequest(NULL, Object(Config\Cache), false)
#13 /home/fadf4949/public_html/index.php(44): CodeIgniter\CodeIgniter->run()
#14 {main}
CRITICAL - 2020-08-19 10:42:52 --> ini_set(): A session is active. You cannot change the session module's ini settings at this time
#0 [internal function]: CodeIgniter\Debug\Exceptions->errorHandler(2, 'ini_set(): A se...', '/home/fadf4949/...', 101, Array)
#1 /home/fadf4949/codeigniter/system/Session/Handlers/FileHandler.php(101): ini_set('session.save_pa...', '/home/fadf4949/...')
#2 /home/fadf4949/codeigniter/system/Config/Services.php(763): CodeIgniter\Session\Handlers\FileHandler->__construct(Object(Config\App), '111.221.44.60')
#3 /home/fadf4949/codeigniter/system/Config/BaseService.php(123): CodeIgniter\Config\Services::session(Object(Config\App), false)
#4 /home/fadf4949/codeigniter/system/Config/Services.php(752): CodeIgniter\Config\BaseService::getSharedInstance('session', NULL)
#5 /home/fadf4949/codeigniter/system/Common.php(894): CodeIgniter\Config\Services::session()
#6 /home/fadf4949/codeigniter/app/Views/shareTarget.php(39): session('msg')
#7 /home/fadf4949/codeigniter/system/View/View.php(246): include('/home/fadf4949/...')
#8 /home/fadf4949/codeigniter/system/Common.php(1087): CodeIgniter\View\View->render('shareTarget', Array, true)
#9 /home/fadf4949/codeigniter/app/Controllers/ShareTarget.php(19): view('shareTarget')
#10 /home/fadf4949/codeigniter/system/CodeIgniter.php(917): App\Controllers\ShareTarget->index()
#11 /home/fadf4949/codeigniter/system/CodeIgniter.php(403): CodeIgniter\CodeIgniter->runController(Object(App\Controllers\ShareTarget))
#12 /home/fadf4949/codeigniter/system/CodeIgniter.php(311): CodeIgniter\CodeIgniter->handleRequest(NULL, Object(Config\Cache), false)
#13 /home/fadf4949/public_html/index.php(44): CodeIgniter\CodeIgniter->run()
#14 {main}
CRITICAL - 2020-08-19 10:42:54 --> ini_set(): A session is active. You cannot change the session module's ini settings at this time
#0 [internal function]: CodeIgniter\Debug\Exceptions->errorHandler(2, 'ini_set(): A se...', '/home/fadf4949/...', 101, Array)
#1 /home/fadf4949/codeigniter/system/Session/Handlers/FileHandler.php(101): ini_set('session.save_pa...', '/home/fadf4949/...')
#2 /home/fadf4949/codeigniter/system/Config/Services.php(763): CodeIgniter\Session\Handlers\FileHandler->__construct(Object(Config\App), '111.221.44.60')
#3 /home/fadf4949/codeigniter/system/Config/BaseService.php(123): CodeIgniter\Config\Services::session(Object(Config\App), false)
#4 /home/fadf4949/codeigniter/system/Config/Services.php(752): CodeIgniter\Config\BaseService::getSharedInstance('session', NULL)
#5 /home/fadf4949/codeigniter/system/Common.php(894): CodeIgniter\Config\Services::session()
#6 /home/fadf4949/codeigniter/app/Views/shareTarget.php(39): session('msg')
#7 /home/fadf4949/codeigniter/system/View/View.php(246): include('/home/fadf4949/...')
#8 /home/fadf4949/codeigniter/system/Common.php(1087): CodeIgniter\View\View->render('shareTarget', Array, true)
#9 /home/fadf4949/codeigniter/app/Controllers/ShareTarget.php(19): view('shareTarget')
#10 /home/fadf4949/codeigniter/system/CodeIgniter.php(917): App\Controllers\ShareTarget->index()
#11 /home/fadf4949/codeigniter/system/CodeIgniter.php(403): CodeIgniter\CodeIgniter->runController(Object(App\Controllers\ShareTarget))
#12 /home/fadf4949/codeigniter/system/CodeIgniter.php(311): CodeIgniter\CodeIgniter->handleRequest(NULL, Object(Config\Cache), false)
#13 /home/fadf4949/public_html/index.php(44): CodeIgniter\CodeIgniter->run()
#14 {main}
CRITICAL - 2020-08-19 10:44:06 --> ini_set(): A session is active. You cannot change the session module's ini settings at this time
#0 [internal function]: CodeIgniter\Debug\Exceptions->errorHandler(2, 'ini_set(): A se...', '/home/fadf4949/...', 101, Array)
#1 /home/fadf4949/codeigniter/system/Session/Handlers/FileHandler.php(101): ini_set('session.save_pa...', '/home/fadf4949/...')
#2 /home/fadf4949/codeigniter/system/Config/Services.php(763): CodeIgniter\Session\Handlers\FileHandler->__construct(Object(Config\App), '111.221.44.60')
#3 /home/fadf4949/codeigniter/system/Config/BaseService.php(123): CodeIgniter\Config\Services::session(Object(Config\App), false)
#4 /home/fadf4949/codeigniter/system/Config/Services.php(752): CodeIgniter\Config\BaseService::getSharedInstance('session', NULL)
#5 /home/fadf4949/codeigniter/system/Common.php(894): CodeIgniter\Config\Services::session()
#6 /home/fadf4949/codeigniter/app/Views/shareTarget.php(39): session('msg')
#7 /home/fadf4949/codeigniter/system/View/View.php(246): include('/home/fadf4949/...')
#8 /home/fadf4949/codeigniter/system/Common.php(1087): CodeIgniter\View\View->render('shareTarget', Array, true)
#9 /home/fadf4949/codeigniter/app/Controllers/ShareTarget.php(19): view('shareTarget')
#10 /home/fadf4949/codeigniter/system/CodeIgniter.php(917): App\Controllers\ShareTarget->index()
#11 /home/fadf4949/codeigniter/system/CodeIgniter.php(403): CodeIgniter\CodeIgniter->runController(Object(App\Controllers\ShareTarget))
#12 /home/fadf4949/codeigniter/system/CodeIgniter.php(311): CodeIgniter\CodeIgniter->handleRequest(NULL, Object(Config\Cache), false)
#13 /home/fadf4949/public_html/index.php(44): CodeIgniter\CodeIgniter->run()
#14 {main}
CRITICAL - 2020-08-19 10:46:48 --> ini_set(): A session is active. You cannot change the session module's ini settings at this time
#0 [internal function]: CodeIgniter\Debug\Exceptions->errorHandler(2, 'ini_set(): A se...', '/home/fadf4949/...', 101, Array)
#1 /home/fadf4949/codeigniter/system/Session/Handlers/FileHandler.php(101): ini_set('session.save_pa...', '/home/fadf4949/...')
#2 /home/fadf4949/codeigniter/system/Config/Services.php(763): CodeIgniter\Session\Handlers\FileHandler->__construct(Object(Config\App), '111.221.44.60')
#3 /home/fadf4949/codeigniter/system/Config/BaseService.php(123): CodeIgniter\Config\Services::session(Object(Config\App), false)
#4 /home/fadf4949/codeigniter/system/Config/Services.php(752): CodeIgniter\Config\BaseService::getSharedInstance('session', NULL)
#5 /home/fadf4949/codeigniter/system/Common.php(894): CodeIgniter\Config\Services::session()
#6 /home/fadf4949/codeigniter/app/Views/shareTarget.php(39): session('msg')
#7 /home/fadf4949/codeigniter/system/View/View.php(246): include('/home/fadf4949/...')
#8 /home/fadf4949/codeigniter/system/Common.php(1087): CodeIgniter\View\View->render('shareTarget', Array, true)
#9 /home/fadf4949/codeigniter/app/Controllers/ShareTarget.php(19): view('shareTarget')
#10 /home/fadf4949/codeigniter/system/CodeIgniter.php(917): App\Controllers\ShareTarget->index()
#11 /home/fadf4949/codeigniter/system/CodeIgniter.php(403): CodeIgniter\CodeIgniter->runController(Object(App\Controllers\ShareTarget))
#12 /home/fadf4949/codeigniter/system/CodeIgniter.php(311): CodeIgniter\CodeIgniter->handleRequest(NULL, Object(Config\Cache), false)
#13 /home/fadf4949/public_html/index.php(44): CodeIgniter\CodeIgniter->run()
#14 {main}
CRITICAL - 2020-08-19 10:46:54 --> ini_set(): A session is active. You cannot change the session module's ini settings at this time
#0 [internal function]: CodeIgniter\Debug\Exceptions->errorHandler(2, 'ini_set(): A se...', '/home/fadf4949/...', 101, Array)
#1 /home/fadf4949/codeigniter/system/Session/Handlers/FileHandler.php(101): ini_set('session.save_pa...', '/home/fadf4949/...')
#2 /home/fadf4949/codeigniter/system/Config/Services.php(763): CodeIgniter\Session\Handlers\FileHandler->__construct(Object(Config\App), '111.221.44.60')
#3 /home/fadf4949/codeigniter/system/Config/BaseService.php(123): CodeIgniter\Config\Services::session(Object(Config\App), false)
#4 /home/fadf4949/codeigniter/system/Config/Services.php(752): CodeIgniter\Config\BaseService::getSharedInstance('session', NULL)
#5 /home/fadf4949/codeigniter/system/Common.php(894): CodeIgniter\Config\Services::session()
#6 /home/fadf4949/codeigniter/app/Views/shareTarget.php(39): session('msg')
#7 /home/fadf4949/codeigniter/system/View/View.php(246): include('/home/fadf4949/...')
#8 /home/fadf4949/codeigniter/system/Common.php(1087): CodeIgniter\View\View->render('shareTarget', Array, true)
#9 /home/fadf4949/codeigniter/app/Controllers/ShareTarget.php(19): view('shareTarget')
#10 /home/fadf4949/codeigniter/system/CodeIgniter.php(917): App\Controllers\ShareTarget->index()
#11 /home/fadf4949/codeigniter/system/CodeIgniter.php(403): CodeIgniter\CodeIgniter->runController(Object(App\Controllers\ShareTarget))
#12 /home/fadf4949/codeigniter/system/CodeIgniter.php(311): CodeIgniter\CodeIgniter->handleRequest(NULL, Object(Config\Cache), false)
#13 /home/fadf4949/public_html/index.php(44): CodeIgniter\CodeIgniter->run()
#14 {main}
