CRITICAL - 2020-08-15 01:21:45 --> Call to a member function callback_after_upload() on null
#0 /home/fadf4949/codeigniter/system/CodeIgniter.php(917): App\Controllers\Aktivitas->index('index', 'add')
#1 /home/fadf4949/codeigniter/system/CodeIgniter.php(403): CodeIgniter\CodeIgniter->runController(Object(App\Controllers\Aktivitas))
#2 /home/fadf4949/codeigniter/system/CodeIgniter.php(311): CodeIgniter\CodeIgniter->handleRequest(NULL, Object(Config\Cache), false)
#3 /home/fadf4949/public_html/index.php(44): CodeIgniter\CodeIgniter->run()
#4 {main}
CRITICAL - 2020-08-15 01:21:51 --> Call to a member function callback_after_upload() on null
#0 /home/fadf4949/codeigniter/system/CodeIgniter.php(917): App\Controllers\Aktivitas->index('index', 'add')
#1 /home/fadf4949/codeigniter/system/CodeIgniter.php(403): CodeIgniter\CodeIgniter->runController(Object(App\Controllers\Aktivitas))
#2 /home/fadf4949/codeigniter/system/CodeIgniter.php(311): CodeIgniter\CodeIgniter->handleRequest(NULL, Object(Config\Cache), false)
#3 /home/fadf4949/public_html/index.php(44): CodeIgniter\CodeIgniter->run()
#4 {main}
CRITICAL - 2020-08-15 01:22:37 --> Undefined property: App\Controllers\Aktivitas::$grocery_crud
#0 /home/fadf4949/codeigniter/app/Controllers/Aktivitas.php(31): CodeIgniter\Debug\Exceptions->errorHandler(8, 'Undefined prope...', '/home/fadf4949/...', 31, Array)
#1 /home/fadf4949/codeigniter/system/CodeIgniter.php(917): App\Controllers\Aktivitas->index('aktivitas.php')
#2 /home/fadf4949/codeigniter/system/CodeIgniter.php(403): CodeIgniter\CodeIgniter->runController(Object(App\Controllers\Aktivitas))
#3 /home/fadf4949/codeigniter/system/CodeIgniter.php(311): CodeIgniter\CodeIgniter->handleRequest(NULL, Object(Config\Cache), false)
#4 /home/fadf4949/public_html/index.php(44): CodeIgniter\CodeIgniter->run()
#5 {main}
CRITICAL - 2020-08-15 01:22:44 --> Undefined property: App\Controllers\Aktivitas::$grocery_crud
#0 /home/fadf4949/codeigniter/app/Controllers/Aktivitas.php(31): CodeIgniter\Debug\Exceptions->errorHandler(8, 'Undefined prope...', '/home/fadf4949/...', 31, Array)
#1 /home/fadf4949/codeigniter/system/CodeIgniter.php(917): App\Controllers\Aktivitas->index('index', 'upload_file', 'Upload%20File')
#2 /home/fadf4949/codeigniter/system/CodeIgniter.php(403): CodeIgniter\CodeIgniter->runController(Object(App\Controllers\Aktivitas))
#3 /home/fadf4949/codeigniter/system/CodeIgniter.php(311): CodeIgniter\CodeIgniter->handleRequest(NULL, Object(Config\Cache), false)
#4 /home/fadf4949/public_html/index.php(44): CodeIgniter\CodeIgniter->run()
#5 {main}
CRITICAL - 2020-08-15 01:22:54 --> Undefined property: App\Controllers\Aktivitas::$grocery_crud
#0 /home/fadf4949/codeigniter/app/Controllers/Aktivitas.php(31): CodeIgniter\Debug\Exceptions->errorHandler(8, 'Undefined prope...', '/home/fadf4949/...', 31, Array)
#1 /home/fadf4949/codeigniter/system/CodeIgniter.php(917): App\Controllers\Aktivitas->index('index', 'upload_file', 'Upload%20File')
#2 /home/fadf4949/codeigniter/system/CodeIgniter.php(403): CodeIgniter\CodeIgniter->runController(Object(App\Controllers\Aktivitas))
#3 /home/fadf4949/codeigniter/system/CodeIgniter.php(311): CodeIgniter\CodeIgniter->handleRequest(NULL, Object(Config\Cache), false)
#4 /home/fadf4949/public_html/index.php(44): CodeIgniter\CodeIgniter->run()
#5 {main}
CRITICAL - 2020-08-15 01:25:55 --> Undefined property: App\Controllers\Aktivitas::$grocery_crud
#0 /home/fadf4949/codeigniter/app/Controllers/Aktivitas.php(31): CodeIgniter\Debug\Exceptions->errorHandler(8, 'Undefined prope...', '/home/fadf4949/...', 31, Array)
#1 /home/fadf4949/codeigniter/system/CodeIgniter.php(917): App\Controllers\Aktivitas->index('aktivitas.php')
#2 /home/fadf4949/codeigniter/system/CodeIgniter.php(403): CodeIgniter\CodeIgniter->runController(Object(App\Controllers\Aktivitas))
#3 /home/fadf4949/codeigniter/system/CodeIgniter.php(311): CodeIgniter\CodeIgniter->handleRequest(NULL, Object(Config\Cache), false)
#4 /home/fadf4949/public_html/index.php(44): CodeIgniter\CodeIgniter->run()
#5 {main}
CRITICAL - 2020-08-15 01:26:00 --> Undefined property: App\Controllers\Aktivitas::$grocery_crud
#0 /home/fadf4949/codeigniter/app/Controllers/Aktivitas.php(31): CodeIgniter\Debug\Exceptions->errorHandler(8, 'Undefined prope...', '/home/fadf4949/...', 31, Array)
#1 /home/fadf4949/codeigniter/system/CodeIgniter.php(917): App\Controllers\Aktivitas->index('index', 'upload_file', 'Upload%20File')
#2 /home/fadf4949/codeigniter/system/CodeIgniter.php(403): CodeIgniter\CodeIgniter->runController(Object(App\Controllers\Aktivitas))
#3 /home/fadf4949/codeigniter/system/CodeIgniter.php(311): CodeIgniter\CodeIgniter->handleRequest(NULL, Object(Config\Cache), false)
#4 /home/fadf4949/public_html/index.php(44): CodeIgniter\CodeIgniter->run()
#5 {main}
CRITICAL - 2020-08-15 01:38:49 --> Undefined property: App\Controllers\Aktivitas::$grocery_crud
#0 /home/fadf4949/codeigniter/app/Controllers/Aktivitas.php(32): CodeIgniter\Debug\Exceptions->errorHandler(8, 'Undefined prope...', '/home/fadf4949/...', 32, Array)
#1 /home/fadf4949/codeigniter/system/CodeIgniter.php(917): App\Controllers\Aktivitas->index('edit', '2')
#2 /home/fadf4949/codeigniter/system/CodeIgniter.php(403): CodeIgniter\CodeIgniter->runController(Object(App\Controllers\Aktivitas))
#3 /home/fadf4949/codeigniter/system/CodeIgniter.php(311): CodeIgniter\CodeIgniter->handleRequest(NULL, Object(Config\Cache), false)
#4 /home/fadf4949/public_html/index.php(44): CodeIgniter\CodeIgniter->run()
#5 {main}
CRITICAL - 2020-08-15 01:45:25 --> Undefined property: App\Controllers\Aktivitas::$grocery_crud
#0 /home/fadf4949/codeigniter/app/Controllers/Aktivitas.php(31): CodeIgniter\Debug\Exceptions->errorHandler(8, 'Undefined prope...', '/home/fadf4949/...', 31, Array)
#1 /home/fadf4949/codeigniter/system/CodeIgniter.php(917): App\Controllers\Aktivitas->index('aktivitas.php')
#2 /home/fadf4949/codeigniter/system/CodeIgniter.php(403): CodeIgniter\CodeIgniter->runController(Object(App\Controllers\Aktivitas))
#3 /home/fadf4949/codeigniter/system/CodeIgniter.php(311): CodeIgniter\CodeIgniter->handleRequest(NULL, Object(Config\Cache), false)
#4 /home/fadf4949/public_html/index.php(44): CodeIgniter\CodeIgniter->run()
#5 {main}
CRITICAL - 2020-08-15 01:45:32 --> Undefined property: App\Controllers\Aktivitas::$grocery_crud
#0 /home/fadf4949/codeigniter/app/Controllers/Aktivitas.php(31): CodeIgniter\Debug\Exceptions->errorHandler(8, 'Undefined prope...', '/home/fadf4949/...', 31, Array)
#1 /home/fadf4949/codeigniter/system/CodeIgniter.php(917): App\Controllers\Aktivitas->index('index', 'upload_file', 'Upload%20File')
#2 /home/fadf4949/codeigniter/system/CodeIgniter.php(403): CodeIgniter\CodeIgniter->runController(Object(App\Controllers\Aktivitas))
#3 /home/fadf4949/codeigniter/system/CodeIgniter.php(311): CodeIgniter\CodeIgniter->handleRequest(NULL, Object(Config\Cache), false)
#4 /home/fadf4949/public_html/index.php(44): CodeIgniter\CodeIgniter->run()
#5 {main}
CRITICAL - 2020-08-15 01:57:56 --> Undefined property: App\Controllers\Aktivitas::$grocery_crud
#0 /home/fadf4949/codeigniter/app/Controllers/Aktivitas.php(31): CodeIgniter\Debug\Exceptions->errorHandler(8, 'Undefined prope...', '/home/fadf4949/...', 31, Array)
#1 /home/fadf4949/codeigniter/system/CodeIgniter.php(917): App\Controllers\Aktivitas->index('aktivitas.php')
#2 /home/fadf4949/codeigniter/system/CodeIgniter.php(403): CodeIgniter\CodeIgniter->runController(Object(App\Controllers\Aktivitas))
#3 /home/fadf4949/codeigniter/system/CodeIgniter.php(311): CodeIgniter\CodeIgniter->handleRequest(NULL, Object(Config\Cache), false)
#4 /home/fadf4949/public_html/index.php(44): CodeIgniter\CodeIgniter->run()
#5 {main}
CRITICAL - 2020-08-15 01:58:04 --> Undefined property: App\Controllers\Aktivitas::$grocery_crud
#0 /home/fadf4949/codeigniter/app/Controllers/Aktivitas.php(31): CodeIgniter\Debug\Exceptions->errorHandler(8, 'Undefined prope...', '/home/fadf4949/...', 31, Array)
#1 /home/fadf4949/codeigniter/system/CodeIgniter.php(917): App\Controllers\Aktivitas->index('index', 'upload_file', 'Upload%20File')
#2 /home/fadf4949/codeigniter/system/CodeIgniter.php(403): CodeIgniter\CodeIgniter->runController(Object(App\Controllers\Aktivitas))
#3 /home/fadf4949/codeigniter/system/CodeIgniter.php(311): CodeIgniter\CodeIgniter->handleRequest(NULL, Object(Config\Cache), false)
#4 /home/fadf4949/public_html/index.php(44): CodeIgniter\CodeIgniter->run()
#5 {main}
CRITICAL - 2020-08-15 02:02:12 --> Undefined property: App\Controllers\Aktivitas::$grocery_crud
#0 /home/fadf4949/codeigniter/app/Controllers/Aktivitas.php(31): CodeIgniter\Debug\Exceptions->errorHandler(8, 'Undefined prope...', '/home/fadf4949/...', 31, Array)
#1 /home/fadf4949/codeigniter/system/CodeIgniter.php(917): App\Controllers\Aktivitas->index('aktivitas.php')
#2 /home/fadf4949/codeigniter/system/CodeIgniter.php(403): CodeIgniter\CodeIgniter->runController(Object(App\Controllers\Aktivitas))
#3 /home/fadf4949/codeigniter/system/CodeIgniter.php(311): CodeIgniter\CodeIgniter->handleRequest(NULL, Object(Config\Cache), false)
#4 /home/fadf4949/public_html/index.php(44): CodeIgniter\CodeIgniter->run()
#5 {main}
CRITICAL - 2020-08-15 02:02:18 --> Undefined property: App\Controllers\Aktivitas::$grocery_crud
#0 /home/fadf4949/codeigniter/app/Controllers/Aktivitas.php(31): CodeIgniter\Debug\Exceptions->errorHandler(8, 'Undefined prope...', '/home/fadf4949/...', 31, Array)
#1 /home/fadf4949/codeigniter/system/CodeIgniter.php(917): App\Controllers\Aktivitas->index('index', 'upload_file', 'Upload%20File')
#2 /home/fadf4949/codeigniter/system/CodeIgniter.php(403): CodeIgniter\CodeIgniter->runController(Object(App\Controllers\Aktivitas))
#3 /home/fadf4949/codeigniter/system/CodeIgniter.php(311): CodeIgniter\CodeIgniter->handleRequest(NULL, Object(Config\Cache), false)
#4 /home/fadf4949/public_html/index.php(44): CodeIgniter\CodeIgniter->run()
#5 {main}
CRITICAL - 2020-08-15 02:03:08 --> Undefined property: App\Controllers\Aktivitas::$grocery_crud
#0 /home/fadf4949/codeigniter/app/Controllers/Aktivitas.php(31): CodeIgniter\Debug\Exceptions->errorHandler(8, 'Undefined prope...', '/home/fadf4949/...', 31, Array)
#1 /home/fadf4949/codeigniter/system/CodeIgniter.php(917): App\Controllers\Aktivitas->index('aktivitas.php')
#2 /home/fadf4949/codeigniter/system/CodeIgniter.php(403): CodeIgniter\CodeIgniter->runController(Object(App\Controllers\Aktivitas))
#3 /home/fadf4949/codeigniter/system/CodeIgniter.php(311): CodeIgniter\CodeIgniter->handleRequest(NULL, Object(Config\Cache), false)
#4 /home/fadf4949/public_html/index.php(44): CodeIgniter\CodeIgniter->run()
#5 {main}
CRITICAL - 2020-08-15 02:03:16 --> Undefined property: App\Controllers\Aktivitas::$grocery_crud
#0 /home/fadf4949/codeigniter/app/Controllers/Aktivitas.php(31): CodeIgniter\Debug\Exceptions->errorHandler(8, 'Undefined prope...', '/home/fadf4949/...', 31, Array)
#1 /home/fadf4949/codeigniter/system/CodeIgniter.php(917): App\Controllers\Aktivitas->index('index', 'upload_file', 'Upload%20File')
#2 /home/fadf4949/codeigniter/system/CodeIgniter.php(403): CodeIgniter\CodeIgniter->runController(Object(App\Controllers\Aktivitas))
#3 /home/fadf4949/codeigniter/system/CodeIgniter.php(311): CodeIgniter\CodeIgniter->handleRequest(NULL, Object(Config\Cache), false)
#4 /home/fadf4949/public_html/index.php(44): CodeIgniter\CodeIgniter->run()
#5 {main}
CRITICAL - 2020-08-15 02:03:31 --> Undefined property: App\Controllers\Aktivitas::$grocery_crud
#0 /home/fadf4949/codeigniter/app/Controllers/Aktivitas.php(31): CodeIgniter\Debug\Exceptions->errorHandler(8, 'Undefined prope...', '/home/fadf4949/...', 31, Array)
#1 /home/fadf4949/codeigniter/system/CodeIgniter.php(917): App\Controllers\Aktivitas->index('aktivitas.php')
#2 /home/fadf4949/codeigniter/system/CodeIgniter.php(403): CodeIgniter\CodeIgniter->runController(Object(App\Controllers\Aktivitas))
#3 /home/fadf4949/codeigniter/system/CodeIgniter.php(311): CodeIgniter\CodeIgniter->handleRequest(NULL, Object(Config\Cache), false)
#4 /home/fadf4949/public_html/index.php(44): CodeIgniter\CodeIgniter->run()
#5 {main}
CRITICAL - 2020-08-15 02:03:36 --> Undefined property: App\Controllers\Aktivitas::$grocery_crud
#0 /home/fadf4949/codeigniter/app/Controllers/Aktivitas.php(31): CodeIgniter\Debug\Exceptions->errorHandler(8, 'Undefined prope...', '/home/fadf4949/...', 31, Array)
#1 /home/fadf4949/codeigniter/system/CodeIgniter.php(917): App\Controllers\Aktivitas->index('index', 'upload_file', 'Upload%20File')
#2 /home/fadf4949/codeigniter/system/CodeIgniter.php(403): CodeIgniter\CodeIgniter->runController(Object(App\Controllers\Aktivitas))
#3 /home/fadf4949/codeigniter/system/CodeIgniter.php(311): CodeIgniter\CodeIgniter->handleRequest(NULL, Object(Config\Cache), false)
#4 /home/fadf4949/public_html/index.php(44): CodeIgniter\CodeIgniter->run()
#5 {main}
CRITICAL - 2020-08-15 02:04:28 --> Undefined property: App\Controllers\Aktivitas::$grocery_crud
#0 /home/fadf4949/codeigniter/app/Controllers/Aktivitas.php(31): CodeIgniter\Debug\Exceptions->errorHandler(8, 'Undefined prope...', '/home/fadf4949/...', 31, Array)
#1 /home/fadf4949/codeigniter/system/CodeIgniter.php(917): App\Controllers\Aktivitas->index('aktivitas.php')
#2 /home/fadf4949/codeigniter/system/CodeIgniter.php(403): CodeIgniter\CodeIgniter->runController(Object(App\Controllers\Aktivitas))
#3 /home/fadf4949/codeigniter/system/CodeIgniter.php(311): CodeIgniter\CodeIgniter->handleRequest(NULL, Object(Config\Cache), false)
#4 /home/fadf4949/public_html/index.php(44): CodeIgniter\CodeIgniter->run()
#5 {main}
CRITICAL - 2020-08-15 02:04:38 --> Undefined property: App\Controllers\Aktivitas::$grocery_crud
#0 /home/fadf4949/codeigniter/app/Controllers/Aktivitas.php(31): CodeIgniter\Debug\Exceptions->errorHandler(8, 'Undefined prope...', '/home/fadf4949/...', 31, Array)
#1 /home/fadf4949/codeigniter/system/CodeIgniter.php(917): App\Controllers\Aktivitas->index('aktivitas.php')
#2 /home/fadf4949/codeigniter/system/CodeIgniter.php(403): CodeIgniter\CodeIgniter->runController(Object(App\Controllers\Aktivitas))
#3 /home/fadf4949/codeigniter/system/CodeIgniter.php(311): CodeIgniter\CodeIgniter->handleRequest(NULL, Object(Config\Cache), false)
#4 /home/fadf4949/public_html/index.php(44): CodeIgniter\CodeIgniter->run()
#5 {main}
CRITICAL - 2020-08-15 02:04:43 --> Undefined property: App\Controllers\Aktivitas::$grocery_crud
#0 /home/fadf4949/codeigniter/app/Controllers/Aktivitas.php(31): CodeIgniter\Debug\Exceptions->errorHandler(8, 'Undefined prope...', '/home/fadf4949/...', 31, Array)
#1 /home/fadf4949/codeigniter/system/CodeIgniter.php(917): App\Controllers\Aktivitas->index('index', 'upload_file', 'Upload%20File')
#2 /home/fadf4949/codeigniter/system/CodeIgniter.php(403): CodeIgniter\CodeIgniter->runController(Object(App\Controllers\Aktivitas))
#3 /home/fadf4949/codeigniter/system/CodeIgniter.php(311): CodeIgniter\CodeIgniter->handleRequest(NULL, Object(Config\Cache), false)
#4 /home/fadf4949/public_html/index.php(44): CodeIgniter\CodeIgniter->run()
#5 {main}
CRITICAL - 2020-08-15 02:05:03 --> Undefined property: App\Controllers\Aktivitas::$grocery_crud
#0 /home/fadf4949/codeigniter/app/Controllers/Aktivitas.php(31): CodeIgniter\Debug\Exceptions->errorHandler(8, 'Undefined prope...', '/home/fadf4949/...', 31, Array)
#1 /home/fadf4949/codeigniter/system/CodeIgniter.php(917): App\Controllers\Aktivitas->index('index', 'upload_file', 'Upload%20File')
#2 /home/fadf4949/codeigniter/system/CodeIgniter.php(403): CodeIgniter\CodeIgniter->runController(Object(App\Controllers\Aktivitas))
#3 /home/fadf4949/codeigniter/system/CodeIgniter.php(311): CodeIgniter\CodeIgniter->handleRequest(NULL, Object(Config\Cache), false)
#4 /home/fadf4949/public_html/index.php(44): CodeIgniter\CodeIgniter->run()
#5 {main}
CRITICAL - 2020-08-15 21:25:03 --> Undefined index: mathcaptcha_answer
#0 /home/fadf4949/codeigniter/app/Controllers/Login.php(41): CodeIgniter\Debug\Exceptions->errorHandler(8, 'Undefined index...', '/home/fadf4949/...', 41, Array)
#1 /home/fadf4949/codeigniter/system/CodeIgniter.php(917): App\Controllers\Login->index()
#2 /home/fadf4949/codeigniter/system/CodeIgniter.php(403): CodeIgniter\CodeIgniter->runController(Object(App\Controllers\Login))
#3 /home/fadf4949/codeigniter/system/CodeIgniter.php(311): CodeIgniter\CodeIgniter->handleRequest(NULL, Object(Config\Cache), false)
#4 /home/fadf4949/public_html/index.php(44): CodeIgniter\CodeIgniter->run()
#5 {main}
CRITICAL - 2020-08-15 21:25:09 --> Undefined index: mathcaptcha_answer
#0 /home/fadf4949/codeigniter/app/Controllers/Login.php(41): CodeIgniter\Debug\Exceptions->errorHandler(8, 'Undefined index...', '/home/fadf4949/...', 41, Array)
#1 /home/fadf4949/codeigniter/system/CodeIgniter.php(917): App\Controllers\Login->index()
#2 /home/fadf4949/codeigniter/system/CodeIgniter.php(403): CodeIgniter\CodeIgniter->runController(Object(App\Controllers\Login))
#3 /home/fadf4949/codeigniter/system/CodeIgniter.php(311): CodeIgniter\CodeIgniter->handleRequest(NULL, Object(Config\Cache), false)
#4 /home/fadf4949/public_html/index.php(44): CodeIgniter\CodeIgniter->run()
#5 {main}
CRITICAL - 2020-08-15 21:25:18 --> Undefined index: mathcaptcha_answer
#0 /home/fadf4949/codeigniter/app/Controllers/Login.php(41): CodeIgniter\Debug\Exceptions->errorHandler(8, 'Undefined index...', '/home/fadf4949/...', 41, Array)
#1 /home/fadf4949/codeigniter/system/CodeIgniter.php(917): App\Controllers\Login->index()
#2 /home/fadf4949/codeigniter/system/CodeIgniter.php(403): CodeIgniter\CodeIgniter->runController(Object(App\Controllers\Login))
#3 /home/fadf4949/codeigniter/system/CodeIgniter.php(311): CodeIgniter\CodeIgniter->handleRequest(NULL, Object(Config\Cache), false)
#4 /home/fadf4949/public_html/index.php(44): CodeIgniter\CodeIgniter->run()
#5 {main}
CRITICAL - 2020-08-15 21:25:29 --> Undefined index: mathcaptcha_answer
#0 /home/fadf4949/codeigniter/app/Controllers/Login.php(41): CodeIgniter\Debug\Exceptions->errorHandler(8, 'Undefined index...', '/home/fadf4949/...', 41, Array)
#1 /home/fadf4949/codeigniter/system/CodeIgniter.php(917): App\Controllers\Login->index()
#2 /home/fadf4949/codeigniter/system/CodeIgniter.php(403): CodeIgniter\CodeIgniter->runController(Object(App\Controllers\Login))
#3 /home/fadf4949/codeigniter/system/CodeIgniter.php(311): CodeIgniter\CodeIgniter->handleRequest(NULL, Object(Config\Cache), false)
#4 /home/fadf4949/public_html/index.php(44): CodeIgniter\CodeIgniter->run()
#5 {main}
CRITICAL - 2020-08-15 21:26:05 --> Undefined property: App\Controllers\Aktivitas::$grocery_crud
#0 /home/fadf4949/codeigniter/app/Controllers/Aktivitas.php(31): CodeIgniter\Debug\Exceptions->errorHandler(8, 'Undefined prope...', '/home/fadf4949/...', 31, Array)
#1 /home/fadf4949/codeigniter/system/CodeIgniter.php(917): App\Controllers\Aktivitas->index('read', '2')
#2 /home/fadf4949/codeigniter/system/CodeIgniter.php(403): CodeIgniter\CodeIgniter->runController(Object(App\Controllers\Aktivitas))
#3 /home/fadf4949/codeigniter/system/CodeIgniter.php(311): CodeIgniter\CodeIgniter->handleRequest(NULL, Object(Config\Cache), false)
#4 /home/fadf4949/public_html/index.php(44): CodeIgniter\CodeIgniter->run()
#5 {main}
CRITICAL - 2020-08-15 21:26:10 --> Undefined property: App\Controllers\Aktivitas::$grocery_crud
#0 /home/fadf4949/codeigniter/app/Controllers/Aktivitas.php(31): CodeIgniter\Debug\Exceptions->errorHandler(8, 'Undefined prope...', '/home/fadf4949/...', 31, Array)
#1 /home/fadf4949/codeigniter/system/CodeIgniter.php(917): App\Controllers\Aktivitas->index('read', '1')
#2 /home/fadf4949/codeigniter/system/CodeIgniter.php(403): CodeIgniter\CodeIgniter->runController(Object(App\Controllers\Aktivitas))
#3 /home/fadf4949/codeigniter/system/CodeIgniter.php(311): CodeIgniter\CodeIgniter->handleRequest(NULL, Object(Config\Cache), false)
#4 /home/fadf4949/public_html/index.php(44): CodeIgniter\CodeIgniter->run()
#5 {main}
CRITICAL - 2020-08-15 21:26:14 --> Undefined property: App\Controllers\Aktivitas::$grocery_crud
#0 /home/fadf4949/codeigniter/app/Controllers/Aktivitas.php(31): CodeIgniter\Debug\Exceptions->errorHandler(8, 'Undefined prope...', '/home/fadf4949/...', 31, Array)
#1 /home/fadf4949/codeigniter/system/CodeIgniter.php(917): App\Controllers\Aktivitas->index('print')
#2 /home/fadf4949/codeigniter/system/CodeIgniter.php(403): CodeIgniter\CodeIgniter->runController(Object(App\Controllers\Aktivitas))
#3 /home/fadf4949/codeigniter/system/CodeIgniter.php(311): CodeIgniter\CodeIgniter->handleRequest(NULL, Object(Config\Cache), false)
#4 /home/fadf4949/public_html/index.php(44): CodeIgniter\CodeIgniter->run()
#5 {main}
CRITICAL - 2020-08-15 21:26:17 --> Undefined property: App\Controllers\Aktivitas::$grocery_crud
#0 /home/fadf4949/codeigniter/app/Controllers/Aktivitas.php(31): CodeIgniter\Debug\Exceptions->errorHandler(8, 'Undefined prope...', '/home/fadf4949/...', 31, Array)
#1 /home/fadf4949/codeigniter/system/CodeIgniter.php(917): App\Controllers\Aktivitas->index('export')
#2 /home/fadf4949/codeigniter/system/CodeIgniter.php(403): CodeIgniter\CodeIgniter->runController(Object(App\Controllers\Aktivitas))
#3 /home/fadf4949/codeigniter/system/CodeIgniter.php(311): CodeIgniter\CodeIgniter->handleRequest(NULL, Object(Config\Cache), false)
#4 /home/fadf4949/public_html/index.php(44): CodeIgniter\CodeIgniter->run()
#5 {main}
CRITICAL - 2020-08-15 21:26:39 --> Undefined property: App\Controllers\Aktivitas::$grocery_crud
#0 /home/fadf4949/codeigniter/app/Controllers/Aktivitas.php(31): CodeIgniter\Debug\Exceptions->errorHandler(8, 'Undefined prope...', '/home/fadf4949/...', 31, Array)
#1 /home/fadf4949/codeigniter/system/CodeIgniter.php(917): App\Controllers\Aktivitas->index()
#2 /home/fadf4949/codeigniter/system/CodeIgniter.php(403): CodeIgniter\CodeIgniter->runController(Object(App\Controllers\Aktivitas))
#3 /home/fadf4949/codeigniter/system/CodeIgniter.php(311): CodeIgniter\CodeIgniter->handleRequest(NULL, Object(Config\Cache), false)
#4 /home/fadf4949/public_html/index.php(44): CodeIgniter\CodeIgniter->run()
#5 {main}
CRITICAL - 2020-08-15 22:47:36 --> Undefined property: App\Controllers\Aktivitas::$grocery_crud
#0 /home/fadf4949/codeigniter/app/Controllers/Aktivitas.php(31): CodeIgniter\Debug\Exceptions->errorHandler(8, 'Undefined prope...', '/home/fadf4949/...', 31, Array)
#1 /home/fadf4949/codeigniter/system/CodeIgniter.php(917): App\Controllers\Aktivitas->index()
#2 /home/fadf4949/codeigniter/system/CodeIgniter.php(403): CodeIgniter\CodeIgniter->runController(Object(App\Controllers\Aktivitas))
#3 /home/fadf4949/codeigniter/system/CodeIgniter.php(311): CodeIgniter\CodeIgniter->handleRequest(NULL, Object(Config\Cache), false)
#4 /home/fadf4949/public_html/index.php(44): CodeIgniter\CodeIgniter->run()
#5 {main}
CRITICAL - 2020-08-15 22:47:44 --> Undefined property: App\Controllers\Aktivitas::$grocery_crud
#0 /home/fadf4949/codeigniter/app/Controllers/Aktivitas.php(31): CodeIgniter\Debug\Exceptions->errorHandler(8, 'Undefined prope...', '/home/fadf4949/...', 31, Array)
#1 /home/fadf4949/codeigniter/system/CodeIgniter.php(917): App\Controllers\Aktivitas->index()
#2 /home/fadf4949/codeigniter/system/CodeIgniter.php(403): CodeIgniter\CodeIgniter->runController(Object(App\Controllers\Aktivitas))
#3 /home/fadf4949/codeigniter/system/CodeIgniter.php(311): CodeIgniter\CodeIgniter->handleRequest(NULL, Object(Config\Cache), false)
#4 /home/fadf4949/public_html/index.php(44): CodeIgniter\CodeIgniter->run()
#5 {main}
CRITICAL - 2020-08-15 22:48:11 --> Undefined property: App\Controllers\Aktivitas::$grocery_crud
#0 /home/fadf4949/codeigniter/app/Controllers/Aktivitas.php(31): CodeIgniter\Debug\Exceptions->errorHandler(8, 'Undefined prope...', '/home/fadf4949/...', 31, Array)
#1 /home/fadf4949/codeigniter/system/CodeIgniter.php(917): App\Controllers\Aktivitas->index()
#2 /home/fadf4949/codeigniter/system/CodeIgniter.php(403): CodeIgniter\CodeIgniter->runController(Object(App\Controllers\Aktivitas))
#3 /home/fadf4949/codeigniter/system/CodeIgniter.php(311): CodeIgniter\CodeIgniter->handleRequest(NULL, Object(Config\Cache), false)
#4 /home/fadf4949/public_html/index.php(44): CodeIgniter\CodeIgniter->run()
#5 {main}
CRITICAL - 2020-08-15 22:48:19 --> Undefined property: App\Controllers\Aktivitas::$grocery_crud
#0 /home/fadf4949/codeigniter/app/Controllers/Aktivitas.php(31): CodeIgniter\Debug\Exceptions->errorHandler(8, 'Undefined prope...', '/home/fadf4949/...', 31, Array)
#1 /home/fadf4949/codeigniter/system/CodeIgniter.php(917): App\Controllers\Aktivitas->index()
#2 /home/fadf4949/codeigniter/system/CodeIgniter.php(403): CodeIgniter\CodeIgniter->runController(Object(App\Controllers\Aktivitas))
#3 /home/fadf4949/codeigniter/system/CodeIgniter.php(311): CodeIgniter\CodeIgniter->handleRequest(NULL, Object(Config\Cache), false)
#4 /home/fadf4949/public_html/index.php(44): CodeIgniter\CodeIgniter->run()
#5 {main}
CRITICAL - 2020-08-15 22:48:24 --> Undefined property: App\Controllers\Aktivitas::$grocery_crud
#0 /home/fadf4949/codeigniter/app/Controllers/Aktivitas.php(31): CodeIgniter\Debug\Exceptions->errorHandler(8, 'Undefined prope...', '/home/fadf4949/...', 31, Array)
#1 /home/fadf4949/codeigniter/system/CodeIgniter.php(917): App\Controllers\Aktivitas->index()
#2 /home/fadf4949/codeigniter/system/CodeIgniter.php(403): CodeIgniter\CodeIgniter->runController(Object(App\Controllers\Aktivitas))
#3 /home/fadf4949/codeigniter/system/CodeIgniter.php(311): CodeIgniter\CodeIgniter->handleRequest(NULL, Object(Config\Cache), false)
#4 /home/fadf4949/public_html/index.php(44): CodeIgniter\CodeIgniter->run()
#5 {main}
CRITICAL - 2020-08-15 22:49:48 --> Undefined property: App\Controllers\Aktivitas::$grocery_crud
#0 /home/fadf4949/codeigniter/app/Controllers/Aktivitas.php(31): CodeIgniter\Debug\Exceptions->errorHandler(8, 'Undefined prope...', '/home/fadf4949/...', 31, Array)
#1 /home/fadf4949/codeigniter/system/CodeIgniter.php(917): App\Controllers\Aktivitas->index()
#2 /home/fadf4949/codeigniter/system/CodeIgniter.php(403): CodeIgniter\CodeIgniter->runController(Object(App\Controllers\Aktivitas))
#3 /home/fadf4949/codeigniter/system/CodeIgniter.php(311): CodeIgniter\CodeIgniter->handleRequest(NULL, Object(Config\Cache), false)
#4 /home/fadf4949/public_html/index.php(44): CodeIgniter\CodeIgniter->run()
#5 {main}
CRITICAL - 2020-08-15 22:52:54 --> Undefined property: App\Controllers\Aktivitas::$grocery_crud
#0 /home/fadf4949/codeigniter/app/Controllers/Aktivitas.php(31): CodeIgniter\Debug\Exceptions->errorHandler(8, 'Undefined prope...', '/home/fadf4949/...', 31, Array)
#1 /home/fadf4949/codeigniter/system/CodeIgniter.php(917): App\Controllers\Aktivitas->index()
#2 /home/fadf4949/codeigniter/system/CodeIgniter.php(403): CodeIgniter\CodeIgniter->runController(Object(App\Controllers\Aktivitas))
#3 /home/fadf4949/codeigniter/system/CodeIgniter.php(311): CodeIgniter\CodeIgniter->handleRequest(NULL, Object(Config\Cache), false)
#4 /home/fadf4949/public_html/index.php(44): CodeIgniter\CodeIgniter->run()
#5 {main}
CRITICAL - 2020-08-15 23:46:38 --> Call to undefined method App\Libraries\GroceryCrud::_after_upload()
#0 /home/fadf4949/codeigniter/system/CodeIgniter.php(917): App\Controllers\Aktivitas->index()
#1 /home/fadf4949/codeigniter/system/CodeIgniter.php(403): CodeIgniter\CodeIgniter->runController(Object(App\Controllers\Aktivitas))
#2 /home/fadf4949/codeigniter/system/CodeIgniter.php(311): CodeIgniter\CodeIgniter->handleRequest(NULL, Object(Config\Cache), false)
#3 /home/fadf4949/public_html/index.php(44): CodeIgniter\CodeIgniter->run()
#4 {main}
