CRITICAL - 2021-02-28 14:23:23 --> Trying to access array offset on value of type null
#0 C:\xampp\htdocs\SCR\app\Views\setting.php(20): CodeIgniter\Debug\Exceptions->errorHandler(8, 'Trying to acces...', 'C:\\xampp\\htdocs...', 20, Array)
#1 C:\xampp\htdocs\SCR\system\View\View.php(246): include('C:\\xampp\\htdocs...')
#2 C:\xampp\htdocs\SCR\system\Common.php(1087): CodeIgniter\View\View->render('setting', Array, true)
#3 C:\xampp\htdocs\SCR\app\Controllers\Setting.php(29): view('setting', Array)
#4 C:\xampp\htdocs\SCR\system\CodeIgniter.php(917): App\Controllers\Setting->index()
#5 C:\xampp\htdocs\SCR\system\CodeIgniter.php(403): CodeIgniter\CodeIgniter->runController(Object(App\Controllers\Setting))
#6 C:\xampp\htdocs\SCR\system\CodeIgniter.php(311): CodeIgniter\CodeIgniter->handleRequest(NULL, Object(Config\Cache), false)
#7 C:\xampp\htdocs\SCR\public\index.php(44): CodeIgniter\CodeIgniter->run()
#8 {main}
CRITICAL - 2021-02-28 14:23:41 --> Trying to access array offset on value of type null
#0 C:\xampp\htdocs\SCR\app\Views\setting.php(21): CodeIgniter\Debug\Exceptions->errorHandler(8, 'Trying to acces...', 'C:\\xampp\\htdocs...', 21, Array)
#1 C:\xampp\htdocs\SCR\system\View\View.php(246): include('C:\\xampp\\htdocs...')
#2 C:\xampp\htdocs\SCR\system\Common.php(1087): CodeIgniter\View\View->render('setting', Array, true)
#3 C:\xampp\htdocs\SCR\app\Controllers\Setting.php(29): view('setting', Array)
#4 C:\xampp\htdocs\SCR\system\CodeIgniter.php(917): App\Controllers\Setting->index()
#5 C:\xampp\htdocs\SCR\system\CodeIgniter.php(403): CodeIgniter\CodeIgniter->runController(Object(App\Controllers\Setting))
#6 C:\xampp\htdocs\SCR\system\CodeIgniter.php(311): CodeIgniter\CodeIgniter->handleRequest(NULL, Object(Config\Cache), false)
#7 C:\xampp\htdocs\SCR\public\index.php(44): CodeIgniter\CodeIgniter->run()
#8 {main}
CRITICAL - 2021-02-28 14:39:43 --> Trying to access array offset on value of type null
#0 C:\xampp\htdocs\SCR\app\Views\setting.php(22): CodeIgniter\Debug\Exceptions->errorHandler(8, 'Trying to acces...', 'C:\\xampp\\htdocs...', 22, Array)
#1 C:\xampp\htdocs\SCR\system\View\View.php(246): include('C:\\xampp\\htdocs...')
#2 C:\xampp\htdocs\SCR\system\Common.php(1087): CodeIgniter\View\View->render('setting', Array, true)
#3 C:\xampp\htdocs\SCR\app\Controllers\Setting.php(29): view('setting', Array)
#4 C:\xampp\htdocs\SCR\system\CodeIgniter.php(917): App\Controllers\Setting->index()
#5 C:\xampp\htdocs\SCR\system\CodeIgniter.php(403): CodeIgniter\CodeIgniter->runController(Object(App\Controllers\Setting))
#6 C:\xampp\htdocs\SCR\system\CodeIgniter.php(311): CodeIgniter\CodeIgniter->handleRequest(NULL, Object(Config\Cache), false)
#7 C:\xampp\htdocs\SCR\public\index.php(44): CodeIgniter\CodeIgniter->run()
#8 {main}
CRITICAL - 2021-02-28 14:39:45 --> Trying to access array offset on value of type null
#0 C:\xampp\htdocs\SCR\app\Views\setting.php(22): CodeIgniter\Debug\Exceptions->errorHandler(8, 'Trying to acces...', 'C:\\xampp\\htdocs...', 22, Array)
#1 C:\xampp\htdocs\SCR\system\View\View.php(246): include('C:\\xampp\\htdocs...')
#2 C:\xampp\htdocs\SCR\system\Common.php(1087): CodeIgniter\View\View->render('setting', Array, true)
#3 C:\xampp\htdocs\SCR\app\Controllers\Setting.php(29): view('setting', Array)
#4 C:\xampp\htdocs\SCR\system\CodeIgniter.php(917): App\Controllers\Setting->index()
#5 C:\xampp\htdocs\SCR\system\CodeIgniter.php(403): CodeIgniter\CodeIgniter->runController(Object(App\Controllers\Setting))
#6 C:\xampp\htdocs\SCR\system\CodeIgniter.php(311): CodeIgniter\CodeIgniter->handleRequest(NULL, Object(Config\Cache), false)
#7 C:\xampp\htdocs\SCR\public\index.php(44): CodeIgniter\CodeIgniter->run()
#8 {main}
CRITICAL - 2021-02-28 14:39:50 --> Trying to access array offset on value of type null
#0 C:\xampp\htdocs\SCR\app\Views\setting.php(22): CodeIgniter\Debug\Exceptions->errorHandler(8, 'Trying to acces...', 'C:\\xampp\\htdocs...', 22, Array)
#1 C:\xampp\htdocs\SCR\system\View\View.php(246): include('C:\\xampp\\htdocs...')
#2 C:\xampp\htdocs\SCR\system\Common.php(1087): CodeIgniter\View\View->render('setting', Array, true)
#3 C:\xampp\htdocs\SCR\app\Controllers\Setting.php(29): view('setting', Array)
#4 C:\xampp\htdocs\SCR\system\CodeIgniter.php(917): App\Controllers\Setting->index()
#5 C:\xampp\htdocs\SCR\system\CodeIgniter.php(403): CodeIgniter\CodeIgniter->runController(Object(App\Controllers\Setting))
#6 C:\xampp\htdocs\SCR\system\CodeIgniter.php(311): CodeIgniter\CodeIgniter->handleRequest(NULL, Object(Config\Cache), false)
#7 C:\xampp\htdocs\SCR\public\index.php(44): CodeIgniter\CodeIgniter->run()
#8 {main}
CRITICAL - 2021-02-28 14:45:12 --> Invalid argument supplied for foreach()
#0 C:\xampp\htdocs\SCR\system\HTTP\Request.php(371): CodeIgniter\Debug\Exceptions->errorHandler(2, 'Invalid argumen...', 'C:\\xampp\\htdocs...', 371, Array)
#1 C:\xampp\htdocs\SCR\system\HTTP\IncomingRequest.php(411): CodeIgniter\HTTP\Request->fetchGlobal('post', NULL, 516, NULL)
#2 C:\xampp\htdocs\SCR\system\Debug\Toolbar.php(165): CodeIgniter\HTTP\IncomingRequest->getPost()
#3 C:\xampp\htdocs\SCR\system\Debug\Toolbar.php(353): CodeIgniter\Debug\Toolbar->run(1614498312.7416, 0.0984, Object(CodeIgniter\HTTP\IncomingRequest), Object(CodeIgniter\HTTP\Response))
#4 C:\xampp\htdocs\SCR\system\Filters\DebugToolbar.php(75): CodeIgniter\Debug\Toolbar->prepare(Object(CodeIgniter\HTTP\IncomingRequest), Object(CodeIgniter\HTTP\Response))
#5 C:\xampp\htdocs\SCR\system\Filters\Filters.php(199): CodeIgniter\Filters\DebugToolbar->after(Object(CodeIgniter\HTTP\IncomingRequest), Object(CodeIgniter\HTTP\Response))
#6 C:\xampp\htdocs\SCR\system\CodeIgniter.php(421): CodeIgniter\Filters\Filters->run('setting/index', 'after')
#7 C:\xampp\htdocs\SCR\system\CodeIgniter.php(311): CodeIgniter\CodeIgniter->handleRequest(NULL, Object(Config\Cache), false)
#8 C:\xampp\htdocs\SCR\public\index.php(44): CodeIgniter\CodeIgniter->run()
#9 {main}
CRITICAL - 2021-02-28 15:05:39 --> Invalid file: parts/main.php
#0 C:\xampp\htdocs\SCR\system\View\View.php(228): CodeIgniter\Exceptions\FrameworkException::forInvalidFile('parts/main.php')
#1 C:\xampp\htdocs\SCR\system\Common.php(1087): CodeIgniter\View\View->render('parts/main', Array, true)
#2 C:\xampp\htdocs\SCR\app\Views\setting.php(4): view('parts/main')
#3 C:\xampp\htdocs\SCR\system\View\View.php(246): include('C:\\xampp\\htdocs...')
#4 C:\xampp\htdocs\SCR\system\Common.php(1087): CodeIgniter\View\View->render('setting', Array, true)
#5 C:\xampp\htdocs\SCR\app\Controllers\Setting.php(29): view('setting', Array)
#6 C:\xampp\htdocs\SCR\system\CodeIgniter.php(917): App\Controllers\Setting->index()
#7 C:\xampp\htdocs\SCR\system\CodeIgniter.php(403): CodeIgniter\CodeIgniter->runController(Object(App\Controllers\Setting))
#8 C:\xampp\htdocs\SCR\system\CodeIgniter.php(311): CodeIgniter\CodeIgniter->handleRequest(NULL, Object(Config\Cache), false)
#9 C:\xampp\htdocs\SCR\public\index.php(44): CodeIgniter\CodeIgniter->run()
#10 {main}
CRITICAL - 2021-02-28 15:17:49 --> Invalid argument supplied for foreach()
#0 C:\xampp\htdocs\SCR\system\HTTP\Request.php(371): CodeIgniter\Debug\Exceptions->errorHandler(2, 'Invalid argumen...', 'C:\\xampp\\htdocs...', 371, Array)
#1 C:\xampp\htdocs\SCR\system\HTTP\IncomingRequest.php(411): CodeIgniter\HTTP\Request->fetchGlobal('post', NULL, 516, NULL)
#2 C:\xampp\htdocs\SCR\system\Debug\Toolbar.php(165): CodeIgniter\HTTP\IncomingRequest->getPost()
#3 C:\xampp\htdocs\SCR\system\Debug\Toolbar.php(353): CodeIgniter\Debug\Toolbar->run(1614500269.4612, 0.1066, Object(CodeIgniter\HTTP\IncomingRequest), Object(CodeIgniter\HTTP\Response))
#4 C:\xampp\htdocs\SCR\system\Filters\DebugToolbar.php(75): CodeIgniter\Debug\Toolbar->prepare(Object(CodeIgniter\HTTP\IncomingRequest), Object(CodeIgniter\HTTP\Response))
#5 C:\xampp\htdocs\SCR\system\Filters\Filters.php(199): CodeIgniter\Filters\DebugToolbar->after(Object(CodeIgniter\HTTP\IncomingRequest), Object(CodeIgniter\HTTP\Response))
#6 C:\xampp\htdocs\SCR\system\CodeIgniter.php(421): CodeIgniter\Filters\Filters->run('setting/index', 'after')
#7 C:\xampp\htdocs\SCR\system\CodeIgniter.php(311): CodeIgniter\CodeIgniter->handleRequest(NULL, Object(Config\Cache), false)
#8 C:\xampp\htdocs\SCR\public\index.php(44): CodeIgniter\CodeIgniter->run()
#9 {main}
CRITICAL - 2021-02-28 17:44:19 --> Trying to access array offset on value of type null
#0 C:\xampp\htdocs\SCR\app\Views\setting.php(22): CodeIgniter\Debug\Exceptions->errorHandler(8, 'Trying to acces...', 'C:\\xampp\\htdocs...', 22, Array)
#1 C:\xampp\htdocs\SCR\system\View\View.php(246): include('C:\\xampp\\htdocs...')
#2 C:\xampp\htdocs\SCR\system\Common.php(1087): CodeIgniter\View\View->render('setting', Array, true)
#3 C:\xampp\htdocs\SCR\app\Controllers\Setting.php(29): view('setting', Array)
#4 C:\xampp\htdocs\SCR\system\CodeIgniter.php(917): App\Controllers\Setting->index()
#5 C:\xampp\htdocs\SCR\system\CodeIgniter.php(403): CodeIgniter\CodeIgniter->runController(Object(App\Controllers\Setting))
#6 C:\xampp\htdocs\SCR\system\CodeIgniter.php(311): CodeIgniter\CodeIgniter->handleRequest(NULL, Object(Config\Cache), false)
#7 C:\xampp\htdocs\SCR\public\index.php(44): CodeIgniter\CodeIgniter->run()
#8 {main}
CRITICAL - 2021-02-28 17:59:20 --> Trying to access array offset on value of type null
#0 C:\xampp\htdocs\SCR\app\Views\setting.php(23): CodeIgniter\Debug\Exceptions->errorHandler(8, 'Trying to acces...', 'C:\\xampp\\htdocs...', 23, Array)
#1 C:\xampp\htdocs\SCR\system\View\View.php(246): include('C:\\xampp\\htdocs...')
#2 C:\xampp\htdocs\SCR\system\Common.php(1087): CodeIgniter\View\View->render('setting', Array, true)
#3 C:\xampp\htdocs\SCR\app\Controllers\Setting.php(29): view('setting', Array)
#4 C:\xampp\htdocs\SCR\system\CodeIgniter.php(917): App\Controllers\Setting->index()
#5 C:\xampp\htdocs\SCR\system\CodeIgniter.php(403): CodeIgniter\CodeIgniter->runController(Object(App\Controllers\Setting))
#6 C:\xampp\htdocs\SCR\system\CodeIgniter.php(311): CodeIgniter\CodeIgniter->handleRequest(NULL, Object(Config\Cache), false)
#7 C:\xampp\htdocs\SCR\public\index.php(44): CodeIgniter\CodeIgniter->run()
#8 {main}
CRITICAL - 2021-02-28 17:59:21 --> Trying to access array offset on value of type null
#0 C:\xampp\htdocs\SCR\app\Views\setting.php(23): CodeIgniter\Debug\Exceptions->errorHandler(8, 'Trying to acces...', 'C:\\xampp\\htdocs...', 23, Array)
#1 C:\xampp\htdocs\SCR\system\View\View.php(246): include('C:\\xampp\\htdocs...')
#2 C:\xampp\htdocs\SCR\system\Common.php(1087): CodeIgniter\View\View->render('setting', Array, true)
#3 C:\xampp\htdocs\SCR\app\Controllers\Setting.php(29): view('setting', Array)
#4 C:\xampp\htdocs\SCR\system\CodeIgniter.php(917): App\Controllers\Setting->index()
#5 C:\xampp\htdocs\SCR\system\CodeIgniter.php(403): CodeIgniter\CodeIgniter->runController(Object(App\Controllers\Setting))
#6 C:\xampp\htdocs\SCR\system\CodeIgniter.php(311): CodeIgniter\CodeIgniter->handleRequest(NULL, Object(Config\Cache), false)
#7 C:\xampp\htdocs\SCR\public\index.php(44): CodeIgniter\CodeIgniter->run()
#8 {main}
