CRITICAL - 2020-08-28 23:06:59 --> Argument 2 passed to view() must be of the type array, object given, called in /home/fadf4949/codeigniter/app/Controllers/ShareTarget.php on line 117
#0 /home/fadf4949/codeigniter/app/Controllers/ShareTarget.php(117): view('parts/upload.js', Object(CodeIgniter\Database\MySQLi\Result))
#1 /home/fadf4949/codeigniter/system/CodeIgniter.php(917): App\Controllers\ShareTarget->upload('106252.jpg')
#2 /home/fadf4949/codeigniter/system/CodeIgniter.php(403): CodeIgniter\CodeIgniter->runController(Object(App\Controllers\ShareTarget))
#3 /home/fadf4949/codeigniter/system/CodeIgniter.php(311): CodeIgniter\CodeIgniter->handleRequest(NULL, Object(Config\Cache), false)
#4 /home/fadf4949/public_html/index.php(44): CodeIgniter\CodeIgniter->run()
#5 {main}
CRITICAL - 2020-08-28 23:07:34 --> Argument 2 passed to view() must be of the type array, object given, called in /home/fadf4949/codeigniter/app/Controllers/ShareTarget.php on line 117
#0 /home/fadf4949/codeigniter/app/Controllers/ShareTarget.php(117): view('parts/upload.js', Object(CodeIgniter\Database\MySQLi\Result))
#1 /home/fadf4949/codeigniter/system/CodeIgniter.php(917): App\Controllers\ShareTarget->upload('106252.jpg')
#2 /home/fadf4949/codeigniter/system/CodeIgniter.php(403): CodeIgniter\CodeIgniter->runController(Object(App\Controllers\ShareTarget))
#3 /home/fadf4949/codeigniter/system/CodeIgniter.php(311): CodeIgniter\CodeIgniter->handleRequest(NULL, Object(Config\Cache), false)
#4 /home/fadf4949/public_html/index.php(44): CodeIgniter\CodeIgniter->run()
#5 {main}
CRITICAL - 2020-08-28 23:27:36 --> Undefined variable: row
#0 /home/fadf4949/codeigniter/app/Views/viewFormTambah.php(85): CodeIgniter\Debug\Exceptions->errorHandler(8, 'Undefined varia...', '/home/fadf4949/...', 85, Array)
#1 /home/fadf4949/codeigniter/system/View/View.php(246): include('/home/fadf4949/...')
#2 /home/fadf4949/codeigniter/system/Common.php(1087): CodeIgniter\View\View->render('viewFormTambah', Array, true)
#3 /home/fadf4949/codeigniter/app/Controllers/ShareTarget.php(30): view('viewFormTambah')
#4 /home/fadf4949/codeigniter/system/CodeIgniter.php(917): App\Controllers\ShareTarget->formtambah()
#5 /home/fadf4949/codeigniter/system/CodeIgniter.php(403): CodeIgniter\CodeIgniter->runController(Object(App\Controllers\ShareTarget))
#6 /home/fadf4949/codeigniter/system/CodeIgniter.php(311): CodeIgniter\CodeIgniter->handleRequest(NULL, Object(Config\Cache), false)
#7 /home/fadf4949/public_html/index.php(44): CodeIgniter\CodeIgniter->run()
#8 {main}
CRITICAL - 2020-08-28 23:32:13 --> Undefined variable: tampil
#0 /home/fadf4949/codeigniter/app/Views/viewFormTambah.php(34): CodeIgniter\Debug\Exceptions->errorHandler(8, 'Undefined varia...', '/home/fadf4949/...', 34, Array)
#1 /home/fadf4949/codeigniter/system/View/View.php(246): include('/home/fadf4949/...')
#2 /home/fadf4949/codeigniter/system/Common.php(1087): CodeIgniter\View\View->render('viewFormTambah', Array, true)
#3 /home/fadf4949/codeigniter/app/Controllers/ShareTarget.php(30): view('viewFormTambah')
#4 /home/fadf4949/codeigniter/system/CodeIgniter.php(917): App\Controllers\ShareTarget->formtambah()
#5 /home/fadf4949/codeigniter/system/CodeIgniter.php(403): CodeIgniter\CodeIgniter->runController(Object(App\Controllers\ShareTarget))
#6 /home/fadf4949/codeigniter/system/CodeIgniter.php(311): CodeIgniter\CodeIgniter->handleRequest(NULL, Object(Config\Cache), false)
#7 /home/fadf4949/public_html/index.php(44): CodeIgniter\CodeIgniter->run()
#8 {main}
CRITICAL - 2020-08-28 23:32:44 --> Undefined variable: tampil
#0 /home/fadf4949/codeigniter/app/Views/viewFormTambah.php(34): CodeIgniter\Debug\Exceptions->errorHandler(8, 'Undefined varia...', '/home/fadf4949/...', 34, Array)
#1 /home/fadf4949/codeigniter/system/View/View.php(246): include('/home/fadf4949/...')
#2 /home/fadf4949/codeigniter/system/Common.php(1087): CodeIgniter\View\View->render('viewFormTambah', Array, true)
#3 /home/fadf4949/codeigniter/app/Controllers/ShareTarget.php(30): view('viewFormTambah')
#4 /home/fadf4949/codeigniter/system/CodeIgniter.php(917): App\Controllers\ShareTarget->formtambah()
#5 /home/fadf4949/codeigniter/system/CodeIgniter.php(403): CodeIgniter\CodeIgniter->runController(Object(App\Controllers\ShareTarget))
#6 /home/fadf4949/codeigniter/system/CodeIgniter.php(311): CodeIgniter\CodeIgniter->handleRequest(NULL, Object(Config\Cache), false)
#7 /home/fadf4949/public_html/index.php(44): CodeIgniter\CodeIgniter->run()
#8 {main}
CRITICAL - 2020-08-28 23:33:11 --> Undefined variable: tampil
#0 /home/fadf4949/codeigniter/app/Views/viewFormTambah.php(32): CodeIgniter\Debug\Exceptions->errorHandler(8, 'Undefined varia...', '/home/fadf4949/...', 32, Array)
#1 /home/fadf4949/codeigniter/system/View/View.php(246): include('/home/fadf4949/...')
#2 /home/fadf4949/codeigniter/system/Common.php(1087): CodeIgniter\View\View->render('viewFormTambah', Array, true)
#3 /home/fadf4949/codeigniter/app/Controllers/ShareTarget.php(30): view('viewFormTambah')
#4 /home/fadf4949/codeigniter/system/CodeIgniter.php(917): App\Controllers\ShareTarget->formtambah()
#5 /home/fadf4949/codeigniter/system/CodeIgniter.php(403): CodeIgniter\CodeIgniter->runController(Object(App\Controllers\ShareTarget))
#6 /home/fadf4949/codeigniter/system/CodeIgniter.php(311): CodeIgniter\CodeIgniter->handleRequest(NULL, Object(Config\Cache), false)
#7 /home/fadf4949/public_html/index.php(44): CodeIgniter\CodeIgniter->run()
#8 {main}
CRITICAL - 2020-08-28 23:35:29 --> Undefined variable: tampil
#0 /home/fadf4949/codeigniter/app/Views/viewFormTambah.php(34): CodeIgniter\Debug\Exceptions->errorHandler(8, 'Undefined varia...', '/home/fadf4949/...', 34, Array)
#1 /home/fadf4949/codeigniter/system/View/View.php(246): include('/home/fadf4949/...')
#2 /home/fadf4949/codeigniter/system/Common.php(1087): CodeIgniter\View\View->render('viewFormTambah', Array, true)
#3 /home/fadf4949/codeigniter/app/Controllers/ShareTarget.php(30): view('viewFormTambah')
#4 /home/fadf4949/codeigniter/system/CodeIgniter.php(917): App\Controllers\ShareTarget->formtambah()
#5 /home/fadf4949/codeigniter/system/CodeIgniter.php(403): CodeIgniter\CodeIgniter->runController(Object(App\Controllers\ShareTarget))
#6 /home/fadf4949/codeigniter/system/CodeIgniter.php(311): CodeIgniter\CodeIgniter->handleRequest(NULL, Object(Config\Cache), false)
#7 /home/fadf4949/public_html/index.php(44): CodeIgniter\CodeIgniter->run()
#8 {main}
CRITICAL - 2020-08-28 23:35:32 --> Undefined variable: tampil
#0 /home/fadf4949/codeigniter/app/Views/viewFormTambah.php(34): CodeIgniter\Debug\Exceptions->errorHandler(8, 'Undefined varia...', '/home/fadf4949/...', 34, Array)
#1 /home/fadf4949/codeigniter/system/View/View.php(246): include('/home/fadf4949/...')
#2 /home/fadf4949/codeigniter/system/Common.php(1087): CodeIgniter\View\View->render('viewFormTambah', Array, true)
#3 /home/fadf4949/codeigniter/app/Controllers/ShareTarget.php(30): view('viewFormTambah')
#4 /home/fadf4949/codeigniter/system/CodeIgniter.php(917): App\Controllers\ShareTarget->formtambah()
#5 /home/fadf4949/codeigniter/system/CodeIgniter.php(403): CodeIgniter\CodeIgniter->runController(Object(App\Controllers\ShareTarget))
#6 /home/fadf4949/codeigniter/system/CodeIgniter.php(311): CodeIgniter\CodeIgniter->handleRequest(NULL, Object(Config\Cache), false)
#7 /home/fadf4949/public_html/index.php(44): CodeIgniter\CodeIgniter->run()
#8 {main}
CRITICAL - 2020-08-28 23:38:11 --> syntax error, unexpected 'endforeach' (T_ENDFOREACH), expecting end of file
#0 /home/fadf4949/codeigniter/system/Common.php(1087): CodeIgniter\View\View->render('viewFormTambah', Array, true)
#1 /home/fadf4949/codeigniter/app/Controllers/ShareTarget.php(30): view('viewFormTambah')
#2 /home/fadf4949/codeigniter/system/CodeIgniter.php(917): App\Controllers\ShareTarget->formtambah()
#3 /home/fadf4949/codeigniter/system/CodeIgniter.php(403): CodeIgniter\CodeIgniter->runController(Object(App\Controllers\ShareTarget))
#4 /home/fadf4949/codeigniter/system/CodeIgniter.php(311): CodeIgniter\CodeIgniter->handleRequest(NULL, Object(Config\Cache), false)
#5 /home/fadf4949/public_html/index.php(44): CodeIgniter\CodeIgniter->run()
#6 {main}
CRITICAL - 2020-08-28 23:38:26 --> Undefined variable: tampil
#0 /home/fadf4949/codeigniter/app/Views/viewFormTambah.php(33): CodeIgniter\Debug\Exceptions->errorHandler(8, 'Undefined varia...', '/home/fadf4949/...', 33, Array)
#1 /home/fadf4949/codeigniter/system/View/View.php(246): include('/home/fadf4949/...')
#2 /home/fadf4949/codeigniter/system/Common.php(1087): CodeIgniter\View\View->render('viewFormTambah', Array, true)
#3 /home/fadf4949/codeigniter/app/Controllers/ShareTarget.php(30): view('viewFormTambah')
#4 /home/fadf4949/codeigniter/system/CodeIgniter.php(917): App\Controllers\ShareTarget->formtambah()
#5 /home/fadf4949/codeigniter/system/CodeIgniter.php(403): CodeIgniter\CodeIgniter->runController(Object(App\Controllers\ShareTarget))
#6 /home/fadf4949/codeigniter/system/CodeIgniter.php(311): CodeIgniter\CodeIgniter->handleRequest(NULL, Object(Config\Cache), false)
#7 /home/fadf4949/public_html/index.php(44): CodeIgniter\CodeIgniter->run()
#8 {main}
CRITICAL - 2020-08-28 23:40:05 --> Undefined variable: tampil
#0 /home/fadf4949/codeigniter/app/Views/viewFormTambah.php(33): CodeIgniter\Debug\Exceptions->errorHandler(8, 'Undefined varia...', '/home/fadf4949/...', 33, Array)
#1 /home/fadf4949/codeigniter/system/View/View.php(246): include('/home/fadf4949/...')
#2 /home/fadf4949/codeigniter/system/Common.php(1087): CodeIgniter\View\View->render('viewFormTambah', Array, true)
#3 /home/fadf4949/codeigniter/app/Controllers/ShareTarget.php(30): view('viewFormTambah')
#4 /home/fadf4949/codeigniter/system/CodeIgniter.php(917): App\Controllers\ShareTarget->formtambah()
#5 /home/fadf4949/codeigniter/system/CodeIgniter.php(403): CodeIgniter\CodeIgniter->runController(Object(App\Controllers\ShareTarget))
#6 /home/fadf4949/codeigniter/system/CodeIgniter.php(311): CodeIgniter\CodeIgniter->handleRequest(NULL, Object(Config\Cache), false)
#7 /home/fadf4949/public_html/index.php(44): CodeIgniter\CodeIgniter->run()
#8 {main}
CRITICAL - 2020-08-28 23:40:09 --> syntax error, unexpected 'endforeach' (T_ENDFOREACH), expecting end of file
#0 /home/fadf4949/codeigniter/system/Common.php(1087): CodeIgniter\View\View->render('viewFormTambah', Array, true)
#1 /home/fadf4949/codeigniter/app/Controllers/ShareTarget.php(30): view('viewFormTambah')
#2 /home/fadf4949/codeigniter/system/CodeIgniter.php(917): App\Controllers\ShareTarget->formtambah()
#3 /home/fadf4949/codeigniter/system/CodeIgniter.php(403): CodeIgniter\CodeIgniter->runController(Object(App\Controllers\ShareTarget))
#4 /home/fadf4949/codeigniter/system/CodeIgniter.php(311): CodeIgniter\CodeIgniter->handleRequest(NULL, Object(Config\Cache), false)
#5 /home/fadf4949/public_html/index.php(44): CodeIgniter\CodeIgniter->run()
#6 {main}
CRITICAL - 2020-08-28 23:40:23 --> Undefined variable: row
#0 /home/fadf4949/codeigniter/app/Views/viewFormTambah.php(86): CodeIgniter\Debug\Exceptions->errorHandler(8, 'Undefined varia...', '/home/fadf4949/...', 86, Array)
#1 /home/fadf4949/codeigniter/system/View/View.php(246): include('/home/fadf4949/...')
#2 /home/fadf4949/codeigniter/system/Common.php(1087): CodeIgniter\View\View->render('viewFormTambah', Array, true)
#3 /home/fadf4949/codeigniter/app/Controllers/ShareTarget.php(30): view('viewFormTambah')
#4 /home/fadf4949/codeigniter/system/CodeIgniter.php(917): App\Controllers\ShareTarget->formtambah()
#5 /home/fadf4949/codeigniter/system/CodeIgniter.php(403): CodeIgniter\CodeIgniter->runController(Object(App\Controllers\ShareTarget))
#6 /home/fadf4949/codeigniter/system/CodeIgniter.php(311): CodeIgniter\CodeIgniter->handleRequest(NULL, Object(Config\Cache), false)
#7 /home/fadf4949/public_html/index.php(44): CodeIgniter\CodeIgniter->run()
#8 {main}
CRITICAL - 2020-08-28 23:48:29 --> The original file is not a valid file.
#0 /home/fadf4949/codeigniter/system/HTTP/Files/UploadedFile.php(172): CodeIgniter\HTTP\Exceptions\HTTPException::forInvalidFile()
#1 /home/fadf4949/codeigniter/app/Controllers/ShareTarget.php(57): CodeIgniter\HTTP\Files\UploadedFile->move('assets/uploads/...')
#2 /home/fadf4949/codeigniter/system/CodeIgniter.php(917): App\Controllers\ShareTarget->simpandata()
#3 /home/fadf4949/codeigniter/system/CodeIgniter.php(403): CodeIgniter\CodeIgniter->runController(Object(App\Controllers\ShareTarget))
#4 /home/fadf4949/codeigniter/system/CodeIgniter.php(311): CodeIgniter\CodeIgniter->handleRequest(NULL, Object(Config\Cache), false)
#5 /home/fadf4949/public_html/index.php(44): CodeIgniter\CodeIgniter->run()
#6 {main}
CRITICAL - 2020-08-28 23:48:36 --> The original file is not a valid file.
#0 /home/fadf4949/codeigniter/system/HTTP/Files/UploadedFile.php(172): CodeIgniter\HTTP\Exceptions\HTTPException::forInvalidFile()
#1 /home/fadf4949/codeigniter/app/Controllers/ShareTarget.php(57): CodeIgniter\HTTP\Files\UploadedFile->move('assets/uploads/...')
#2 /home/fadf4949/codeigniter/system/CodeIgniter.php(917): App\Controllers\ShareTarget->simpandata()
#3 /home/fadf4949/codeigniter/system/CodeIgniter.php(403): CodeIgniter\CodeIgniter->runController(Object(App\Controllers\ShareTarget))
#4 /home/fadf4949/codeigniter/system/CodeIgniter.php(311): CodeIgniter\CodeIgniter->handleRequest(NULL, Object(Config\Cache), false)
#5 /home/fadf4949/public_html/index.php(44): CodeIgniter\CodeIgniter->run()
#6 {main}
CRITICAL - 2020-08-28 23:49:05 --> The original file is not a valid file.
#0 /home/fadf4949/codeigniter/system/HTTP/Files/UploadedFile.php(172): CodeIgniter\HTTP\Exceptions\HTTPException::forInvalidFile()
#1 /home/fadf4949/codeigniter/app/Controllers/ShareTarget.php(57): CodeIgniter\HTTP\Files\UploadedFile->move('assets/uploads/...')
#2 /home/fadf4949/codeigniter/system/CodeIgniter.php(917): App\Controllers\ShareTarget->simpandata()
#3 /home/fadf4949/codeigniter/system/CodeIgniter.php(403): CodeIgniter\CodeIgniter->runController(Object(App\Controllers\ShareTarget))
#4 /home/fadf4949/codeigniter/system/CodeIgniter.php(311): CodeIgniter\CodeIgniter->handleRequest(NULL, Object(Config\Cache), false)
#5 /home/fadf4949/public_html/index.php(44): CodeIgniter\CodeIgniter->run()
#6 {main}
CRITICAL - 2020-08-28 23:49:21 --> The original file is not a valid file.
#0 /home/fadf4949/codeigniter/system/HTTP/Files/UploadedFile.php(172): CodeIgniter\HTTP\Exceptions\HTTPException::forInvalidFile()
#1 /home/fadf4949/codeigniter/app/Controllers/ShareTarget.php(57): CodeIgniter\HTTP\Files\UploadedFile->move('assets/uploads/...')
#2 /home/fadf4949/codeigniter/system/CodeIgniter.php(917): App\Controllers\ShareTarget->simpandata()
#3 /home/fadf4949/codeigniter/system/CodeIgniter.php(403): CodeIgniter\CodeIgniter->runController(Object(App\Controllers\ShareTarget))
#4 /home/fadf4949/codeigniter/system/CodeIgniter.php(311): CodeIgniter\CodeIgniter->handleRequest(NULL, Object(Config\Cache), false)
#5 /home/fadf4949/public_html/index.php(44): CodeIgniter\CodeIgniter->run()
#6 {main}
CRITICAL - 2020-08-28 23:50:12 --> The original file is not a valid file.
#0 /home/fadf4949/codeigniter/system/HTTP/Files/UploadedFile.php(172): CodeIgniter\HTTP\Exceptions\HTTPException::forInvalidFile()
#1 /home/fadf4949/codeigniter/app/Controllers/ShareTarget.php(57): CodeIgniter\HTTP\Files\UploadedFile->move('assets/uploads/...')
#2 /home/fadf4949/codeigniter/system/CodeIgniter.php(917): App\Controllers\ShareTarget->simpandata()
#3 /home/fadf4949/codeigniter/system/CodeIgniter.php(403): CodeIgniter\CodeIgniter->runController(Object(App\Controllers\ShareTarget))
#4 /home/fadf4949/codeigniter/system/CodeIgniter.php(311): CodeIgniter\CodeIgniter->handleRequest(NULL, Object(Config\Cache), false)
#5 /home/fadf4949/public_html/index.php(44): CodeIgniter\CodeIgniter->run()
#6 {main}
