CRITICAL - 2021-03-07 00:34:16 --> mysqli_query() expects parameter 1 to be mysqli, object given
#0 [internal function]: CodeIgniter\Debug\Exceptions->errorHandler(2, 'mysqli_query() ...', 'C:\\xampp\\htdocs...', 54, Array)
#1 C:\xampp\htdocs\SCR\app\Controllers\Setting.php(54): mysqli_query(Object(App\Controllers\Setting), 'SELECT * FROM s...')
#2 C:\xampp\htdocs\SCR\system\CodeIgniter.php(917): App\Controllers\Setting->broadcast()
#3 C:\xampp\htdocs\SCR\system\CodeIgniter.php(403): CodeIgniter\CodeIgniter->runController(Object(App\Controllers\Setting))
#4 C:\xampp\htdocs\SCR\system\CodeIgniter.php(311): CodeIgniter\CodeIgniter->handleRequest(NULL, Object(Config\Cache), false)
#5 C:\xampp\htdocs\SCR\public\index.php(44): CodeIgniter\CodeIgniter->run()
#6 {main}
CRITICAL - 2021-03-07 00:34:21 --> Undefined index: DATA_SESSION
#0 C:\xampp\htdocs\SCR\app\Views\parts\header.php(423): CodeIgniter\Debug\Exceptions->errorHandler(8, 'Undefined index...', 'C:\\xampp\\htdocs...', 423, Array)
#1 C:\xampp\htdocs\SCR\system\View\View.php(246): include('C:\\xampp\\htdocs...')
#2 C:\xampp\htdocs\SCR\system\Common.php(1087): CodeIgniter\View\View->render('parts/header', Array, true)
#3 C:\xampp\htdocs\SCR\app\Views\settingClient.php(3): view('parts/header', Array)
#4 C:\xampp\htdocs\SCR\system\View\View.php(246): include('C:\\xampp\\htdocs...')
#5 C:\xampp\htdocs\SCR\system\Common.php(1087): CodeIgniter\View\View->render('settingClient', Array, true)
#6 C:\xampp\htdocs\SCR\app\Controllers\Setting.php(114): view('settingClient', Array)
#7 C:\xampp\htdocs\SCR\system\CodeIgniter.php(917): App\Controllers\Setting->client()
#8 C:\xampp\htdocs\SCR\system\CodeIgniter.php(403): CodeIgniter\CodeIgniter->runController(Object(App\Controllers\Setting))
#9 C:\xampp\htdocs\SCR\system\CodeIgniter.php(311): CodeIgniter\CodeIgniter->handleRequest(NULL, Object(Config\Cache), false)
#10 C:\xampp\htdocs\SCR\public\index.php(44): CodeIgniter\CodeIgniter->run()
#11 {main}
CRITICAL - 2021-03-07 00:34:41 --> mysqli_query() expects parameter 1 to be mysqli, object given
#0 [internal function]: CodeIgniter\Debug\Exceptions->errorHandler(2, 'mysqli_query() ...', 'C:\\xampp\\htdocs...', 54, Array)
#1 C:\xampp\htdocs\SCR\app\Controllers\Setting.php(54): mysqli_query(Object(App\Controllers\Setting), 'SELECT * FROM s...')
#2 C:\xampp\htdocs\SCR\system\CodeIgniter.php(917): App\Controllers\Setting->broadcast()
#3 C:\xampp\htdocs\SCR\system\CodeIgniter.php(403): CodeIgniter\CodeIgniter->runController(Object(App\Controllers\Setting))
#4 C:\xampp\htdocs\SCR\system\CodeIgniter.php(311): CodeIgniter\CodeIgniter->handleRequest(NULL, Object(Config\Cache), false)
#5 C:\xampp\htdocs\SCR\public\index.php(44): CodeIgniter\CodeIgniter->run()
#6 {main}
CRITICAL - 2021-03-07 00:42:57 --> Undefined index: DATA_SESSION
#0 C:\xampp\htdocs\SCR\app\Views\parts\header.php(423): CodeIgniter\Debug\Exceptions->errorHandler(8, 'Undefined index...', 'C:\\xampp\\htdocs...', 423, Array)
#1 C:\xampp\htdocs\SCR\system\View\View.php(246): include('C:\\xampp\\htdocs...')
#2 C:\xampp\htdocs\SCR\system\Common.php(1087): CodeIgniter\View\View->render('parts/header', Array, true)
#3 C:\xampp\htdocs\SCR\app\Views\settingClient.php(3): view('parts/header', Array)
#4 C:\xampp\htdocs\SCR\system\View\View.php(246): include('C:\\xampp\\htdocs...')
#5 C:\xampp\htdocs\SCR\system\Common.php(1087): CodeIgniter\View\View->render('settingClient', Array, true)
#6 C:\xampp\htdocs\SCR\app\Controllers\Setting.php(114): view('settingClient', Array)
#7 C:\xampp\htdocs\SCR\system\CodeIgniter.php(917): App\Controllers\Setting->client()
#8 C:\xampp\htdocs\SCR\system\CodeIgniter.php(403): CodeIgniter\CodeIgniter->runController(Object(App\Controllers\Setting))
#9 C:\xampp\htdocs\SCR\system\CodeIgniter.php(311): CodeIgniter\CodeIgniter->handleRequest(NULL, Object(Config\Cache), false)
#10 C:\xampp\htdocs\SCR\public\index.php(44): CodeIgniter\CodeIgniter->run()
#11 {main}
CRITICAL - 2021-03-07 00:43:02 --> Undefined index: DATA_SESSION
#0 C:\xampp\htdocs\SCR\app\Views\parts\header.php(423): CodeIgniter\Debug\Exceptions->errorHandler(8, 'Undefined index...', 'C:\\xampp\\htdocs...', 423, Array)
#1 C:\xampp\htdocs\SCR\system\View\View.php(246): include('C:\\xampp\\htdocs...')
#2 C:\xampp\htdocs\SCR\system\Common.php(1087): CodeIgniter\View\View->render('parts/header', Array, true)
#3 C:\xampp\htdocs\SCR\app\Views\settingClient.php(3): view('parts/header', Array)
#4 C:\xampp\htdocs\SCR\system\View\View.php(246): include('C:\\xampp\\htdocs...')
#5 C:\xampp\htdocs\SCR\system\Common.php(1087): CodeIgniter\View\View->render('settingClient', Array, true)
#6 C:\xampp\htdocs\SCR\app\Controllers\Setting.php(114): view('settingClient', Array)
#7 C:\xampp\htdocs\SCR\system\CodeIgniter.php(917): App\Controllers\Setting->client()
#8 C:\xampp\htdocs\SCR\system\CodeIgniter.php(403): CodeIgniter\CodeIgniter->runController(Object(App\Controllers\Setting))
#9 C:\xampp\htdocs\SCR\system\CodeIgniter.php(311): CodeIgniter\CodeIgniter->handleRequest(NULL, Object(Config\Cache), false)
#10 C:\xampp\htdocs\SCR\public\index.php(44): CodeIgniter\CodeIgniter->run()
#11 {main}
CRITICAL - 2021-03-07 00:45:07 --> Undefined index: DATA_SESSION
#0 C:\xampp\htdocs\SCR\app\Views\parts\header.php(423): CodeIgniter\Debug\Exceptions->errorHandler(8, 'Undefined index...', 'C:\\xampp\\htdocs...', 423, Array)
#1 C:\xampp\htdocs\SCR\system\View\View.php(246): include('C:\\xampp\\htdocs...')
#2 C:\xampp\htdocs\SCR\system\Common.php(1087): CodeIgniter\View\View->render('parts/header', Array, true)
#3 C:\xampp\htdocs\SCR\app\Views\settingClient.php(3): view('parts/header', Array)
#4 C:\xampp\htdocs\SCR\system\View\View.php(246): include('C:\\xampp\\htdocs...')
#5 C:\xampp\htdocs\SCR\system\Common.php(1087): CodeIgniter\View\View->render('settingClient', Array, true)
#6 C:\xampp\htdocs\SCR\app\Controllers\Setting.php(114): view('settingClient', Array)
#7 C:\xampp\htdocs\SCR\system\CodeIgniter.php(917): App\Controllers\Setting->client()
#8 C:\xampp\htdocs\SCR\system\CodeIgniter.php(403): CodeIgniter\CodeIgniter->runController(Object(App\Controllers\Setting))
#9 C:\xampp\htdocs\SCR\system\CodeIgniter.php(311): CodeIgniter\CodeIgniter->handleRequest(NULL, Object(Config\Cache), false)
#10 C:\xampp\htdocs\SCR\public\index.php(44): CodeIgniter\CodeIgniter->run()
#11 {main}
CRITICAL - 2021-03-07 00:45:09 --> Undefined index: DATA_SESSION
#0 C:\xampp\htdocs\SCR\app\Views\parts\header.php(423): CodeIgniter\Debug\Exceptions->errorHandler(8, 'Undefined index...', 'C:\\xampp\\htdocs...', 423, Array)
#1 C:\xampp\htdocs\SCR\system\View\View.php(246): include('C:\\xampp\\htdocs...')
#2 C:\xampp\htdocs\SCR\system\Common.php(1087): CodeIgniter\View\View->render('parts/header', Array, true)
#3 C:\xampp\htdocs\SCR\app\Views\settingClient.php(3): view('parts/header', Array)
#4 C:\xampp\htdocs\SCR\system\View\View.php(246): include('C:\\xampp\\htdocs...')
#5 C:\xampp\htdocs\SCR\system\Common.php(1087): CodeIgniter\View\View->render('settingClient', Array, true)
#6 C:\xampp\htdocs\SCR\app\Controllers\Setting.php(114): view('settingClient', Array)
#7 C:\xampp\htdocs\SCR\system\CodeIgniter.php(917): App\Controllers\Setting->client()
#8 C:\xampp\htdocs\SCR\system\CodeIgniter.php(403): CodeIgniter\CodeIgniter->runController(Object(App\Controllers\Setting))
#9 C:\xampp\htdocs\SCR\system\CodeIgniter.php(311): CodeIgniter\CodeIgniter->handleRequest(NULL, Object(Config\Cache), false)
#10 C:\xampp\htdocs\SCR\public\index.php(44): CodeIgniter\CodeIgniter->run()
#11 {main}
CRITICAL - 2021-03-07 01:18:47 --> mysqli_query() expects parameter 1 to be mysqli, object given
#0 [internal function]: CodeIgniter\Debug\Exceptions->errorHandler(2, 'mysqli_query() ...', 'C:\\xampp\\htdocs...', 54, Array)
#1 C:\xampp\htdocs\SCR\app\Controllers\Setting.php(54): mysqli_query(Object(App\Controllers\Setting), 'SELECT * FROM s...')
#2 C:\xampp\htdocs\SCR\system\CodeIgniter.php(917): App\Controllers\Setting->broadcast()
#3 C:\xampp\htdocs\SCR\system\CodeIgniter.php(403): CodeIgniter\CodeIgniter->runController(Object(App\Controllers\Setting))
#4 C:\xampp\htdocs\SCR\system\CodeIgniter.php(311): CodeIgniter\CodeIgniter->handleRequest(NULL, Object(Config\Cache), false)
#5 C:\xampp\htdocs\SCR\public\index.php(44): CodeIgniter\CodeIgniter->run()
#6 {main}
CRITICAL - 2021-03-07 11:23:03 --> include(assets/grocery_crud/languages/english.php): failed to open stream: No such file or directory
#0 C:\xampp\htdocs\SCR\app\Libraries\GroceryCrud.php(4230): CodeIgniter\Debug\Exceptions->errorHandler(2, 'include(assets/...', 'C:\\xampp\\htdocs...', 4230, Array)
#1 C:\xampp\htdocs\SCR\app\Libraries\GroceryCrud.php(4230): include()
#2 C:\xampp\htdocs\SCR\app\Libraries\GroceryCrud.php(4658): App\Libraries\GroceryCrud->_load_language()
#3 C:\xampp\htdocs\SCR\app\Libraries\GroceryCrud.php(4681): App\Libraries\GroceryCrud->pre_render()
#4 C:\xampp\htdocs\SCR\app\Controllers\Setting.php(38): App\Libraries\GroceryCrud->render()
#5 C:\xampp\htdocs\SCR\system\CodeIgniter.php(917): App\Controllers\Setting->index()
#6 C:\xampp\htdocs\SCR\system\CodeIgniter.php(403): CodeIgniter\CodeIgniter->runController(Object(App\Controllers\Setting))
#7 C:\xampp\htdocs\SCR\system\CodeIgniter.php(311): CodeIgniter\CodeIgniter->handleRequest(NULL, Object(Config\Cache), false)
#8 C:\xampp\htdocs\SCR\public\index.php(44): CodeIgniter\CodeIgniter->run()
#9 {main}
CRITICAL - 2021-03-07 11:23:12 --> include(assets/grocery_crud/languages/english.php): failed to open stream: No such file or directory
#0 C:\xampp\htdocs\SCR\app\Libraries\GroceryCrud.php(4230): CodeIgniter\Debug\Exceptions->errorHandler(2, 'include(assets/...', 'C:\\xampp\\htdocs...', 4230, Array)
#1 C:\xampp\htdocs\SCR\app\Libraries\GroceryCrud.php(4230): include()
#2 C:\xampp\htdocs\SCR\app\Libraries\GroceryCrud.php(4658): App\Libraries\GroceryCrud->_load_language()
#3 C:\xampp\htdocs\SCR\app\Libraries\GroceryCrud.php(4681): App\Libraries\GroceryCrud->pre_render()
#4 C:\xampp\htdocs\SCR\app\Controllers\Setting.php(38): App\Libraries\GroceryCrud->render()
#5 C:\xampp\htdocs\SCR\system\CodeIgniter.php(917): App\Controllers\Setting->index()
#6 C:\xampp\htdocs\SCR\system\CodeIgniter.php(403): CodeIgniter\CodeIgniter->runController(Object(App\Controllers\Setting))
#7 C:\xampp\htdocs\SCR\system\CodeIgniter.php(311): CodeIgniter\CodeIgniter->handleRequest(NULL, Object(Config\Cache), false)
#8 C:\xampp\htdocs\SCR\public\index.php(44): CodeIgniter\CodeIgniter->run()
#9 {main}
CRITICAL - 2021-03-07 11:24:23 --> include(assets/grocery_crud/languages/english.php): failed to open stream: No such file or directory
#0 C:\xampp\htdocs\SCR\app\Libraries\GroceryCrud.php(4230): CodeIgniter\Debug\Exceptions->errorHandler(2, 'include(assets/...', 'C:\\xampp\\htdocs...', 4230, Array)
#1 C:\xampp\htdocs\SCR\app\Libraries\GroceryCrud.php(4230): include()
#2 C:\xampp\htdocs\SCR\app\Libraries\GroceryCrud.php(4658): App\Libraries\GroceryCrud->_load_language()
#3 C:\xampp\htdocs\SCR\app\Libraries\GroceryCrud.php(4681): App\Libraries\GroceryCrud->pre_render()
#4 C:\xampp\htdocs\SCR\app\Controllers\Setting.php(38): App\Libraries\GroceryCrud->render()
#5 C:\xampp\htdocs\SCR\system\CodeIgniter.php(917): App\Controllers\Setting->index()
#6 C:\xampp\htdocs\SCR\system\CodeIgniter.php(403): CodeIgniter\CodeIgniter->runController(Object(App\Controllers\Setting))
#7 C:\xampp\htdocs\SCR\system\CodeIgniter.php(311): CodeIgniter\CodeIgniter->handleRequest(NULL, Object(Config\Cache), false)
#8 C:\xampp\htdocs\SCR\public\index.php(44): CodeIgniter\CodeIgniter->run()
#9 {main}
CRITICAL - 2021-03-07 11:25:45 --> include(assets/grocery_crud/languages/english.php): failed to open stream: No such file or directory
#0 C:\xampp\htdocs\SCR\app\Libraries\GroceryCrud.php(4230): CodeIgniter\Debug\Exceptions->errorHandler(2, 'include(assets/...', 'C:\\xampp\\htdocs...', 4230, Array)
#1 C:\xampp\htdocs\SCR\app\Libraries\GroceryCrud.php(4230): include()
#2 C:\xampp\htdocs\SCR\app\Libraries\GroceryCrud.php(4658): App\Libraries\GroceryCrud->_load_language()
#3 C:\xampp\htdocs\SCR\app\Libraries\GroceryCrud.php(4681): App\Libraries\GroceryCrud->pre_render()
#4 C:\xampp\htdocs\SCR\app\Controllers\Setting.php(38): App\Libraries\GroceryCrud->render()
#5 C:\xampp\htdocs\SCR\system\CodeIgniter.php(917): App\Controllers\Setting->index()
#6 C:\xampp\htdocs\SCR\system\CodeIgniter.php(403): CodeIgniter\CodeIgniter->runController(Object(App\Controllers\Setting))
#7 C:\xampp\htdocs\SCR\system\CodeIgniter.php(311): CodeIgniter\CodeIgniter->handleRequest(NULL, Object(Config\Cache), false)
#8 C:\xampp\htdocs\SCR\public\index.php(44): CodeIgniter\CodeIgniter->run()
#9 {main}
CRITICAL - 2021-03-07 11:26:33 --> include(assets/grocery_crud/languages/english.php): failed to open stream: No such file or directory
#0 C:\xampp\htdocs\SCR\app\Libraries\GroceryCrud.php(4230): CodeIgniter\Debug\Exceptions->errorHandler(2, 'include(assets/...', 'C:\\xampp\\htdocs...', 4230, Array)
#1 C:\xampp\htdocs\SCR\app\Libraries\GroceryCrud.php(4230): include()
#2 C:\xampp\htdocs\SCR\app\Libraries\GroceryCrud.php(4658): App\Libraries\GroceryCrud->_load_language()
#3 C:\xampp\htdocs\SCR\app\Libraries\GroceryCrud.php(4681): App\Libraries\GroceryCrud->pre_render()
#4 C:\xampp\htdocs\SCR\app\Controllers\Setting.php(38): App\Libraries\GroceryCrud->render()
#5 C:\xampp\htdocs\SCR\system\CodeIgniter.php(917): App\Controllers\Setting->index()
#6 C:\xampp\htdocs\SCR\system\CodeIgniter.php(403): CodeIgniter\CodeIgniter->runController(Object(App\Controllers\Setting))
#7 C:\xampp\htdocs\SCR\system\CodeIgniter.php(311): CodeIgniter\CodeIgniter->handleRequest(NULL, Object(Config\Cache), false)
#8 C:\xampp\htdocs\SCR\public\index.php(44): CodeIgniter\CodeIgniter->run()
#9 {main}
