CRITICAL - 2021-04-30 22:38:25 --> Invalid file: parts/viewClient.php
#0 C:\xampp\htdocs\SCR\system\View\View.php(228): CodeIgniter\Exceptions\FrameworkException::forInvalidFile('parts/viewClien...')
#1 C:\xampp\htdocs\SCR\system\Common.php(1087): CodeIgniter\View\View->render('parts/viewClien...', Array, true)
#2 C:\xampp\htdocs\SCR\app\Views\settingClient.php(4): view('parts/viewClien...')
#3 C:\xampp\htdocs\SCR\system\View\View.php(246): include('C:\\xampp\\htdocs...')
#4 C:\xampp\htdocs\SCR\system\Common.php(1087): CodeIgniter\View\View->render('settingClient', Array, true)
#5 C:\xampp\htdocs\SCR\app\Controllers\Setting.php(208): view('settingClient', Array)
#6 C:\xampp\htdocs\SCR\system\CodeIgniter.php(917): App\Controllers\Setting->client()
#7 C:\xampp\htdocs\SCR\system\CodeIgniter.php(403): CodeIgniter\CodeIgniter->runController(Object(App\Controllers\Setting))
#8 C:\xampp\htdocs\SCR\system\CodeIgniter.php(311): CodeIgniter\CodeIgniter->handleRequest(NULL, Object(Config\Cache), false)
#9 C:\xampp\htdocs\SCR\public\index.php(44): CodeIgniter\CodeIgniter->run()
#10 {main}
CRITICAL - 2021-04-30 22:58:13 --> Undefined index: DATA_SESSION
#0 C:\xampp\htdocs\SCR\app\Views\parts\header.php(423): CodeIgniter\Debug\Exceptions->errorHandler(8, 'Undefined index...', 'C:\\xampp\\htdocs...', 423, Array)
#1 C:\xampp\htdocs\SCR\system\View\View.php(246): include('C:\\xampp\\htdocs...')
#2 C:\xampp\htdocs\SCR\system\Common.php(1087): CodeIgniter\View\View->render('parts/header', Array, true)
#3 C:\xampp\htdocs\SCR\app\Views\settingClient.php(3): view('parts/header', Array)
#4 C:\xampp\htdocs\SCR\system\View\View.php(246): include('C:\\xampp\\htdocs...')
#5 C:\xampp\htdocs\SCR\system\Common.php(1087): CodeIgniter\View\View->render('settingClient', Array, true)
#6 C:\xampp\htdocs\SCR\app\Controllers\Setting.php(208): view('settingClient', Array)
#7 C:\xampp\htdocs\SCR\system\CodeIgniter.php(917): App\Controllers\Setting->client()
#8 C:\xampp\htdocs\SCR\system\CodeIgniter.php(403): CodeIgniter\CodeIgniter->runController(Object(App\Controllers\Setting))
#9 C:\xampp\htdocs\SCR\system\CodeIgniter.php(311): CodeIgniter\CodeIgniter->handleRequest(NULL, Object(Config\Cache), false)
#10 C:\xampp\htdocs\SCR\public\index.php(44): CodeIgniter\CodeIgniter->run()
#11 {main}
