CRITICAL - 2020-08-14 02:27:22 --> Invalid argument supplied for foreach()
#0 /home/fadf4949/codeigniter/app/Views/aktivitas.php(67): CodeIgniter\Debug\Exceptions->errorHandler(2, 'Invalid argumen...', '/home/fadf4949/...', 67, Array)
#1 /home/fadf4949/codeigniter/system/View/View.php(246): include('/home/fadf4949/...')
#2 /home/fadf4949/codeigniter/system/Common.php(1087): CodeIgniter\View\View->render('aktivitas', Array, true)
#3 /home/fadf4949/codeigniter/app/Controllers/Aktivitas.php(15): view('aktivitas')
#4 /home/fadf4949/codeigniter/system/CodeIgniter.php(917): App\Controllers\Aktivitas->index()
#5 /home/fadf4949/codeigniter/system/CodeIgniter.php(403): CodeIgniter\CodeIgniter->runController(Object(App\Controllers\Aktivitas))
#6 /home/fadf4949/codeigniter/system/CodeIgniter.php(311): CodeIgniter\CodeIgniter->handleRequest(NULL, Object(Config\Cache), false)
#7 /home/fadf4949/public_html/index.php(44): CodeIgniter\CodeIgniter->run()
#8 {main}
CRITICAL - 2020-08-14 02:52:14 --> Cannot call constructor
#0 /home/fadf4949/codeigniter/system/CodeIgniter.php(889): App\Controllers\Aktivitas->__construct()
#1 /home/fadf4949/codeigniter/system/CodeIgniter.php(398): CodeIgniter\CodeIgniter->createController()
#2 /home/fadf4949/codeigniter/system/CodeIgniter.php(311): CodeIgniter\CodeIgniter->handleRequest(NULL, Object(Config\Cache), false)
#3 /home/fadf4949/public_html/index.php(44): CodeIgniter\CodeIgniter->run()
#4 {main}
CRITICAL - 2020-08-14 02:52:16 --> Cannot call constructor
#0 /home/fadf4949/codeigniter/system/CodeIgniter.php(889): App\Controllers\Aktivitas->__construct()
#1 /home/fadf4949/codeigniter/system/CodeIgniter.php(398): CodeIgniter\CodeIgniter->createController()
#2 /home/fadf4949/codeigniter/system/CodeIgniter.php(311): CodeIgniter\CodeIgniter->handleRequest(NULL, Object(Config\Cache), false)
#3 /home/fadf4949/public_html/index.php(44): CodeIgniter\CodeIgniter->run()
#4 {main}
CRITICAL - 2020-08-14 02:53:07 --> Cannot call constructor
#0 /home/fadf4949/codeigniter/system/CodeIgniter.php(889): App\Controllers\Aktivitas->__construct()
#1 /home/fadf4949/codeigniter/system/CodeIgniter.php(398): CodeIgniter\CodeIgniter->createController()
#2 /home/fadf4949/codeigniter/system/CodeIgniter.php(311): CodeIgniter\CodeIgniter->handleRequest(NULL, Object(Config\Cache), false)
#3 /home/fadf4949/public_html/index.php(44): CodeIgniter\CodeIgniter->run()
#4 {main}
CRITICAL - 2020-08-14 02:53:16 --> Cannot call constructor
#0 /home/fadf4949/codeigniter/system/CodeIgniter.php(889): App\Controllers\Aktivitas->__construct()
#1 /home/fadf4949/codeigniter/system/CodeIgniter.php(398): CodeIgniter\CodeIgniter->createController()
#2 /home/fadf4949/codeigniter/system/CodeIgniter.php(311): CodeIgniter\CodeIgniter->handleRequest(NULL, Object(Config\Cache), false)
#3 /home/fadf4949/public_html/index.php(44): CodeIgniter\CodeIgniter->run()
#4 {main}
CRITICAL - 2020-08-14 02:53:18 --> Cannot call constructor
#0 /home/fadf4949/codeigniter/system/CodeIgniter.php(889): App\Controllers\Aktivitas->__construct()
#1 /home/fadf4949/codeigniter/system/CodeIgniter.php(398): CodeIgniter\CodeIgniter->createController()
#2 /home/fadf4949/codeigniter/system/CodeIgniter.php(311): CodeIgniter\CodeIgniter->handleRequest(NULL, Object(Config\Cache), false)
#3 /home/fadf4949/public_html/index.php(44): CodeIgniter\CodeIgniter->run()
#4 {main}
CRITICAL - 2020-08-14 02:57:45 --> Class 'App\Controllers\GroceryCrud' not found
#0 /home/fadf4949/codeigniter/system/CodeIgniter.php(917): App\Controllers\Aktivitas->index()
#1 /home/fadf4949/codeigniter/system/CodeIgniter.php(403): CodeIgniter\CodeIgniter->runController(Object(App\Controllers\Aktivitas))
#2 /home/fadf4949/codeigniter/system/CodeIgniter.php(311): CodeIgniter\CodeIgniter->handleRequest(NULL, Object(Config\Cache), false)
#3 /home/fadf4949/public_html/index.php(44): CodeIgniter\CodeIgniter->run()
#4 {main}
CRITICAL - 2020-08-14 02:58:19 --> Class 'App\Controllers\GroceryCrud' not found
#0 /home/fadf4949/codeigniter/system/CodeIgniter.php(917): App\Controllers\Aktivitas->index()
#1 /home/fadf4949/codeigniter/system/CodeIgniter.php(403): CodeIgniter\CodeIgniter->runController(Object(App\Controllers\Aktivitas))
#2 /home/fadf4949/codeigniter/system/CodeIgniter.php(311): CodeIgniter\CodeIgniter->handleRequest(NULL, Object(Config\Cache), false)
#3 /home/fadf4949/public_html/index.php(44): CodeIgniter\CodeIgniter->run()
#4 {main}
CRITICAL - 2020-08-14 02:59:23 --> Class 'App\Controllers\GroceryCrud' not found
#0 /home/fadf4949/codeigniter/system/CodeIgniter.php(917): App\Controllers\Aktivitas->index()
#1 /home/fadf4949/codeigniter/system/CodeIgniter.php(403): CodeIgniter\CodeIgniter->runController(Object(App\Controllers\Aktivitas))
#2 /home/fadf4949/codeigniter/system/CodeIgniter.php(311): CodeIgniter\CodeIgniter->handleRequest(NULL, Object(Config\Cache), false)
#3 /home/fadf4949/public_html/index.php(44): CodeIgniter\CodeIgniter->run()
#4 {main}
CRITICAL - 2020-08-14 02:59:26 --> Class 'App\Controllers\GroceryCrud' not found
#0 /home/fadf4949/codeigniter/system/CodeIgniter.php(917): App\Controllers\Aktivitas->index()
#1 /home/fadf4949/codeigniter/system/CodeIgniter.php(403): CodeIgniter\CodeIgniter->runController(Object(App\Controllers\Aktivitas))
#2 /home/fadf4949/codeigniter/system/CodeIgniter.php(311): CodeIgniter\CodeIgniter->handleRequest(NULL, Object(Config\Cache), false)
#3 /home/fadf4949/public_html/index.php(44): CodeIgniter\CodeIgniter->run()
#4 {main}
CRITICAL - 2020-08-14 02:59:27 --> Class 'App\Controllers\GroceryCrud' not found
#0 /home/fadf4949/codeigniter/system/CodeIgniter.php(917): App\Controllers\Aktivitas->index()
#1 /home/fadf4949/codeigniter/system/CodeIgniter.php(403): CodeIgniter\CodeIgniter->runController(Object(App\Controllers\Aktivitas))
#2 /home/fadf4949/codeigniter/system/CodeIgniter.php(311): CodeIgniter\CodeIgniter->handleRequest(NULL, Object(Config\Cache), false)
#3 /home/fadf4949/public_html/index.php(44): CodeIgniter\CodeIgniter->run()
#4 {main}
CRITICAL - 2020-08-14 03:00:13 --> syntax error, unexpected '}', expecting end of file
#0 /home/fadf4949/codeigniter/system/Common.php(1087): CodeIgniter\View\View->render('aktivitas', Array, true)
#1 /home/fadf4949/codeigniter/app/Controllers/Aktivitas.php(36): view('aktivitas', Array)
#2 /home/fadf4949/codeigniter/app/Controllers/Aktivitas.php(31): App\Controllers\Aktivitas->_example_output(Array)
#3 /home/fadf4949/codeigniter/system/CodeIgniter.php(917): App\Controllers\Aktivitas->index()
#4 /home/fadf4949/codeigniter/system/CodeIgniter.php(403): CodeIgniter\CodeIgniter->runController(Object(App\Controllers\Aktivitas))
#5 /home/fadf4949/codeigniter/system/CodeIgniter.php(311): CodeIgniter\CodeIgniter->handleRequest(NULL, Object(Config\Cache), false)
#6 /home/fadf4949/public_html/index.php(44): CodeIgniter\CodeIgniter->run()
#7 {main}
CRITICAL - 2020-08-14 03:00:18 --> syntax error, unexpected '}', expecting end of file
#0 /home/fadf4949/codeigniter/system/Common.php(1087): CodeIgniter\View\View->render('aktivitas', Array, true)
#1 /home/fadf4949/codeigniter/app/Controllers/Aktivitas.php(36): view('aktivitas', Array)
#2 /home/fadf4949/codeigniter/app/Controllers/Aktivitas.php(31): App\Controllers\Aktivitas->_example_output(Array)
#3 /home/fadf4949/codeigniter/system/CodeIgniter.php(917): App\Controllers\Aktivitas->index()
#4 /home/fadf4949/codeigniter/system/CodeIgniter.php(403): CodeIgniter\CodeIgniter->runController(Object(App\Controllers\Aktivitas))
#5 /home/fadf4949/codeigniter/system/CodeIgniter.php(311): CodeIgniter\CodeIgniter->handleRequest(NULL, Object(Config\Cache), false)
#6 /home/fadf4949/public_html/index.php(44): CodeIgniter\CodeIgniter->run()
#7 {main}
CRITICAL - 2020-08-14 03:00:53 --> session_start(): A session had already been started - ignoring
#0 [internal function]: CodeIgniter\Debug\Exceptions->errorHandler(8, 'session_start()...', '/home/fadf4949/...', 27, Array)
#1 /home/fadf4949/codeigniter/app/Views/aktivitas.php(27): session_start()
#2 /home/fadf4949/codeigniter/system/View/View.php(246): include('/home/fadf4949/...')
#3 /home/fadf4949/codeigniter/system/Common.php(1087): CodeIgniter\View\View->render('aktivitas', Array, true)
#4 /home/fadf4949/codeigniter/app/Controllers/Aktivitas.php(36): view('aktivitas', Array)
#5 /home/fadf4949/codeigniter/app/Controllers/Aktivitas.php(31): App\Controllers\Aktivitas->_example_output(Array)
#6 /home/fadf4949/codeigniter/system/CodeIgniter.php(917): App\Controllers\Aktivitas->index()
#7 /home/fadf4949/codeigniter/system/CodeIgniter.php(403): CodeIgniter\CodeIgniter->runController(Object(App\Controllers\Aktivitas))
#8 /home/fadf4949/codeigniter/system/CodeIgniter.php(311): CodeIgniter\CodeIgniter->handleRequest(NULL, Object(Config\Cache), false)
#9 /home/fadf4949/public_html/index.php(44): CodeIgniter\CodeIgniter->run()
#10 {main}
CRITICAL - 2020-08-14 03:00:57 --> session_start(): A session had already been started - ignoring
#0 [internal function]: CodeIgniter\Debug\Exceptions->errorHandler(8, 'session_start()...', '/home/fadf4949/...', 27, Array)
#1 /home/fadf4949/codeigniter/app/Views/aktivitas.php(27): session_start()
#2 /home/fadf4949/codeigniter/system/View/View.php(246): include('/home/fadf4949/...')
#3 /home/fadf4949/codeigniter/system/Common.php(1087): CodeIgniter\View\View->render('aktivitas', Array, true)
#4 /home/fadf4949/codeigniter/app/Controllers/Aktivitas.php(36): view('aktivitas', Array)
#5 /home/fadf4949/codeigniter/app/Controllers/Aktivitas.php(31): App\Controllers\Aktivitas->_example_output(Array)
#6 /home/fadf4949/codeigniter/system/CodeIgniter.php(917): App\Controllers\Aktivitas->index()
#7 /home/fadf4949/codeigniter/system/CodeIgniter.php(403): CodeIgniter\CodeIgniter->runController(Object(App\Controllers\Aktivitas))
#8 /home/fadf4949/codeigniter/system/CodeIgniter.php(311): CodeIgniter\CodeIgniter->handleRequest(NULL, Object(Config\Cache), false)
#9 /home/fadf4949/public_html/index.php(44): CodeIgniter\CodeIgniter->run()
#10 {main}
CRITICAL - 2020-08-14 03:01:07 --> Call to undefined function mysql_connect()
#0 /home/fadf4949/codeigniter/system/View/View.php(246): include()
#1 /home/fadf4949/codeigniter/system/Common.php(1087): CodeIgniter\View\View->render('aktivitas', Array, true)
#2 /home/fadf4949/codeigniter/app/Controllers/Aktivitas.php(36): view('aktivitas', Array)
#3 /home/fadf4949/codeigniter/app/Controllers/Aktivitas.php(31): App\Controllers\Aktivitas->_example_output(Array)
#4 /home/fadf4949/codeigniter/system/CodeIgniter.php(917): App\Controllers\Aktivitas->index()
#5 /home/fadf4949/codeigniter/system/CodeIgniter.php(403): CodeIgniter\CodeIgniter->runController(Object(App\Controllers\Aktivitas))
#6 /home/fadf4949/codeigniter/system/CodeIgniter.php(311): CodeIgniter\CodeIgniter->handleRequest(NULL, Object(Config\Cache), false)
#7 /home/fadf4949/public_html/index.php(44): CodeIgniter\CodeIgniter->run()
#8 {main}
CRITICAL - 2020-08-14 03:02:20 --> Undefined variable: Id
#0 /home/fadf4949/codeigniter/app/Views/aktivitas.php(56): CodeIgniter\Debug\Exceptions->errorHandler(8, 'Undefined varia...', '/home/fadf4949/...', 56, Array)
#1 /home/fadf4949/codeigniter/system/View/View.php(246): include('/home/fadf4949/...')
#2 /home/fadf4949/codeigniter/system/Common.php(1087): CodeIgniter\View\View->render('aktivitas', Array, true)
#3 /home/fadf4949/codeigniter/app/Controllers/Aktivitas.php(36): view('aktivitas', Array)
#4 /home/fadf4949/codeigniter/app/Controllers/Aktivitas.php(31): App\Controllers\Aktivitas->_example_output(Array)
#5 /home/fadf4949/codeigniter/system/CodeIgniter.php(917): App\Controllers\Aktivitas->index()
#6 /home/fadf4949/codeigniter/system/CodeIgniter.php(403): CodeIgniter\CodeIgniter->runController(Object(App\Controllers\Aktivitas))
#7 /home/fadf4949/codeigniter/system/CodeIgniter.php(311): CodeIgniter\CodeIgniter->handleRequest(NULL, Object(Config\Cache), false)
#8 /home/fadf4949/public_html/index.php(44): CodeIgniter\CodeIgniter->run()
#9 {main}
CRITICAL - 2020-08-14 03:02:54 --> Undefined variable: Id
#0 /home/fadf4949/codeigniter/app/Views/aktivitas.php(56): CodeIgniter\Debug\Exceptions->errorHandler(8, 'Undefined varia...', '/home/fadf4949/...', 56, Array)
#1 /home/fadf4949/codeigniter/system/View/View.php(246): include('/home/fadf4949/...')
#2 /home/fadf4949/codeigniter/system/Common.php(1087): CodeIgniter\View\View->render('aktivitas', Array, true)
#3 /home/fadf4949/codeigniter/app/Controllers/Aktivitas.php(36): view('aktivitas', Array)
#4 /home/fadf4949/codeigniter/app/Controllers/Aktivitas.php(31): App\Controllers\Aktivitas->_example_output(Array)
#5 /home/fadf4949/codeigniter/system/CodeIgniter.php(917): App\Controllers\Aktivitas->index()
#6 /home/fadf4949/codeigniter/system/CodeIgniter.php(403): CodeIgniter\CodeIgniter->runController(Object(App\Controllers\Aktivitas))
#7 /home/fadf4949/codeigniter/system/CodeIgniter.php(311): CodeIgniter\CodeIgniter->handleRequest(NULL, Object(Config\Cache), false)
#8 /home/fadf4949/public_html/index.php(44): CodeIgniter\CodeIgniter->run()
#9 {main}
CRITICAL - 2020-08-14 03:02:57 --> Undefined variable: Id
#0 /home/fadf4949/codeigniter/app/Views/aktivitas.php(56): CodeIgniter\Debug\Exceptions->errorHandler(8, 'Undefined varia...', '/home/fadf4949/...', 56, Array)
#1 /home/fadf4949/codeigniter/system/View/View.php(246): include('/home/fadf4949/...')
#2 /home/fadf4949/codeigniter/system/Common.php(1087): CodeIgniter\View\View->render('aktivitas', Array, true)
#3 /home/fadf4949/codeigniter/app/Controllers/Aktivitas.php(36): view('aktivitas', Array)
#4 /home/fadf4949/codeigniter/app/Controllers/Aktivitas.php(31): App\Controllers\Aktivitas->_example_output(Array)
#5 /home/fadf4949/codeigniter/system/CodeIgniter.php(917): App\Controllers\Aktivitas->index()
#6 /home/fadf4949/codeigniter/system/CodeIgniter.php(403): CodeIgniter\CodeIgniter->runController(Object(App\Controllers\Aktivitas))
#7 /home/fadf4949/codeigniter/system/CodeIgniter.php(311): CodeIgniter\CodeIgniter->handleRequest(NULL, Object(Config\Cache), false)
#8 /home/fadf4949/public_html/index.php(44): CodeIgniter\CodeIgniter->run()
#9 {main}
CRITICAL - 2020-08-14 03:02:59 --> Undefined variable: Id
#0 /home/fadf4949/codeigniter/app/Views/aktivitas.php(56): CodeIgniter\Debug\Exceptions->errorHandler(8, 'Undefined varia...', '/home/fadf4949/...', 56, Array)
#1 /home/fadf4949/codeigniter/system/View/View.php(246): include('/home/fadf4949/...')
#2 /home/fadf4949/codeigniter/system/Common.php(1087): CodeIgniter\View\View->render('aktivitas', Array, true)
#3 /home/fadf4949/codeigniter/app/Controllers/Aktivitas.php(36): view('aktivitas', Array)
#4 /home/fadf4949/codeigniter/app/Controllers/Aktivitas.php(31): App\Controllers\Aktivitas->_example_output(Array)
#5 /home/fadf4949/codeigniter/system/CodeIgniter.php(917): App\Controllers\Aktivitas->index()
#6 /home/fadf4949/codeigniter/system/CodeIgniter.php(403): CodeIgniter\CodeIgniter->runController(Object(App\Controllers\Aktivitas))
#7 /home/fadf4949/codeigniter/system/CodeIgniter.php(311): CodeIgniter\CodeIgniter->handleRequest(NULL, Object(Config\Cache), false)
#8 /home/fadf4949/public_html/index.php(44): CodeIgniter\CodeIgniter->run()
#9 {main}
CRITICAL - 2020-08-14 03:06:42 --> Undefined index: mathcaptcha_answer
#0 /home/fadf4949/codeigniter/app/Controllers/Login.php(41): CodeIgniter\Debug\Exceptions->errorHandler(8, 'Undefined index...', '/home/fadf4949/...', 41, Array)
#1 /home/fadf4949/codeigniter/system/CodeIgniter.php(917): App\Controllers\Login->index()
#2 /home/fadf4949/codeigniter/system/CodeIgniter.php(403): CodeIgniter\CodeIgniter->runController(Object(App\Controllers\Login))
#3 /home/fadf4949/codeigniter/system/CodeIgniter.php(311): CodeIgniter\CodeIgniter->handleRequest(NULL, Object(Config\Cache), false)
#4 /home/fadf4949/public_html/index.php(44): CodeIgniter\CodeIgniter->run()
#5 {main}
CRITICAL - 2020-08-14 03:06:47 --> Undefined index: mathcaptcha_answer
#0 /home/fadf4949/codeigniter/app/Controllers/Login.php(41): CodeIgniter\Debug\Exceptions->errorHandler(8, 'Undefined index...', '/home/fadf4949/...', 41, Array)
#1 /home/fadf4949/codeigniter/system/CodeIgniter.php(917): App\Controllers\Login->index()
#2 /home/fadf4949/codeigniter/system/CodeIgniter.php(403): CodeIgniter\CodeIgniter->runController(Object(App\Controllers\Login))
#3 /home/fadf4949/codeigniter/system/CodeIgniter.php(311): CodeIgniter\CodeIgniter->handleRequest(NULL, Object(Config\Cache), false)
#4 /home/fadf4949/public_html/index.php(44): CodeIgniter\CodeIgniter->run()
#5 {main}
CRITICAL - 2020-08-14 03:06:50 --> Undefined index: mathcaptcha_answer
#0 /home/fadf4949/codeigniter/app/Controllers/Login.php(41): CodeIgniter\Debug\Exceptions->errorHandler(8, 'Undefined index...', '/home/fadf4949/...', 41, Array)
#1 /home/fadf4949/codeigniter/system/CodeIgniter.php(917): App\Controllers\Login->index()
#2 /home/fadf4949/codeigniter/system/CodeIgniter.php(403): CodeIgniter\CodeIgniter->runController(Object(App\Controllers\Login))
#3 /home/fadf4949/codeigniter/system/CodeIgniter.php(311): CodeIgniter\CodeIgniter->handleRequest(NULL, Object(Config\Cache), false)
#4 /home/fadf4949/public_html/index.php(44): CodeIgniter\CodeIgniter->run()
#5 {main}
CRITICAL - 2020-08-14 03:07:04 --> Undefined index: mathcaptcha_answer
#0 /home/fadf4949/codeigniter/app/Controllers/Login.php(41): CodeIgniter\Debug\Exceptions->errorHandler(8, 'Undefined index...', '/home/fadf4949/...', 41, Array)
#1 /home/fadf4949/codeigniter/system/CodeIgniter.php(917): App\Controllers\Login->index()
#2 /home/fadf4949/codeigniter/system/CodeIgniter.php(403): CodeIgniter\CodeIgniter->runController(Object(App\Controllers\Login))
#3 /home/fadf4949/codeigniter/system/CodeIgniter.php(311): CodeIgniter\CodeIgniter->handleRequest(NULL, Object(Config\Cache), false)
#4 /home/fadf4949/public_html/index.php(44): CodeIgniter\CodeIgniter->run()
#5 {main}
CRITICAL - 2020-08-14 03:07:40 --> Undefined index: mathcaptcha_answer
#0 /home/fadf4949/codeigniter/app/Controllers/Login.php(41): CodeIgniter\Debug\Exceptions->errorHandler(8, 'Undefined index...', '/home/fadf4949/...', 41, Array)
#1 /home/fadf4949/codeigniter/system/CodeIgniter.php(917): App\Controllers\Login->index()
#2 /home/fadf4949/codeigniter/system/CodeIgniter.php(403): CodeIgniter\CodeIgniter->runController(Object(App\Controllers\Login))
#3 /home/fadf4949/codeigniter/system/CodeIgniter.php(311): CodeIgniter\CodeIgniter->handleRequest(NULL, Object(Config\Cache), false)
#4 /home/fadf4949/public_html/index.php(44): CodeIgniter\CodeIgniter->run()
#5 {main}
CRITICAL - 2020-08-14 03:09:27 --> Undefined index: mathcaptcha_answer
#0 /home/fadf4949/codeigniter/app/Controllers/Login.php(41): CodeIgniter\Debug\Exceptions->errorHandler(8, 'Undefined index...', '/home/fadf4949/...', 41, Array)
#1 /home/fadf4949/codeigniter/system/CodeIgniter.php(917): App\Controllers\Login->index()
#2 /home/fadf4949/codeigniter/system/CodeIgniter.php(403): CodeIgniter\CodeIgniter->runController(Object(App\Controllers\Login))
#3 /home/fadf4949/codeigniter/system/CodeIgniter.php(311): CodeIgniter\CodeIgniter->handleRequest(NULL, Object(Config\Cache), false)
#4 /home/fadf4949/public_html/index.php(44): CodeIgniter\CodeIgniter->run()
#5 {main}
CRITICAL - 2020-08-14 03:09:32 --> Undefined index: mathcaptcha_answer
#0 /home/fadf4949/codeigniter/app/Controllers/Login.php(41): CodeIgniter\Debug\Exceptions->errorHandler(8, 'Undefined index...', '/home/fadf4949/...', 41, Array)
#1 /home/fadf4949/codeigniter/system/CodeIgniter.php(917): App\Controllers\Login->index()
#2 /home/fadf4949/codeigniter/system/CodeIgniter.php(403): CodeIgniter\CodeIgniter->runController(Object(App\Controllers\Login))
#3 /home/fadf4949/codeigniter/system/CodeIgniter.php(311): CodeIgniter\CodeIgniter->handleRequest(NULL, Object(Config\Cache), false)
#4 /home/fadf4949/public_html/index.php(44): CodeIgniter\CodeIgniter->run()
#5 {main}
CRITICAL - 2020-08-14 03:12:35 --> Undefined index: mathcaptcha_answer
#0 /home/fadf4949/codeigniter/app/Controllers/Login.php(41): CodeIgniter\Debug\Exceptions->errorHandler(8, 'Undefined index...', '/home/fadf4949/...', 41, Array)
#1 /home/fadf4949/codeigniter/system/CodeIgniter.php(917): App\Controllers\Login->index()
#2 /home/fadf4949/codeigniter/system/CodeIgniter.php(403): CodeIgniter\CodeIgniter->runController(Object(App\Controllers\Login))
#3 /home/fadf4949/codeigniter/system/CodeIgniter.php(311): CodeIgniter\CodeIgniter->handleRequest(NULL, Object(Config\Cache), false)
#4 /home/fadf4949/public_html/index.php(44): CodeIgniter\CodeIgniter->run()
#5 {main}
CRITICAL - 2020-08-14 03:12:45 --> Undefined index: mathcaptcha_answer
#0 /home/fadf4949/codeigniter/app/Controllers/Login.php(41): CodeIgniter\Debug\Exceptions->errorHandler(8, 'Undefined index...', '/home/fadf4949/...', 41, Array)
#1 /home/fadf4949/codeigniter/system/CodeIgniter.php(917): App\Controllers\Login->index()
#2 /home/fadf4949/codeigniter/system/CodeIgniter.php(403): CodeIgniter\CodeIgniter->runController(Object(App\Controllers\Login))
#3 /home/fadf4949/codeigniter/system/CodeIgniter.php(311): CodeIgniter\CodeIgniter->handleRequest(NULL, Object(Config\Cache), false)
#4 /home/fadf4949/public_html/index.php(44): CodeIgniter\CodeIgniter->run()
#5 {main}
CRITICAL - 2020-08-14 03:13:01 --> Undefined index: mathcaptcha_answer
#0 /home/fadf4949/codeigniter/app/Controllers/Login.php(41): CodeIgniter\Debug\Exceptions->errorHandler(8, 'Undefined index...', '/home/fadf4949/...', 41, Array)
#1 /home/fadf4949/codeigniter/system/CodeIgniter.php(917): App\Controllers\Login->index()
#2 /home/fadf4949/codeigniter/system/CodeIgniter.php(403): CodeIgniter\CodeIgniter->runController(Object(App\Controllers\Login))
#3 /home/fadf4949/codeigniter/system/CodeIgniter.php(311): CodeIgniter\CodeIgniter->handleRequest(NULL, Object(Config\Cache), false)
#4 /home/fadf4949/public_html/index.php(44): CodeIgniter\CodeIgniter->run()
#5 {main}
CRITICAL - 2020-08-14 03:13:06 --> Undefined index: mathcaptcha_answer
#0 /home/fadf4949/codeigniter/app/Controllers/Login.php(41): CodeIgniter\Debug\Exceptions->errorHandler(8, 'Undefined index...', '/home/fadf4949/...', 41, Array)
#1 /home/fadf4949/codeigniter/system/CodeIgniter.php(917): App\Controllers\Login->index()
#2 /home/fadf4949/codeigniter/system/CodeIgniter.php(403): CodeIgniter\CodeIgniter->runController(Object(App\Controllers\Login))
#3 /home/fadf4949/codeigniter/system/CodeIgniter.php(311): CodeIgniter\CodeIgniter->handleRequest(NULL, Object(Config\Cache), false)
#4 /home/fadf4949/public_html/index.php(44): CodeIgniter\CodeIgniter->run()
#5 {main}
CRITICAL - 2020-08-14 03:13:21 --> Undefined index: mathcaptcha_answer
#0 /home/fadf4949/codeigniter/app/Controllers/Login.php(41): CodeIgniter\Debug\Exceptions->errorHandler(8, 'Undefined index...', '/home/fadf4949/...', 41, Array)
#1 /home/fadf4949/codeigniter/system/CodeIgniter.php(917): App\Controllers\Login->index()
#2 /home/fadf4949/codeigniter/system/CodeIgniter.php(403): CodeIgniter\CodeIgniter->runController(Object(App\Controllers\Login))
#3 /home/fadf4949/codeigniter/system/CodeIgniter.php(311): CodeIgniter\CodeIgniter->handleRequest(NULL, Object(Config\Cache), false)
#4 /home/fadf4949/public_html/index.php(44): CodeIgniter\CodeIgniter->run()
#5 {main}
CRITICAL - 2020-08-14 07:44:03 --> Invalid file: users.php
#0 /home/fadf4949/codeigniter/system/View/View.php(228): CodeIgniter\Exceptions\FrameworkException::forInvalidFile('users.php')
#1 /home/fadf4949/codeigniter/system/Common.php(1087): CodeIgniter\View\View->render('users', Array, true)
#2 /home/fadf4949/codeigniter/app/Controllers/Users.php(61): view('users', Array)
#3 /home/fadf4949/codeigniter/app/Controllers/Users.php(39): App\Controllers\Users->_example_output(Object(stdClass))
#4 /home/fadf4949/codeigniter/system/CodeIgniter.php(917): App\Controllers\Users->index()
#5 /home/fadf4949/codeigniter/system/CodeIgniter.php(403): CodeIgniter\CodeIgniter->runController(Object(App\Controllers\Users))
#6 /home/fadf4949/codeigniter/system/CodeIgniter.php(311): CodeIgniter\CodeIgniter->handleRequest(NULL, Object(Config\Cache), false)
#7 /home/fadf4949/public_html/index.php(44): CodeIgniter\CodeIgniter->run()
#8 {main}
CRITICAL - 2020-08-14 12:44:59 --> Class 'App\Libraries\Exception' not found
#0 /home/fadf4949/codeigniter/app/Controllers/Aktivitas.php(25): App\Libraries\GroceryCrud->set_field_upload(NULL)
#1 /home/fadf4949/codeigniter/system/CodeIgniter.php(917): App\Controllers\Aktivitas->index()
#2 /home/fadf4949/codeigniter/system/CodeIgniter.php(403): CodeIgniter\CodeIgniter->runController(Object(App\Controllers\Aktivitas))
#3 /home/fadf4949/codeigniter/system/CodeIgniter.php(311): CodeIgniter\CodeIgniter->handleRequest(NULL, Object(Config\Cache), false)
#4 /home/fadf4949/public_html/index.php(44): CodeIgniter\CodeIgniter->run()
#5 {main}
CRITICAL - 2020-08-14 12:46:49 --> Class 'App\Libraries\Exception' not found
#0 /home/fadf4949/codeigniter/app/Controllers/Aktivitas.php(25): App\Libraries\GroceryCrud->set_field_upload('Upload File')
#1 /home/fadf4949/codeigniter/system/CodeIgniter.php(917): App\Controllers\Aktivitas->index()
#2 /home/fadf4949/codeigniter/system/CodeIgniter.php(403): CodeIgniter\CodeIgniter->runController(Object(App\Controllers\Aktivitas))
#3 /home/fadf4949/codeigniter/system/CodeIgniter.php(311): CodeIgniter\CodeIgniter->handleRequest(NULL, Object(Config\Cache), false)
#4 /home/fadf4949/public_html/index.php(44): CodeIgniter\CodeIgniter->run()
#5 {main}
