CRITICAL - 2021-03-13 21:50:24 --> syntax error, unexpected end of file
#0 C:\xampp\htdocs\SCR\system\Common.php(1087): CodeIgniter\View\View->render('settingClient', Array, true)
#1 C:\xampp\htdocs\SCR\app\Controllers\Setting.php(110): view('settingClient', Array)
#2 C:\xampp\htdocs\SCR\system\CodeIgniter.php(917): App\Controllers\Setting->client()
#3 C:\xampp\htdocs\SCR\system\CodeIgniter.php(403): CodeIgniter\CodeIgniter->runController(Object(App\Controllers\Setting))
#4 C:\xampp\htdocs\SCR\system\CodeIgniter.php(311): CodeIgniter\CodeIgniter->handleRequest(NULL, Object(Config\Cache), false)
#5 C:\xampp\htdocs\SCR\public\index.php(44): CodeIgniter\CodeIgniter->run()
#6 {main}
CRITICAL - 2021-03-13 21:51:04 --> syntax error, unexpected end of file
#0 C:\xampp\htdocs\SCR\system\Common.php(1087): CodeIgniter\View\View->render('settingClient', Array, true)
#1 C:\xampp\htdocs\SCR\app\Controllers\Setting.php(110): view('settingClient', Array)
#2 C:\xampp\htdocs\SCR\system\CodeIgniter.php(917): App\Controllers\Setting->client()
#3 C:\xampp\htdocs\SCR\system\CodeIgniter.php(403): CodeIgniter\CodeIgniter->runController(Object(App\Controllers\Setting))
#4 C:\xampp\htdocs\SCR\system\CodeIgniter.php(311): CodeIgniter\CodeIgniter->handleRequest(NULL, Object(Config\Cache), false)
#5 C:\xampp\htdocs\SCR\public\index.php(44): CodeIgniter\CodeIgniter->run()
#6 {main}
CRITICAL - 2021-03-13 21:51:05 --> syntax error, unexpected end of file
#0 C:\xampp\htdocs\SCR\system\Common.php(1087): CodeIgniter\View\View->render('settingClient', Array, true)
#1 C:\xampp\htdocs\SCR\app\Controllers\Setting.php(110): view('settingClient', Array)
#2 C:\xampp\htdocs\SCR\system\CodeIgniter.php(917): App\Controllers\Setting->client()
#3 C:\xampp\htdocs\SCR\system\CodeIgniter.php(403): CodeIgniter\CodeIgniter->runController(Object(App\Controllers\Setting))
#4 C:\xampp\htdocs\SCR\system\CodeIgniter.php(311): CodeIgniter\CodeIgniter->handleRequest(NULL, Object(Config\Cache), false)
#5 C:\xampp\htdocs\SCR\public\index.php(44): CodeIgniter\CodeIgniter->run()
#6 {main}
CRITICAL - 2021-03-13 21:51:06 --> syntax error, unexpected end of file
#0 C:\xampp\htdocs\SCR\system\Common.php(1087): CodeIgniter\View\View->render('settingClient', Array, true)
#1 C:\xampp\htdocs\SCR\app\Controllers\Setting.php(110): view('settingClient', Array)
#2 C:\xampp\htdocs\SCR\system\CodeIgniter.php(917): App\Controllers\Setting->client()
#3 C:\xampp\htdocs\SCR\system\CodeIgniter.php(403): CodeIgniter\CodeIgniter->runController(Object(App\Controllers\Setting))
#4 C:\xampp\htdocs\SCR\system\CodeIgniter.php(311): CodeIgniter\CodeIgniter->handleRequest(NULL, Object(Config\Cache), false)
#5 C:\xampp\htdocs\SCR\public\index.php(44): CodeIgniter\CodeIgniter->run()
#6 {main}
CRITICAL - 2021-03-13 22:08:41 --> Call to undefined function App\Controllers\mysql_query()
#0 C:\xampp\htdocs\SCR\system\CodeIgniter.php(917): App\Controllers\Setting->simpanData()
#1 C:\xampp\htdocs\SCR\system\CodeIgniter.php(403): CodeIgniter\CodeIgniter->runController(Object(App\Controllers\Setting))
#2 C:\xampp\htdocs\SCR\system\CodeIgniter.php(311): CodeIgniter\CodeIgniter->handleRequest(NULL, Object(Config\Cache), false)
#3 C:\xampp\htdocs\SCR\public\index.php(44): CodeIgniter\CodeIgniter->run()
#4 {main}
CRITICAL - 2021-03-13 22:08:42 --> Call to undefined function App\Controllers\mysql_query()
#0 C:\xampp\htdocs\SCR\system\CodeIgniter.php(917): App\Controllers\Setting->simpanData()
#1 C:\xampp\htdocs\SCR\system\CodeIgniter.php(403): CodeIgniter\CodeIgniter->runController(Object(App\Controllers\Setting))
#2 C:\xampp\htdocs\SCR\system\CodeIgniter.php(311): CodeIgniter\CodeIgniter->handleRequest(NULL, Object(Config\Cache), false)
#3 C:\xampp\htdocs\SCR\public\index.php(44): CodeIgniter\CodeIgniter->run()
#4 {main}
CRITICAL - 2021-03-13 22:08:50 --> Call to undefined function App\Controllers\mysql_query()
#0 C:\xampp\htdocs\SCR\system\CodeIgniter.php(917): App\Controllers\Setting->simpanData()
#1 C:\xampp\htdocs\SCR\system\CodeIgniter.php(403): CodeIgniter\CodeIgniter->runController(Object(App\Controllers\Setting))
#2 C:\xampp\htdocs\SCR\system\CodeIgniter.php(311): CodeIgniter\CodeIgniter->handleRequest(NULL, Object(Config\Cache), false)
#3 C:\xampp\htdocs\SCR\public\index.php(44): CodeIgniter\CodeIgniter->run()
#4 {main}
CRITICAL - 2021-03-13 22:08:50 --> Call to undefined function App\Controllers\mysql_query()
#0 C:\xampp\htdocs\SCR\system\CodeIgniter.php(917): App\Controllers\Setting->simpanData()
#1 C:\xampp\htdocs\SCR\system\CodeIgniter.php(403): CodeIgniter\CodeIgniter->runController(Object(App\Controllers\Setting))
#2 C:\xampp\htdocs\SCR\system\CodeIgniter.php(311): CodeIgniter\CodeIgniter->handleRequest(NULL, Object(Config\Cache), false)
#3 C:\xampp\htdocs\SCR\public\index.php(44): CodeIgniter\CodeIgniter->run()
#4 {main}
CRITICAL - 2021-03-13 22:42:43 --> Cannot add or update a child row: a foreign key constraint fails (`database`.`subscribers`, CONSTRAINT `subscribers_ibfk_1` FOREIGN KEY (`id_users`) REFERENCES `users` (`id`) ON DELETE CASCADE ON UPDATE CASCADE)
#0 C:\xampp\htdocs\SCR\system\Database\MySQLi\Connection.php(331): mysqli->query('INSERT INTO sub...')
#1 C:\xampp\htdocs\SCR\system\Database\BaseConnection.php(752): CodeIgniter\Database\MySQLi\Connection->execute('INSERT INTO sub...')
#2 C:\xampp\htdocs\SCR\system\Database\BaseConnection.php(680): CodeIgniter\Database\BaseConnection->simpleQuery('INSERT INTO sub...')
#3 C:\xampp\htdocs\SCR\system\Model.php(1755): CodeIgniter\Database\BaseConnection->query('INSERT INTO sub...')
#4 C:\xampp\htdocs\SCR\app\Models\PushNotif.php(55): CodeIgniter\Model->__call('query', Array)
#5 C:\xampp\htdocs\SCR\app\Controllers\Setting.php(62): App\Models\PushNotif->simpan(Array)
#6 C:\xampp\htdocs\SCR\system\CodeIgniter.php(917): App\Controllers\Setting->simpanData()
#7 C:\xampp\htdocs\SCR\system\CodeIgniter.php(403): CodeIgniter\CodeIgniter->runController(Object(App\Controllers\Setting))
#8 C:\xampp\htdocs\SCR\system\CodeIgniter.php(311): CodeIgniter\CodeIgniter->handleRequest(NULL, Object(Config\Cache), false)
#9 C:\xampp\htdocs\SCR\public\index.php(44): CodeIgniter\CodeIgniter->run()
#10 {main}
CRITICAL - 2021-03-13 22:51:55 --> Cannot add or update a child row: a foreign key constraint fails (`database`.`subscribers`, CONSTRAINT `subscribers_ibfk_1` FOREIGN KEY (`id_users`) REFERENCES `users` (`id`) ON DELETE CASCADE ON UPDATE CASCADE)
#0 C:\xampp\htdocs\SCR\system\Database\MySQLi\Connection.php(331): mysqli->query('INSERT INTO sub...')
#1 C:\xampp\htdocs\SCR\system\Database\BaseConnection.php(752): CodeIgniter\Database\MySQLi\Connection->execute('INSERT INTO sub...')
#2 C:\xampp\htdocs\SCR\system\Database\BaseConnection.php(680): CodeIgniter\Database\BaseConnection->simpleQuery('INSERT INTO sub...')
#3 C:\xampp\htdocs\SCR\system\Model.php(1755): CodeIgniter\Database\BaseConnection->query('INSERT INTO sub...')
#4 C:\xampp\htdocs\SCR\app\Models\PushNotif.php(55): CodeIgniter\Model->__call('query', Array)
#5 C:\xampp\htdocs\SCR\app\Controllers\Setting.php(65): App\Models\PushNotif->simpan(Array)
#6 C:\xampp\htdocs\SCR\system\CodeIgniter.php(917): App\Controllers\Setting->simpanData()
#7 C:\xampp\htdocs\SCR\system\CodeIgniter.php(403): CodeIgniter\CodeIgniter->runController(Object(App\Controllers\Setting))
#8 C:\xampp\htdocs\SCR\system\CodeIgniter.php(311): CodeIgniter\CodeIgniter->handleRequest(NULL, Object(Config\Cache), false)
#9 C:\xampp\htdocs\SCR\public\index.php(44): CodeIgniter\CodeIgniter->run()
#10 {main}
CRITICAL - 2021-03-13 22:53:27 --> Undefined property: stdClass::$id_usesr
#0 C:\xampp\htdocs\SCR\app\Views\setting.php(147): CodeIgniter\Debug\Exceptions->errorHandler(8, 'Undefined prope...', 'C:\\xampp\\htdocs...', 147, Array)
#1 C:\xampp\htdocs\SCR\system\View\View.php(246): include('C:\\xampp\\htdocs...')
#2 C:\xampp\htdocs\SCR\system\Common.php(1087): CodeIgniter\View\View->render('setting', Array, true)
#3 C:\xampp\htdocs\SCR\app\Controllers\Setting.php(35): view('setting', Array)
#4 C:\xampp\htdocs\SCR\system\CodeIgniter.php(917): App\Controllers\Setting->index()
#5 C:\xampp\htdocs\SCR\system\CodeIgniter.php(403): CodeIgniter\CodeIgniter->runController(Object(App\Controllers\Setting))
#6 C:\xampp\htdocs\SCR\system\CodeIgniter.php(311): CodeIgniter\CodeIgniter->handleRequest(NULL, Object(Config\Cache), false)
#7 C:\xampp\htdocs\SCR\public\index.php(44): CodeIgniter\CodeIgniter->run()
#8 {main}
CRITICAL - 2021-03-13 22:53:29 --> Undefined property: stdClass::$id_usesr
#0 C:\xampp\htdocs\SCR\app\Views\setting.php(147): CodeIgniter\Debug\Exceptions->errorHandler(8, 'Undefined prope...', 'C:\\xampp\\htdocs...', 147, Array)
#1 C:\xampp\htdocs\SCR\system\View\View.php(246): include('C:\\xampp\\htdocs...')
#2 C:\xampp\htdocs\SCR\system\Common.php(1087): CodeIgniter\View\View->render('setting', Array, true)
#3 C:\xampp\htdocs\SCR\app\Controllers\Setting.php(35): view('setting', Array)
#4 C:\xampp\htdocs\SCR\system\CodeIgniter.php(917): App\Controllers\Setting->index()
#5 C:\xampp\htdocs\SCR\system\CodeIgniter.php(403): CodeIgniter\CodeIgniter->runController(Object(App\Controllers\Setting))
#6 C:\xampp\htdocs\SCR\system\CodeIgniter.php(311): CodeIgniter\CodeIgniter->handleRequest(NULL, Object(Config\Cache), false)
#7 C:\xampp\htdocs\SCR\public\index.php(44): CodeIgniter\CodeIgniter->run()
#8 {main}
CRITICAL - 2021-03-13 22:56:10 --> Duplicate entry '341' for key 'PRIMARY'
#0 C:\xampp\htdocs\SCR\system\Database\MySQLi\Connection.php(331): mysqli->query('INSERT INTO sub...')
#1 C:\xampp\htdocs\SCR\system\Database\BaseConnection.php(752): CodeIgniter\Database\MySQLi\Connection->execute('INSERT INTO sub...')
#2 C:\xampp\htdocs\SCR\system\Database\BaseConnection.php(680): CodeIgniter\Database\BaseConnection->simpleQuery('INSERT INTO sub...')
#3 C:\xampp\htdocs\SCR\system\Model.php(1755): CodeIgniter\Database\BaseConnection->query('INSERT INTO sub...')
#4 C:\xampp\htdocs\SCR\app\Models\PushNotif.php(56): CodeIgniter\Model->__call('query', Array)
#5 C:\xampp\htdocs\SCR\app\Controllers\Setting.php(64): App\Models\PushNotif->simpan(Array)
#6 C:\xampp\htdocs\SCR\system\CodeIgniter.php(917): App\Controllers\Setting->simpanData()
#7 C:\xampp\htdocs\SCR\system\CodeIgniter.php(403): CodeIgniter\CodeIgniter->runController(Object(App\Controllers\Setting))
#8 C:\xampp\htdocs\SCR\system\CodeIgniter.php(311): CodeIgniter\CodeIgniter->handleRequest(NULL, Object(Config\Cache), false)
#9 C:\xampp\htdocs\SCR\public\index.php(44): CodeIgniter\CodeIgniter->run()
#10 {main}
CRITICAL - 2021-03-13 22:56:50 --> Duplicate entry '341' for key 'PRIMARY'
#0 C:\xampp\htdocs\SCR\system\Database\MySQLi\Connection.php(331): mysqli->query('INSERT INTO sub...')
#1 C:\xampp\htdocs\SCR\system\Database\BaseConnection.php(752): CodeIgniter\Database\MySQLi\Connection->execute('INSERT INTO sub...')
#2 C:\xampp\htdocs\SCR\system\Database\BaseConnection.php(680): CodeIgniter\Database\BaseConnection->simpleQuery('INSERT INTO sub...')
#3 C:\xampp\htdocs\SCR\system\Model.php(1755): CodeIgniter\Database\BaseConnection->query('INSERT INTO sub...')
#4 C:\xampp\htdocs\SCR\app\Models\PushNotif.php(56): CodeIgniter\Model->__call('query', Array)
#5 C:\xampp\htdocs\SCR\app\Controllers\Setting.php(65): App\Models\PushNotif->simpan(Array)
#6 C:\xampp\htdocs\SCR\system\CodeIgniter.php(917): App\Controllers\Setting->simpanData()
#7 C:\xampp\htdocs\SCR\system\CodeIgniter.php(403): CodeIgniter\CodeIgniter->runController(Object(App\Controllers\Setting))
#8 C:\xampp\htdocs\SCR\system\CodeIgniter.php(311): CodeIgniter\CodeIgniter->handleRequest(NULL, Object(Config\Cache), false)
#9 C:\xampp\htdocs\SCR\public\index.php(44): CodeIgniter\CodeIgniter->run()
#10 {main}
CRITICAL - 2021-03-13 22:57:23 --> Duplicate entry '341' for key 'PRIMARY'
#0 C:\xampp\htdocs\SCR\system\Database\MySQLi\Connection.php(331): mysqli->query('INSERT INTO sub...')
#1 C:\xampp\htdocs\SCR\system\Database\BaseConnection.php(752): CodeIgniter\Database\MySQLi\Connection->execute('INSERT INTO sub...')
#2 C:\xampp\htdocs\SCR\system\Database\BaseConnection.php(680): CodeIgniter\Database\BaseConnection->simpleQuery('INSERT INTO sub...')
#3 C:\xampp\htdocs\SCR\system\Model.php(1755): CodeIgniter\Database\BaseConnection->query('INSERT INTO sub...')
#4 C:\xampp\htdocs\SCR\app\Models\PushNotif.php(56): CodeIgniter\Model->__call('query', Array)
#5 C:\xampp\htdocs\SCR\app\Controllers\Setting.php(65): App\Models\PushNotif->simpan(Array)
#6 C:\xampp\htdocs\SCR\system\CodeIgniter.php(917): App\Controllers\Setting->simpanData()
#7 C:\xampp\htdocs\SCR\system\CodeIgniter.php(403): CodeIgniter\CodeIgniter->runController(Object(App\Controllers\Setting))
#8 C:\xampp\htdocs\SCR\system\CodeIgniter.php(311): CodeIgniter\CodeIgniter->handleRequest(NULL, Object(Config\Cache), false)
#9 C:\xampp\htdocs\SCR\public\index.php(44): CodeIgniter\CodeIgniter->run()
#10 {main}
CRITICAL - 2021-03-13 22:59:35 --> Duplicate entry '348' for key 'PRIMARY'
#0 C:\xampp\htdocs\SCR\system\Database\MySQLi\Connection.php(331): mysqli->query('INSERT INTO sub...')
#1 C:\xampp\htdocs\SCR\system\Database\BaseConnection.php(752): CodeIgniter\Database\MySQLi\Connection->execute('INSERT INTO sub...')
#2 C:\xampp\htdocs\SCR\system\Database\BaseConnection.php(680): CodeIgniter\Database\BaseConnection->simpleQuery('INSERT INTO sub...')
#3 C:\xampp\htdocs\SCR\system\Model.php(1755): CodeIgniter\Database\BaseConnection->query('INSERT INTO sub...')
#4 C:\xampp\htdocs\SCR\app\Models\PushNotif.php(56): CodeIgniter\Model->__call('query', Array)
#5 C:\xampp\htdocs\SCR\app\Controllers\Setting.php(65): App\Models\PushNotif->simpan(Array)
#6 C:\xampp\htdocs\SCR\system\CodeIgniter.php(917): App\Controllers\Setting->simpanData()
#7 C:\xampp\htdocs\SCR\system\CodeIgniter.php(403): CodeIgniter\CodeIgniter->runController(Object(App\Controllers\Setting))
#8 C:\xampp\htdocs\SCR\system\CodeIgniter.php(311): CodeIgniter\CodeIgniter->handleRequest(NULL, Object(Config\Cache), false)
#9 C:\xampp\htdocs\SCR\public\index.php(44): CodeIgniter\CodeIgniter->run()
#10 {main}
CRITICAL - 2021-03-13 23:01:09 --> Duplicate entry '348' for key 'PRIMARY'
#0 C:\xampp\htdocs\SCR\system\Database\MySQLi\Connection.php(331): mysqli->query('INSERT INTO sub...')
#1 C:\xampp\htdocs\SCR\system\Database\BaseConnection.php(752): CodeIgniter\Database\MySQLi\Connection->execute('INSERT INTO sub...')
#2 C:\xampp\htdocs\SCR\system\Database\BaseConnection.php(680): CodeIgniter\Database\BaseConnection->simpleQuery('INSERT INTO sub...')
#3 C:\xampp\htdocs\SCR\system\Model.php(1755): CodeIgniter\Database\BaseConnection->query('INSERT INTO sub...')
#4 C:\xampp\htdocs\SCR\app\Models\PushNotif.php(56): CodeIgniter\Model->__call('query', Array)
#5 C:\xampp\htdocs\SCR\app\Controllers\Setting.php(65): App\Models\PushNotif->simpan(Array)
#6 C:\xampp\htdocs\SCR\system\CodeIgniter.php(917): App\Controllers\Setting->simpanData()
#7 C:\xampp\htdocs\SCR\system\CodeIgniter.php(403): CodeIgniter\CodeIgniter->runController(Object(App\Controllers\Setting))
#8 C:\xampp\htdocs\SCR\system\CodeIgniter.php(311): CodeIgniter\CodeIgniter->handleRequest(NULL, Object(Config\Cache), false)
#9 C:\xampp\htdocs\SCR\public\index.php(44): CodeIgniter\CodeIgniter->run()
#10 {main}
CRITICAL - 2021-03-13 23:01:17 --> Duplicate entry '348' for key 'PRIMARY'
#0 C:\xampp\htdocs\SCR\system\Database\MySQLi\Connection.php(331): mysqli->query('INSERT INTO sub...')
#1 C:\xampp\htdocs\SCR\system\Database\BaseConnection.php(752): CodeIgniter\Database\MySQLi\Connection->execute('INSERT INTO sub...')
#2 C:\xampp\htdocs\SCR\system\Database\BaseConnection.php(680): CodeIgniter\Database\BaseConnection->simpleQuery('INSERT INTO sub...')
#3 C:\xampp\htdocs\SCR\system\Model.php(1755): CodeIgniter\Database\BaseConnection->query('INSERT INTO sub...')
#4 C:\xampp\htdocs\SCR\app\Models\PushNotif.php(56): CodeIgniter\Model->__call('query', Array)
#5 C:\xampp\htdocs\SCR\app\Controllers\Setting.php(65): App\Models\PushNotif->simpan(Array)
#6 C:\xampp\htdocs\SCR\system\CodeIgniter.php(917): App\Controllers\Setting->simpanData()
#7 C:\xampp\htdocs\SCR\system\CodeIgniter.php(403): CodeIgniter\CodeIgniter->runController(Object(App\Controllers\Setting))
#8 C:\xampp\htdocs\SCR\system\CodeIgniter.php(311): CodeIgniter\CodeIgniter->handleRequest(NULL, Object(Config\Cache), false)
#9 C:\xampp\htdocs\SCR\public\index.php(44): CodeIgniter\CodeIgniter->run()
#10 {main}
CRITICAL - 2021-03-13 23:01:33 --> Duplicate entry '348' for key 'PRIMARY'
#0 C:\xampp\htdocs\SCR\system\Database\MySQLi\Connection.php(331): mysqli->query('INSERT INTO sub...')
#1 C:\xampp\htdocs\SCR\system\Database\BaseConnection.php(752): CodeIgniter\Database\MySQLi\Connection->execute('INSERT INTO sub...')
#2 C:\xampp\htdocs\SCR\system\Database\BaseConnection.php(680): CodeIgniter\Database\BaseConnection->simpleQuery('INSERT INTO sub...')
#3 C:\xampp\htdocs\SCR\system\Model.php(1755): CodeIgniter\Database\BaseConnection->query('INSERT INTO sub...')
#4 C:\xampp\htdocs\SCR\app\Models\PushNotif.php(56): CodeIgniter\Model->__call('query', Array)
#5 C:\xampp\htdocs\SCR\app\Controllers\Setting.php(65): App\Models\PushNotif->simpan(Array)
#6 C:\xampp\htdocs\SCR\system\CodeIgniter.php(917): App\Controllers\Setting->simpanData()
#7 C:\xampp\htdocs\SCR\system\CodeIgniter.php(403): CodeIgniter\CodeIgniter->runController(Object(App\Controllers\Setting))
#8 C:\xampp\htdocs\SCR\system\CodeIgniter.php(311): CodeIgniter\CodeIgniter->handleRequest(NULL, Object(Config\Cache), false)
#9 C:\xampp\htdocs\SCR\public\index.php(44): CodeIgniter\CodeIgniter->run()
#10 {main}
