CRITICAL - 2021-03-24 14:26:41 --> Undefined index: username
#0 C:\xampp\htdocs\SCR\app\Views\setting.php(141): CodeIgniter\Debug\Exceptions->errorHandler(8, 'Undefined index...', 'C:\\xampp\\htdocs...', 141, Array)
#1 C:\xampp\htdocs\SCR\system\View\View.php(246): include('C:\\xampp\\htdocs...')
#2 C:\xampp\htdocs\SCR\system\Common.php(1087): CodeIgniter\View\View->render('setting', Array, true)
#3 C:\xampp\htdocs\SCR\app\Controllers\Setting.php(35): view('setting', Array)
#4 C:\xampp\htdocs\SCR\system\CodeIgniter.php(917): App\Controllers\Setting->index()
#5 C:\xampp\htdocs\SCR\system\CodeIgniter.php(403): CodeIgniter\CodeIgniter->runController(Object(App\Controllers\Setting))
#6 C:\xampp\htdocs\SCR\system\CodeIgniter.php(311): CodeIgniter\CodeIgniter->handleRequest(NULL, Object(Config\Cache), false)
#7 C:\xampp\htdocs\SCR\public\index.php(44): CodeIgniter\CodeIgniter->run()
#8 {main}
CRITICAL - 2021-03-24 14:32:25 --> Undefined index: nama
#0 C:\xampp\htdocs\SCR\app\Controllers\Setting.php(69): CodeIgniter\Debug\Exceptions->errorHandler(8, 'Undefined index...', 'C:\\xampp\\htdocs...', 69, Array)
#1 C:\xampp\htdocs\SCR\system\CodeIgniter.php(917): App\Controllers\Setting->simpanData()
#2 C:\xampp\htdocs\SCR\system\CodeIgniter.php(403): CodeIgniter\CodeIgniter->runController(Object(App\Controllers\Setting))
#3 C:\xampp\htdocs\SCR\system\CodeIgniter.php(311): CodeIgniter\CodeIgniter->handleRequest(NULL, Object(Config\Cache), false)
#4 C:\xampp\htdocs\SCR\public\index.php(44): CodeIgniter\CodeIgniter->run()
#5 {main}
CRITICAL - 2021-03-24 14:32:30 --> Undefined index: nama
#0 C:\xampp\htdocs\SCR\app\Controllers\Setting.php(69): CodeIgniter\Debug\Exceptions->errorHandler(8, 'Undefined index...', 'C:\\xampp\\htdocs...', 69, Array)
#1 C:\xampp\htdocs\SCR\system\CodeIgniter.php(917): App\Controllers\Setting->simpanData()
#2 C:\xampp\htdocs\SCR\system\CodeIgniter.php(403): CodeIgniter\CodeIgniter->runController(Object(App\Controllers\Setting))
#3 C:\xampp\htdocs\SCR\system\CodeIgniter.php(311): CodeIgniter\CodeIgniter->handleRequest(NULL, Object(Config\Cache), false)
#4 C:\xampp\htdocs\SCR\public\index.php(44): CodeIgniter\CodeIgniter->run()
#5 {main}
CRITICAL - 2021-03-24 14:32:57 --> Undefined index: nama
#0 C:\xampp\htdocs\SCR\app\Controllers\Setting.php(69): CodeIgniter\Debug\Exceptions->errorHandler(8, 'Undefined index...', 'C:\\xampp\\htdocs...', 69, Array)
#1 C:\xampp\htdocs\SCR\system\CodeIgniter.php(917): App\Controllers\Setting->simpanData()
#2 C:\xampp\htdocs\SCR\system\CodeIgniter.php(403): CodeIgniter\CodeIgniter->runController(Object(App\Controllers\Setting))
#3 C:\xampp\htdocs\SCR\system\CodeIgniter.php(311): CodeIgniter\CodeIgniter->handleRequest(NULL, Object(Config\Cache), false)
#4 C:\xampp\htdocs\SCR\public\index.php(44): CodeIgniter\CodeIgniter->run()
#5 {main}
CRITICAL - 2021-03-24 14:32:58 --> Undefined index: nama
#0 C:\xampp\htdocs\SCR\app\Controllers\Setting.php(69): CodeIgniter\Debug\Exceptions->errorHandler(8, 'Undefined index...', 'C:\\xampp\\htdocs...', 69, Array)
#1 C:\xampp\htdocs\SCR\system\CodeIgniter.php(917): App\Controllers\Setting->simpanData()
#2 C:\xampp\htdocs\SCR\system\CodeIgniter.php(403): CodeIgniter\CodeIgniter->runController(Object(App\Controllers\Setting))
#3 C:\xampp\htdocs\SCR\system\CodeIgniter.php(311): CodeIgniter\CodeIgniter->handleRequest(NULL, Object(Config\Cache), false)
#4 C:\xampp\htdocs\SCR\public\index.php(44): CodeIgniter\CodeIgniter->run()
#5 {main}
CRITICAL - 2021-03-24 14:33:18 --> Undefined index: nama
#0 C:\xampp\htdocs\SCR\app\Controllers\Setting.php(69): CodeIgniter\Debug\Exceptions->errorHandler(8, 'Undefined index...', 'C:\\xampp\\htdocs...', 69, Array)
#1 C:\xampp\htdocs\SCR\system\CodeIgniter.php(917): App\Controllers\Setting->simpanData()
#2 C:\xampp\htdocs\SCR\system\CodeIgniter.php(403): CodeIgniter\CodeIgniter->runController(Object(App\Controllers\Setting))
#3 C:\xampp\htdocs\SCR\system\CodeIgniter.php(311): CodeIgniter\CodeIgniter->handleRequest(NULL, Object(Config\Cache), false)
#4 C:\xampp\htdocs\SCR\public\index.php(44): CodeIgniter\CodeIgniter->run()
#5 {main}
CRITICAL - 2021-03-24 14:36:16 --> syntax error, unexpected '<'
#0 C:\xampp\htdocs\SCR\system\Common.php(1087): CodeIgniter\View\View->render('setting', Array, true)
#1 C:\xampp\htdocs\SCR\app\Controllers\Setting.php(35): view('setting', Array)
#2 C:\xampp\htdocs\SCR\system\CodeIgniter.php(917): App\Controllers\Setting->index()
#3 C:\xampp\htdocs\SCR\system\CodeIgniter.php(403): CodeIgniter\CodeIgniter->runController(Object(App\Controllers\Setting))
#4 C:\xampp\htdocs\SCR\system\CodeIgniter.php(311): CodeIgniter\CodeIgniter->handleRequest(NULL, Object(Config\Cache), false)
#5 C:\xampp\htdocs\SCR\public\index.php(44): CodeIgniter\CodeIgniter->run()
#6 {main}
CRITICAL - 2021-03-24 14:46:19 --> syntax error, unexpected '<'
#0 C:\xampp\htdocs\SCR\system\Common.php(1087): CodeIgniter\View\View->render('setting', Array, true)
#1 C:\xampp\htdocs\SCR\app\Controllers\Setting.php(35): view('setting', Array)
#2 C:\xampp\htdocs\SCR\system\CodeIgniter.php(917): App\Controllers\Setting->index()
#3 C:\xampp\htdocs\SCR\system\CodeIgniter.php(403): CodeIgniter\CodeIgniter->runController(Object(App\Controllers\Setting))
#4 C:\xampp\htdocs\SCR\system\CodeIgniter.php(311): CodeIgniter\CodeIgniter->handleRequest(NULL, Object(Config\Cache), false)
#5 C:\xampp\htdocs\SCR\public\index.php(44): CodeIgniter\CodeIgniter->run()
#6 {main}
CRITICAL - 2021-03-24 14:46:20 --> syntax error, unexpected '<'
#0 C:\xampp\htdocs\SCR\system\Common.php(1087): CodeIgniter\View\View->render('setting', Array, true)
#1 C:\xampp\htdocs\SCR\app\Controllers\Setting.php(35): view('setting', Array)
#2 C:\xampp\htdocs\SCR\system\CodeIgniter.php(917): App\Controllers\Setting->index()
#3 C:\xampp\htdocs\SCR\system\CodeIgniter.php(403): CodeIgniter\CodeIgniter->runController(Object(App\Controllers\Setting))
#4 C:\xampp\htdocs\SCR\system\CodeIgniter.php(311): CodeIgniter\CodeIgniter->handleRequest(NULL, Object(Config\Cache), false)
#5 C:\xampp\htdocs\SCR\public\index.php(44): CodeIgniter\CodeIgniter->run()
#6 {main}
CRITICAL - 2021-03-24 14:46:25 --> syntax error, unexpected '<'
#0 C:\xampp\htdocs\SCR\system\Common.php(1087): CodeIgniter\View\View->render('setting', Array, true)
#1 C:\xampp\htdocs\SCR\app\Controllers\Setting.php(35): view('setting', Array)
#2 C:\xampp\htdocs\SCR\system\CodeIgniter.php(917): App\Controllers\Setting->index()
#3 C:\xampp\htdocs\SCR\system\CodeIgniter.php(403): CodeIgniter\CodeIgniter->runController(Object(App\Controllers\Setting))
#4 C:\xampp\htdocs\SCR\system\CodeIgniter.php(311): CodeIgniter\CodeIgniter->handleRequest(NULL, Object(Config\Cache), false)
#5 C:\xampp\htdocs\SCR\public\index.php(44): CodeIgniter\CodeIgniter->run()
#6 {main}
CRITICAL - 2021-03-24 14:46:29 --> Invalid file: parts/upup.php
#0 C:\xampp\htdocs\SCR\system\View\View.php(228): CodeIgniter\Exceptions\FrameworkException::forInvalidFile('parts/upup.php')
#1 C:\xampp\htdocs\SCR\system\Common.php(1087): CodeIgniter\View\View->render('parts/upup', Array, true)
#2 C:\xampp\htdocs\SCR\app\Views\setting.php(2): view('parts/upup')
#3 C:\xampp\htdocs\SCR\system\View\View.php(246): include('C:\\xampp\\htdocs...')
#4 C:\xampp\htdocs\SCR\system\Common.php(1087): CodeIgniter\View\View->render('setting', Array, true)
#5 C:\xampp\htdocs\SCR\app\Controllers\Setting.php(35): view('setting', Array)
#6 C:\xampp\htdocs\SCR\system\CodeIgniter.php(917): App\Controllers\Setting->index()
#7 C:\xampp\htdocs\SCR\system\CodeIgniter.php(403): CodeIgniter\CodeIgniter->runController(Object(App\Controllers\Setting))
#8 C:\xampp\htdocs\SCR\system\CodeIgniter.php(311): CodeIgniter\CodeIgniter->handleRequest(NULL, Object(Config\Cache), false)
#9 C:\xampp\htdocs\SCR\public\index.php(44): CodeIgniter\CodeIgniter->run()
#10 {main}
CRITICAL - 2021-03-24 14:47:11 --> Undefined property: stdClass::$id
#0 C:\xampp\htdocs\SCR\app\Views\setting.php(188): CodeIgniter\Debug\Exceptions->errorHandler(8, 'Undefined prope...', 'C:\\xampp\\htdocs...', 188, Array)
#1 C:\xampp\htdocs\SCR\system\View\View.php(246): include('C:\\xampp\\htdocs...')
#2 C:\xampp\htdocs\SCR\system\Common.php(1087): CodeIgniter\View\View->render('setting', Array, true)
#3 C:\xampp\htdocs\SCR\app\Controllers\Setting.php(35): view('setting', Array)
#4 C:\xampp\htdocs\SCR\system\CodeIgniter.php(917): App\Controllers\Setting->index()
#5 C:\xampp\htdocs\SCR\system\CodeIgniter.php(403): CodeIgniter\CodeIgniter->runController(Object(App\Controllers\Setting))
#6 C:\xampp\htdocs\SCR\system\CodeIgniter.php(311): CodeIgniter\CodeIgniter->handleRequest(NULL, Object(Config\Cache), false)
#7 C:\xampp\htdocs\SCR\public\index.php(44): CodeIgniter\CodeIgniter->run()
#8 {main}
CRITICAL - 2021-03-24 14:52:04 --> Undefined property: stdClass::$nama
#0 C:\xampp\htdocs\SCR\app\Views\setting.php(119): CodeIgniter\Debug\Exceptions->errorHandler(8, 'Undefined prope...', 'C:\\xampp\\htdocs...', 119, Array)
#1 C:\xampp\htdocs\SCR\system\View\View.php(246): include('C:\\xampp\\htdocs...')
#2 C:\xampp\htdocs\SCR\system\Common.php(1087): CodeIgniter\View\View->render('setting', Array, true)
#3 C:\xampp\htdocs\SCR\app\Controllers\Setting.php(35): view('setting', Array)
#4 C:\xampp\htdocs\SCR\system\CodeIgniter.php(917): App\Controllers\Setting->index()
#5 C:\xampp\htdocs\SCR\system\CodeIgniter.php(403): CodeIgniter\CodeIgniter->runController(Object(App\Controllers\Setting))
#6 C:\xampp\htdocs\SCR\system\CodeIgniter.php(311): CodeIgniter\CodeIgniter->handleRequest(NULL, Object(Config\Cache), false)
#7 C:\xampp\htdocs\SCR\public\index.php(44): CodeIgniter\CodeIgniter->run()
#8 {main}
CRITICAL - 2021-03-24 15:17:12 --> Cannot use object of type stdClass as array
#0 C:\xampp\htdocs\SCR\system\View\View.php(246): include()
#1 C:\xampp\htdocs\SCR\system\Common.php(1087): CodeIgniter\View\View->render('setting', Array, true)
#2 C:\xampp\htdocs\SCR\app\Controllers\Setting.php(35): view('setting', Array)
#3 C:\xampp\htdocs\SCR\system\CodeIgniter.php(917): App\Controllers\Setting->index()
#4 C:\xampp\htdocs\SCR\system\CodeIgniter.php(403): CodeIgniter\CodeIgniter->runController(Object(App\Controllers\Setting))
#5 C:\xampp\htdocs\SCR\system\CodeIgniter.php(311): CodeIgniter\CodeIgniter->handleRequest(NULL, Object(Config\Cache), false)
#6 C:\xampp\htdocs\SCR\public\index.php(44): CodeIgniter\CodeIgniter->run()
#7 {main}
CRITICAL - 2021-03-24 15:23:18 --> syntax error, unexpected end of file
#0 C:\xampp\htdocs\SCR\system\Common.php(1087): CodeIgniter\View\View->render('setting', Array, true)
#1 C:\xampp\htdocs\SCR\app\Controllers\Setting.php(35): view('setting', Array)
#2 C:\xampp\htdocs\SCR\system\CodeIgniter.php(917): App\Controllers\Setting->index()
#3 C:\xampp\htdocs\SCR\system\CodeIgniter.php(403): CodeIgniter\CodeIgniter->runController(Object(App\Controllers\Setting))
#4 C:\xampp\htdocs\SCR\system\CodeIgniter.php(311): CodeIgniter\CodeIgniter->handleRequest(NULL, Object(Config\Cache), false)
#5 C:\xampp\htdocs\SCR\public\index.php(44): CodeIgniter\CodeIgniter->run()
#6 {main}
CRITICAL - 2021-03-24 15:23:49 --> syntax error, unexpected end of file
#0 C:\xampp\htdocs\SCR\system\Common.php(1087): CodeIgniter\View\View->render('setting', Array, true)
#1 C:\xampp\htdocs\SCR\app\Controllers\Setting.php(35): view('setting', Array)
#2 C:\xampp\htdocs\SCR\system\CodeIgniter.php(917): App\Controllers\Setting->index()
#3 C:\xampp\htdocs\SCR\system\CodeIgniter.php(403): CodeIgniter\CodeIgniter->runController(Object(App\Controllers\Setting))
#4 C:\xampp\htdocs\SCR\system\CodeIgniter.php(311): CodeIgniter\CodeIgniter->handleRequest(NULL, Object(Config\Cache), false)
#5 C:\xampp\htdocs\SCR\public\index.php(44): CodeIgniter\CodeIgniter->run()
#6 {main}
CRITICAL - 2021-03-24 15:27:30 --> syntax error, unexpected end of file
#0 C:\xampp\htdocs\SCR\system\Common.php(1087): CodeIgniter\View\View->render('setting', Array, true)
#1 C:\xampp\htdocs\SCR\app\Controllers\Setting.php(35): view('setting', Array)
#2 C:\xampp\htdocs\SCR\system\CodeIgniter.php(917): App\Controllers\Setting->index()
#3 C:\xampp\htdocs\SCR\system\CodeIgniter.php(403): CodeIgniter\CodeIgniter->runController(Object(App\Controllers\Setting))
#4 C:\xampp\htdocs\SCR\system\CodeIgniter.php(311): CodeIgniter\CodeIgniter->handleRequest(NULL, Object(Config\Cache), false)
#5 C:\xampp\htdocs\SCR\public\index.php(44): CodeIgniter\CodeIgniter->run()
#6 {main}
CRITICAL - 2021-03-24 15:46:03 --> Table 'database.subscirebers' doesn't exist
#0 C:\xampp\htdocs\SCR\app\Views\setting.php(132): mysqli_query(Object(mysqli), 'SELECT * FROM `...')
#1 C:\xampp\htdocs\SCR\system\View\View.php(246): include('C:\\xampp\\htdocs...')
#2 C:\xampp\htdocs\SCR\system\Common.php(1087): CodeIgniter\View\View->render('setting', Array, true)
#3 C:\xampp\htdocs\SCR\app\Controllers\Setting.php(35): view('setting', Array)
#4 C:\xampp\htdocs\SCR\system\CodeIgniter.php(917): App\Controllers\Setting->index()
#5 C:\xampp\htdocs\SCR\system\CodeIgniter.php(403): CodeIgniter\CodeIgniter->runController(Object(App\Controllers\Setting))
#6 C:\xampp\htdocs\SCR\system\CodeIgniter.php(311): CodeIgniter\CodeIgniter->handleRequest(NULL, Object(Config\Cache), false)
#7 C:\xampp\htdocs\SCR\public\index.php(44): CodeIgniter\CodeIgniter->run()
#8 {main}
CRITICAL - 2021-03-24 15:46:30 --> Trying to get property 'id_subs' of non-object
#0 C:\xampp\htdocs\SCR\app\Views\setting.php(204): CodeIgniter\Debug\Exceptions->errorHandler(8, 'Trying to get p...', 'C:\\xampp\\htdocs...', 204, Array)
#1 C:\xampp\htdocs\SCR\system\View\View.php(246): include('C:\\xampp\\htdocs...')
#2 C:\xampp\htdocs\SCR\system\Common.php(1087): CodeIgniter\View\View->render('setting', Array, true)
#3 C:\xampp\htdocs\SCR\app\Controllers\Setting.php(35): view('setting', Array)
#4 C:\xampp\htdocs\SCR\system\CodeIgniter.php(917): App\Controllers\Setting->index()
#5 C:\xampp\htdocs\SCR\system\CodeIgniter.php(403): CodeIgniter\CodeIgniter->runController(Object(App\Controllers\Setting))
#6 C:\xampp\htdocs\SCR\system\CodeIgniter.php(311): CodeIgniter\CodeIgniter->handleRequest(NULL, Object(Config\Cache), false)
#7 C:\xampp\htdocs\SCR\public\index.php(44): CodeIgniter\CodeIgniter->run()
#8 {main}
