CRITICAL - 2020-08-26 01:06:19 --> Undefined index: mathcaptcha_answer
#0 /home/fadf4949/codeigniter/app/Controllers/Login.php(41): CodeIgniter\Debug\Exceptions->errorHandler(8, 'Undefined index...', '/home/fadf4949/...', 41, Array)
#1 /home/fadf4949/codeigniter/system/CodeIgniter.php(917): App\Controllers\Login->index()
#2 /home/fadf4949/codeigniter/system/CodeIgniter.php(403): CodeIgniter\CodeIgniter->runController(Object(App\Controllers\Login))
#3 /home/fadf4949/codeigniter/system/CodeIgniter.php(311): CodeIgniter\CodeIgniter->handleRequest(NULL, Object(Config\Cache), false)
#4 /home/fadf4949/public_html/index.php(44): CodeIgniter\CodeIgniter->run()
#5 {main}
CRITICAL - 2020-08-26 01:06:26 --> Undefined index: mathcaptcha_answer
#0 /home/fadf4949/codeigniter/app/Controllers/Login.php(41): CodeIgniter\Debug\Exceptions->errorHandler(8, 'Undefined index...', '/home/fadf4949/...', 41, Array)
#1 /home/fadf4949/codeigniter/system/CodeIgniter.php(917): App\Controllers\Login->index()
#2 /home/fadf4949/codeigniter/system/CodeIgniter.php(403): CodeIgniter\CodeIgniter->runController(Object(App\Controllers\Login))
#3 /home/fadf4949/codeigniter/system/CodeIgniter.php(311): CodeIgniter\CodeIgniter->handleRequest(NULL, Object(Config\Cache), false)
#4 /home/fadf4949/public_html/index.php(44): CodeIgniter\CodeIgniter->run()
#5 {main}
CRITICAL - 2020-08-26 01:06:40 --> Undefined index: mathcaptcha_answer
#0 /home/fadf4949/codeigniter/app/Controllers/Login.php(41): CodeIgniter\Debug\Exceptions->errorHandler(8, 'Undefined index...', '/home/fadf4949/...', 41, Array)
#1 /home/fadf4949/codeigniter/system/CodeIgniter.php(917): App\Controllers\Login->index()
#2 /home/fadf4949/codeigniter/system/CodeIgniter.php(403): CodeIgniter\CodeIgniter->runController(Object(App\Controllers\Login))
#3 /home/fadf4949/codeigniter/system/CodeIgniter.php(311): CodeIgniter\CodeIgniter->handleRequest(NULL, Object(Config\Cache), false)
#4 /home/fadf4949/public_html/index.php(44): CodeIgniter\CodeIgniter->run()
#5 {main}
CRITICAL - 2020-08-26 01:06:43 --> Undefined index: mathcaptcha_answer
#0 /home/fadf4949/codeigniter/app/Controllers/Login.php(41): CodeIgniter\Debug\Exceptions->errorHandler(8, 'Undefined index...', '/home/fadf4949/...', 41, Array)
#1 /home/fadf4949/codeigniter/system/CodeIgniter.php(917): App\Controllers\Login->index()
#2 /home/fadf4949/codeigniter/system/CodeIgniter.php(403): CodeIgniter\CodeIgniter->runController(Object(App\Controllers\Login))
#3 /home/fadf4949/codeigniter/system/CodeIgniter.php(311): CodeIgniter\CodeIgniter->handleRequest(NULL, Object(Config\Cache), false)
#4 /home/fadf4949/public_html/index.php(44): CodeIgniter\CodeIgniter->run()
#5 {main}
CRITICAL - 2020-08-26 04:56:06 --> You have an error in your SQL syntax; check the manual that corresponds to your MariaDB server version for the right syntax to use near ')' at line 3
#0 /home/fadf4949/codeigniter/system/Database/MySQLi/Connection.php(331): mysqli->query('SELECT *\nFROM `...')
#1 /home/fadf4949/codeigniter/system/Database/BaseConnection.php(752): CodeIgniter\Database\MySQLi\Connection->execute('SELECT *\nFROM `...')
#2 /home/fadf4949/codeigniter/system/Database/BaseConnection.php(680): CodeIgniter\Database\BaseConnection->simpleQuery('SELECT *\nFROM `...')
#3 /home/fadf4949/codeigniter/system/Database/BaseBuilder.php(2018): CodeIgniter\Database\BaseConnection->query('SELECT *\nFROM `...', Array, false)
#4 /home/fadf4949/codeigniter/app/Models/ShareModel.php(34): CodeIgniter\Database\BaseBuilder->getWhere(Array)
#5 /home/fadf4949/codeigniter/app/Controllers/ShareTarget.php(103): App\Models\ShareModel->file_upload(Array)
#6 /home/fadf4949/codeigniter/system/CodeIgniter.php(917): App\Controllers\ShareTarget->uploadfile()
#7 /home/fadf4949/codeigniter/system/CodeIgniter.php(403): CodeIgniter\CodeIgniter->runController(Object(App\Controllers\ShareTarget))
#8 /home/fadf4949/codeigniter/system/CodeIgniter.php(311): CodeIgniter\CodeIgniter->handleRequest(NULL, Object(Config\Cache), false)
#9 /home/fadf4949/public_html/index.php(44): CodeIgniter\CodeIgniter->run()
#10 {main}
CRITICAL - 2020-08-26 04:59:25 --> Call to undefined method CodeIgniter\HTTP\IncomingRequest::getRow()
#0 /home/fadf4949/codeigniter/system/CodeIgniter.php(917): App\Controllers\ShareTarget->uploadfile()
#1 /home/fadf4949/codeigniter/system/CodeIgniter.php(403): CodeIgniter\CodeIgniter->runController(Object(App\Controllers\ShareTarget))
#2 /home/fadf4949/codeigniter/system/CodeIgniter.php(311): CodeIgniter\CodeIgniter->handleRequest(NULL, Object(Config\Cache), false)
#3 /home/fadf4949/public_html/index.php(44): CodeIgniter\CodeIgniter->run()
#4 {main}
CRITICAL - 2020-08-26 05:02:31 --> Undefined variable: upload
#0 /home/fadf4949/codeigniter/app/Controllers/ShareTarget.php(100): CodeIgniter\Debug\Exceptions->errorHandler(8, 'Undefined varia...', '/home/fadf4949/...', 100, Array)
#1 /home/fadf4949/codeigniter/system/CodeIgniter.php(917): App\Controllers\ShareTarget->uploadfile()
#2 /home/fadf4949/codeigniter/system/CodeIgniter.php(403): CodeIgniter\CodeIgniter->runController(Object(App\Controllers\ShareTarget))
#3 /home/fadf4949/codeigniter/system/CodeIgniter.php(311): CodeIgniter\CodeIgniter->handleRequest(NULL, Object(Config\Cache), false)
#4 /home/fadf4949/public_html/index.php(44): CodeIgniter\CodeIgniter->run()
#5 {main}
CRITICAL - 2020-08-26 05:02:46 --> Too few arguments to function App\Controllers\ShareTarget::uploadfile(), 0 passed in /home/fadf4949/codeigniter/system/CodeIgniter.php on line 917 and exactly 1 expected
#0 /home/fadf4949/codeigniter/system/CodeIgniter.php(917): App\Controllers\ShareTarget->uploadfile()
#1 /home/fadf4949/codeigniter/system/CodeIgniter.php(403): CodeIgniter\CodeIgniter->runController(Object(App\Controllers\ShareTarget))
#2 /home/fadf4949/codeigniter/system/CodeIgniter.php(311): CodeIgniter\CodeIgniter->handleRequest(NULL, Object(Config\Cache), false)
#3 /home/fadf4949/public_html/index.php(44): CodeIgniter\CodeIgniter->run()
#4 {main}
CRITICAL - 2020-08-26 05:04:07 --> Too few arguments to function App\Controllers\ShareTarget::uploadfile(), 0 passed in /home/fadf4949/codeigniter/system/CodeIgniter.php on line 917 and exactly 1 expected
#0 /home/fadf4949/codeigniter/system/CodeIgniter.php(917): App\Controllers\ShareTarget->uploadfile()
#1 /home/fadf4949/codeigniter/system/CodeIgniter.php(403): CodeIgniter\CodeIgniter->runController(Object(App\Controllers\ShareTarget))
#2 /home/fadf4949/codeigniter/system/CodeIgniter.php(311): CodeIgniter\CodeIgniter->handleRequest(NULL, Object(Config\Cache), false)
#3 /home/fadf4949/public_html/index.php(44): CodeIgniter\CodeIgniter->run()
#4 {main}
CRITICAL - 2020-08-26 05:04:31 --> Too few arguments to function App\Controllers\ShareTarget::uploadfile(), 0 passed in /home/fadf4949/codeigniter/system/CodeIgniter.php on line 917 and exactly 1 expected
#0 /home/fadf4949/codeigniter/system/CodeIgniter.php(917): App\Controllers\ShareTarget->uploadfile()
#1 /home/fadf4949/codeigniter/system/CodeIgniter.php(403): CodeIgniter\CodeIgniter->runController(Object(App\Controllers\ShareTarget))
#2 /home/fadf4949/codeigniter/system/CodeIgniter.php(311): CodeIgniter\CodeIgniter->handleRequest(NULL, Object(Config\Cache), false)
#3 /home/fadf4949/public_html/index.php(44): CodeIgniter\CodeIgniter->run()
#4 {main}
CRITICAL - 2020-08-26 05:04:38 --> Too few arguments to function App\Controllers\ShareTarget::uploadfile(), 0 passed in /home/fadf4949/codeigniter/system/CodeIgniter.php on line 917 and exactly 1 expected
#0 /home/fadf4949/codeigniter/system/CodeIgniter.php(917): App\Controllers\ShareTarget->uploadfile()
#1 /home/fadf4949/codeigniter/system/CodeIgniter.php(403): CodeIgniter\CodeIgniter->runController(Object(App\Controllers\ShareTarget))
#2 /home/fadf4949/codeigniter/system/CodeIgniter.php(311): CodeIgniter\CodeIgniter->handleRequest(NULL, Object(Config\Cache), false)
#3 /home/fadf4949/public_html/index.php(44): CodeIgniter\CodeIgniter->run()
#4 {main}
CRITICAL - 2020-08-26 05:05:57 --> Too few arguments to function App\Controllers\ShareTarget::uploadfile(), 0 passed in /home/fadf4949/codeigniter/system/CodeIgniter.php on line 917 and exactly 1 expected
#0 /home/fadf4949/codeigniter/system/CodeIgniter.php(917): App\Controllers\ShareTarget->uploadfile()
#1 /home/fadf4949/codeigniter/system/CodeIgniter.php(403): CodeIgniter\CodeIgniter->runController(Object(App\Controllers\ShareTarget))
#2 /home/fadf4949/codeigniter/system/CodeIgniter.php(311): CodeIgniter\CodeIgniter->handleRequest(NULL, Object(Config\Cache), false)
#3 /home/fadf4949/public_html/index.php(44): CodeIgniter\CodeIgniter->run()
#4 {main}
CRITICAL - 2020-08-26 05:06:09 --> Too few arguments to function App\Controllers\ShareTarget::uploadfile(), 0 passed in /home/fadf4949/codeigniter/system/CodeIgniter.php on line 917 and exactly 1 expected
#0 /home/fadf4949/codeigniter/system/CodeIgniter.php(917): App\Controllers\ShareTarget->uploadfile()
#1 /home/fadf4949/codeigniter/system/CodeIgniter.php(403): CodeIgniter\CodeIgniter->runController(Object(App\Controllers\ShareTarget))
#2 /home/fadf4949/codeigniter/system/CodeIgniter.php(311): CodeIgniter\CodeIgniter->handleRequest(NULL, Object(Config\Cache), false)
#3 /home/fadf4949/public_html/index.php(44): CodeIgniter\CodeIgniter->run()
#4 {main}
CRITICAL - 2020-08-26 05:07:01 --> Too few arguments to function App\Controllers\ShareTarget::uploadfile(), 0 passed in /home/fadf4949/codeigniter/system/CodeIgniter.php on line 917 and exactly 1 expected
#0 /home/fadf4949/codeigniter/system/CodeIgniter.php(917): App\Controllers\ShareTarget->uploadfile()
#1 /home/fadf4949/codeigniter/system/CodeIgniter.php(403): CodeIgniter\CodeIgniter->runController(Object(App\Controllers\ShareTarget))
#2 /home/fadf4949/codeigniter/system/CodeIgniter.php(311): CodeIgniter\CodeIgniter->handleRequest(NULL, Object(Config\Cache), false)
#3 /home/fadf4949/public_html/index.php(44): CodeIgniter\CodeIgniter->run()
#4 {main}
CRITICAL - 2020-08-26 05:07:11 --> Undefined property: App\Controllers\ShareTarget::$db
#0 /home/fadf4949/codeigniter/app/Controllers/ShareTarget.php(99): CodeIgniter\Debug\Exceptions->errorHandler(8, 'Undefined prope...', '/home/fadf4949/...', 99, Array)
#1 /home/fadf4949/codeigniter/system/CodeIgniter.php(917): App\Controllers\ShareTarget->uploadfile()
#2 /home/fadf4949/codeigniter/system/CodeIgniter.php(403): CodeIgniter\CodeIgniter->runController(Object(App\Controllers\ShareTarget))
#3 /home/fadf4949/codeigniter/system/CodeIgniter.php(311): CodeIgniter\CodeIgniter->handleRequest(NULL, Object(Config\Cache), false)
#4 /home/fadf4949/public_html/index.php(44): CodeIgniter\CodeIgniter->run()
#5 {main}
CRITICAL - 2020-08-26 05:08:16 --> Undefined variable: upload
#0 /home/fadf4949/codeigniter/app/Controllers/ShareTarget.php(103): CodeIgniter\Debug\Exceptions->errorHandler(8, 'Undefined varia...', '/home/fadf4949/...', 103, Array)
#1 /home/fadf4949/codeigniter/system/CodeIgniter.php(917): App\Controllers\ShareTarget->uploadfile()
#2 /home/fadf4949/codeigniter/system/CodeIgniter.php(403): CodeIgniter\CodeIgniter->runController(Object(App\Controllers\ShareTarget))
#3 /home/fadf4949/codeigniter/system/CodeIgniter.php(311): CodeIgniter\CodeIgniter->handleRequest(NULL, Object(Config\Cache), false)
#4 /home/fadf4949/public_html/index.php(44): CodeIgniter\CodeIgniter->run()
#5 {main}
CRITICAL - 2020-08-26 05:08:28 --> Too few arguments to function App\Controllers\ShareTarget::uploadfile(), 0 passed in /home/fadf4949/codeigniter/system/CodeIgniter.php on line 917 and exactly 1 expected
#0 /home/fadf4949/codeigniter/system/CodeIgniter.php(917): App\Controllers\ShareTarget->uploadfile()
#1 /home/fadf4949/codeigniter/system/CodeIgniter.php(403): CodeIgniter\CodeIgniter->runController(Object(App\Controllers\ShareTarget))
#2 /home/fadf4949/codeigniter/system/CodeIgniter.php(311): CodeIgniter\CodeIgniter->handleRequest(NULL, Object(Config\Cache), false)
#3 /home/fadf4949/public_html/index.php(44): CodeIgniter\CodeIgniter->run()
#4 {main}
CRITICAL - 2020-08-26 05:09:53 --> Too few arguments to function App\Controllers\ShareTarget::uploadfile(), 0 passed in /home/fadf4949/codeigniter/system/CodeIgniter.php on line 917 and exactly 1 expected
#0 /home/fadf4949/codeigniter/system/CodeIgniter.php(917): App\Controllers\ShareTarget->uploadfile()
#1 /home/fadf4949/codeigniter/system/CodeIgniter.php(403): CodeIgniter\CodeIgniter->runController(Object(App\Controllers\ShareTarget))
#2 /home/fadf4949/codeigniter/system/CodeIgniter.php(311): CodeIgniter\CodeIgniter->handleRequest(NULL, Object(Config\Cache), false)
#3 /home/fadf4949/public_html/index.php(44): CodeIgniter\CodeIgniter->run()
#4 {main}
CRITICAL - 2020-08-26 05:10:03 --> Invalid file: shareTarget/formtambah.php
#0 /home/fadf4949/codeigniter/system/View/View.php(228): CodeIgniter\Exceptions\FrameworkException::forInvalidFile('shareTarget/for...')
#1 /home/fadf4949/codeigniter/system/Common.php(1087): CodeIgniter\View\View->render('shareTarget/for...', Array, true)
#2 /home/fadf4949/codeigniter/app/Controllers/ShareTarget.php(103): view('shareTarget/for...')
#3 /home/fadf4949/codeigniter/system/CodeIgniter.php(917): App\Controllers\ShareTarget->uploadfile()
#4 /home/fadf4949/codeigniter/system/CodeIgniter.php(403): CodeIgniter\CodeIgniter->runController(Object(App\Controllers\ShareTarget))
#5 /home/fadf4949/codeigniter/system/CodeIgniter.php(311): CodeIgniter\CodeIgniter->handleRequest(NULL, Object(Config\Cache), false)
#6 /home/fadf4949/public_html/index.php(44): CodeIgniter\CodeIgniter->run()
#7 {main}
CRITICAL - 2020-08-26 05:10:08 --> Invalid file: shareTarget/formtambah.php
#0 /home/fadf4949/codeigniter/system/View/View.php(228): CodeIgniter\Exceptions\FrameworkException::forInvalidFile('shareTarget/for...')
#1 /home/fadf4949/codeigniter/system/Common.php(1087): CodeIgniter\View\View->render('shareTarget/for...', Array, true)
#2 /home/fadf4949/codeigniter/app/Controllers/ShareTarget.php(103): view('shareTarget/for...')
#3 /home/fadf4949/codeigniter/system/CodeIgniter.php(917): App\Controllers\ShareTarget->uploadfile()
#4 /home/fadf4949/codeigniter/system/CodeIgniter.php(403): CodeIgniter\CodeIgniter->runController(Object(App\Controllers\ShareTarget))
#5 /home/fadf4949/codeigniter/system/CodeIgniter.php(311): CodeIgniter\CodeIgniter->handleRequest(NULL, Object(Config\Cache), false)
#6 /home/fadf4949/public_html/index.php(44): CodeIgniter\CodeIgniter->run()
#7 {main}
CRITICAL - 2020-08-26 05:12:40 --> Call to undefined method App\Models\ShareModel::simpanfile
#0 /home/fadf4949/codeigniter/app/Controllers/ShareTarget.php(113): CodeIgniter\Model->__call('simpanfile', Array)
#1 /home/fadf4949/codeigniter/system/CodeIgniter.php(917): App\Controllers\ShareTarget->upload()
#2 /home/fadf4949/codeigniter/system/CodeIgniter.php(403): CodeIgniter\CodeIgniter->runController(Object(App\Controllers\ShareTarget))
#3 /home/fadf4949/codeigniter/system/CodeIgniter.php(311): CodeIgniter\CodeIgniter->handleRequest(NULL, Object(Config\Cache), false)
#4 /home/fadf4949/public_html/index.php(44): CodeIgniter\CodeIgniter->run()
#5 {main}
CRITICAL - 2020-08-26 05:16:56 --> Undefined property: CodeIgniter\Database\MySQLi\Builder::$insert
#0 /home/fadf4949/codeigniter/app/Models/ShareModel.php(33): CodeIgniter\Debug\Exceptions->errorHandler(8, 'Undefined prope...', '/home/fadf4949/...', 33, Array)
#1 /home/fadf4949/codeigniter/app/Controllers/ShareTarget.php(113): App\Models\ShareModel->simpanfile(Array)
#2 /home/fadf4949/codeigniter/system/CodeIgniter.php(917): App\Controllers\ShareTarget->upload()
#3 /home/fadf4949/codeigniter/system/CodeIgniter.php(403): CodeIgniter\CodeIgniter->runController(Object(App\Controllers\ShareTarget))
#4 /home/fadf4949/codeigniter/system/CodeIgniter.php(311): CodeIgniter\CodeIgniter->handleRequest(NULL, Object(Config\Cache), false)
#5 /home/fadf4949/public_html/index.php(44): CodeIgniter\CodeIgniter->run()
#6 {main}
CRITICAL - 2020-08-26 05:17:03 --> Undefined property: CodeIgniter\Database\MySQLi\Builder::$insert
#0 /home/fadf4949/codeigniter/app/Models/ShareModel.php(33): CodeIgniter\Debug\Exceptions->errorHandler(8, 'Undefined prope...', '/home/fadf4949/...', 33, Array)
#1 /home/fadf4949/codeigniter/app/Controllers/ShareTarget.php(113): App\Models\ShareModel->simpanfile(Array)
#2 /home/fadf4949/codeigniter/system/CodeIgniter.php(917): App\Controllers\ShareTarget->upload()
#3 /home/fadf4949/codeigniter/system/CodeIgniter.php(403): CodeIgniter\CodeIgniter->runController(Object(App\Controllers\ShareTarget))
#4 /home/fadf4949/codeigniter/system/CodeIgniter.php(311): CodeIgniter\CodeIgniter->handleRequest(NULL, Object(Config\Cache), false)
#5 /home/fadf4949/public_html/index.php(44): CodeIgniter\CodeIgniter->run()
#6 {main}
CRITICAL - 2020-08-26 05:17:19 --> Field 'user' doesn't have a default value
#0 /home/fadf4949/codeigniter/system/Database/MySQLi/Connection.php(331): mysqli->query('INSERT INTO `ak...')
#1 /home/fadf4949/codeigniter/system/Database/BaseConnection.php(752): CodeIgniter\Database\MySQLi\Connection->execute('INSERT INTO `ak...')
#2 /home/fadf4949/codeigniter/system/Database/BaseConnection.php(680): CodeIgniter\Database\BaseConnection->simpleQuery('INSERT INTO `ak...')
#3 /home/fadf4949/codeigniter/system/Database/BaseBuilder.php(2248): CodeIgniter\Database\BaseConnection->query('INSERT INTO `ak...', Array, false)
#4 /home/fadf4949/codeigniter/app/Models/ShareModel.php(33): CodeIgniter\Database\BaseBuilder->insert(Array)
#5 /home/fadf4949/codeigniter/app/Controllers/ShareTarget.php(113): App\Models\ShareModel->simpanfile(Array)
#6 /home/fadf4949/codeigniter/system/CodeIgniter.php(917): App\Controllers\ShareTarget->upload()
#7 /home/fadf4949/codeigniter/system/CodeIgniter.php(403): CodeIgniter\CodeIgniter->runController(Object(App\Controllers\ShareTarget))
#8 /home/fadf4949/codeigniter/system/CodeIgniter.php(311): CodeIgniter\CodeIgniter->handleRequest(NULL, Object(Config\Cache), false)
#9 /home/fadf4949/public_html/index.php(44): CodeIgniter\CodeIgniter->run()
#10 {main}
CRITICAL - 2020-08-26 05:18:29 --> Undefined variable: data
#0 /home/fadf4949/codeigniter/app/Controllers/ShareTarget.php(110): CodeIgniter\Debug\Exceptions->errorHandler(8, 'Undefined varia...', '/home/fadf4949/...', 110, Array)
#1 /home/fadf4949/codeigniter/system/CodeIgniter.php(917): App\Controllers\ShareTarget->upload()
#2 /home/fadf4949/codeigniter/system/CodeIgniter.php(403): CodeIgniter\CodeIgniter->runController(Object(App\Controllers\ShareTarget))
#3 /home/fadf4949/codeigniter/system/CodeIgniter.php(311): CodeIgniter\CodeIgniter->handleRequest(NULL, Object(Config\Cache), false)
#4 /home/fadf4949/public_html/index.php(44): CodeIgniter\CodeIgniter->run()
#5 {main}
CRITICAL - 2020-08-26 05:18:39 --> Too few arguments to function App\Controllers\ShareTarget::upload(), 0 passed in /home/fadf4949/codeigniter/system/CodeIgniter.php on line 917 and exactly 1 expected
#0 /home/fadf4949/codeigniter/system/CodeIgniter.php(917): App\Controllers\ShareTarget->upload()
#1 /home/fadf4949/codeigniter/system/CodeIgniter.php(403): CodeIgniter\CodeIgniter->runController(Object(App\Controllers\ShareTarget))
#2 /home/fadf4949/codeigniter/system/CodeIgniter.php(311): CodeIgniter\CodeIgniter->handleRequest(NULL, Object(Config\Cache), false)
#3 /home/fadf4949/public_html/index.php(44): CodeIgniter\CodeIgniter->run()
#4 {main}
CRITICAL - 2020-08-26 05:19:01 --> Field 'user' doesn't have a default value
#0 /home/fadf4949/codeigniter/system/Database/MySQLi/Connection.php(331): mysqli->query('INSERT INTO `ak...')
#1 /home/fadf4949/codeigniter/system/Database/BaseConnection.php(752): CodeIgniter\Database\MySQLi\Connection->execute('INSERT INTO `ak...')
#2 /home/fadf4949/codeigniter/system/Database/BaseConnection.php(680): CodeIgniter\Database\BaseConnection->simpleQuery('INSERT INTO `ak...')
#3 /home/fadf4949/codeigniter/system/Database/BaseBuilder.php(2248): CodeIgniter\Database\BaseConnection->query('INSERT INTO `ak...', Array, false)
#4 /home/fadf4949/codeigniter/app/Models/ShareModel.php(33): CodeIgniter\Database\BaseBuilder->insert(Array)
#5 /home/fadf4949/codeigniter/app/Controllers/ShareTarget.php(112): App\Models\ShareModel->simpanfile(Array)
#6 /home/fadf4949/codeigniter/system/CodeIgniter.php(917): App\Controllers\ShareTarget->upload()
#7 /home/fadf4949/codeigniter/system/CodeIgniter.php(403): CodeIgniter\CodeIgniter->runController(Object(App\Controllers\ShareTarget))
#8 /home/fadf4949/codeigniter/system/CodeIgniter.php(311): CodeIgniter\CodeIgniter->handleRequest(NULL, Object(Config\Cache), false)
#9 /home/fadf4949/public_html/index.php(44): CodeIgniter\CodeIgniter->run()
#10 {main}
CRITICAL - 2020-08-26 05:19:11 --> Field 'user' doesn't have a default value
#0 /home/fadf4949/codeigniter/system/Database/MySQLi/Connection.php(331): mysqli->query('INSERT INTO `ak...')
#1 /home/fadf4949/codeigniter/system/Database/BaseConnection.php(752): CodeIgniter\Database\MySQLi\Connection->execute('INSERT INTO `ak...')
#2 /home/fadf4949/codeigniter/system/Database/BaseConnection.php(680): CodeIgniter\Database\BaseConnection->simpleQuery('INSERT INTO `ak...')
#3 /home/fadf4949/codeigniter/system/Database/BaseBuilder.php(2248): CodeIgniter\Database\BaseConnection->query('INSERT INTO `ak...', Array, false)
#4 /home/fadf4949/codeigniter/app/Models/ShareModel.php(33): CodeIgniter\Database\BaseBuilder->insert(Array)
#5 /home/fadf4949/codeigniter/app/Controllers/ShareTarget.php(112): App\Models\ShareModel->simpanfile(Array)
#6 /home/fadf4949/codeigniter/system/CodeIgniter.php(917): App\Controllers\ShareTarget->upload()
#7 /home/fadf4949/codeigniter/system/CodeIgniter.php(403): CodeIgniter\CodeIgniter->runController(Object(App\Controllers\ShareTarget))
#8 /home/fadf4949/codeigniter/system/CodeIgniter.php(311): CodeIgniter\CodeIgniter->handleRequest(NULL, Object(Config\Cache), false)
#9 /home/fadf4949/public_html/index.php(44): CodeIgniter\CodeIgniter->run()
#10 {main}
CRITICAL - 2020-08-26 05:20:21 --> Field 'user' doesn't have a default value
#0 /home/fadf4949/codeigniter/system/Database/MySQLi/Connection.php(331): mysqli->query('INSERT INTO `ak...')
#1 /home/fadf4949/codeigniter/system/Database/BaseConnection.php(752): CodeIgniter\Database\MySQLi\Connection->execute('INSERT INTO `ak...')
#2 /home/fadf4949/codeigniter/system/Database/BaseConnection.php(680): CodeIgniter\Database\BaseConnection->simpleQuery('INSERT INTO `ak...')
#3 /home/fadf4949/codeigniter/system/Database/BaseBuilder.php(2248): CodeIgniter\Database\BaseConnection->query('INSERT INTO `ak...', Array, false)
#4 /home/fadf4949/codeigniter/app/Models/ShareModel.php(33): CodeIgniter\Database\BaseBuilder->insert(Array)
#5 /home/fadf4949/codeigniter/app/Controllers/ShareTarget.php(112): App\Models\ShareModel->simpanfile(Array)
#6 /home/fadf4949/codeigniter/system/CodeIgniter.php(917): App\Controllers\ShareTarget->upload()
#7 /home/fadf4949/codeigniter/system/CodeIgniter.php(403): CodeIgniter\CodeIgniter->runController(Object(App\Controllers\ShareTarget))
#8 /home/fadf4949/codeigniter/system/CodeIgniter.php(311): CodeIgniter\CodeIgniter->handleRequest(NULL, Object(Config\Cache), false)
#9 /home/fadf4949/public_html/index.php(44): CodeIgniter\CodeIgniter->run()
#10 {main}
CRITICAL - 2020-08-26 05:25:35 --> Undefined variable: request
#0 /home/fadf4949/codeigniter/app/Controllers/ShareTarget.php(107): CodeIgniter\Debug\Exceptions->errorHandler(8, 'Undefined varia...', '/home/fadf4949/...', 107, Array)
#1 /home/fadf4949/codeigniter/system/CodeIgniter.php(917): App\Controllers\ShareTarget->upload()
#2 /home/fadf4949/codeigniter/system/CodeIgniter.php(403): CodeIgniter\CodeIgniter->runController(Object(App\Controllers\ShareTarget))
#3 /home/fadf4949/codeigniter/system/CodeIgniter.php(311): CodeIgniter\CodeIgniter->handleRequest(NULL, Object(Config\Cache), false)
#4 /home/fadf4949/public_html/index.php(44): CodeIgniter\CodeIgniter->run()
#5 {main}
CRITICAL - 2020-08-26 05:26:10 --> Call to a member function hasFile() on array
#0 /home/fadf4949/codeigniter/system/CodeIgniter.php(917): App\Controllers\ShareTarget->upload()
#1 /home/fadf4949/codeigniter/system/CodeIgniter.php(403): CodeIgniter\CodeIgniter->runController(Object(App\Controllers\ShareTarget))
#2 /home/fadf4949/codeigniter/system/CodeIgniter.php(311): CodeIgniter\CodeIgniter->handleRequest(NULL, Object(Config\Cache), false)
#3 /home/fadf4949/public_html/index.php(44): CodeIgniter\CodeIgniter->run()
#4 {main}
CRITICAL - 2020-08-26 05:33:14 --> You have an error in your SQL syntax; check the manual that corresponds to your MariaDB server version for the right syntax to use near ')' at line 3
#0 /home/fadf4949/codeigniter/system/Database/MySQLi/Connection.php(331): mysqli->query('SELECT *\nFROM `...')
#1 /home/fadf4949/codeigniter/system/Database/BaseConnection.php(752): CodeIgniter\Database\MySQLi\Connection->execute('SELECT *\nFROM `...')
#2 /home/fadf4949/codeigniter/system/Database/BaseConnection.php(680): CodeIgniter\Database\BaseConnection->simpleQuery('SELECT *\nFROM `...')
#3 /home/fadf4949/codeigniter/system/Database/BaseBuilder.php(2018): CodeIgniter\Database\BaseConnection->query('SELECT *\nFROM `...', Array, false)
#4 /home/fadf4949/codeigniter/app/Controllers/ShareTarget.php(111): CodeIgniter\Database\BaseBuilder->getWhere(Array)
#5 /home/fadf4949/codeigniter/system/CodeIgniter.php(917): App\Controllers\ShareTarget->upload()
#6 /home/fadf4949/codeigniter/system/CodeIgniter.php(403): CodeIgniter\CodeIgniter->runController(Object(App\Controllers\ShareTarget))
#7 /home/fadf4949/codeigniter/system/CodeIgniter.php(311): CodeIgniter\CodeIgniter->handleRequest(NULL, Object(Config\Cache), false)
#8 /home/fadf4949/public_html/index.php(44): CodeIgniter\CodeIgniter->run()
#9 {main}
CRITICAL - 2020-08-26 05:37:11 --> Call to a member function hasFile() on array
#0 /home/fadf4949/codeigniter/system/CodeIgniter.php(917): App\Controllers\ShareTarget->upload()
#1 /home/fadf4949/codeigniter/system/CodeIgniter.php(403): CodeIgniter\CodeIgniter->runController(Object(App\Controllers\ShareTarget))
#2 /home/fadf4949/codeigniter/system/CodeIgniter.php(311): CodeIgniter\CodeIgniter->handleRequest(NULL, Object(Config\Cache), false)
#3 /home/fadf4949/public_html/index.php(44): CodeIgniter\CodeIgniter->run()
#4 {main}
CRITICAL - 2020-08-26 05:37:38 --> Undefined variable: request
#0 /home/fadf4949/codeigniter/app/Controllers/ShareTarget.php(110): CodeIgniter\Debug\Exceptions->errorHandler(8, 'Undefined varia...', '/home/fadf4949/...', 110, Array)
#1 /home/fadf4949/codeigniter/system/CodeIgniter.php(917): App\Controllers\ShareTarget->upload()
#2 /home/fadf4949/codeigniter/system/CodeIgniter.php(403): CodeIgniter\CodeIgniter->runController(Object(App\Controllers\ShareTarget))
#3 /home/fadf4949/codeigniter/system/CodeIgniter.php(311): CodeIgniter\CodeIgniter->handleRequest(NULL, Object(Config\Cache), false)
#4 /home/fadf4949/public_html/index.php(44): CodeIgniter\CodeIgniter->run()
#5 {main}
CRITICAL - 2020-08-26 05:38:17 --> Too few arguments to function App\Controllers\ShareTarget::upload(), 0 passed in /home/fadf4949/codeigniter/system/CodeIgniter.php on line 917 and exactly 1 expected
#0 /home/fadf4949/codeigniter/system/CodeIgniter.php(917): App\Controllers\ShareTarget->upload()
#1 /home/fadf4949/codeigniter/system/CodeIgniter.php(403): CodeIgniter\CodeIgniter->runController(Object(App\Controllers\ShareTarget))
#2 /home/fadf4949/codeigniter/system/CodeIgniter.php(311): CodeIgniter\CodeIgniter->handleRequest(NULL, Object(Config\Cache), false)
#3 /home/fadf4949/public_html/index.php(44): CodeIgniter\CodeIgniter->run()
#4 {main}
CRITICAL - 2020-08-26 05:41:10 --> Too few arguments to function App\Controllers\ShareTarget::upload(), 0 passed in /home/fadf4949/codeigniter/system/CodeIgniter.php on line 917 and exactly 1 expected
#0 /home/fadf4949/codeigniter/system/CodeIgniter.php(917): App\Controllers\ShareTarget->upload()
#1 /home/fadf4949/codeigniter/system/CodeIgniter.php(403): CodeIgniter\CodeIgniter->runController(Object(App\Controllers\ShareTarget))
#2 /home/fadf4949/codeigniter/system/CodeIgniter.php(311): CodeIgniter\CodeIgniter->handleRequest(NULL, Object(Config\Cache), false)
#3 /home/fadf4949/public_html/index.php(44): CodeIgniter\CodeIgniter->run()
#4 {main}
CRITICAL - 2020-08-26 05:41:21 --> Too few arguments to function App\Controllers\ShareTarget::upload(), 0 passed in /home/fadf4949/codeigniter/system/CodeIgniter.php on line 917 and exactly 1 expected
#0 /home/fadf4949/codeigniter/system/CodeIgniter.php(917): App\Controllers\ShareTarget->upload()
#1 /home/fadf4949/codeigniter/system/CodeIgniter.php(403): CodeIgniter\CodeIgniter->runController(Object(App\Controllers\ShareTarget))
#2 /home/fadf4949/codeigniter/system/CodeIgniter.php(311): CodeIgniter\CodeIgniter->handleRequest(NULL, Object(Config\Cache), false)
#3 /home/fadf4949/public_html/index.php(44): CodeIgniter\CodeIgniter->run()
#4 {main}
CRITICAL - 2020-08-26 05:41:30 --> Too few arguments to function App\Controllers\ShareTarget::upload(), 0 passed in /home/fadf4949/codeigniter/system/CodeIgniter.php on line 917 and exactly 1 expected
#0 /home/fadf4949/codeigniter/system/CodeIgniter.php(917): App\Controllers\ShareTarget->upload()
#1 /home/fadf4949/codeigniter/system/CodeIgniter.php(403): CodeIgniter\CodeIgniter->runController(Object(App\Controllers\ShareTarget))
#2 /home/fadf4949/codeigniter/system/CodeIgniter.php(311): CodeIgniter\CodeIgniter->handleRequest(NULL, Object(Config\Cache), false)
#3 /home/fadf4949/public_html/index.php(44): CodeIgniter\CodeIgniter->run()
#4 {main}
CRITICAL - 2020-08-26 05:41:32 --> Too few arguments to function App\Controllers\ShareTarget::upload(), 0 passed in /home/fadf4949/codeigniter/system/CodeIgniter.php on line 917 and exactly 1 expected
#0 /home/fadf4949/codeigniter/system/CodeIgniter.php(917): App\Controllers\ShareTarget->upload()
#1 /home/fadf4949/codeigniter/system/CodeIgniter.php(403): CodeIgniter\CodeIgniter->runController(Object(App\Controllers\ShareTarget))
#2 /home/fadf4949/codeigniter/system/CodeIgniter.php(311): CodeIgniter\CodeIgniter->handleRequest(NULL, Object(Config\Cache), false)
#3 /home/fadf4949/public_html/index.php(44): CodeIgniter\CodeIgniter->run()
#4 {main}
CRITICAL - 2020-08-26 05:42:18 --> Too few arguments to function App\Controllers\ShareTarget::upload(), 0 passed in /home/fadf4949/codeigniter/system/CodeIgniter.php on line 917 and exactly 1 expected
#0 /home/fadf4949/codeigniter/system/CodeIgniter.php(917): App\Controllers\ShareTarget->upload()
#1 /home/fadf4949/codeigniter/system/CodeIgniter.php(403): CodeIgniter\CodeIgniter->runController(Object(App\Controllers\ShareTarget))
#2 /home/fadf4949/codeigniter/system/CodeIgniter.php(311): CodeIgniter\CodeIgniter->handleRequest(NULL, Object(Config\Cache), false)
#3 /home/fadf4949/public_html/index.php(44): CodeIgniter\CodeIgniter->run()
#4 {main}
CRITICAL - 2020-08-26 05:42:40 --> Too few arguments to function App\Controllers\ShareTarget::upload(), 0 passed in /home/fadf4949/codeigniter/system/CodeIgniter.php on line 917 and exactly 1 expected
#0 /home/fadf4949/codeigniter/system/CodeIgniter.php(917): App\Controllers\ShareTarget->upload()
#1 /home/fadf4949/codeigniter/system/CodeIgniter.php(403): CodeIgniter\CodeIgniter->runController(Object(App\Controllers\ShareTarget))
#2 /home/fadf4949/codeigniter/system/CodeIgniter.php(311): CodeIgniter\CodeIgniter->handleRequest(NULL, Object(Config\Cache), false)
#3 /home/fadf4949/public_html/index.php(44): CodeIgniter\CodeIgniter->run()
#4 {main}
CRITICAL - 2020-08-26 05:42:43 --> Too few arguments to function App\Controllers\ShareTarget::upload(), 0 passed in /home/fadf4949/codeigniter/system/CodeIgniter.php on line 917 and exactly 1 expected
#0 /home/fadf4949/codeigniter/system/CodeIgniter.php(917): App\Controllers\ShareTarget->upload()
#1 /home/fadf4949/codeigniter/system/CodeIgniter.php(403): CodeIgniter\CodeIgniter->runController(Object(App\Controllers\ShareTarget))
#2 /home/fadf4949/codeigniter/system/CodeIgniter.php(311): CodeIgniter\CodeIgniter->handleRequest(NULL, Object(Config\Cache), false)
#3 /home/fadf4949/public_html/index.php(44): CodeIgniter\CodeIgniter->run()
#4 {main}
CRITICAL - 2020-08-26 05:42:45 --> Too few arguments to function App\Controllers\ShareTarget::upload(), 0 passed in /home/fadf4949/codeigniter/system/CodeIgniter.php on line 917 and exactly 1 expected
#0 /home/fadf4949/codeigniter/system/CodeIgniter.php(917): App\Controllers\ShareTarget->upload()
#1 /home/fadf4949/codeigniter/system/CodeIgniter.php(403): CodeIgniter\CodeIgniter->runController(Object(App\Controllers\ShareTarget))
#2 /home/fadf4949/codeigniter/system/CodeIgniter.php(311): CodeIgniter\CodeIgniter->handleRequest(NULL, Object(Config\Cache), false)
#3 /home/fadf4949/public_html/index.php(44): CodeIgniter\CodeIgniter->run()
#4 {main}
CRITICAL - 2020-08-26 05:42:45 --> Too few arguments to function App\Controllers\ShareTarget::upload(), 0 passed in /home/fadf4949/codeigniter/system/CodeIgniter.php on line 917 and exactly 1 expected
#0 /home/fadf4949/codeigniter/system/CodeIgniter.php(917): App\Controllers\ShareTarget->upload()
#1 /home/fadf4949/codeigniter/system/CodeIgniter.php(403): CodeIgniter\CodeIgniter->runController(Object(App\Controllers\ShareTarget))
#2 /home/fadf4949/codeigniter/system/CodeIgniter.php(311): CodeIgniter\CodeIgniter->handleRequest(NULL, Object(Config\Cache), false)
#3 /home/fadf4949/public_html/index.php(44): CodeIgniter\CodeIgniter->run()
#4 {main}
CRITICAL - 2020-08-26 05:42:46 --> Too few arguments to function App\Controllers\ShareTarget::upload(), 0 passed in /home/fadf4949/codeigniter/system/CodeIgniter.php on line 917 and exactly 1 expected
#0 /home/fadf4949/codeigniter/system/CodeIgniter.php(917): App\Controllers\ShareTarget->upload()
#1 /home/fadf4949/codeigniter/system/CodeIgniter.php(403): CodeIgniter\CodeIgniter->runController(Object(App\Controllers\ShareTarget))
#2 /home/fadf4949/codeigniter/system/CodeIgniter.php(311): CodeIgniter\CodeIgniter->handleRequest(NULL, Object(Config\Cache), false)
#3 /home/fadf4949/public_html/index.php(44): CodeIgniter\CodeIgniter->run()
#4 {main}
CRITICAL - 2020-08-26 05:42:54 --> Too few arguments to function App\Controllers\ShareTarget::upload(), 0 passed in /home/fadf4949/codeigniter/system/CodeIgniter.php on line 917 and exactly 1 expected
#0 /home/fadf4949/codeigniter/system/CodeIgniter.php(917): App\Controllers\ShareTarget->upload()
#1 /home/fadf4949/codeigniter/system/CodeIgniter.php(403): CodeIgniter\CodeIgniter->runController(Object(App\Controllers\ShareTarget))
#2 /home/fadf4949/codeigniter/system/CodeIgniter.php(311): CodeIgniter\CodeIgniter->handleRequest(NULL, Object(Config\Cache), false)
#3 /home/fadf4949/public_html/index.php(44): CodeIgniter\CodeIgniter->run()
#4 {main}
CRITICAL - 2020-08-26 05:44:58 --> Too few arguments to function App\Controllers\ShareTarget::upload(), 0 passed in /home/fadf4949/codeigniter/system/CodeIgniter.php on line 917 and exactly 1 expected
#0 /home/fadf4949/codeigniter/system/CodeIgniter.php(917): App\Controllers\ShareTarget->upload()
#1 /home/fadf4949/codeigniter/system/CodeIgniter.php(403): CodeIgniter\CodeIgniter->runController(Object(App\Controllers\ShareTarget))
#2 /home/fadf4949/codeigniter/system/CodeIgniter.php(311): CodeIgniter\CodeIgniter->handleRequest(NULL, Object(Config\Cache), false)
#3 /home/fadf4949/public_html/index.php(44): CodeIgniter\CodeIgniter->run()
#4 {main}
CRITICAL - 2020-08-26 05:50:49 --> Object of class CodeIgniter\Database\MySQLi\Result could not be converted to string
#0 /home/fadf4949/codeigniter/app/Controllers/ShareTarget.php(113): CodeIgniter\Debug\Exceptions->errorHandler(4096, 'Object of class...', '/home/fadf4949/...', 113, Array)
#1 /home/fadf4949/codeigniter/system/CodeIgniter.php(917): App\Controllers\ShareTarget->upload()
#2 /home/fadf4949/codeigniter/system/CodeIgniter.php(403): CodeIgniter\CodeIgniter->runController(Object(App\Controllers\ShareTarget))
#3 /home/fadf4949/codeigniter/system/CodeIgniter.php(311): CodeIgniter\CodeIgniter->handleRequest(NULL, Object(Config\Cache), false)
#4 /home/fadf4949/public_html/index.php(44): CodeIgniter\CodeIgniter->run()
#5 {main}
CRITICAL - 2020-08-26 05:54:07 --> Call to undefined method CodeIgniter\Database\MySQLi\Connection::getWhere()
#0 /home/fadf4949/codeigniter/system/CodeIgniter.php(917): App\Controllers\ShareTarget->upload()
#1 /home/fadf4949/codeigniter/system/CodeIgniter.php(403): CodeIgniter\CodeIgniter->runController(Object(App\Controllers\ShareTarget))
#2 /home/fadf4949/codeigniter/system/CodeIgniter.php(311): CodeIgniter\CodeIgniter->handleRequest(NULL, Object(Config\Cache), false)
#3 /home/fadf4949/public_html/index.php(44): CodeIgniter\CodeIgniter->run()
#4 {main}
CRITICAL - 2020-08-26 05:54:35 --> Object of class CodeIgniter\Database\MySQLi\Builder could not be converted to string
#0 [internal function]: CodeIgniter\Debug\Exceptions->errorHandler(4096, 'Object of class...', '/home/fadf4949/...', 443, Array)
#1 /home/fadf4949/codeigniter/system/Database/Query.php(443): strtr('SELECT *\nFROM `...', Array)
#2 /home/fadf4949/codeigniter/system/Database/Query.php(404): CodeIgniter\Database\Query->matchNamedBinds('SELECT *\nFROM `...', Array)
#3 /home/fadf4949/codeigniter/system/Database/Query.php(197): CodeIgniter\Database\Query->compileBinds()
#4 /home/fadf4949/codeigniter/system/Database/BaseConnection.php(680): CodeIgniter\Database\Query->getQuery()
#5 /home/fadf4949/codeigniter/system/Database/BaseBuilder.php(2018): CodeIgniter\Database\BaseConnection->query('SELECT *\nFROM `...', Array, false)
#6 /home/fadf4949/codeigniter/app/Controllers/ShareTarget.php(112): CodeIgniter\Database\BaseBuilder->getWhere(Array)
#7 /home/fadf4949/codeigniter/system/CodeIgniter.php(917): App\Controllers\ShareTarget->upload()
#8 /home/fadf4949/codeigniter/system/CodeIgniter.php(403): CodeIgniter\CodeIgniter->runController(Object(App\Controllers\ShareTarget))
#9 /home/fadf4949/codeigniter/system/CodeIgniter.php(311): CodeIgniter\CodeIgniter->handleRequest(NULL, Object(Config\Cache), false)
#10 /home/fadf4949/public_html/index.php(44): CodeIgniter\CodeIgniter->run()
#11 {main}
CRITICAL - 2020-08-26 05:54:43 --> Object of class CodeIgniter\Database\MySQLi\Builder could not be converted to string
#0 [internal function]: CodeIgniter\Debug\Exceptions->errorHandler(4096, 'Object of class...', '/home/fadf4949/...', 443, Array)
#1 /home/fadf4949/codeigniter/system/Database/Query.php(443): strtr('SELECT *\nFROM `...', Array)
#2 /home/fadf4949/codeigniter/system/Database/Query.php(404): CodeIgniter\Database\Query->matchNamedBinds('SELECT *\nFROM `...', Array)
#3 /home/fadf4949/codeigniter/system/Database/Query.php(197): CodeIgniter\Database\Query->compileBinds()
#4 /home/fadf4949/codeigniter/system/Database/BaseConnection.php(680): CodeIgniter\Database\Query->getQuery()
#5 /home/fadf4949/codeigniter/system/Database/BaseBuilder.php(2018): CodeIgniter\Database\BaseConnection->query('SELECT *\nFROM `...', Array, false)
#6 /home/fadf4949/codeigniter/app/Controllers/ShareTarget.php(112): CodeIgniter\Database\BaseBuilder->getWhere(Array)
#7 /home/fadf4949/codeigniter/system/CodeIgniter.php(917): App\Controllers\ShareTarget->upload()
#8 /home/fadf4949/codeigniter/system/CodeIgniter.php(403): CodeIgniter\CodeIgniter->runController(Object(App\Controllers\ShareTarget))
#9 /home/fadf4949/codeigniter/system/CodeIgniter.php(311): CodeIgniter\CodeIgniter->handleRequest(NULL, Object(Config\Cache), false)
#10 /home/fadf4949/public_html/index.php(44): CodeIgniter\CodeIgniter->run()
#11 {main}
CRITICAL - 2020-08-26 05:54:47 --> Object of class CodeIgniter\Database\MySQLi\Builder could not be converted to string
#0 [internal function]: CodeIgniter\Debug\Exceptions->errorHandler(4096, 'Object of class...', '/home/fadf4949/...', 443, Array)
#1 /home/fadf4949/codeigniter/system/Database/Query.php(443): strtr('SELECT *\nFROM `...', Array)
#2 /home/fadf4949/codeigniter/system/Database/Query.php(404): CodeIgniter\Database\Query->matchNamedBinds('SELECT *\nFROM `...', Array)
#3 /home/fadf4949/codeigniter/system/Database/Query.php(197): CodeIgniter\Database\Query->compileBinds()
#4 /home/fadf4949/codeigniter/system/Database/BaseConnection.php(680): CodeIgniter\Database\Query->getQuery()
#5 /home/fadf4949/codeigniter/system/Database/BaseBuilder.php(2018): CodeIgniter\Database\BaseConnection->query('SELECT *\nFROM `...', Array, false)
#6 /home/fadf4949/codeigniter/app/Controllers/ShareTarget.php(112): CodeIgniter\Database\BaseBuilder->getWhere(Array)
#7 /home/fadf4949/codeigniter/system/CodeIgniter.php(917): App\Controllers\ShareTarget->upload()
#8 /home/fadf4949/codeigniter/system/CodeIgniter.php(403): CodeIgniter\CodeIgniter->runController(Object(App\Controllers\ShareTarget))
#9 /home/fadf4949/codeigniter/system/CodeIgniter.php(311): CodeIgniter\CodeIgniter->handleRequest(NULL, Object(Config\Cache), false)
#10 /home/fadf4949/public_html/index.php(44): CodeIgniter\CodeIgniter->run()
#11 {main}
CRITICAL - 2020-08-26 05:55:15 --> Undefined variable: upload
#0 /home/fadf4949/codeigniter/app/Controllers/ShareTarget.php(111): CodeIgniter\Debug\Exceptions->errorHandler(8, 'Undefined varia...', '/home/fadf4949/...', 111, Array)
#1 /home/fadf4949/codeigniter/system/CodeIgniter.php(917): App\Controllers\ShareTarget->upload()
#2 /home/fadf4949/codeigniter/system/CodeIgniter.php(403): CodeIgniter\CodeIgniter->runController(Object(App\Controllers\ShareTarget))
#3 /home/fadf4949/codeigniter/system/CodeIgniter.php(311): CodeIgniter\CodeIgniter->handleRequest(NULL, Object(Config\Cache), false)
#4 /home/fadf4949/public_html/index.php(44): CodeIgniter\CodeIgniter->run()
#5 {main}
CRITICAL - 2020-08-26 05:55:30 --> Too few arguments to function App\Controllers\ShareTarget::upload(), 0 passed in /home/fadf4949/codeigniter/system/CodeIgniter.php on line 917 and exactly 1 expected
#0 /home/fadf4949/codeigniter/system/CodeIgniter.php(917): App\Controllers\ShareTarget->upload()
#1 /home/fadf4949/codeigniter/system/CodeIgniter.php(403): CodeIgniter\CodeIgniter->runController(Object(App\Controllers\ShareTarget))
#2 /home/fadf4949/codeigniter/system/CodeIgniter.php(311): CodeIgniter\CodeIgniter->handleRequest(NULL, Object(Config\Cache), false)
#3 /home/fadf4949/public_html/index.php(44): CodeIgniter\CodeIgniter->run()
#4 {main}
CRITICAL - 2020-08-26 05:55:41 --> Too few arguments to function App\Controllers\ShareTarget::upload(), 0 passed in /home/fadf4949/codeigniter/system/CodeIgniter.php on line 917 and exactly 1 expected
#0 /home/fadf4949/codeigniter/system/CodeIgniter.php(917): App\Controllers\ShareTarget->upload()
#1 /home/fadf4949/codeigniter/system/CodeIgniter.php(403): CodeIgniter\CodeIgniter->runController(Object(App\Controllers\ShareTarget))
#2 /home/fadf4949/codeigniter/system/CodeIgniter.php(311): CodeIgniter\CodeIgniter->handleRequest(NULL, Object(Config\Cache), false)
#3 /home/fadf4949/public_html/index.php(44): CodeIgniter\CodeIgniter->run()
#4 {main}
CRITICAL - 2020-08-26 05:55:55 --> Too few arguments to function App\Controllers\ShareTarget::upload(), 0 passed in /home/fadf4949/codeigniter/system/CodeIgniter.php on line 917 and exactly 1 expected
#0 /home/fadf4949/codeigniter/system/CodeIgniter.php(917): App\Controllers\ShareTarget->upload()
#1 /home/fadf4949/codeigniter/system/CodeIgniter.php(403): CodeIgniter\CodeIgniter->runController(Object(App\Controllers\ShareTarget))
#2 /home/fadf4949/codeigniter/system/CodeIgniter.php(311): CodeIgniter\CodeIgniter->handleRequest(NULL, Object(Config\Cache), false)
#3 /home/fadf4949/public_html/index.php(44): CodeIgniter\CodeIgniter->run()
#4 {main}
CRITICAL - 2020-08-26 05:56:14 --> Argument 2 passed to view() must be of the type array, object given, called in /home/fadf4949/codeigniter/app/Controllers/ShareTarget.php on line 114
#0 /home/fadf4949/codeigniter/app/Controllers/ShareTarget.php(114): view('shareTarget/for...', Object(CodeIgniter\Database\MySQLi\Result))
#1 /home/fadf4949/codeigniter/system/CodeIgniter.php(917): App\Controllers\ShareTarget->upload()
#2 /home/fadf4949/codeigniter/system/CodeIgniter.php(403): CodeIgniter\CodeIgniter->runController(Object(App\Controllers\ShareTarget))
#3 /home/fadf4949/codeigniter/system/CodeIgniter.php(311): CodeIgniter\CodeIgniter->handleRequest(NULL, Object(Config\Cache), false)
#4 /home/fadf4949/public_html/index.php(44): CodeIgniter\CodeIgniter->run()
#5 {main}
CRITICAL - 2020-08-26 05:56:39 --> Invalid file: shareTarget/formtambah.php
#0 /home/fadf4949/codeigniter/system/View/View.php(228): CodeIgniter\Exceptions\FrameworkException::forInvalidFile('shareTarget/for...')
#1 /home/fadf4949/codeigniter/system/Common.php(1087): CodeIgniter\View\View->render('shareTarget/for...', Array, true)
#2 /home/fadf4949/codeigniter/app/Controllers/ShareTarget.php(114): view('shareTarget/for...')
#3 /home/fadf4949/codeigniter/system/CodeIgniter.php(917): App\Controllers\ShareTarget->upload()
#4 /home/fadf4949/codeigniter/system/CodeIgniter.php(403): CodeIgniter\CodeIgniter->runController(Object(App\Controllers\ShareTarget))
#5 /home/fadf4949/codeigniter/system/CodeIgniter.php(311): CodeIgniter\CodeIgniter->handleRequest(NULL, Object(Config\Cache), false)
#6 /home/fadf4949/public_html/index.php(44): CodeIgniter\CodeIgniter->run()
#7 {main}
CRITICAL - 2020-08-26 05:57:44 --> Call to undefined function form_open()
#0 /home/fadf4949/codeigniter/system/View/View.php(246): include()
#1 /home/fadf4949/codeigniter/system/Common.php(1087): CodeIgniter\View\View->render('viewFormTambah', Array, true)
#2 /home/fadf4949/codeigniter/app/Controllers/ShareTarget.php(112): view('viewFormTambah')
#3 /home/fadf4949/codeigniter/system/CodeIgniter.php(917): App\Controllers\ShareTarget->upload()
#4 /home/fadf4949/codeigniter/system/CodeIgniter.php(403): CodeIgniter\CodeIgniter->runController(Object(App\Controllers\ShareTarget))
#5 /home/fadf4949/codeigniter/system/CodeIgniter.php(311): CodeIgniter\CodeIgniter->handleRequest(NULL, Object(Config\Cache), false)
#6 /home/fadf4949/public_html/index.php(44): CodeIgniter\CodeIgniter->run()
#7 {main}
CRITICAL - 2020-08-26 05:58:44 --> Argument 2 passed to view() must be of the type array, object given, called in /home/fadf4949/codeigniter/app/Controllers/ShareTarget.php on line 114
#0 /home/fadf4949/codeigniter/app/Controllers/ShareTarget.php(114): view('viewFormTambah', Object(CodeIgniter\Database\MySQLi\Result))
#1 /home/fadf4949/codeigniter/system/CodeIgniter.php(917): App\Controllers\ShareTarget->upload()
#2 /home/fadf4949/codeigniter/system/CodeIgniter.php(403): CodeIgniter\CodeIgniter->runController(Object(App\Controllers\ShareTarget))
#3 /home/fadf4949/codeigniter/system/CodeIgniter.php(311): CodeIgniter\CodeIgniter->handleRequest(NULL, Object(Config\Cache), false)
#4 /home/fadf4949/public_html/index.php(44): CodeIgniter\CodeIgniter->run()
#5 {main}
CRITICAL - 2020-08-26 05:58:56 --> Argument 2 passed to view() must be of the type array, object given, called in /home/fadf4949/codeigniter/app/Controllers/ShareTarget.php on line 114
#0 /home/fadf4949/codeigniter/app/Controllers/ShareTarget.php(114): view('viewFormTambah', Object(CodeIgniter\Database\MySQLi\Result))
#1 /home/fadf4949/codeigniter/system/CodeIgniter.php(917): App\Controllers\ShareTarget->upload()
#2 /home/fadf4949/codeigniter/system/CodeIgniter.php(403): CodeIgniter\CodeIgniter->runController(Object(App\Controllers\ShareTarget))
#3 /home/fadf4949/codeigniter/system/CodeIgniter.php(311): CodeIgniter\CodeIgniter->handleRequest(NULL, Object(Config\Cache), false)
#4 /home/fadf4949/public_html/index.php(44): CodeIgniter\CodeIgniter->run()
#5 {main}
CRITICAL - 2020-08-26 05:58:58 --> Argument 2 passed to view() must be of the type array, object given, called in /home/fadf4949/codeigniter/app/Controllers/ShareTarget.php on line 114
#0 /home/fadf4949/codeigniter/app/Controllers/ShareTarget.php(114): view('viewFormTambah', Object(CodeIgniter\Database\MySQLi\Result))
#1 /home/fadf4949/codeigniter/system/CodeIgniter.php(917): App\Controllers\ShareTarget->upload()
#2 /home/fadf4949/codeigniter/system/CodeIgniter.php(403): CodeIgniter\CodeIgniter->runController(Object(App\Controllers\ShareTarget))
#3 /home/fadf4949/codeigniter/system/CodeIgniter.php(311): CodeIgniter\CodeIgniter->handleRequest(NULL, Object(Config\Cache), false)
#4 /home/fadf4949/public_html/index.php(44): CodeIgniter\CodeIgniter->run()
#5 {main}
CRITICAL - 2020-08-26 05:59:03 --> Argument 2 passed to view() must be of the type array, object given, called in /home/fadf4949/codeigniter/app/Controllers/ShareTarget.php on line 114
#0 /home/fadf4949/codeigniter/app/Controllers/ShareTarget.php(114): view('viewFormTambah', Object(CodeIgniter\Database\MySQLi\Result))
#1 /home/fadf4949/codeigniter/system/CodeIgniter.php(917): App\Controllers\ShareTarget->upload()
#2 /home/fadf4949/codeigniter/system/CodeIgniter.php(403): CodeIgniter\CodeIgniter->runController(Object(App\Controllers\ShareTarget))
#3 /home/fadf4949/codeigniter/system/CodeIgniter.php(311): CodeIgniter\CodeIgniter->handleRequest(NULL, Object(Config\Cache), false)
#4 /home/fadf4949/public_html/index.php(44): CodeIgniter\CodeIgniter->run()
#5 {main}
CRITICAL - 2020-08-26 06:00:04 --> Argument 2 passed to view() must be of the type array, object given, called in /home/fadf4949/codeigniter/app/Controllers/ShareTarget.php on line 114
#0 /home/fadf4949/codeigniter/app/Controllers/ShareTarget.php(114): view('viewFormTambah', Object(CodeIgniter\Database\MySQLi\Result))
#1 /home/fadf4949/codeigniter/system/CodeIgniter.php(917): App\Controllers\ShareTarget->upload()
#2 /home/fadf4949/codeigniter/system/CodeIgniter.php(403): CodeIgniter\CodeIgniter->runController(Object(App\Controllers\ShareTarget))
#3 /home/fadf4949/codeigniter/system/CodeIgniter.php(311): CodeIgniter\CodeIgniter->handleRequest(NULL, Object(Config\Cache), false)
#4 /home/fadf4949/public_html/index.php(44): CodeIgniter\CodeIgniter->run()
#5 {main}
CRITICAL - 2020-08-26 20:58:19 --> Argument 2 passed to view() must be of the type array, object given, called in /home/fadf4949/codeigniter/app/Controllers/ShareTarget.php on line 114
#0 /home/fadf4949/codeigniter/app/Controllers/ShareTarget.php(114): view('viewFormTambah', Object(CodeIgniter\Database\MySQLi\Result))
#1 /home/fadf4949/codeigniter/system/CodeIgniter.php(917): App\Controllers\ShareTarget->upload()
#2 /home/fadf4949/codeigniter/system/CodeIgniter.php(403): CodeIgniter\CodeIgniter->runController(Object(App\Controllers\ShareTarget))
#3 /home/fadf4949/codeigniter/system/CodeIgniter.php(311): CodeIgniter\CodeIgniter->handleRequest(NULL, Object(Config\Cache), false)
#4 /home/fadf4949/public_html/index.php(44): CodeIgniter\CodeIgniter->run()
#5 {main}
CRITICAL - 2020-08-26 20:58:22 --> Undefined variable: crud
#0 /home/fadf4949/codeigniter/app/Views/shareView.php(2): CodeIgniter\Debug\Exceptions->errorHandler(8, 'Undefined varia...', '/home/fadf4949/...', 2, Array)
#1 /home/fadf4949/codeigniter/system/View/View.php(246): include('/home/fadf4949/...')
#2 /home/fadf4949/codeigniter/system/Common.php(1087): CodeIgniter\View\View->render('shareView', Array, true)
#3 /home/fadf4949/codeigniter/app/Controllers/ShareTarget.php(21): view('shareView', Array)
#4 /home/fadf4949/codeigniter/system/CodeIgniter.php(917): App\Controllers\ShareTarget->index()
#5 /home/fadf4949/codeigniter/system/CodeIgniter.php(403): CodeIgniter\CodeIgniter->runController(Object(App\Controllers\ShareTarget))
#6 /home/fadf4949/codeigniter/system/CodeIgniter.php(311): CodeIgniter\CodeIgniter->handleRequest(NULL, Object(Config\Cache), false)
#7 /home/fadf4949/public_html/index.php(44): CodeIgniter\CodeIgniter->run()
#8 {main}
CRITICAL - 2020-08-26 20:59:02 --> Undefined variable: crud
#0 /home/fadf4949/codeigniter/app/Views/shareView.php(2): CodeIgniter\Debug\Exceptions->errorHandler(8, 'Undefined varia...', '/home/fadf4949/...', 2, Array)
#1 /home/fadf4949/codeigniter/system/View/View.php(246): include('/home/fadf4949/...')
#2 /home/fadf4949/codeigniter/system/Common.php(1087): CodeIgniter\View\View->render('shareView', Array, true)
#3 /home/fadf4949/codeigniter/app/Controllers/ShareTarget.php(21): view('shareView', Array)
#4 /home/fadf4949/codeigniter/system/CodeIgniter.php(917): App\Controllers\ShareTarget->index()
#5 /home/fadf4949/codeigniter/system/CodeIgniter.php(403): CodeIgniter\CodeIgniter->runController(Object(App\Controllers\ShareTarget))
#6 /home/fadf4949/codeigniter/system/CodeIgniter.php(311): CodeIgniter\CodeIgniter->handleRequest(NULL, Object(Config\Cache), false)
#7 /home/fadf4949/public_html/index.php(44): CodeIgniter\CodeIgniter->run()
#8 {main}
CRITICAL - 2020-08-26 21:28:31 --> Undefined index: mathcaptcha_answer
#0 /home/fadf4949/codeigniter/app/Controllers/Login.php(41): CodeIgniter\Debug\Exceptions->errorHandler(8, 'Undefined index...', '/home/fadf4949/...', 41, Array)
#1 /home/fadf4949/codeigniter/system/CodeIgniter.php(917): App\Controllers\Login->index()
#2 /home/fadf4949/codeigniter/system/CodeIgniter.php(403): CodeIgniter\CodeIgniter->runController(Object(App\Controllers\Login))
#3 /home/fadf4949/codeigniter/system/CodeIgniter.php(311): CodeIgniter\CodeIgniter->handleRequest(NULL, Object(Config\Cache), false)
#4 /home/fadf4949/public_html/index.php(44): CodeIgniter\CodeIgniter->run()
#5 {main}
CRITICAL - 2020-08-26 23:26:04 --> The original file is not a valid file.
#0 /home/fadf4949/codeigniter/system/HTTP/Files/UploadedFile.php(172): CodeIgniter\HTTP\Exceptions\HTTPException::forInvalidFile()
#1 /home/fadf4949/codeigniter/app/Controllers/ShareTarget.php(57): CodeIgniter\HTTP\Files\UploadedFile->move('assets/uploads/...')
#2 /home/fadf4949/codeigniter/system/CodeIgniter.php(917): App\Controllers\ShareTarget->simpandata()
#3 /home/fadf4949/codeigniter/system/CodeIgniter.php(403): CodeIgniter\CodeIgniter->runController(Object(App\Controllers\ShareTarget))
#4 /home/fadf4949/codeigniter/system/CodeIgniter.php(311): CodeIgniter\CodeIgniter->handleRequest(NULL, Object(Config\Cache), false)
#5 /home/fadf4949/public_html/index.php(44): CodeIgniter\CodeIgniter->run()
#6 {main}
