CRITICAL - 2020-08-27 02:31:42 --> Argument 2 passed to view() must be of the type array, object given, called in /home/fadf4949/codeigniter/app/Controllers/ShareTarget.php on line 114
#0 /home/fadf4949/codeigniter/app/Controllers/ShareTarget.php(114): view('viewFormTambah', Object(CodeIgniter\Database\MySQLi\Result))
#1 /home/fadf4949/codeigniter/system/CodeIgniter.php(917): App\Controllers\ShareTarget->upload()
#2 /home/fadf4949/codeigniter/system/CodeIgniter.php(403): CodeIgniter\CodeIgniter->runController(Object(App\Controllers\ShareTarget))
#3 /home/fadf4949/codeigniter/system/CodeIgniter.php(311): CodeIgniter\CodeIgniter->handleRequest(NULL, Object(Config\Cache), false)
#4 /home/fadf4949/public_html/index.php(44): CodeIgniter\CodeIgniter->run()
#5 {main}
CRITICAL - 2020-08-27 03:54:11 --> Undefined index: mathcaptcha_answer
#0 /home/fadf4949/codeigniter/app/Controllers/Login.php(41): CodeIgniter\Debug\Exceptions->errorHandler(8, 'Undefined index...', '/home/fadf4949/...', 41, Array)
#1 /home/fadf4949/codeigniter/system/CodeIgniter.php(917): App\Controllers\Login->index()
#2 /home/fadf4949/codeigniter/system/CodeIgniter.php(403): CodeIgniter\CodeIgniter->runController(Object(App\Controllers\Login))
#3 /home/fadf4949/codeigniter/system/CodeIgniter.php(311): CodeIgniter\CodeIgniter->handleRequest(NULL, Object(Config\Cache), false)
#4 /home/fadf4949/public_html/index.php(44): CodeIgniter\CodeIgniter->run()
#5 {main}
CRITICAL - 2020-08-27 03:54:13 --> Undefined index: mathcaptcha_answer
#0 /home/fadf4949/codeigniter/app/Controllers/Login.php(41): CodeIgniter\Debug\Exceptions->errorHandler(8, 'Undefined index...', '/home/fadf4949/...', 41, Array)
#1 /home/fadf4949/codeigniter/system/CodeIgniter.php(917): App\Controllers\Login->index()
#2 /home/fadf4949/codeigniter/system/CodeIgniter.php(403): CodeIgniter\CodeIgniter->runController(Object(App\Controllers\Login))
#3 /home/fadf4949/codeigniter/system/CodeIgniter.php(311): CodeIgniter\CodeIgniter->handleRequest(NULL, Object(Config\Cache), false)
#4 /home/fadf4949/public_html/index.php(44): CodeIgniter\CodeIgniter->run()
#5 {main}
CRITICAL - 2020-08-27 21:55:38 --> The original file is not a valid file.
#0 /home/fadf4949/codeigniter/system/HTTP/Files/UploadedFile.php(172): CodeIgniter\HTTP\Exceptions\HTTPException::forInvalidFile()
#1 /home/fadf4949/codeigniter/app/Controllers/ShareTarget.php(57): CodeIgniter\HTTP\Files\UploadedFile->move('assets/uploads/...')
#2 /home/fadf4949/codeigniter/system/CodeIgniter.php(917): App\Controllers\ShareTarget->simpandata()
#3 /home/fadf4949/codeigniter/system/CodeIgniter.php(403): CodeIgniter\CodeIgniter->runController(Object(App\Controllers\ShareTarget))
#4 /home/fadf4949/codeigniter/system/CodeIgniter.php(311): CodeIgniter\CodeIgniter->handleRequest(NULL, Object(Config\Cache), false)
#5 /home/fadf4949/public_html/index.php(44): CodeIgniter\CodeIgniter->run()
#6 {main}
CRITICAL - 2020-08-27 21:56:38 --> The original file is not a valid file.
#0 /home/fadf4949/codeigniter/system/HTTP/Files/UploadedFile.php(172): CodeIgniter\HTTP\Exceptions\HTTPException::forInvalidFile()
#1 /home/fadf4949/codeigniter/app/Controllers/ShareTarget.php(57): CodeIgniter\HTTP\Files\UploadedFile->move('assets/uploads/...')
#2 /home/fadf4949/codeigniter/system/CodeIgniter.php(917): App\Controllers\ShareTarget->simpandata()
#3 /home/fadf4949/codeigniter/system/CodeIgniter.php(403): CodeIgniter\CodeIgniter->runController(Object(App\Controllers\ShareTarget))
#4 /home/fadf4949/codeigniter/system/CodeIgniter.php(311): CodeIgniter\CodeIgniter->handleRequest(NULL, Object(Config\Cache), false)
#5 /home/fadf4949/public_html/index.php(44): CodeIgniter\CodeIgniter->run()
#6 {main}
CRITICAL - 2020-08-27 21:57:44 --> The original file is not a valid file.
#0 /home/fadf4949/codeigniter/system/HTTP/Files/UploadedFile.php(172): CodeIgniter\HTTP\Exceptions\HTTPException::forInvalidFile()
#1 /home/fadf4949/codeigniter/app/Controllers/ShareTarget.php(57): CodeIgniter\HTTP\Files\UploadedFile->move('assets/uploads/...')
#2 /home/fadf4949/codeigniter/system/CodeIgniter.php(917): App\Controllers\ShareTarget->simpandata()
#3 /home/fadf4949/codeigniter/system/CodeIgniter.php(403): CodeIgniter\CodeIgniter->runController(Object(App\Controllers\ShareTarget))
#4 /home/fadf4949/codeigniter/system/CodeIgniter.php(311): CodeIgniter\CodeIgniter->handleRequest(NULL, Object(Config\Cache), false)
#5 /home/fadf4949/public_html/index.php(44): CodeIgniter\CodeIgniter->run()
#6 {main}
