CRITICAL - 2021-04-17 10:44:17 --> Undefined property: App\Controllers\Users::$load
#0 C:\xampp\htdocs\SCR\app\Controllers\Users.php(6): CodeIgniter\Debug\Exceptions->errorHandler(8, 'Undefined prope...', 'C:\\xampp\\htdocs...', 6, Array)
#1 C:\xampp\htdocs\SCR\system\CodeIgniter.php(889): App\Controllers\Users->__construct()
#2 C:\xampp\htdocs\SCR\system\CodeIgniter.php(398): CodeIgniter\CodeIgniter->createController()
#3 C:\xampp\htdocs\SCR\system\CodeIgniter.php(311): CodeIgniter\CodeIgniter->handleRequest(NULL, Object(Config\Cache), false)
#4 C:\xampp\htdocs\SCR\public\index.php(44): CodeIgniter\CodeIgniter->run()
#5 {main}
CRITICAL - 2021-04-17 13:12:37 --> include(C:\xampp\htdocs\SCR\app\Libraries/_GroceryCrudEnterprise/autoload.php): failed to open stream: No such file or directory
#0 C:\xampp\htdocs\SCR\app\Controllers\BaseController.php(4): CodeIgniter\Debug\Exceptions->errorHandler(2, 'include(C:\\xamp...', 'C:\\xampp\\htdocs...', 4, Array)
#1 C:\xampp\htdocs\SCR\app\Controllers\BaseController.php(4): include()
#2 C:\xampp\htdocs\SCR\system\Autoloader\Autoloader.php(365): require_once('C:\\xampp\\htdocs...')
#3 C:\xampp\htdocs\SCR\system\Autoloader\Autoloader.php(296): CodeIgniter\Autoloader\Autoloader->requireFile('C:\\xampp\\htdocs...')
#4 C:\xampp\htdocs\SCR\system\Autoloader\Autoloader.php(258): CodeIgniter\Autoloader\Autoloader->loadInNamespace('App\\Controllers...')
#5 [internal function]: CodeIgniter\Autoloader\Autoloader->loadClass('App\\Controllers...')
#6 C:\xampp\htdocs\SCR\app\Controllers\Users.php(2): spl_autoload_call('App\\Controllers...')
#7 C:\xampp\htdocs\SCR\system\Router\Router.php(578): include_once('C:\\xampp\\htdocs...')
#8 C:\xampp\htdocs\SCR\system\Router\Router.php(192): CodeIgniter\Router\Router->autoRoute('users')
#9 C:\xampp\htdocs\SCR\system\CodeIgniter.php(792): CodeIgniter\Router\Router->handle('users')
#10 C:\xampp\htdocs\SCR\system\CodeIgniter.php(363): CodeIgniter\CodeIgniter->tryToRouteIt(Object(CodeIgniter\Router\RouteCollection))
#11 C:\xampp\htdocs\SCR\system\CodeIgniter.php(311): CodeIgniter\CodeIgniter->handleRequest(NULL, Object(Config\Cache), false)
#12 C:\xampp\htdocs\SCR\public\index.php(44): CodeIgniter\CodeIgniter->run()
#13 {main}
CRITICAL - 2021-04-17 13:15:59 --> Undefined variable: c
#0 C:\xampp\htdocs\SCR\app\Controllers\Users.php(14): CodeIgniter\Debug\Exceptions->errorHandler(8, 'Undefined varia...', 'C:\\xampp\\htdocs...', 14, Array)
#1 C:\xampp\htdocs\SCR\system\CodeIgniter.php(917): App\Controllers\Users->index()
#2 C:\xampp\htdocs\SCR\system\CodeIgniter.php(403): CodeIgniter\CodeIgniter->runController(Object(App\Controllers\Users))
#3 C:\xampp\htdocs\SCR\system\CodeIgniter.php(311): CodeIgniter\CodeIgniter->handleRequest(NULL, Object(Config\Cache), false)
#4 C:\xampp\htdocs\SCR\public\index.php(44): CodeIgniter\CodeIgniter->run()
#5 {main}
CRITICAL - 2021-04-17 13:17:27 --> Declaration of App\Controllers\Users::_example_output($output = NULL) should be compatible with App\Controllers\BaseController::_example_output($output = NULL, $o = NULL)
#0 C:\xampp\htdocs\SCR\app\Controllers\Users.php(4): CodeIgniter\Debug\Exceptions->errorHandler(2, 'Declaration of ...', 'C:\\xampp\\htdocs...', 84, Array)
#1 C:\xampp\htdocs\SCR\system\Router\Router.php(578): include_once('C:\\xampp\\htdocs...')
#2 C:\xampp\htdocs\SCR\system\Router\Router.php(192): CodeIgniter\Router\Router->autoRoute('users')
#3 C:\xampp\htdocs\SCR\system\CodeIgniter.php(792): CodeIgniter\Router\Router->handle('users')
#4 C:\xampp\htdocs\SCR\system\CodeIgniter.php(363): CodeIgniter\CodeIgniter->tryToRouteIt(Object(CodeIgniter\Router\RouteCollection))
#5 C:\xampp\htdocs\SCR\system\CodeIgniter.php(311): CodeIgniter\CodeIgniter->handleRequest(NULL, Object(Config\Cache), false)
#6 C:\xampp\htdocs\SCR\public\index.php(44): CodeIgniter\CodeIgniter->run()
#7 {main}
CRITICAL - 2021-04-17 13:27:46 --> Class 'App\Libraries\GroceryCrud' not found
#0 C:\xampp\htdocs\SCR\system\CodeIgniter.php(917): App\Controllers\Users->users_management()
#1 C:\xampp\htdocs\SCR\system\CodeIgniter.php(403): CodeIgniter\CodeIgniter->runController(Object(App\Controllers\Users))
#2 C:\xampp\htdocs\SCR\system\CodeIgniter.php(311): CodeIgniter\CodeIgniter->handleRequest(NULL, Object(Config\Cache), false)
#3 C:\xampp\htdocs\SCR\public\index.php(44): CodeIgniter\CodeIgniter->run()
#4 {main}
CRITICAL - 2021-04-17 13:28:37 --> include(assets/grocery_crud/languages/english.php): failed to open stream: No such file or directory
#0 C:\xampp\htdocs\SCR\app\Libraries\GroceryCrud.php(4230): CodeIgniter\Debug\Exceptions->errorHandler(2, 'include(assets/...', 'C:\\xampp\\htdocs...', 4230, Array)
#1 C:\xampp\htdocs\SCR\app\Libraries\GroceryCrud.php(4230): include()
#2 C:\xampp\htdocs\SCR\app\Libraries\GroceryCrud.php(4658): App\Libraries\GroceryCrud->_load_language()
#3 C:\xampp\htdocs\SCR\app\Libraries\GroceryCrud.php(4681): App\Libraries\GroceryCrud->pre_render()
#4 C:\xampp\htdocs\SCR\app\Controllers\Users.php(84): App\Libraries\GroceryCrud->render()
#5 C:\xampp\htdocs\SCR\system\CodeIgniter.php(917): App\Controllers\Users->users_management()
#6 C:\xampp\htdocs\SCR\system\CodeIgniter.php(403): CodeIgniter\CodeIgniter->runController(Object(App\Controllers\Users))
#7 C:\xampp\htdocs\SCR\system\CodeIgniter.php(311): CodeIgniter\CodeIgniter->handleRequest(NULL, Object(Config\Cache), false)
#8 C:\xampp\htdocs\SCR\public\index.php(44): CodeIgniter\CodeIgniter->run()
#9 {main}
CRITICAL - 2021-04-17 13:30:37 --> include(assets/grocery_crud/themes/tablestrap/config.php): failed to open stream: No such file or directory
#0 C:\xampp\htdocs\SCR\app\Libraries\GroceryCrud.php(3011): CodeIgniter\Debug\Exceptions->errorHandler(2, 'include(assets/...', 'C:\\xampp\\htdocs...', 3011, Array)
#1 C:\xampp\htdocs\SCR\app\Libraries\GroceryCrud.php(3011): include()
#2 C:\xampp\htdocs\SCR\app\Libraries\GroceryCrud.php(4704): App\Libraries\grocery_CRUD_Layout->setThemeBasics()
#3 C:\xampp\htdocs\SCR\app\Controllers\Users.php(84): App\Libraries\GroceryCrud->render()
#4 C:\xampp\htdocs\SCR\system\CodeIgniter.php(917): App\Controllers\Users->users_management()
#5 C:\xampp\htdocs\SCR\system\CodeIgniter.php(403): CodeIgniter\CodeIgniter->runController(Object(App\Controllers\Users))
#6 C:\xampp\htdocs\SCR\system\CodeIgniter.php(311): CodeIgniter\CodeIgniter->handleRequest(NULL, Object(Config\Cache), false)
#7 C:\xampp\htdocs\SCR\public\index.php(44): CodeIgniter\CodeIgniter->run()
#8 {main}
CRITICAL - 2021-04-17 13:30:45 --> include(assets/grocery_crud/themes/tablestrap/config.php): failed to open stream: No such file or directory
#0 C:\xampp\htdocs\SCR\app\Libraries\GroceryCrud.php(3011): CodeIgniter\Debug\Exceptions->errorHandler(2, 'include(assets/...', 'C:\\xampp\\htdocs...', 3011, Array)
#1 C:\xampp\htdocs\SCR\app\Libraries\GroceryCrud.php(3011): include()
#2 C:\xampp\htdocs\SCR\app\Libraries\GroceryCrud.php(4704): App\Libraries\grocery_CRUD_Layout->setThemeBasics()
#3 C:\xampp\htdocs\SCR\app\Controllers\Users.php(84): App\Libraries\GroceryCrud->render()
#4 C:\xampp\htdocs\SCR\system\CodeIgniter.php(917): App\Controllers\Users->users_management()
#5 C:\xampp\htdocs\SCR\system\CodeIgniter.php(403): CodeIgniter\CodeIgniter->runController(Object(App\Controllers\Users))
#6 C:\xampp\htdocs\SCR\system\CodeIgniter.php(311): CodeIgniter\CodeIgniter->handleRequest(NULL, Object(Config\Cache), false)
#7 C:\xampp\htdocs\SCR\public\index.php(44): CodeIgniter\CodeIgniter->run()
#8 {main}
CRITICAL - 2021-04-17 13:31:18 --> include(assets/grocery_crud/themes/tablestrap/config.php): failed to open stream: No such file or directory
#0 C:\xampp\htdocs\SCR\app\Libraries\GroceryCrud.php(3011): CodeIgniter\Debug\Exceptions->errorHandler(2, 'include(assets/...', 'C:\\xampp\\htdocs...', 3011, Array)
#1 C:\xampp\htdocs\SCR\app\Libraries\GroceryCrud.php(3011): include()
#2 C:\xampp\htdocs\SCR\app\Libraries\GroceryCrud.php(4704): App\Libraries\grocery_CRUD_Layout->setThemeBasics()
#3 C:\xampp\htdocs\SCR\app\Controllers\Users.php(84): App\Libraries\GroceryCrud->render()
#4 C:\xampp\htdocs\SCR\system\CodeIgniter.php(917): App\Controllers\Users->users_management()
#5 C:\xampp\htdocs\SCR\system\CodeIgniter.php(403): CodeIgniter\CodeIgniter->runController(Object(App\Controllers\Users))
#6 C:\xampp\htdocs\SCR\system\CodeIgniter.php(311): CodeIgniter\CodeIgniter->handleRequest(NULL, Object(Config\Cache), false)
#7 C:\xampp\htdocs\SCR\public\index.php(44): CodeIgniter\CodeIgniter->run()
#8 {main}
CRITICAL - 2021-04-17 13:31:20 --> include(assets/grocery_crud/themes/tablestrap/config.php): failed to open stream: No such file or directory
#0 C:\xampp\htdocs\SCR\app\Libraries\GroceryCrud.php(3011): CodeIgniter\Debug\Exceptions->errorHandler(2, 'include(assets/...', 'C:\\xampp\\htdocs...', 3011, Array)
#1 C:\xampp\htdocs\SCR\app\Libraries\GroceryCrud.php(3011): include()
#2 C:\xampp\htdocs\SCR\app\Libraries\GroceryCrud.php(4704): App\Libraries\grocery_CRUD_Layout->setThemeBasics()
#3 C:\xampp\htdocs\SCR\app\Controllers\Users.php(84): App\Libraries\GroceryCrud->render()
#4 C:\xampp\htdocs\SCR\system\CodeIgniter.php(917): App\Controllers\Users->users_management()
#5 C:\xampp\htdocs\SCR\system\CodeIgniter.php(403): CodeIgniter\CodeIgniter->runController(Object(App\Controllers\Users))
#6 C:\xampp\htdocs\SCR\system\CodeIgniter.php(311): CodeIgniter\CodeIgniter->handleRequest(NULL, Object(Config\Cache), false)
#7 C:\xampp\htdocs\SCR\public\index.php(44): CodeIgniter\CodeIgniter->run()
#8 {main}
CRITICAL - 2021-04-17 13:31:24 --> include(assets/grocery_crud/themes/tablestrap/config.php): failed to open stream: No such file or directory
#0 C:\xampp\htdocs\SCR\app\Libraries\GroceryCrud.php(3011): CodeIgniter\Debug\Exceptions->errorHandler(2, 'include(assets/...', 'C:\\xampp\\htdocs...', 3011, Array)
#1 C:\xampp\htdocs\SCR\app\Libraries\GroceryCrud.php(3011): include()
#2 C:\xampp\htdocs\SCR\app\Libraries\GroceryCrud.php(4704): App\Libraries\grocery_CRUD_Layout->setThemeBasics()
#3 C:\xampp\htdocs\SCR\app\Controllers\Users.php(84): App\Libraries\GroceryCrud->render()
#4 C:\xampp\htdocs\SCR\system\CodeIgniter.php(917): App\Controllers\Users->users_management()
#5 C:\xampp\htdocs\SCR\system\CodeIgniter.php(403): CodeIgniter\CodeIgniter->runController(Object(App\Controllers\Users))
#6 C:\xampp\htdocs\SCR\system\CodeIgniter.php(311): CodeIgniter\CodeIgniter->handleRequest(NULL, Object(Config\Cache), false)
#7 C:\xampp\htdocs\SCR\public\index.php(44): CodeIgniter\CodeIgniter->run()
#8 {main}
CRITICAL - 2021-04-17 13:31:37 --> include(assets/grocery_crud/themes/tablestrap/config.php): failed to open stream: No such file or directory
#0 C:\xampp\htdocs\SCR\app\Libraries\GroceryCrud.php(3011): CodeIgniter\Debug\Exceptions->errorHandler(2, 'include(assets/...', 'C:\\xampp\\htdocs...', 3011, Array)
#1 C:\xampp\htdocs\SCR\app\Libraries\GroceryCrud.php(3011): include()
#2 C:\xampp\htdocs\SCR\app\Libraries\GroceryCrud.php(4704): App\Libraries\grocery_CRUD_Layout->setThemeBasics()
#3 C:\xampp\htdocs\SCR\app\Controllers\Users.php(84): App\Libraries\GroceryCrud->render()
#4 C:\xampp\htdocs\SCR\system\CodeIgniter.php(917): App\Controllers\Users->users_management()
#5 C:\xampp\htdocs\SCR\system\CodeIgniter.php(403): CodeIgniter\CodeIgniter->runController(Object(App\Controllers\Users))
#6 C:\xampp\htdocs\SCR\system\CodeIgniter.php(311): CodeIgniter\CodeIgniter->handleRequest(NULL, Object(Config\Cache), false)
#7 C:\xampp\htdocs\SCR\public\index.php(44): CodeIgniter\CodeIgniter->run()
#8 {main}
CRITICAL - 2021-04-17 13:31:55 --> include(assets/grocery_crud/themes/tablestrap/config.php): failed to open stream: No such file or directory
#0 C:\xampp\htdocs\SCR\app\Libraries\GroceryCrud.php(3011): CodeIgniter\Debug\Exceptions->errorHandler(2, 'include(assets/...', 'C:\\xampp\\htdocs...', 3011, Array)
#1 C:\xampp\htdocs\SCR\app\Libraries\GroceryCrud.php(3011): include()
#2 C:\xampp\htdocs\SCR\app\Libraries\GroceryCrud.php(4704): App\Libraries\grocery_CRUD_Layout->setThemeBasics()
#3 C:\xampp\htdocs\SCR\app\Controllers\Users.php(84): App\Libraries\GroceryCrud->render()
#4 C:\xampp\htdocs\SCR\system\CodeIgniter.php(917): App\Controllers\Users->users_management()
#5 C:\xampp\htdocs\SCR\system\CodeIgniter.php(403): CodeIgniter\CodeIgniter->runController(Object(App\Controllers\Users))
#6 C:\xampp\htdocs\SCR\system\CodeIgniter.php(311): CodeIgniter\CodeIgniter->handleRequest(NULL, Object(Config\Cache), false)
#7 C:\xampp\htdocs\SCR\public\index.php(44): CodeIgniter\CodeIgniter->run()
#8 {main}
CRITICAL - 2021-04-17 13:39:35 --> Undefined variable: crud
#0 C:\xampp\htdocs\SCR\app\Views\kuesioner.php(2): CodeIgniter\Debug\Exceptions->errorHandler(8, 'Undefined varia...', 'C:\\xampp\\htdocs...', 2, Array)
#1 C:\xampp\htdocs\SCR\system\View\View.php(246): include('C:\\xampp\\htdocs...')
#2 C:\xampp\htdocs\SCR\system\Common.php(1087): CodeIgniter\View\View->render('kuesioner', Array, true)
#3 C:\xampp\htdocs\SCR\app\Controllers\Users.php(93): view('kuesioner', Array)
#4 C:\xampp\htdocs\SCR\app\Controllers\Users.php(78): App\Controllers\Users->_exampleOutput(Object(GroceryCrud\Core\Render\RenderAbstract))
#5 C:\xampp\htdocs\SCR\system\CodeIgniter.php(917): App\Controllers\Users->index()
#6 C:\xampp\htdocs\SCR\system\CodeIgniter.php(403): CodeIgniter\CodeIgniter->runController(Object(App\Controllers\Users))
#7 C:\xampp\htdocs\SCR\system\CodeIgniter.php(311): CodeIgniter\CodeIgniter->handleRequest(NULL, Object(Config\Cache), false)
#8 C:\xampp\htdocs\SCR\public\index.php(44): CodeIgniter\CodeIgniter->run()
#9 {main}
CRITICAL - 2021-04-17 13:39:49 --> Undefined variable: crud
#0 C:\xampp\htdocs\SCR\app\Views\kuesioner.php(2): CodeIgniter\Debug\Exceptions->errorHandler(8, 'Undefined varia...', 'C:\\xampp\\htdocs...', 2, Array)
#1 C:\xampp\htdocs\SCR\system\View\View.php(246): include('C:\\xampp\\htdocs...')
#2 C:\xampp\htdocs\SCR\system\Common.php(1087): CodeIgniter\View\View->render('kuesioner', Array, true)
#3 C:\xampp\htdocs\SCR\app\Controllers\Users.php(93): view('kuesioner', Array)
#4 C:\xampp\htdocs\SCR\app\Controllers\Users.php(78): App\Controllers\Users->_exampleOutput(Object(GroceryCrud\Core\Render\RenderAbstract))
#5 C:\xampp\htdocs\SCR\system\CodeIgniter.php(917): App\Controllers\Users->index()
#6 C:\xampp\htdocs\SCR\system\CodeIgniter.php(403): CodeIgniter\CodeIgniter->runController(Object(App\Controllers\Users))
#7 C:\xampp\htdocs\SCR\system\CodeIgniter.php(311): CodeIgniter\CodeIgniter->handleRequest(NULL, Object(Config\Cache), false)
#8 C:\xampp\htdocs\SCR\public\index.php(44): CodeIgniter\CodeIgniter->run()
#9 {main}
CRITICAL - 2021-04-17 13:40:25 --> Undefined variable: crud
#0 C:\xampp\htdocs\SCR\app\Views\kuesioner.php(2): CodeIgniter\Debug\Exceptions->errorHandler(8, 'Undefined varia...', 'C:\\xampp\\htdocs...', 2, Array)
#1 C:\xampp\htdocs\SCR\system\View\View.php(246): include('C:\\xampp\\htdocs...')
#2 C:\xampp\htdocs\SCR\system\Common.php(1087): CodeIgniter\View\View->render('kuesioner', Array, true)
#3 C:\xampp\htdocs\SCR\app\Controllers\Users.php(93): view('kuesioner', Array)
#4 C:\xampp\htdocs\SCR\app\Controllers\Users.php(78): App\Controllers\Users->_exampleOutput(Object(GroceryCrud\Core\Render\RenderAbstract))
#5 C:\xampp\htdocs\SCR\system\CodeIgniter.php(917): App\Controllers\Users->index()
#6 C:\xampp\htdocs\SCR\system\CodeIgniter.php(403): CodeIgniter\CodeIgniter->runController(Object(App\Controllers\Users))
#7 C:\xampp\htdocs\SCR\system\CodeIgniter.php(311): CodeIgniter\CodeIgniter->handleRequest(NULL, Object(Config\Cache), false)
#8 C:\xampp\htdocs\SCR\public\index.php(44): CodeIgniter\CodeIgniter->run()
#9 {main}
CRITICAL - 2021-04-17 13:40:56 --> Undefined variable: crud
#0 C:\xampp\htdocs\SCR\app\Views\kuesioner.php(2): CodeIgniter\Debug\Exceptions->errorHandler(8, 'Undefined varia...', 'C:\\xampp\\htdocs...', 2, Array)
#1 C:\xampp\htdocs\SCR\system\View\View.php(246): include('C:\\xampp\\htdocs...')
#2 C:\xampp\htdocs\SCR\system\Common.php(1087): CodeIgniter\View\View->render('kuesioner', Array, true)
#3 C:\xampp\htdocs\SCR\app\Controllers\Users.php(93): view('kuesioner', Array)
#4 C:\xampp\htdocs\SCR\app\Controllers\Users.php(78): App\Controllers\Users->_exampleOutput(Object(GroceryCrud\Core\Render\RenderAbstract))
#5 C:\xampp\htdocs\SCR\system\CodeIgniter.php(917): App\Controllers\Users->index()
#6 C:\xampp\htdocs\SCR\system\CodeIgniter.php(403): CodeIgniter\CodeIgniter->runController(Object(App\Controllers\Users))
#7 C:\xampp\htdocs\SCR\system\CodeIgniter.php(311): CodeIgniter\CodeIgniter->handleRequest(NULL, Object(Config\Cache), false)
#8 C:\xampp\htdocs\SCR\public\index.php(44): CodeIgniter\CodeIgniter->run()
#9 {main}
CRITICAL - 2021-04-17 13:43:11 --> Invalid file: parts/header_new.php
#0 C:\xampp\htdocs\SCR\system\View\View.php(228): CodeIgniter\Exceptions\FrameworkException::forInvalidFile('parts/header_ne...')
#1 C:\xampp\htdocs\SCR\system\Common.php(1087): CodeIgniter\View\View->render('parts/header_ne...', Array, true)
#2 C:\xampp\htdocs\SCR\app\Views\kuesioner.php(4): view('parts/header_ne...', Array)
#3 C:\xampp\htdocs\SCR\system\View\View.php(246): include('C:\\xampp\\htdocs...')
#4 C:\xampp\htdocs\SCR\system\Common.php(1087): CodeIgniter\View\View->render('kuesioner', Array, true)
#5 C:\xampp\htdocs\SCR\app\Controllers\Users.php(93): view('kuesioner', Array)
#6 C:\xampp\htdocs\SCR\app\Controllers\Users.php(78): App\Controllers\Users->_exampleOutput(Object(GroceryCrud\Core\Render\RenderAbstract))
#7 C:\xampp\htdocs\SCR\system\CodeIgniter.php(917): App\Controllers\Users->index()
#8 C:\xampp\htdocs\SCR\system\CodeIgniter.php(403): CodeIgniter\CodeIgniter->runController(Object(App\Controllers\Users))
#9 C:\xampp\htdocs\SCR\system\CodeIgniter.php(311): CodeIgniter\CodeIgniter->handleRequest(NULL, Object(Config\Cache), false)
#10 C:\xampp\htdocs\SCR\public\index.php(44): CodeIgniter\CodeIgniter->run()
#11 {main}
CRITICAL - 2021-04-17 13:43:33 --> Undefined variable: title
#0 C:\xampp\htdocs\SCR\app\Views\kuesioner.php(15): CodeIgniter\Debug\Exceptions->errorHandler(8, 'Undefined varia...', 'C:\\xampp\\htdocs...', 15, Array)
#1 C:\xampp\htdocs\SCR\system\View\View.php(246): include('C:\\xampp\\htdocs...')
#2 C:\xampp\htdocs\SCR\system\Common.php(1087): CodeIgniter\View\View->render('kuesioner', Array, true)
#3 C:\xampp\htdocs\SCR\app\Controllers\Users.php(93): view('kuesioner', Array)
#4 C:\xampp\htdocs\SCR\app\Controllers\Users.php(78): App\Controllers\Users->_exampleOutput(Object(GroceryCrud\Core\Render\RenderAbstract))
#5 C:\xampp\htdocs\SCR\system\CodeIgniter.php(917): App\Controllers\Users->index()
#6 C:\xampp\htdocs\SCR\system\CodeIgniter.php(403): CodeIgniter\CodeIgniter->runController(Object(App\Controllers\Users))
#7 C:\xampp\htdocs\SCR\system\CodeIgniter.php(311): CodeIgniter\CodeIgniter->handleRequest(NULL, Object(Config\Cache), false)
#8 C:\xampp\htdocs\SCR\public\index.php(44): CodeIgniter\CodeIgniter->run()
#9 {main}
CRITICAL - 2021-04-17 13:45:06 --> Undefined variable: crud
#0 C:\xampp\htdocs\SCR\app\Views\kuesioner.php(2): CodeIgniter\Debug\Exceptions->errorHandler(8, 'Undefined varia...', 'C:\\xampp\\htdocs...', 2, Array)
#1 C:\xampp\htdocs\SCR\system\View\View.php(246): include('C:\\xampp\\htdocs...')
#2 C:\xampp\htdocs\SCR\system\Common.php(1087): CodeIgniter\View\View->render('kuesioner', Array, true)
#3 C:\xampp\htdocs\SCR\app\Controllers\Users.php(93): view('kuesioner', Array)
#4 C:\xampp\htdocs\SCR\app\Controllers\Users.php(78): App\Controllers\Users->_exampleOutput(Object(GroceryCrud\Core\Render\RenderAbstract))
#5 C:\xampp\htdocs\SCR\system\CodeIgniter.php(917): App\Controllers\Users->index()
#6 C:\xampp\htdocs\SCR\system\CodeIgniter.php(403): CodeIgniter\CodeIgniter->runController(Object(App\Controllers\Users))
#7 C:\xampp\htdocs\SCR\system\CodeIgniter.php(311): CodeIgniter\CodeIgniter->handleRequest(NULL, Object(Config\Cache), false)
#8 C:\xampp\htdocs\SCR\public\index.php(44): CodeIgniter\CodeIgniter->run()
#9 {main}
CRITICAL - 2021-04-17 13:46:49 --> Call to undefined method App\Libraries\GroceryCrud::unsetColumns()
#0 C:\xampp\htdocs\SCR\system\CodeIgniter.php(917): App\Controllers\Users->index()
#1 C:\xampp\htdocs\SCR\system\CodeIgniter.php(403): CodeIgniter\CodeIgniter->runController(Object(App\Controllers\Users))
#2 C:\xampp\htdocs\SCR\system\CodeIgniter.php(311): CodeIgniter\CodeIgniter->handleRequest(NULL, Object(Config\Cache), false)
#3 C:\xampp\htdocs\SCR\public\index.php(44): CodeIgniter\CodeIgniter->run()
#4 {main}
CRITICAL - 2021-04-17 13:47:33 --> include(assets/grocery_crud/themes/tablestrap/config.php): failed to open stream: No such file or directory
#0 C:\xampp\htdocs\SCR\app\Libraries\GroceryCrud.php(3011): CodeIgniter\Debug\Exceptions->errorHandler(2, 'include(assets/...', 'C:\\xampp\\htdocs...', 3011, Array)
#1 C:\xampp\htdocs\SCR\app\Libraries\GroceryCrud.php(3011): include()
#2 C:\xampp\htdocs\SCR\app\Libraries\GroceryCrud.php(4704): App\Libraries\grocery_CRUD_Layout->setThemeBasics()
#3 C:\xampp\htdocs\SCR\app\Controllers\Users.php(77): App\Libraries\GroceryCrud->render()
#4 C:\xampp\htdocs\SCR\system\CodeIgniter.php(917): App\Controllers\Users->index()
#5 C:\xampp\htdocs\SCR\system\CodeIgniter.php(403): CodeIgniter\CodeIgniter->runController(Object(App\Controllers\Users))
#6 C:\xampp\htdocs\SCR\system\CodeIgniter.php(311): CodeIgniter\CodeIgniter->handleRequest(NULL, Object(Config\Cache), false)
#7 C:\xampp\htdocs\SCR\public\index.php(44): CodeIgniter\CodeIgniter->run()
#8 {main}
CRITICAL - 2021-04-17 13:54:27 --> Declaration of App\Controllers\Aktivitas::_example_output($output = NULL) should be compatible with App\Controllers\BaseController::_example_output($output = NULL, $o = NULL)
#0 C:\xampp\htdocs\SCR\app\Controllers\Aktivitas.php(13): CodeIgniter\Debug\Exceptions->errorHandler(2, 'Declaration of ...', 'C:\\xampp\\htdocs...', 67, Array)
#1 C:\xampp\htdocs\SCR\system\Router\Router.php(578): include_once('C:\\xampp\\htdocs...')
#2 C:\xampp\htdocs\SCR\system\Router\Router.php(192): CodeIgniter\Router\Router->autoRoute('aktivitas/index')
#3 C:\xampp\htdocs\SCR\system\CodeIgniter.php(792): CodeIgniter\Router\Router->handle('aktivitas/index')
#4 C:\xampp\htdocs\SCR\system\CodeIgniter.php(363): CodeIgniter\CodeIgniter->tryToRouteIt(Object(CodeIgniter\Router\RouteCollection))
#5 C:\xampp\htdocs\SCR\system\CodeIgniter.php(311): CodeIgniter\CodeIgniter->handleRequest(NULL, Object(Config\Cache), false)
#6 C:\xampp\htdocs\SCR\public\index.php(44): CodeIgniter\CodeIgniter->run()
#7 {main}
CRITICAL - 2021-04-17 13:55:39 --> Declaration of App\Controllers\Aktivitas::_example_output($output = NULL) should be compatible with App\Controllers\BaseController::_example_output($output = NULL, $o = NULL)
#0 C:\xampp\htdocs\SCR\app\Controllers\Aktivitas.php(13): CodeIgniter\Debug\Exceptions->errorHandler(2, 'Declaration of ...', 'C:\\xampp\\htdocs...', 67, Array)
#1 C:\xampp\htdocs\SCR\system\Router\Router.php(578): include_once('C:\\xampp\\htdocs...')
#2 C:\xampp\htdocs\SCR\system\Router\Router.php(192): CodeIgniter\Router\Router->autoRoute('aktivitas/index')
#3 C:\xampp\htdocs\SCR\system\CodeIgniter.php(792): CodeIgniter\Router\Router->handle('aktivitas/index')
#4 C:\xampp\htdocs\SCR\system\CodeIgniter.php(363): CodeIgniter\CodeIgniter->tryToRouteIt(Object(CodeIgniter\Router\RouteCollection))
#5 C:\xampp\htdocs\SCR\system\CodeIgniter.php(311): CodeIgniter\CodeIgniter->handleRequest(NULL, Object(Config\Cache), false)
#6 C:\xampp\htdocs\SCR\public\index.php(44): CodeIgniter\CodeIgniter->run()
#7 {main}
CRITICAL - 2021-04-17 13:55:42 --> Declaration of App\Controllers\Aktivitas::_example_output($output = NULL) should be compatible with App\Controllers\BaseController::_example_output($output = NULL, $o = NULL)
#0 C:\xampp\htdocs\SCR\app\Controllers\Aktivitas.php(13): CodeIgniter\Debug\Exceptions->errorHandler(2, 'Declaration of ...', 'C:\\xampp\\htdocs...', 67, Array)
#1 C:\xampp\htdocs\SCR\system\Router\Router.php(578): include_once('C:\\xampp\\htdocs...')
#2 C:\xampp\htdocs\SCR\system\Router\Router.php(192): CodeIgniter\Router\Router->autoRoute('aktivitas/index')
#3 C:\xampp\htdocs\SCR\system\CodeIgniter.php(792): CodeIgniter\Router\Router->handle('aktivitas/index')
#4 C:\xampp\htdocs\SCR\system\CodeIgniter.php(363): CodeIgniter\CodeIgniter->tryToRouteIt(Object(CodeIgniter\Router\RouteCollection))
#5 C:\xampp\htdocs\SCR\system\CodeIgniter.php(311): CodeIgniter\CodeIgniter->handleRequest(NULL, Object(Config\Cache), false)
#6 C:\xampp\htdocs\SCR\public\index.php(44): CodeIgniter\CodeIgniter->run()
#7 {main}
CRITICAL - 2021-04-17 13:57:01 --> include(assets/grocery_crud/themes/tablestrap/config.php): failed to open stream: No such file or directory
#0 C:\xampp\htdocs\SCR\app\Libraries\GroceryCrud.php(3011): CodeIgniter\Debug\Exceptions->errorHandler(2, 'include(assets/...', 'C:\\xampp\\htdocs...', 3011, Array)
#1 C:\xampp\htdocs\SCR\app\Libraries\GroceryCrud.php(3011): include()
#2 C:\xampp\htdocs\SCR\app\Libraries\GroceryCrud.php(4704): App\Libraries\grocery_CRUD_Layout->setThemeBasics()
#3 C:\xampp\htdocs\SCR\app\Controllers\Aktivitas.php(36): App\Libraries\GroceryCrud->render()
#4 C:\xampp\htdocs\SCR\system\CodeIgniter.php(917): App\Controllers\Aktivitas->index()
#5 C:\xampp\htdocs\SCR\system\CodeIgniter.php(403): CodeIgniter\CodeIgniter->runController(Object(App\Controllers\Aktivitas))
#6 C:\xampp\htdocs\SCR\system\CodeIgniter.php(311): CodeIgniter\CodeIgniter->handleRequest(NULL, Object(Config\Cache), false)
#7 C:\xampp\htdocs\SCR\public\index.php(44): CodeIgniter\CodeIgniter->run()
#8 {main}
CRITICAL - 2021-04-17 13:57:10 --> include(assets/grocery_crud/themes/tablestrap/config.php): failed to open stream: No such file or directory
#0 C:\xampp\htdocs\SCR\app\Libraries\GroceryCrud.php(3011): CodeIgniter\Debug\Exceptions->errorHandler(2, 'include(assets/...', 'C:\\xampp\\htdocs...', 3011, Array)
#1 C:\xampp\htdocs\SCR\app\Libraries\GroceryCrud.php(3011): include()
#2 C:\xampp\htdocs\SCR\app\Libraries\GroceryCrud.php(4704): App\Libraries\grocery_CRUD_Layout->setThemeBasics()
#3 C:\xampp\htdocs\SCR\app\Controllers\Aktivitas.php(36): App\Libraries\GroceryCrud->render()
#4 C:\xampp\htdocs\SCR\system\CodeIgniter.php(917): App\Controllers\Aktivitas->index()
#5 C:\xampp\htdocs\SCR\system\CodeIgniter.php(403): CodeIgniter\CodeIgniter->runController(Object(App\Controllers\Aktivitas))
#6 C:\xampp\htdocs\SCR\system\CodeIgniter.php(311): CodeIgniter\CodeIgniter->handleRequest(NULL, Object(Config\Cache), false)
#7 C:\xampp\htdocs\SCR\public\index.php(44): CodeIgniter\CodeIgniter->run()
#8 {main}
CRITICAL - 2021-04-17 14:01:04 --> Incorrect table name ''
#0 C:\xampp\htdocs\SCR\system\Database\MySQLi\Connection.php(331): mysqli->query('SHOW COLUMNS FR...')
#1 C:\xampp\htdocs\SCR\system\Database\BaseConnection.php(752): CodeIgniter\Database\MySQLi\Connection->execute('SHOW COLUMNS FR...')
#2 C:\xampp\htdocs\SCR\system\Database\BaseConnection.php(680): CodeIgniter\Database\BaseConnection->simpleQuery('SHOW COLUMNS FR...')
#3 C:\xampp\htdocs\SCR\app\Models\GroceryCrudModel.php(454): CodeIgniter\Database\BaseConnection->query('SHOW COLUMNS FR...')
#4 C:\xampp\htdocs\SCR\app\Libraries\GroceryCrud.php(48): App\Models\GroceryCrudModel->get_field_types_basic_table()
#5 C:\xampp\htdocs\SCR\app\Libraries\GroceryCrud.php(1637): App\Libraries\grocery_CRUD_Field_Types->get_field_types()
#6 C:\xampp\htdocs\SCR\app\Libraries\GroceryCrud.php(4710): App\Libraries\grocery_CRUD_Layout->showList(false, Object(stdClass))
#7 C:\xampp\htdocs\SCR\app\Controllers\Aktivitas.php(36): App\Libraries\GroceryCrud->render()
#8 C:\xampp\htdocs\SCR\system\CodeIgniter.php(917): App\Controllers\Aktivitas->index()
#9 C:\xampp\htdocs\SCR\system\CodeIgniter.php(403): CodeIgniter\CodeIgniter->runController(Object(App\Controllers\Aktivitas))
#10 C:\xampp\htdocs\SCR\system\CodeIgniter.php(311): CodeIgniter\CodeIgniter->handleRequest(NULL, Object(Config\Cache), false)
#11 C:\xampp\htdocs\SCR\public\index.php(44): CodeIgniter\CodeIgniter->run()
#12 {main}
CRITICAL - 2021-04-17 14:02:48 --> Class 'grocery_CRUD' not found
#0 C:\xampp\htdocs\SCR\app\Libraries\GroceryCrud.php(3075): include()
#1 C:\xampp\htdocs\SCR\app\Libraries\GroceryCrud.php(1702): App\Libraries\grocery_CRUD_Layout->_theme_view('list_template.p...', Array)
#2 C:\xampp\htdocs\SCR\app\Libraries\GroceryCrud.php(4710): App\Libraries\grocery_CRUD_Layout->showList(false, Object(stdClass))
#3 C:\xampp\htdocs\SCR\app\Controllers\Users.php(85): App\Libraries\GroceryCrud->render()
#4 C:\xampp\htdocs\SCR\system\CodeIgniter.php(917): App\Controllers\Users->users_management()
#5 C:\xampp\htdocs\SCR\system\CodeIgniter.php(403): CodeIgniter\CodeIgniter->runController(Object(App\Controllers\Users))
#6 C:\xampp\htdocs\SCR\system\CodeIgniter.php(311): CodeIgniter\CodeIgniter->handleRequest(NULL, Object(Config\Cache), false)
#7 C:\xampp\htdocs\SCR\public\index.php(44): CodeIgniter\CodeIgniter->run()
#8 {main}
CRITICAL - 2021-04-17 14:03:15 --> Class 'grocery_CRUD' not found
#0 C:\xampp\htdocs\SCR\app\Libraries\GroceryCrud.php(3075): include()
#1 C:\xampp\htdocs\SCR\app\Libraries\GroceryCrud.php(1702): App\Libraries\grocery_CRUD_Layout->_theme_view('list_template.p...', Array)
#2 C:\xampp\htdocs\SCR\app\Libraries\GroceryCrud.php(4710): App\Libraries\grocery_CRUD_Layout->showList(false, Object(stdClass))
#3 C:\xampp\htdocs\SCR\app\Controllers\Users.php(85): App\Libraries\GroceryCrud->render()
#4 C:\xampp\htdocs\SCR\system\CodeIgniter.php(917): App\Controllers\Users->users_management()
#5 C:\xampp\htdocs\SCR\system\CodeIgniter.php(403): CodeIgniter\CodeIgniter->runController(Object(App\Controllers\Users))
#6 C:\xampp\htdocs\SCR\system\CodeIgniter.php(311): CodeIgniter\CodeIgniter->handleRequest(NULL, Object(Config\Cache), false)
#7 C:\xampp\htdocs\SCR\public\index.php(44): CodeIgniter\CodeIgniter->run()
#8 {main}
CRITICAL - 2021-04-17 14:03:41 --> Class 'grocery_CRUD' not found
#0 C:\xampp\htdocs\SCR\app\Libraries\GroceryCrud.php(3075): include()
#1 C:\xampp\htdocs\SCR\app\Libraries\GroceryCrud.php(1702): App\Libraries\grocery_CRUD_Layout->_theme_view('list_template.p...', Array)
#2 C:\xampp\htdocs\SCR\app\Libraries\GroceryCrud.php(4710): App\Libraries\grocery_CRUD_Layout->showList(false, Object(stdClass))
#3 C:\xampp\htdocs\SCR\app\Controllers\Users.php(85): App\Libraries\GroceryCrud->render()
#4 C:\xampp\htdocs\SCR\system\CodeIgniter.php(917): App\Controllers\Users->users_management()
#5 C:\xampp\htdocs\SCR\system\CodeIgniter.php(403): CodeIgniter\CodeIgniter->runController(Object(App\Controllers\Users))
#6 C:\xampp\htdocs\SCR\system\CodeIgniter.php(311): CodeIgniter\CodeIgniter->handleRequest(NULL, Object(Config\Cache), false)
#7 C:\xampp\htdocs\SCR\public\index.php(44): CodeIgniter\CodeIgniter->run()
#8 {main}
CRITICAL - 2021-04-17 14:04:37 --> Incorrect table name ''
#0 C:\xampp\htdocs\SCR\system\Database\MySQLi\Connection.php(331): mysqli->query('SHOW COLUMNS FR...')
#1 C:\xampp\htdocs\SCR\system\Database\BaseConnection.php(752): CodeIgniter\Database\MySQLi\Connection->execute('SHOW COLUMNS FR...')
#2 C:\xampp\htdocs\SCR\system\Database\BaseConnection.php(680): CodeIgniter\Database\BaseConnection->simpleQuery('SHOW COLUMNS FR...')
#3 C:\xampp\htdocs\SCR\app\Models\GroceryCrudModel.php(454): CodeIgniter\Database\BaseConnection->query('SHOW COLUMNS FR...')
#4 C:\xampp\htdocs\SCR\app\Libraries\GroceryCrud.php(48): App\Models\GroceryCrudModel->get_field_types_basic_table()
#5 C:\xampp\htdocs\SCR\app\Libraries\GroceryCrud.php(1637): App\Libraries\grocery_CRUD_Field_Types->get_field_types()
#6 C:\xampp\htdocs\SCR\app\Libraries\GroceryCrud.php(4710): App\Libraries\grocery_CRUD_Layout->showList(false, Object(stdClass))
#7 C:\xampp\htdocs\SCR\app\Controllers\Aktivitas.php(36): App\Libraries\GroceryCrud->render()
#8 C:\xampp\htdocs\SCR\system\CodeIgniter.php(917): App\Controllers\Aktivitas->index()
#9 C:\xampp\htdocs\SCR\system\CodeIgniter.php(403): CodeIgniter\CodeIgniter->runController(Object(App\Controllers\Aktivitas))
#10 C:\xampp\htdocs\SCR\system\CodeIgniter.php(311): CodeIgniter\CodeIgniter->handleRequest(NULL, Object(Config\Cache), false)
#11 C:\xampp\htdocs\SCR\public\index.php(44): CodeIgniter\CodeIgniter->run()
#12 {main}
CRITICAL - 2021-04-17 14:04:53 --> Incorrect table name ''
#0 C:\xampp\htdocs\SCR\system\Database\MySQLi\Connection.php(331): mysqli->query('SHOW COLUMNS FR...')
#1 C:\xampp\htdocs\SCR\system\Database\BaseConnection.php(752): CodeIgniter\Database\MySQLi\Connection->execute('SHOW COLUMNS FR...')
#2 C:\xampp\htdocs\SCR\system\Database\BaseConnection.php(680): CodeIgniter\Database\BaseConnection->simpleQuery('SHOW COLUMNS FR...')
#3 C:\xampp\htdocs\SCR\app\Models\GroceryCrudModel.php(454): CodeIgniter\Database\BaseConnection->query('SHOW COLUMNS FR...')
#4 C:\xampp\htdocs\SCR\app\Libraries\GroceryCrud.php(48): App\Models\GroceryCrudModel->get_field_types_basic_table()
#5 C:\xampp\htdocs\SCR\app\Libraries\GroceryCrud.php(1637): App\Libraries\grocery_CRUD_Field_Types->get_field_types()
#6 C:\xampp\htdocs\SCR\app\Libraries\GroceryCrud.php(4710): App\Libraries\grocery_CRUD_Layout->showList(false, Object(stdClass))
#7 C:\xampp\htdocs\SCR\app\Controllers\Aktivitas.php(36): App\Libraries\GroceryCrud->render()
#8 C:\xampp\htdocs\SCR\system\CodeIgniter.php(917): App\Controllers\Aktivitas->index()
#9 C:\xampp\htdocs\SCR\system\CodeIgniter.php(403): CodeIgniter\CodeIgniter->runController(Object(App\Controllers\Aktivitas))
#10 C:\xampp\htdocs\SCR\system\CodeIgniter.php(311): CodeIgniter\CodeIgniter->handleRequest(NULL, Object(Config\Cache), false)
#11 C:\xampp\htdocs\SCR\public\index.php(44): CodeIgniter\CodeIgniter->run()
#12 {main}
CRITICAL - 2021-04-17 14:07:01 --> Incorrect table name ''
#0 C:\xampp\htdocs\SCR\system\Database\MySQLi\Connection.php(331): mysqli->query('SHOW COLUMNS FR...')
#1 C:\xampp\htdocs\SCR\system\Database\BaseConnection.php(752): CodeIgniter\Database\MySQLi\Connection->execute('SHOW COLUMNS FR...')
#2 C:\xampp\htdocs\SCR\system\Database\BaseConnection.php(680): CodeIgniter\Database\BaseConnection->simpleQuery('SHOW COLUMNS FR...')
#3 C:\xampp\htdocs\SCR\app\Models\GroceryCrudModel.php(454): CodeIgniter\Database\BaseConnection->query('SHOW COLUMNS FR...')
#4 C:\xampp\htdocs\SCR\app\Libraries\GroceryCrud.php(48): App\Models\GroceryCrudModel->get_field_types_basic_table()
#5 C:\xampp\htdocs\SCR\app\Libraries\GroceryCrud.php(1637): App\Libraries\grocery_CRUD_Field_Types->get_field_types()
#6 C:\xampp\htdocs\SCR\app\Libraries\GroceryCrud.php(4710): App\Libraries\grocery_CRUD_Layout->showList(false, Object(stdClass))
#7 C:\xampp\htdocs\SCR\app\Controllers\Aktivitas.php(36): App\Libraries\GroceryCrud->render()
#8 C:\xampp\htdocs\SCR\system\CodeIgniter.php(917): App\Controllers\Aktivitas->index()
#9 C:\xampp\htdocs\SCR\system\CodeIgniter.php(403): CodeIgniter\CodeIgniter->runController(Object(App\Controllers\Aktivitas))
#10 C:\xampp\htdocs\SCR\system\CodeIgniter.php(311): CodeIgniter\CodeIgniter->handleRequest(NULL, Object(Config\Cache), false)
#11 C:\xampp\htdocs\SCR\public\index.php(44): CodeIgniter\CodeIgniter->run()
#12 {main}
CRITICAL - 2021-04-17 14:07:16 --> Class 'grocery_CRUD' not found
#0 C:\xampp\htdocs\SCR\app\Libraries\GroceryCrud.php(3075): include()
#1 C:\xampp\htdocs\SCR\app\Libraries\GroceryCrud.php(1702): App\Libraries\grocery_CRUD_Layout->_theme_view('list_template.p...', Array)
#2 C:\xampp\htdocs\SCR\app\Libraries\GroceryCrud.php(4710): App\Libraries\grocery_CRUD_Layout->showList(false, Object(stdClass))
#3 C:\xampp\htdocs\SCR\app\Controllers\Aktivitas.php(36): App\Libraries\GroceryCrud->render()
#4 C:\xampp\htdocs\SCR\system\CodeIgniter.php(917): App\Controllers\Aktivitas->index()
#5 C:\xampp\htdocs\SCR\system\CodeIgniter.php(403): CodeIgniter\CodeIgniter->runController(Object(App\Controllers\Aktivitas))
#6 C:\xampp\htdocs\SCR\system\CodeIgniter.php(311): CodeIgniter\CodeIgniter->handleRequest(NULL, Object(Config\Cache), false)
#7 C:\xampp\htdocs\SCR\public\index.php(44): CodeIgniter\CodeIgniter->run()
#8 {main}
CRITICAL - 2021-04-17 14:52:47 --> Undefined variable: o
#0 C:\xampp\htdocs\SCR\app\Controllers\Users.php(145): CodeIgniter\Debug\Exceptions->errorHandler(8, 'Undefined varia...', 'C:\\xampp\\htdocs...', 145, Array)
#1 C:\xampp\htdocs\SCR\system\CodeIgniter.php(917): App\Controllers\Users->users_management()
#2 C:\xampp\htdocs\SCR\system\CodeIgniter.php(403): CodeIgniter\CodeIgniter->runController(Object(App\Controllers\Users))
#3 C:\xampp\htdocs\SCR\system\CodeIgniter.php(311): CodeIgniter\CodeIgniter->handleRequest(NULL, Object(Config\Cache), false)
#4 C:\xampp\htdocs\SCR\public\index.php(44): CodeIgniter\CodeIgniter->run()
#5 {main}
CRITICAL - 2021-04-17 14:59:10 --> Undefined variable: crud
#0 C:\xampp\htdocs\SCR\app\Controllers\Users.php(93): CodeIgniter\Debug\Exceptions->errorHandler(8, 'Undefined varia...', 'C:\\xampp\\htdocs...', 93, Array)
#1 C:\xampp\htdocs\SCR\system\CodeIgniter.php(917): App\Controllers\Users->users_management()
#2 C:\xampp\htdocs\SCR\system\CodeIgniter.php(403): CodeIgniter\CodeIgniter->runController(Object(App\Controllers\Users))
#3 C:\xampp\htdocs\SCR\system\CodeIgniter.php(311): CodeIgniter\CodeIgniter->handleRequest(NULL, Object(Config\Cache), false)
#4 C:\xampp\htdocs\SCR\public\index.php(44): CodeIgniter\CodeIgniter->run()
#5 {main}
CRITICAL - 2021-04-17 15:01:34 --> Call to undefined method App\Libraries\GroceryCrud::setFieldUpload()
#0 C:\xampp\htdocs\SCR\system\CodeIgniter.php(917): App\Controllers\Users->users_management()
#1 C:\xampp\htdocs\SCR\system\CodeIgniter.php(403): CodeIgniter\CodeIgniter->runController(Object(App\Controllers\Users))
#2 C:\xampp\htdocs\SCR\system\CodeIgniter.php(311): CodeIgniter\CodeIgniter->handleRequest(NULL, Object(Config\Cache), false)
#3 C:\xampp\htdocs\SCR\public\index.php(44): CodeIgniter\CodeIgniter->run()
#4 {main}
