CRITICAL - 2020-07-18 14:21:47 --> Unable to connect to the database.
#0 /home/fadf4949/codeigniter/system/Database/BaseConnection.php(657): CodeIgniter\Database\BaseConnection->initialize()
#1 /home/fadf4949/codeigniter/app/Models/UsersModel.php(15): CodeIgniter\Database\BaseConnection->query('select * from u...')
#2 /home/fadf4949/codeigniter/app/Controllers/Login.php(57): App\Models\UsersModel->login(Array)
#3 /home/fadf4949/codeigniter/system/CodeIgniter.php(917): App\Controllers\Login->index()
#4 /home/fadf4949/codeigniter/system/CodeIgniter.php(403): CodeIgniter\CodeIgniter->runController(Object(App\Controllers\Login))
#5 /home/fadf4949/codeigniter/system/CodeIgniter.php(311): CodeIgniter\CodeIgniter->handleRequest(NULL, Object(Config\Cache), false)
#6 /home/fadf4949/public_html/index.php(44): CodeIgniter\CodeIgniter->run()
#7 {main}
CRITICAL - 2020-07-18 16:02:07 --> Maximum execution time of 30 seconds exceeded
#0 [internal function]: CodeIgniter\Debug\Exceptions->shutdownHandler()
#1 {main}
CRITICAL - 2020-07-18 16:02:45 --> Maximum execution time of 30 seconds exceeded
#0 [internal function]: CodeIgniter\Debug\Exceptions->shutdownHandler()
#1 {main}
CRITICAL - 2020-07-18 16:03:43 --> Maximum execution time of 30 seconds exceeded
#0 [internal function]: CodeIgniter\Debug\Exceptions->shutdownHandler()
#1 {main}
CRITICAL - 2020-07-18 16:03:46 --> Maximum execution time of 30 seconds exceeded
#0 [internal function]: CodeIgniter\Debug\Exceptions->shutdownHandler()
#1 {main}
CRITICAL - 2020-07-18 16:04:43 --> Maximum execution time of 30 seconds exceeded
#0 [internal function]: CodeIgniter\Debug\Exceptions->shutdownHandler()
#1 {main}
CRITICAL - 2020-07-18 16:04:46 --> Maximum execution time of 30 seconds exceeded
#0 [internal function]: CodeIgniter\Debug\Exceptions->shutdownHandler()
#1 {main}
