CRITICAL - 2021-03-27 00:10:11 --> Class 'Minishlink\WebPush\Subscription' not found
#0 C:\xampp\htdocs\SCR\system\View\View.php(246): include()
#1 C:\xampp\htdocs\SCR\system\Common.php(1087): CodeIgniter\View\View->render('content/pushNot...', Array, true)
#2 C:\xampp\htdocs\SCR\app\Controllers\Setting.php(182): view('content/pushNot...')
#3 C:\xampp\htdocs\SCR\system\CodeIgniter.php(917): App\Controllers\Setting->broadcast()
#4 C:\xampp\htdocs\SCR\system\CodeIgniter.php(403): CodeIgniter\CodeIgniter->runController(Object(App\Controllers\Setting))
#5 C:\xampp\htdocs\SCR\system\CodeIgniter.php(311): CodeIgniter\CodeIgniter->handleRequest(NULL, Object(Config\Cache), false)
#6 C:\xampp\htdocs\SCR\public\index.php(44): CodeIgniter\CodeIgniter->run()
#7 {main}
CRITICAL - 2021-03-27 00:17:34 --> Class 'Minishlink\WebPush\Subscription' not found
#0 C:\xampp\htdocs\SCR\system\View\View.php(246): include()
#1 C:\xampp\htdocs\SCR\system\Common.php(1087): CodeIgniter\View\View->render('content/pushTes...', Array, true)
#2 C:\xampp\htdocs\SCR\app\Controllers\Setting.php(182): view('content/pushTes...')
#3 C:\xampp\htdocs\SCR\system\CodeIgniter.php(917): App\Controllers\Setting->broadcast()
#4 C:\xampp\htdocs\SCR\system\CodeIgniter.php(403): CodeIgniter\CodeIgniter->runController(Object(App\Controllers\Setting))
#5 C:\xampp\htdocs\SCR\system\CodeIgniter.php(311): CodeIgniter\CodeIgniter->handleRequest(NULL, Object(Config\Cache), false)
#6 C:\xampp\htdocs\SCR\public\index.php(44): CodeIgniter\CodeIgniter->run()
#7 {main}
CRITICAL - 2021-03-27 01:17:22 --> Cannot use object of type Minishlink\WebPush\Subscription as array
#0 C:\xampp\htdocs\SCR\system\View\View.php(246): include()
#1 C:\xampp\htdocs\SCR\system\Common.php(1087): CodeIgniter\View\View->render('content/pushTes...', Array, true)
#2 C:\xampp\htdocs\SCR\app\Controllers\Setting.php(182): view('content/pushTes...')
#3 C:\xampp\htdocs\SCR\system\CodeIgniter.php(917): App\Controllers\Setting->broadcast()
#4 C:\xampp\htdocs\SCR\system\CodeIgniter.php(403): CodeIgniter\CodeIgniter->runController(Object(App\Controllers\Setting))
#5 C:\xampp\htdocs\SCR\system\CodeIgniter.php(311): CodeIgniter\CodeIgniter->handleRequest(NULL, Object(Config\Cache), false)
#6 C:\xampp\htdocs\SCR\public\index.php(44): CodeIgniter\CodeIgniter->run()
#7 {main}
CRITICAL - 2021-03-27 01:18:20 --> Cannot use object of type Minishlink\WebPush\Subscription as array
#0 C:\xampp\htdocs\SCR\system\View\View.php(246): include()
#1 C:\xampp\htdocs\SCR\system\Common.php(1087): CodeIgniter\View\View->render('content/pushTes...', Array, true)
#2 C:\xampp\htdocs\SCR\app\Controllers\Setting.php(182): view('content/pushTes...')
#3 C:\xampp\htdocs\SCR\system\CodeIgniter.php(917): App\Controllers\Setting->broadcast()
#4 C:\xampp\htdocs\SCR\system\CodeIgniter.php(403): CodeIgniter\CodeIgniter->runController(Object(App\Controllers\Setting))
#5 C:\xampp\htdocs\SCR\system\CodeIgniter.php(311): CodeIgniter\CodeIgniter->handleRequest(NULL, Object(Config\Cache), false)
#6 C:\xampp\htdocs\SCR\public\index.php(44): CodeIgniter\CodeIgniter->run()
#7 {main}
CRITICAL - 2021-03-27 01:19:06 --> Cannot use object of type Minishlink\WebPush\Subscription as array
#0 C:\xampp\htdocs\SCR\system\View\View.php(246): include()
#1 C:\xampp\htdocs\SCR\system\Common.php(1087): CodeIgniter\View\View->render('content/pushTes...', Array, true)
#2 C:\xampp\htdocs\SCR\app\Controllers\Setting.php(182): view('content/pushTes...')
#3 C:\xampp\htdocs\SCR\system\CodeIgniter.php(917): App\Controllers\Setting->broadcast()
#4 C:\xampp\htdocs\SCR\system\CodeIgniter.php(403): CodeIgniter\CodeIgniter->runController(Object(App\Controllers\Setting))
#5 C:\xampp\htdocs\SCR\system\CodeIgniter.php(311): CodeIgniter\CodeIgniter->handleRequest(NULL, Object(Config\Cache), false)
#6 C:\xampp\htdocs\SCR\public\index.php(44): CodeIgniter\CodeIgniter->run()
#7 {main}
CRITICAL - 2021-03-27 01:19:08 --> Cannot use object of type Minishlink\WebPush\Subscription as array
#0 C:\xampp\htdocs\SCR\system\View\View.php(246): include()
#1 C:\xampp\htdocs\SCR\system\Common.php(1087): CodeIgniter\View\View->render('content/pushTes...', Array, true)
#2 C:\xampp\htdocs\SCR\app\Controllers\Setting.php(182): view('content/pushTes...')
#3 C:\xampp\htdocs\SCR\system\CodeIgniter.php(917): App\Controllers\Setting->broadcast()
#4 C:\xampp\htdocs\SCR\system\CodeIgniter.php(403): CodeIgniter\CodeIgniter->runController(Object(App\Controllers\Setting))
#5 C:\xampp\htdocs\SCR\system\CodeIgniter.php(311): CodeIgniter\CodeIgniter->handleRequest(NULL, Object(Config\Cache), false)
#6 C:\xampp\htdocs\SCR\public\index.php(44): CodeIgniter\CodeIgniter->run()
#7 {main}
CRITICAL - 2021-03-27 01:20:17 --> Undefined variable: sub
#0 C:\xampp\htdocs\SCR\app\Views\content\pushTest.php(51): CodeIgniter\Debug\Exceptions->errorHandler(8, 'Undefined varia...', 'C:\\xampp\\htdocs...', 51, Array)
#1 C:\xampp\htdocs\SCR\system\View\View.php(246): include('C:\\xampp\\htdocs...')
#2 C:\xampp\htdocs\SCR\system\Common.php(1087): CodeIgniter\View\View->render('content/pushTes...', Array, true)
#3 C:\xampp\htdocs\SCR\app\Controllers\Setting.php(182): view('content/pushTes...')
#4 C:\xampp\htdocs\SCR\system\CodeIgniter.php(917): App\Controllers\Setting->broadcast()
#5 C:\xampp\htdocs\SCR\system\CodeIgniter.php(403): CodeIgniter\CodeIgniter->runController(Object(App\Controllers\Setting))
#6 C:\xampp\htdocs\SCR\system\CodeIgniter.php(311): CodeIgniter\CodeIgniter->handleRequest(NULL, Object(Config\Cache), false)
#7 C:\xampp\htdocs\SCR\public\index.php(44): CodeIgniter\CodeIgniter->run()
#8 {main}
CRITICAL - 2021-03-27 01:20:19 --> Undefined variable: sub
#0 C:\xampp\htdocs\SCR\app\Views\content\pushTest.php(51): CodeIgniter\Debug\Exceptions->errorHandler(8, 'Undefined varia...', 'C:\\xampp\\htdocs...', 51, Array)
#1 C:\xampp\htdocs\SCR\system\View\View.php(246): include('C:\\xampp\\htdocs...')
#2 C:\xampp\htdocs\SCR\system\Common.php(1087): CodeIgniter\View\View->render('content/pushTes...', Array, true)
#3 C:\xampp\htdocs\SCR\app\Controllers\Setting.php(182): view('content/pushTes...')
#4 C:\xampp\htdocs\SCR\system\CodeIgniter.php(917): App\Controllers\Setting->broadcast()
#5 C:\xampp\htdocs\SCR\system\CodeIgniter.php(403): CodeIgniter\CodeIgniter->runController(Object(App\Controllers\Setting))
#6 C:\xampp\htdocs\SCR\system\CodeIgniter.php(311): CodeIgniter\CodeIgniter->handleRequest(NULL, Object(Config\Cache), false)
#7 C:\xampp\htdocs\SCR\public\index.php(44): CodeIgniter\CodeIgniter->run()
#8 {main}
CRITICAL - 2021-03-27 01:20:37 --> Object of class Minishlink\WebPush\Subscription could not be converted to string
#0 C:\xampp\htdocs\SCR\system\View\View.php(246): include()
#1 C:\xampp\htdocs\SCR\system\Common.php(1087): CodeIgniter\View\View->render('content/pushTes...', Array, true)
#2 C:\xampp\htdocs\SCR\app\Controllers\Setting.php(182): view('content/pushTes...')
#3 C:\xampp\htdocs\SCR\system\CodeIgniter.php(917): App\Controllers\Setting->broadcast()
#4 C:\xampp\htdocs\SCR\system\CodeIgniter.php(403): CodeIgniter\CodeIgniter->runController(Object(App\Controllers\Setting))
#5 C:\xampp\htdocs\SCR\system\CodeIgniter.php(311): CodeIgniter\CodeIgniter->handleRequest(NULL, Object(Config\Cache), false)
#6 C:\xampp\htdocs\SCR\public\index.php(44): CodeIgniter\CodeIgniter->run()
#7 {main}
CRITICAL - 2021-03-27 01:20:45 --> Cannot use object of type Minishlink\WebPush\Subscription as array
#0 C:\xampp\htdocs\SCR\system\View\View.php(246): include()
#1 C:\xampp\htdocs\SCR\system\Common.php(1087): CodeIgniter\View\View->render('content/pushTes...', Array, true)
#2 C:\xampp\htdocs\SCR\app\Controllers\Setting.php(182): view('content/pushTes...')
#3 C:\xampp\htdocs\SCR\system\CodeIgniter.php(917): App\Controllers\Setting->broadcast()
#4 C:\xampp\htdocs\SCR\system\CodeIgniter.php(403): CodeIgniter\CodeIgniter->runController(Object(App\Controllers\Setting))
#5 C:\xampp\htdocs\SCR\system\CodeIgniter.php(311): CodeIgniter\CodeIgniter->handleRequest(NULL, Object(Config\Cache), false)
#6 C:\xampp\htdocs\SCR\public\index.php(44): CodeIgniter\CodeIgniter->run()
#7 {main}
CRITICAL - 2021-03-27 01:31:03 --> Undefined index: id
#0 C:\xampp\htdocs\SCR\app\Views\content\pushNotif.php(16): CodeIgniter\Debug\Exceptions->errorHandler(8, 'Undefined index...', 'C:\\xampp\\htdocs...', 16, Array)
#1 C:\xampp\htdocs\SCR\system\View\View.php(246): include('C:\\xampp\\htdocs...')
#2 C:\xampp\htdocs\SCR\system\Common.php(1087): CodeIgniter\View\View->render('content/pushNot...', Array, true)
#3 C:\xampp\htdocs\SCR\app\Controllers\Setting.php(182): view('content/pushNot...')
#4 C:\xampp\htdocs\SCR\system\CodeIgniter.php(917): App\Controllers\Setting->broadcast()
#5 C:\xampp\htdocs\SCR\system\CodeIgniter.php(403): CodeIgniter\CodeIgniter->runController(Object(App\Controllers\Setting))
#6 C:\xampp\htdocs\SCR\system\CodeIgniter.php(311): CodeIgniter\CodeIgniter->handleRequest(NULL, Object(Config\Cache), false)
#7 C:\xampp\htdocs\SCR\public\index.php(44): CodeIgniter\CodeIgniter->run()
#8 {main}
CRITICAL - 2021-03-27 01:31:34 --> Undefined index: id
#0 C:\xampp\htdocs\SCR\app\Views\content\pushNotif.php(16): CodeIgniter\Debug\Exceptions->errorHandler(8, 'Undefined index...', 'C:\\xampp\\htdocs...', 16, Array)
#1 C:\xampp\htdocs\SCR\system\View\View.php(246): include('C:\\xampp\\htdocs...')
#2 C:\xampp\htdocs\SCR\system\Common.php(1087): CodeIgniter\View\View->render('content/pushNot...', Array, true)
#3 C:\xampp\htdocs\SCR\app\Controllers\Setting.php(182): view('content/pushNot...')
#4 C:\xampp\htdocs\SCR\system\CodeIgniter.php(917): App\Controllers\Setting->broadcast()
#5 C:\xampp\htdocs\SCR\system\CodeIgniter.php(403): CodeIgniter\CodeIgniter->runController(Object(App\Controllers\Setting))
#6 C:\xampp\htdocs\SCR\system\CodeIgniter.php(311): CodeIgniter\CodeIgniter->handleRequest(NULL, Object(Config\Cache), false)
#7 C:\xampp\htdocs\SCR\public\index.php(44): CodeIgniter\CodeIgniter->run()
#8 {main}
CRITICAL - 2021-03-27 01:32:43 --> Argument 1 passed to Minishlink\WebPush\Subscription::create() must be of the type array, null given, called in C:\xampp\htdocs\SCR\app\Views\content\pushNotif.php on line 18
#0 C:\xampp\htdocs\SCR\app\Views\content\pushNotif.php(18): Minishlink\WebPush\Subscription::create(NULL)
#1 C:\xampp\htdocs\SCR\system\View\View.php(246): include('C:\\xampp\\htdocs...')
#2 C:\xampp\htdocs\SCR\system\Common.php(1087): CodeIgniter\View\View->render('content/pushNot...', Array, true)
#3 C:\xampp\htdocs\SCR\app\Controllers\Setting.php(182): view('content/pushNot...')
#4 C:\xampp\htdocs\SCR\system\CodeIgniter.php(917): App\Controllers\Setting->broadcast()
#5 C:\xampp\htdocs\SCR\system\CodeIgniter.php(403): CodeIgniter\CodeIgniter->runController(Object(App\Controllers\Setting))
#6 C:\xampp\htdocs\SCR\system\CodeIgniter.php(311): CodeIgniter\CodeIgniter->handleRequest(NULL, Object(Config\Cache), false)
#7 C:\xampp\htdocs\SCR\public\index.php(44): CodeIgniter\CodeIgniter->run()
#8 {main}
CRITICAL - 2021-03-27 01:34:31 --> Argument 1 passed to Minishlink\WebPush\Subscription::create() must be of the type array, null given, called in C:\xampp\htdocs\SCR\app\Views\content\pushNotif.php on line 18
#0 C:\xampp\htdocs\SCR\app\Views\content\pushNotif.php(18): Minishlink\WebPush\Subscription::create(NULL)
#1 C:\xampp\htdocs\SCR\system\View\View.php(246): include('C:\\xampp\\htdocs...')
#2 C:\xampp\htdocs\SCR\system\Common.php(1087): CodeIgniter\View\View->render('content/pushNot...', Array, true)
#3 C:\xampp\htdocs\SCR\app\Controllers\Setting.php(182): view('content/pushNot...')
#4 C:\xampp\htdocs\SCR\system\CodeIgniter.php(917): App\Controllers\Setting->broadcast()
#5 C:\xampp\htdocs\SCR\system\CodeIgniter.php(403): CodeIgniter\CodeIgniter->runController(Object(App\Controllers\Setting))
#6 C:\xampp\htdocs\SCR\system\CodeIgniter.php(311): CodeIgniter\CodeIgniter->handleRequest(NULL, Object(Config\Cache), false)
#7 C:\xampp\htdocs\SCR\public\index.php(44): CodeIgniter\CodeIgniter->run()
#8 {main}
CRITICAL - 2021-03-27 01:34:35 --> Argument 1 passed to Minishlink\WebPush\Subscription::create() must be of the type array, null given, called in C:\xampp\htdocs\SCR\app\Views\content\pushNotif.php on line 18
#0 C:\xampp\htdocs\SCR\app\Views\content\pushNotif.php(18): Minishlink\WebPush\Subscription::create(NULL)
#1 C:\xampp\htdocs\SCR\system\View\View.php(246): include('C:\\xampp\\htdocs...')
#2 C:\xampp\htdocs\SCR\system\Common.php(1087): CodeIgniter\View\View->render('content/pushNot...', Array, true)
#3 C:\xampp\htdocs\SCR\app\Controllers\Setting.php(182): view('content/pushNot...')
#4 C:\xampp\htdocs\SCR\system\CodeIgniter.php(917): App\Controllers\Setting->broadcast()
#5 C:\xampp\htdocs\SCR\system\CodeIgniter.php(403): CodeIgniter\CodeIgniter->runController(Object(App\Controllers\Setting))
#6 C:\xampp\htdocs\SCR\system\CodeIgniter.php(311): CodeIgniter\CodeIgniter->handleRequest(NULL, Object(Config\Cache), false)
#7 C:\xampp\htdocs\SCR\public\index.php(44): CodeIgniter\CodeIgniter->run()
#8 {main}
CRITICAL - 2021-03-27 01:35:08 --> Argument 1 passed to Minishlink\WebPush\Subscription::create() must be of the type array, null given, called in C:\xampp\htdocs\SCR\app\Views\content\pushNotif.php on line 18
#0 C:\xampp\htdocs\SCR\app\Views\content\pushNotif.php(18): Minishlink\WebPush\Subscription::create(NULL)
#1 C:\xampp\htdocs\SCR\system\View\View.php(246): include('C:\\xampp\\htdocs...')
#2 C:\xampp\htdocs\SCR\system\Common.php(1087): CodeIgniter\View\View->render('content/pushNot...', Array, true)
#3 C:\xampp\htdocs\SCR\app\Controllers\Setting.php(182): view('content/pushNot...')
#4 C:\xampp\htdocs\SCR\system\CodeIgniter.php(917): App\Controllers\Setting->broadcast()
#5 C:\xampp\htdocs\SCR\system\CodeIgniter.php(403): CodeIgniter\CodeIgniter->runController(Object(App\Controllers\Setting))
#6 C:\xampp\htdocs\SCR\system\CodeIgniter.php(311): CodeIgniter\CodeIgniter->handleRequest(NULL, Object(Config\Cache), false)
#7 C:\xampp\htdocs\SCR\public\index.php(44): CodeIgniter\CodeIgniter->run()
#8 {main}
CRITICAL - 2021-03-27 01:36:26 --> Undefined index: endpoints
#0 C:\xampp\htdocs\SCR\app\Views\vendor\minishlink\web-push\src\Subscription.php(73): CodeIgniter\Debug\Exceptions->errorHandler(8, 'Undefined index...', 'C:\\xampp\\htdocs...', 73, Array)
#1 C:\xampp\htdocs\SCR\app\Views\content\pushNotif.php(18): Minishlink\WebPush\Subscription::create(Array)
#2 C:\xampp\htdocs\SCR\system\View\View.php(246): include('C:\\xampp\\htdocs...')
#3 C:\xampp\htdocs\SCR\system\Common.php(1087): CodeIgniter\View\View->render('content/pushNot...', Array, true)
#4 C:\xampp\htdocs\SCR\app\Controllers\Setting.php(182): view('content/pushNot...')
#5 C:\xampp\htdocs\SCR\system\CodeIgniter.php(917): App\Controllers\Setting->broadcast()
#6 C:\xampp\htdocs\SCR\system\CodeIgniter.php(403): CodeIgniter\CodeIgniter->runController(Object(App\Controllers\Setting))
#7 C:\xampp\htdocs\SCR\system\CodeIgniter.php(311): CodeIgniter\CodeIgniter->handleRequest(NULL, Object(Config\Cache), false)
#8 C:\xampp\htdocs\SCR\public\index.php(44): CodeIgniter\CodeIgniter->run()
#9 {main}
CRITICAL - 2021-03-27 01:37:03 --> Invalid data: only uncompressed keys are supported.
#0 C:\xampp\htdocs\SCR\app\Views\vendor\minishlink\web-push\src\Encryption.php(108): Minishlink\WebPush\Utils::unserializePublicKey('6dd8d294fac199b...')
#1 C:\xampp\htdocs\SCR\app\Views\vendor\minishlink\web-push\src\Encryption.php(66): Minishlink\WebPush\Encryption::deterministicEncrypt('\v\xDB\x00\x00\x00\x00\x00\x00\x00\x00\x00\x00\x00\x00\x00...', 'm\xD8\xD2\x94\xFA\xC1\x99\xB56\xEB\xEE\xAF9\xC6\xD9...', '\x04C\x9B\x9F*\xEDr\x03\xFF\x99\x9Ac\x17\xCC\x8D...', 'aesgcm', Array, 'YI\xC1\x98\r\xD8\xFA'G\x9CP"v\r\xB7...')
#2 C:\xampp\htdocs\SCR\app\Views\vendor\minishlink\web-push\src\WebPush.php(225): Minishlink\WebPush\Encryption::encrypt('\v\xDB\x00\x00\x00\x00\x00\x00\x00\x00\x00\x00\x00\x00\x00...', 'bdjSlPrBmbU26-6...', 'BEObnyrtcgP_mZp...', 'aesgcm')
#3 C:\xampp\htdocs\SCR\app\Views\vendor\minishlink\web-push\src\WebPush.php(173): Minishlink\WebPush\WebPush->prepare(Array)
#4 C:\xampp\htdocs\SCR\app\Views\content\pushNotif.php(47): Minishlink\WebPush\WebPush->flush()
#5 C:\xampp\htdocs\SCR\system\View\View.php(246): include('C:\\xampp\\htdocs...')
#6 C:\xampp\htdocs\SCR\system\Common.php(1087): CodeIgniter\View\View->render('content/pushNot...', Array, true)
#7 C:\xampp\htdocs\SCR\app\Controllers\Setting.php(182): view('content/pushNot...')
#8 C:\xampp\htdocs\SCR\system\CodeIgniter.php(917): App\Controllers\Setting->broadcast()
#9 C:\xampp\htdocs\SCR\system\CodeIgniter.php(403): CodeIgniter\CodeIgniter->runController(Object(App\Controllers\Setting))
#10 C:\xampp\htdocs\SCR\system\CodeIgniter.php(311): CodeIgniter\CodeIgniter->handleRequest(NULL, Object(Config\Cache), false)
#11 C:\xampp\htdocs\SCR\public\index.php(44): CodeIgniter\CodeIgniter->run()
#12 {main}
CRITICAL - 2021-03-27 01:37:55 --> Invalid data: only uncompressed keys are supported.
#0 C:\xampp\htdocs\SCR\app\Views\vendor\minishlink\web-push\src\Encryption.php(108): Minishlink\WebPush\Utils::unserializePublicKey('6dd8d294fac199b...')
#1 C:\xampp\htdocs\SCR\app\Views\vendor\minishlink\web-push\src\Encryption.php(66): Minishlink\WebPush\Encryption::deterministicEncrypt('\v\xDB\x00\x00\x00\x00\x00\x00\x00\x00\x00\x00\x00\x00\x00...', 'm\xD8\xD2\x94\xFA\xC1\x99\xB56\xEB\xEE\xAF9\xC6\xD9...', '\x04C\x9B\x9F*\xEDr\x03\xFF\x99\x9Ac\x17\xCC\x8D...', 'aesgcm', Array, '*Z\x06\r\x0FeO\xC7\xD0\xCA\xB8\x19\xEB\xD4\x11...')
#2 C:\xampp\htdocs\SCR\app\Views\vendor\minishlink\web-push\src\WebPush.php(225): Minishlink\WebPush\Encryption::encrypt('\v\xDB\x00\x00\x00\x00\x00\x00\x00\x00\x00\x00\x00\x00\x00...', 'bdjSlPrBmbU26-6...', 'BEObnyrtcgP_mZp...', 'aesgcm')
#3 C:\xampp\htdocs\SCR\app\Views\vendor\minishlink\web-push\src\WebPush.php(173): Minishlink\WebPush\WebPush->prepare(Array)
#4 C:\xampp\htdocs\SCR\app\Views\content\pushNotif.php(48): Minishlink\WebPush\WebPush->flush()
#5 C:\xampp\htdocs\SCR\system\View\View.php(246): include('C:\\xampp\\htdocs...')
#6 C:\xampp\htdocs\SCR\system\Common.php(1087): CodeIgniter\View\View->render('content/pushNot...', Array, true)
#7 C:\xampp\htdocs\SCR\app\Controllers\Setting.php(182): view('content/pushNot...')
#8 C:\xampp\htdocs\SCR\system\CodeIgniter.php(917): App\Controllers\Setting->broadcast()
#9 C:\xampp\htdocs\SCR\system\CodeIgniter.php(403): CodeIgniter\CodeIgniter->runController(Object(App\Controllers\Setting))
#10 C:\xampp\htdocs\SCR\system\CodeIgniter.php(311): CodeIgniter\CodeIgniter->handleRequest(NULL, Object(Config\Cache), false)
#11 C:\xampp\htdocs\SCR\public\index.php(44): CodeIgniter\CodeIgniter->run()
#12 {main}
CRITICAL - 2021-03-27 01:37:57 --> Invalid data: only uncompressed keys are supported.
#0 C:\xampp\htdocs\SCR\app\Views\vendor\minishlink\web-push\src\Encryption.php(108): Minishlink\WebPush\Utils::unserializePublicKey('6dd8d294fac199b...')
#1 C:\xampp\htdocs\SCR\app\Views\vendor\minishlink\web-push\src\Encryption.php(66): Minishlink\WebPush\Encryption::deterministicEncrypt('\v\xDB\x00\x00\x00\x00\x00\x00\x00\x00\x00\x00\x00\x00\x00...', 'm\xD8\xD2\x94\xFA\xC1\x99\xB56\xEB\xEE\xAF9\xC6\xD9...', '\x04C\x9B\x9F*\xEDr\x03\xFF\x99\x9Ac\x17\xCC\x8D...', 'aesgcm', Array, '/V'O\xD5\x0F\xD3\xA9V\x0F\xBF\xA0%\xFC\xCF...')
#2 C:\xampp\htdocs\SCR\app\Views\vendor\minishlink\web-push\src\WebPush.php(225): Minishlink\WebPush\Encryption::encrypt('\v\xDB\x00\x00\x00\x00\x00\x00\x00\x00\x00\x00\x00\x00\x00...', 'bdjSlPrBmbU26-6...', 'BEObnyrtcgP_mZp...', 'aesgcm')
#3 C:\xampp\htdocs\SCR\app\Views\vendor\minishlink\web-push\src\WebPush.php(173): Minishlink\WebPush\WebPush->prepare(Array)
#4 C:\xampp\htdocs\SCR\app\Views\content\pushNotif.php(48): Minishlink\WebPush\WebPush->flush()
#5 C:\xampp\htdocs\SCR\system\View\View.php(246): include('C:\\xampp\\htdocs...')
#6 C:\xampp\htdocs\SCR\system\Common.php(1087): CodeIgniter\View\View->render('content/pushNot...', Array, true)
#7 C:\xampp\htdocs\SCR\app\Controllers\Setting.php(182): view('content/pushNot...')
#8 C:\xampp\htdocs\SCR\system\CodeIgniter.php(917): App\Controllers\Setting->broadcast()
#9 C:\xampp\htdocs\SCR\system\CodeIgniter.php(403): CodeIgniter\CodeIgniter->runController(Object(App\Controllers\Setting))
#10 C:\xampp\htdocs\SCR\system\CodeIgniter.php(311): CodeIgniter\CodeIgniter->handleRequest(NULL, Object(Config\Cache), false)
#11 C:\xampp\htdocs\SCR\public\index.php(44): CodeIgniter\CodeIgniter->run()
#12 {main}
CRITICAL - 2021-03-27 01:38:04 --> Invalid data: only uncompressed keys are supported.
#0 C:\xampp\htdocs\SCR\app\Views\vendor\minishlink\web-push\src\Encryption.php(108): Minishlink\WebPush\Utils::unserializePublicKey('6dd8d294fac199b...')
#1 C:\xampp\htdocs\SCR\app\Views\vendor\minishlink\web-push\src\Encryption.php(66): Minishlink\WebPush\Encryption::deterministicEncrypt('\v\xDB\x00\x00\x00\x00\x00\x00\x00\x00\x00\x00\x00\x00\x00...', 'm\xD8\xD2\x94\xFA\xC1\x99\xB56\xEB\xEE\xAF9\xC6\xD9...', '\x04C\x9B\x9F*\xEDr\x03\xFF\x99\x9Ac\x17\xCC\x8D...', 'aesgcm', Array, ':8@B\t\xD51.\x847/\x04?\xCDP...')
#2 C:\xampp\htdocs\SCR\app\Views\vendor\minishlink\web-push\src\WebPush.php(225): Minishlink\WebPush\Encryption::encrypt('\v\xDB\x00\x00\x00\x00\x00\x00\x00\x00\x00\x00\x00\x00\x00...', 'bdjSlPrBmbU26-6...', 'BEObnyrtcgP_mZp...', 'aesgcm')
#3 C:\xampp\htdocs\SCR\app\Views\vendor\minishlink\web-push\src\WebPush.php(173): Minishlink\WebPush\WebPush->prepare(Array)
#4 C:\xampp\htdocs\SCR\app\Views\content\pushNotif.php(48): Minishlink\WebPush\WebPush->flush()
#5 C:\xampp\htdocs\SCR\system\View\View.php(246): include('C:\\xampp\\htdocs...')
#6 C:\xampp\htdocs\SCR\system\Common.php(1087): CodeIgniter\View\View->render('content/pushNot...', Array, true)
#7 C:\xampp\htdocs\SCR\app\Controllers\Setting.php(182): view('content/pushNot...')
#8 C:\xampp\htdocs\SCR\system\CodeIgniter.php(917): App\Controllers\Setting->broadcast()
#9 C:\xampp\htdocs\SCR\system\CodeIgniter.php(403): CodeIgniter\CodeIgniter->runController(Object(App\Controllers\Setting))
#10 C:\xampp\htdocs\SCR\system\CodeIgniter.php(311): CodeIgniter\CodeIgniter->handleRequest(NULL, Object(Config\Cache), false)
#11 C:\xampp\htdocs\SCR\public\index.php(44): CodeIgniter\CodeIgniter->run()
#12 {main}
CRITICAL - 2021-03-27 01:38:13 --> Invalid data: only uncompressed keys are supported.
#0 C:\xampp\htdocs\SCR\app\Views\vendor\minishlink\web-push\src\Encryption.php(108): Minishlink\WebPush\Utils::unserializePublicKey('6dd8d294fac199b...')
#1 C:\xampp\htdocs\SCR\app\Views\vendor\minishlink\web-push\src\Encryption.php(66): Minishlink\WebPush\Encryption::deterministicEncrypt('\v\xDB\x00\x00\x00\x00\x00\x00\x00\x00\x00\x00\x00\x00\x00...', 'm\xD8\xD2\x94\xFA\xC1\x99\xB56\xEB\xEE\xAF9\xC6\xD9...', '\x04C\x9B\x9F*\xEDr\x03\xFF\x99\x9Ac\x17\xCC\x8D...', 'aesgcm', Array, 'r\xFC\xAD\x00\xD3\xC0,\x194W`\xF6`Vo...')
#2 C:\xampp\htdocs\SCR\app\Views\vendor\minishlink\web-push\src\WebPush.php(225): Minishlink\WebPush\Encryption::encrypt('\v\xDB\x00\x00\x00\x00\x00\x00\x00\x00\x00\x00\x00\x00\x00...', 'bdjSlPrBmbU26-6...', 'BEObnyrtcgP_mZp...', 'aesgcm')
#3 C:\xampp\htdocs\SCR\app\Views\vendor\minishlink\web-push\src\WebPush.php(173): Minishlink\WebPush\WebPush->prepare(Array)
#4 C:\xampp\htdocs\SCR\app\Views\content\pushNotif.php(48): Minishlink\WebPush\WebPush->flush()
#5 C:\xampp\htdocs\SCR\system\View\View.php(246): include('C:\\xampp\\htdocs...')
#6 C:\xampp\htdocs\SCR\system\Common.php(1087): CodeIgniter\View\View->render('content/pushNot...', Array, true)
#7 C:\xampp\htdocs\SCR\app\Controllers\Setting.php(182): view('content/pushNot...')
#8 C:\xampp\htdocs\SCR\system\CodeIgniter.php(917): App\Controllers\Setting->broadcast()
#9 C:\xampp\htdocs\SCR\system\CodeIgniter.php(403): CodeIgniter\CodeIgniter->runController(Object(App\Controllers\Setting))
#10 C:\xampp\htdocs\SCR\system\CodeIgniter.php(311): CodeIgniter\CodeIgniter->handleRequest(NULL, Object(Config\Cache), false)
#11 C:\xampp\htdocs\SCR\public\index.php(44): CodeIgniter\CodeIgniter->run()
#12 {main}
CRITICAL - 2021-03-27 01:38:25 --> Invalid data: only uncompressed keys are supported.
#0 C:\xampp\htdocs\SCR\app\Views\vendor\minishlink\web-push\src\Encryption.php(108): Minishlink\WebPush\Utils::unserializePublicKey('6dd8d294fac199b...')
#1 C:\xampp\htdocs\SCR\app\Views\vendor\minishlink\web-push\src\Encryption.php(66): Minishlink\WebPush\Encryption::deterministicEncrypt('\v\xDB\x00\x00\x00\x00\x00\x00\x00\x00\x00\x00\x00\x00\x00...', 'm\xD8\xD2\x94\xFA\xC1\x99\xB56\xEB\xEE\xAF9\xC6\xD9...', '\x04C\x9B\x9F*\xEDr\x03\xFF\x99\x9Ac\x17\xCC\x8D...', 'aesgcm', Array, '\xC8\xCE\x89 \x9E\xD8u)\xFA\x1C\x05\xFAr;\xFD...')
#2 C:\xampp\htdocs\SCR\app\Views\vendor\minishlink\web-push\src\WebPush.php(225): Minishlink\WebPush\Encryption::encrypt('\v\xDB\x00\x00\x00\x00\x00\x00\x00\x00\x00\x00\x00\x00\x00...', 'bdjSlPrBmbU26-6...', 'BEObnyrtcgP_mZp...', 'aesgcm')
#3 C:\xampp\htdocs\SCR\app\Views\vendor\minishlink\web-push\src\WebPush.php(173): Minishlink\WebPush\WebPush->prepare(Array)
#4 C:\xampp\htdocs\SCR\app\Views\content\pushNotif.php(48): Minishlink\WebPush\WebPush->flush()
#5 C:\xampp\htdocs\SCR\system\View\View.php(246): include('C:\\xampp\\htdocs...')
#6 C:\xampp\htdocs\SCR\system\Common.php(1087): CodeIgniter\View\View->render('content/pushNot...', Array, true)
#7 C:\xampp\htdocs\SCR\app\Controllers\Setting.php(182): view('content/pushNot...')
#8 C:\xampp\htdocs\SCR\system\CodeIgniter.php(917): App\Controllers\Setting->broadcast()
#9 C:\xampp\htdocs\SCR\system\CodeIgniter.php(403): CodeIgniter\CodeIgniter->runController(Object(App\Controllers\Setting))
#10 C:\xampp\htdocs\SCR\system\CodeIgniter.php(311): CodeIgniter\CodeIgniter->handleRequest(NULL, Object(Config\Cache), false)
#11 C:\xampp\htdocs\SCR\public\index.php(44): CodeIgniter\CodeIgniter->run()
#12 {main}
