CRITICAL - 2020-07-09 00:28:00 --> Unable to connect to the database.
#0 C:\xampp\htdocs\CI4\system\Database\BaseConnection.php(657): CodeIgniter\Database\BaseConnection->initialize()
#1 C:\xampp\htdocs\CI4\app\Models\UsersModel.php(15): CodeIgniter\Database\BaseConnection->query('select * from u...')
#2 C:\xampp\htdocs\CI4\app\Controllers\Login.php(57): App\Models\UsersModel->login(Array)
#3 C:\xampp\htdocs\CI4\system\CodeIgniter.php(917): App\Controllers\Login->index()
#4 C:\xampp\htdocs\CI4\system\CodeIgniter.php(403): CodeIgniter\CodeIgniter->runController(Object(App\Controllers\Login))
#5 C:\xampp\htdocs\CI4\system\CodeIgniter.php(311): CodeIgniter\CodeIgniter->handleRequest(NULL, Object(Config\Cache), false)
#6 C:\xampp\htdocs\CI4\public\index.php(44): CodeIgniter\CodeIgniter->run()
#7 C:\xampp\htdocs\CI4\system\Commands\Server\rewrite.php(34): require_once('C:\\xampp\\htdocs...')
#8 {main}
CRITICAL - 2020-07-09 03:39:56 --> Undefined property: CodeIgniter\View\View::$uri
#0 C:\xampp\htdocs\CI4\app\Views\parts\header.php(50): CodeIgniter\Debug\Exceptions->errorHandler(8, 'Undefined prope...', 'C:\\xampp\\htdocs...', 50, Array)
#1 C:\xampp\htdocs\CI4\system\View\View.php(246): include('C:\\xampp\\htdocs...')
#2 C:\xampp\htdocs\CI4\system\Common.php(1087): CodeIgniter\View\View->render('parts/header', Array, true)
#3 C:\xampp\htdocs\CI4\app\Views\dashboard.php(1): view('parts/header')
#4 C:\xampp\htdocs\CI4\system\View\View.php(246): include('C:\\xampp\\htdocs...')
#5 C:\xampp\htdocs\CI4\system\Common.php(1087): CodeIgniter\View\View->render('dashboard', Array, true)
#6 C:\xampp\htdocs\CI4\app\Controllers\Dashboard.php(15): view('dashboard')
#7 C:\xampp\htdocs\CI4\system\CodeIgniter.php(917): App\Controllers\Dashboard->index()
#8 C:\xampp\htdocs\CI4\system\CodeIgniter.php(403): CodeIgniter\CodeIgniter->runController(Object(App\Controllers\Dashboard))
#9 C:\xampp\htdocs\CI4\system\CodeIgniter.php(311): CodeIgniter\CodeIgniter->handleRequest(NULL, Object(Config\Cache), false)
#10 C:\xampp\htdocs\CI4\public\index.php(44): CodeIgniter\CodeIgniter->run()
#11 C:\xampp\htdocs\CI4\system\Commands\Server\rewrite.php(34): require_once('C:\\xampp\\htdocs...')
#12 {main}
CRITICAL - 2020-07-09 03:43:30 --> Undefined property: CodeIgniter\View\View::$uri
#0 C:\xampp\htdocs\CI4\app\Views\dashboard.php(6): CodeIgniter\Debug\Exceptions->errorHandler(8, 'Undefined prope...', 'C:\\xampp\\htdocs...', 6, Array)
#1 C:\xampp\htdocs\CI4\system\View\View.php(246): include('C:\\xampp\\htdocs...')
#2 C:\xampp\htdocs\CI4\system\Common.php(1087): CodeIgniter\View\View->render('dashboard', Array, true)
#3 C:\xampp\htdocs\CI4\app\Controllers\Dashboard.php(15): view('dashboard')
#4 C:\xampp\htdocs\CI4\system\CodeIgniter.php(917): App\Controllers\Dashboard->index()
#5 C:\xampp\htdocs\CI4\system\CodeIgniter.php(403): CodeIgniter\CodeIgniter->runController(Object(App\Controllers\Dashboard))
#6 C:\xampp\htdocs\CI4\system\CodeIgniter.php(311): CodeIgniter\CodeIgniter->handleRequest(NULL, Object(Config\Cache), false)
#7 C:\xampp\htdocs\CI4\public\index.php(44): CodeIgniter\CodeIgniter->run()
#8 C:\xampp\htdocs\CI4\system\Commands\Server\rewrite.php(34): require_once('C:\\xampp\\htdocs...')
#9 {main}
CRITICAL - 2020-07-09 03:43:32 --> Undefined property: CodeIgniter\View\View::$uri
#0 C:\xampp\htdocs\CI4\app\Views\dashboard.php(6): CodeIgniter\Debug\Exceptions->errorHandler(8, 'Undefined prope...', 'C:\\xampp\\htdocs...', 6, Array)
#1 C:\xampp\htdocs\CI4\system\View\View.php(246): include('C:\\xampp\\htdocs...')
#2 C:\xampp\htdocs\CI4\system\Common.php(1087): CodeIgniter\View\View->render('dashboard', Array, true)
#3 C:\xampp\htdocs\CI4\app\Controllers\Dashboard.php(15): view('dashboard')
#4 C:\xampp\htdocs\CI4\system\CodeIgniter.php(917): App\Controllers\Dashboard->index()
#5 C:\xampp\htdocs\CI4\system\CodeIgniter.php(403): CodeIgniter\CodeIgniter->runController(Object(App\Controllers\Dashboard))
#6 C:\xampp\htdocs\CI4\system\CodeIgniter.php(311): CodeIgniter\CodeIgniter->handleRequest(NULL, Object(Config\Cache), false)
#7 C:\xampp\htdocs\CI4\public\index.php(44): CodeIgniter\CodeIgniter->run()
#8 C:\xampp\htdocs\CI4\system\Commands\Server\rewrite.php(34): require_once('C:\\xampp\\htdocs...')
#9 {main}
CRITICAL - 2020-07-09 03:43:48 --> Undefined property: CodeIgniter\View\View::$uri
#0 C:\xampp\htdocs\CI4\app\Views\dashboard.php(6): CodeIgniter\Debug\Exceptions->errorHandler(8, 'Undefined prope...', 'C:\\xampp\\htdocs...', 6, Array)
#1 C:\xampp\htdocs\CI4\system\View\View.php(246): include('C:\\xampp\\htdocs...')
#2 C:\xampp\htdocs\CI4\system\Common.php(1087): CodeIgniter\View\View->render('dashboard', Array, true)
#3 C:\xampp\htdocs\CI4\app\Controllers\Dashboard.php(15): view('dashboard')
#4 C:\xampp\htdocs\CI4\system\CodeIgniter.php(917): App\Controllers\Dashboard->index()
#5 C:\xampp\htdocs\CI4\system\CodeIgniter.php(403): CodeIgniter\CodeIgniter->runController(Object(App\Controllers\Dashboard))
#6 C:\xampp\htdocs\CI4\system\CodeIgniter.php(311): CodeIgniter\CodeIgniter->handleRequest(NULL, Object(Config\Cache), false)
#7 C:\xampp\htdocs\CI4\public\index.php(44): CodeIgniter\CodeIgniter->run()
#8 C:\xampp\htdocs\CI4\system\Commands\Server\rewrite.php(34): require_once('C:\\xampp\\htdocs...')
#9 {main}
CRITICAL - 2020-07-09 03:46:29 --> Undefined property: CodeIgniter\View\View::$uri
#0 C:\xampp\htdocs\CI4\app\Views\dashboard.php(10): CodeIgniter\Debug\Exceptions->errorHandler(8, 'Undefined prope...', 'C:\\xampp\\htdocs...', 10, Array)
#1 C:\xampp\htdocs\CI4\system\View\View.php(246): include('C:\\xampp\\htdocs...')
#2 C:\xampp\htdocs\CI4\system\Common.php(1087): CodeIgniter\View\View->render('dashboard', Array, true)
#3 C:\xampp\htdocs\CI4\app\Controllers\Dashboard.php(15): view('dashboard')
#4 C:\xampp\htdocs\CI4\system\CodeIgniter.php(917): App\Controllers\Dashboard->index()
#5 C:\xampp\htdocs\CI4\system\CodeIgniter.php(403): CodeIgniter\CodeIgniter->runController(Object(App\Controllers\Dashboard))
#6 C:\xampp\htdocs\CI4\system\CodeIgniter.php(311): CodeIgniter\CodeIgniter->handleRequest(NULL, Object(Config\Cache), false)
#7 C:\xampp\htdocs\CI4\public\index.php(44): CodeIgniter\CodeIgniter->run()
#8 C:\xampp\htdocs\CI4\system\Commands\Server\rewrite.php(34): require_once('C:\\xampp\\htdocs...')
#9 {main}
CRITICAL - 2020-07-09 06:20:20 --> Unable to connect to the database.
#0 C:\xampp\htdocs\CI4\system\Database\BaseConnection.php(657): CodeIgniter\Database\BaseConnection->initialize()
#1 C:\xampp\htdocs\CI4\app\Models\UsersModel.php(15): CodeIgniter\Database\BaseConnection->query('select * from u...')
#2 C:\xampp\htdocs\CI4\app\Controllers\Login.php(57): App\Models\UsersModel->login(Array)
#3 C:\xampp\htdocs\CI4\system\CodeIgniter.php(917): App\Controllers\Login->index()
#4 C:\xampp\htdocs\CI4\system\CodeIgniter.php(403): CodeIgniter\CodeIgniter->runController(Object(App\Controllers\Login))
#5 C:\xampp\htdocs\CI4\system\CodeIgniter.php(311): CodeIgniter\CodeIgniter->handleRequest(NULL, Object(Config\Cache), false)
#6 C:\xampp\htdocs\CI4\public\index.php(44): CodeIgniter\CodeIgniter->run()
#7 C:\xampp\htdocs\CI4\system\Commands\Server\rewrite.php(34): require_once('C:\\xampp\\htdocs...')
#8 {main}
CRITICAL - 2020-07-09 06:20:41 --> Class '\CodeIgniter\Database\MySQL\Connection' not found
#0 C:\xampp\htdocs\CI4\system\Database\Config.php(115): CodeIgniter\Database\Database->load(Array, 'default')
#1 C:\xampp\htdocs\CI4\app\Controllers\Users.php(66): CodeIgniter\Database\Config::connect()
#2 C:\xampp\htdocs\CI4\app\Controllers\Login.php(19): App\Controllers\Users::check()
#3 C:\xampp\htdocs\CI4\system\CodeIgniter.php(917): App\Controllers\Login->index()
#4 C:\xampp\htdocs\CI4\system\CodeIgniter.php(403): CodeIgniter\CodeIgniter->runController(Object(App\Controllers\Login))
#5 C:\xampp\htdocs\CI4\system\CodeIgniter.php(311): CodeIgniter\CodeIgniter->handleRequest(NULL, Object(Config\Cache), false)
#6 C:\xampp\htdocs\CI4\public\index.php(44): CodeIgniter\CodeIgniter->run()
#7 C:\xampp\htdocs\CI4\system\Commands\Server\rewrite.php(34): require_once('C:\\xampp\\htdocs...')
#8 {main}
CRITICAL - 2020-07-09 06:20:43 --> Class '\CodeIgniter\Database\MySQL\Connection' not found
#0 C:\xampp\htdocs\CI4\system\Database\Config.php(115): CodeIgniter\Database\Database->load(Array, 'default')
#1 C:\xampp\htdocs\CI4\app\Controllers\Users.php(66): CodeIgniter\Database\Config::connect()
#2 C:\xampp\htdocs\CI4\app\Controllers\Login.php(19): App\Controllers\Users::check()
#3 C:\xampp\htdocs\CI4\system\CodeIgniter.php(917): App\Controllers\Login->index()
#4 C:\xampp\htdocs\CI4\system\CodeIgniter.php(403): CodeIgniter\CodeIgniter->runController(Object(App\Controllers\Login))
#5 C:\xampp\htdocs\CI4\system\CodeIgniter.php(311): CodeIgniter\CodeIgniter->handleRequest(NULL, Object(Config\Cache), false)
#6 C:\xampp\htdocs\CI4\public\index.php(44): CodeIgniter\CodeIgniter->run()
#7 C:\xampp\htdocs\CI4\system\Commands\Server\rewrite.php(34): require_once('C:\\xampp\\htdocs...')
#8 {main}
CRITICAL - 2020-07-09 06:22:31 --> Unable to connect to the database.
#0 C:\xampp\htdocs\CI4\system\Database\BaseConnection.php(657): CodeIgniter\Database\BaseConnection->initialize()
#1 C:\xampp\htdocs\CI4\app\Models\UsersModel.php(15): CodeIgniter\Database\BaseConnection->query('select * from u...')
#2 C:\xampp\htdocs\CI4\app\Controllers\Login.php(57): App\Models\UsersModel->login(Array)
#3 C:\xampp\htdocs\CI4\system\CodeIgniter.php(917): App\Controllers\Login->index()
#4 C:\xampp\htdocs\CI4\system\CodeIgniter.php(403): CodeIgniter\CodeIgniter->runController(Object(App\Controllers\Login))
#5 C:\xampp\htdocs\CI4\system\CodeIgniter.php(311): CodeIgniter\CodeIgniter->handleRequest(NULL, Object(Config\Cache), false)
#6 C:\xampp\htdocs\CI4\public\index.php(44): CodeIgniter\CodeIgniter->run()
#7 C:\xampp\htdocs\CI4\system\Commands\Server\rewrite.php(34): require_once('C:\\xampp\\htdocs...')
#8 {main}
