CRITICAL - 2020-07-01 14:22:09 --> syntax error, unexpected 'content' (T_STRING), expecting ';' or ','
#0 C:\xampp\htdocs\CI4\system\Autoloader\Autoloader.php(296): CodeIgniter\Autoloader\Autoloader->requireFile('C:\\xampp\\htdocs...')
#1 C:\xampp\htdocs\CI4\system\Autoloader\Autoloader.php(258): CodeIgniter\Autoloader\Autoloader->loadInNamespace('App\\Controllers...')
#2 [internal function]: CodeIgniter\Autoloader\Autoloader->loadClass('App\\Controllers...')
#3 C:\xampp\htdocs\CI4\app\Controllers\Users.php(7): spl_autoload_call('App\\Controllers...')
#4 C:\xampp\htdocs\CI4\system\Autoloader\Autoloader.php(365): require_once('C:\\xampp\\htdocs...')
#5 C:\xampp\htdocs\CI4\system\Autoloader\Autoloader.php(296): CodeIgniter\Autoloader\Autoloader->requireFile('C:\\xampp\\htdocs...')
#6 C:\xampp\htdocs\CI4\system\Autoloader\Autoloader.php(258): CodeIgniter\Autoloader\Autoloader->loadInNamespace('App\\Controllers...')
#7 [internal function]: CodeIgniter\Autoloader\Autoloader->loadClass('App\\Controllers...')
#8 C:\xampp\htdocs\CI4\app\Controllers\Login.php(19): spl_autoload_call('App\\Controllers...')
#9 C:\xampp\htdocs\CI4\system\CodeIgniter.php(917): App\Controllers\Login->index()
#10 C:\xampp\htdocs\CI4\system\CodeIgniter.php(403): CodeIgniter\CodeIgniter->runController(Object(App\Controllers\Login))
#11 C:\xampp\htdocs\CI4\system\CodeIgniter.php(311): CodeIgniter\CodeIgniter->handleRequest(NULL, Object(Config\Cache), false)
#12 C:\xampp\htdocs\CI4\public\index.php(44): CodeIgniter\CodeIgniter->run()
#13 C:\xampp\htdocs\CI4\system\Commands\Server\rewrite.php(34): require_once('C:\\xampp\\htdocs...')
#14 {main}
CRITICAL - 2020-07-01 14:25:41 --> syntax error, unexpected 'UpUp' (T_STRING), expecting function (T_FUNCTION) or const (T_CONST)
#0 C:\xampp\htdocs\CI4\system\Autoloader\Autoloader.php(296): CodeIgniter\Autoloader\Autoloader->requireFile('C:\\xampp\\htdocs...')
#1 C:\xampp\htdocs\CI4\system\Autoloader\Autoloader.php(258): CodeIgniter\Autoloader\Autoloader->loadInNamespace('App\\Controllers...')
#2 [internal function]: CodeIgniter\Autoloader\Autoloader->loadClass('App\\Controllers...')
#3 C:\xampp\htdocs\CI4\app\Controllers\Users.php(7): spl_autoload_call('App\\Controllers...')
#4 C:\xampp\htdocs\CI4\system\Autoloader\Autoloader.php(365): require_once('C:\\xampp\\htdocs...')
#5 C:\xampp\htdocs\CI4\system\Autoloader\Autoloader.php(296): CodeIgniter\Autoloader\Autoloader->requireFile('C:\\xampp\\htdocs...')
#6 C:\xampp\htdocs\CI4\system\Autoloader\Autoloader.php(258): CodeIgniter\Autoloader\Autoloader->loadInNamespace('App\\Controllers...')
#7 [internal function]: CodeIgniter\Autoloader\Autoloader->loadClass('App\\Controllers...')
#8 C:\xampp\htdocs\CI4\app\Controllers\Login.php(19): spl_autoload_call('App\\Controllers...')
#9 C:\xampp\htdocs\CI4\system\CodeIgniter.php(917): App\Controllers\Login->index()
#10 C:\xampp\htdocs\CI4\system\CodeIgniter.php(403): CodeIgniter\CodeIgniter->runController(Object(App\Controllers\Login))
#11 C:\xampp\htdocs\CI4\system\CodeIgniter.php(311): CodeIgniter\CodeIgniter->handleRequest(NULL, Object(Config\Cache), false)
#12 C:\xampp\htdocs\CI4\public\index.php(44): CodeIgniter\CodeIgniter->run()
#13 C:\xampp\htdocs\CI4\system\Commands\Server\rewrite.php(34): require_once('C:\\xampp\\htdocs...')
#14 {main}
