CRITICAL - 2021-02-25 03:01:47 --> CodeIgniter\View\View::main(): Failed opening required 'C:\xampp\htdocs\SCR\app\Views/vendor/autoload.php' (include_path='C:\xampp\php\PEAR')
#0 [internal function]: CodeIgniter\Debug\Exceptions->shutdownHandler()
#1 {main}
CRITICAL - 2021-02-25 03:09:48 --> include(C:\xampp\htdocs\SCR\app\Libraries/GroceryCrudEnterprise/autoload.php): failed to open stream: No such file or directory
#0 C:\xampp\htdocs\SCR\app\Controllers\BaseController.php(4): CodeIgniter\Debug\Exceptions->errorHandler(2, 'include(C:\\xamp...', 'C:\\xampp\\htdocs...', 4, Array)
#1 C:\xampp\htdocs\SCR\app\Controllers\BaseController.php(4): include()
#2 C:\xampp\htdocs\SCR\system\Autoloader\Autoloader.php(365): require_once('C:\\xampp\\htdocs...')
#3 C:\xampp\htdocs\SCR\system\Autoloader\Autoloader.php(296): CodeIgniter\Autoloader\Autoloader->requireFile('C:\\xampp\\htdocs...')
#4 C:\xampp\htdocs\SCR\system\Autoloader\Autoloader.php(258): CodeIgniter\Autoloader\Autoloader->loadInNamespace('App\\Controllers...')
#5 [internal function]: CodeIgniter\Autoloader\Autoloader->loadClass('App\\Controllers...')
#6 C:\xampp\htdocs\SCR\app\Controllers\Users.php(2): spl_autoload_call('App\\Controllers...')
#7 C:\xampp\htdocs\SCR\system\Autoloader\Autoloader.php(365): require_once('C:\\xampp\\htdocs...')
#8 C:\xampp\htdocs\SCR\system\Autoloader\Autoloader.php(296): CodeIgniter\Autoloader\Autoloader->requireFile('C:\\xampp\\htdocs...')
#9 C:\xampp\htdocs\SCR\system\Autoloader\Autoloader.php(258): CodeIgniter\Autoloader\Autoloader->loadInNamespace('App\\Controllers...')
#10 [internal function]: CodeIgniter\Autoloader\Autoloader->loadClass('App\\Controllers...')
#11 C:\xampp\htdocs\SCR\app\Controllers\Dashboard.php(12): spl_autoload_call('App\\Controllers...')
#12 C:\xampp\htdocs\SCR\system\CodeIgniter.php(917): App\Controllers\Dashboard->index()
#13 C:\xampp\htdocs\SCR\system\CodeIgniter.php(403): CodeIgniter\CodeIgniter->runController(Object(App\Controllers\Dashboard))
#14 C:\xampp\htdocs\SCR\system\CodeIgniter.php(311): CodeIgniter\CodeIgniter->handleRequest(NULL, Object(Config\Cache), false)
#15 C:\xampp\htdocs\SCR\public\index.php(44): CodeIgniter\CodeIgniter->run()
#16 {main}
CRITICAL - 2021-02-25 03:09:50 --> include(C:\xampp\htdocs\SCR\app\Libraries/GroceryCrudEnterprise/autoload.php): failed to open stream: No such file or directory
#0 C:\xampp\htdocs\SCR\app\Controllers\BaseController.php(4): CodeIgniter\Debug\Exceptions->errorHandler(2, 'include(C:\\xamp...', 'C:\\xampp\\htdocs...', 4, Array)
#1 C:\xampp\htdocs\SCR\app\Controllers\BaseController.php(4): include()
#2 C:\xampp\htdocs\SCR\system\Autoloader\Autoloader.php(365): require_once('C:\\xampp\\htdocs...')
#3 C:\xampp\htdocs\SCR\system\Autoloader\Autoloader.php(296): CodeIgniter\Autoloader\Autoloader->requireFile('C:\\xampp\\htdocs...')
#4 C:\xampp\htdocs\SCR\system\Autoloader\Autoloader.php(258): CodeIgniter\Autoloader\Autoloader->loadInNamespace('App\\Controllers...')
#5 [internal function]: CodeIgniter\Autoloader\Autoloader->loadClass('App\\Controllers...')
#6 C:\xampp\htdocs\SCR\app\Controllers\Users.php(2): spl_autoload_call('App\\Controllers...')
#7 C:\xampp\htdocs\SCR\system\Autoloader\Autoloader.php(365): require_once('C:\\xampp\\htdocs...')
#8 C:\xampp\htdocs\SCR\system\Autoloader\Autoloader.php(296): CodeIgniter\Autoloader\Autoloader->requireFile('C:\\xampp\\htdocs...')
#9 C:\xampp\htdocs\SCR\system\Autoloader\Autoloader.php(258): CodeIgniter\Autoloader\Autoloader->loadInNamespace('App\\Controllers...')
#10 [internal function]: CodeIgniter\Autoloader\Autoloader->loadClass('App\\Controllers...')
#11 C:\xampp\htdocs\SCR\app\Controllers\Dashboard.php(12): spl_autoload_call('App\\Controllers...')
#12 C:\xampp\htdocs\SCR\system\CodeIgniter.php(917): App\Controllers\Dashboard->index()
#13 C:\xampp\htdocs\SCR\system\CodeIgniter.php(403): CodeIgniter\CodeIgniter->runController(Object(App\Controllers\Dashboard))
#14 C:\xampp\htdocs\SCR\system\CodeIgniter.php(311): CodeIgniter\CodeIgniter->handleRequest(NULL, Object(Config\Cache), false)
#15 C:\xampp\htdocs\SCR\public\index.php(44): CodeIgniter\CodeIgniter->run()
#16 {main}
CRITICAL - 2021-02-25 03:10:05 --> include(C:\xampp\htdocs\SCR\app\Libraries/GroceryCrudEnterprise/autoload.php): failed to open stream: No such file or directory
#0 C:\xampp\htdocs\SCR\app\Controllers\BaseController.php(4): CodeIgniter\Debug\Exceptions->errorHandler(2, 'include(C:\\xamp...', 'C:\\xampp\\htdocs...', 4, Array)
#1 C:\xampp\htdocs\SCR\app\Controllers\BaseController.php(4): include()
#2 C:\xampp\htdocs\SCR\system\Autoloader\Autoloader.php(365): require_once('C:\\xampp\\htdocs...')
#3 C:\xampp\htdocs\SCR\system\Autoloader\Autoloader.php(296): CodeIgniter\Autoloader\Autoloader->requireFile('C:\\xampp\\htdocs...')
#4 C:\xampp\htdocs\SCR\system\Autoloader\Autoloader.php(258): CodeIgniter\Autoloader\Autoloader->loadInNamespace('App\\Controllers...')
#5 [internal function]: CodeIgniter\Autoloader\Autoloader->loadClass('App\\Controllers...')
#6 C:\xampp\htdocs\SCR\app\Controllers\Kuesioner.php(2): spl_autoload_call('App\\Controllers...')
#7 C:\xampp\htdocs\SCR\system\Router\Router.php(578): include_once('C:\\xampp\\htdocs...')
#8 C:\xampp\htdocs\SCR\system\Router\Router.php(192): CodeIgniter\Router\Router->autoRoute('kuesioner/index')
#9 C:\xampp\htdocs\SCR\system\CodeIgniter.php(792): CodeIgniter\Router\Router->handle('kuesioner/index')
#10 C:\xampp\htdocs\SCR\system\CodeIgniter.php(363): CodeIgniter\CodeIgniter->tryToRouteIt(Object(CodeIgniter\Router\RouteCollection))
#11 C:\xampp\htdocs\SCR\system\CodeIgniter.php(311): CodeIgniter\CodeIgniter->handleRequest(NULL, Object(Config\Cache), false)
#12 C:\xampp\htdocs\SCR\public\index.php(44): CodeIgniter\CodeIgniter->run()
#13 {main}
CRITICAL - 2021-02-25 03:10:08 --> include(C:\xampp\htdocs\SCR\app\Libraries/GroceryCrudEnterprise/autoload.php): failed to open stream: No such file or directory
#0 C:\xampp\htdocs\SCR\app\Controllers\BaseController.php(4): CodeIgniter\Debug\Exceptions->errorHandler(2, 'include(C:\\xamp...', 'C:\\xampp\\htdocs...', 4, Array)
#1 C:\xampp\htdocs\SCR\app\Controllers\BaseController.php(4): include()
#2 C:\xampp\htdocs\SCR\system\Autoloader\Autoloader.php(365): require_once('C:\\xampp\\htdocs...')
#3 C:\xampp\htdocs\SCR\system\Autoloader\Autoloader.php(296): CodeIgniter\Autoloader\Autoloader->requireFile('C:\\xampp\\htdocs...')
#4 C:\xampp\htdocs\SCR\system\Autoloader\Autoloader.php(258): CodeIgniter\Autoloader\Autoloader->loadInNamespace('App\\Controllers...')
#5 [internal function]: CodeIgniter\Autoloader\Autoloader->loadClass('App\\Controllers...')
#6 C:\xampp\htdocs\SCR\app\Controllers\Login.php(10): spl_autoload_call('App\\Controllers...')
#7 C:\xampp\htdocs\SCR\system\Router\Router.php(578): include_once('C:\\xampp\\htdocs...')
#8 C:\xampp\htdocs\SCR\system\Router\Router.php(192): CodeIgniter\Router\Router->autoRoute('login')
#9 C:\xampp\htdocs\SCR\system\CodeIgniter.php(792): CodeIgniter\Router\Router->handle('login')
#10 C:\xampp\htdocs\SCR\system\CodeIgniter.php(363): CodeIgniter\CodeIgniter->tryToRouteIt(Object(CodeIgniter\Router\RouteCollection))
#11 C:\xampp\htdocs\SCR\system\CodeIgniter.php(311): CodeIgniter\CodeIgniter->handleRequest(NULL, Object(Config\Cache), false)
#12 C:\xampp\htdocs\SCR\public\index.php(44): CodeIgniter\CodeIgniter->run()
#13 {main}
CRITICAL - 2021-02-25 03:10:11 --> include(C:\xampp\htdocs\SCR\app\Libraries/GroceryCrudEnterprise/autoload.php): failed to open stream: No such file or directory
#0 C:\xampp\htdocs\SCR\app\Controllers\BaseController.php(4): CodeIgniter\Debug\Exceptions->errorHandler(2, 'include(C:\\xamp...', 'C:\\xampp\\htdocs...', 4, Array)
#1 C:\xampp\htdocs\SCR\app\Controllers\BaseController.php(4): include()
#2 C:\xampp\htdocs\SCR\system\Autoloader\Autoloader.php(365): require_once('C:\\xampp\\htdocs...')
#3 C:\xampp\htdocs\SCR\system\Autoloader\Autoloader.php(296): CodeIgniter\Autoloader\Autoloader->requireFile('C:\\xampp\\htdocs...')
#4 C:\xampp\htdocs\SCR\system\Autoloader\Autoloader.php(258): CodeIgniter\Autoloader\Autoloader->loadInNamespace('App\\Controllers...')
#5 [internal function]: CodeIgniter\Autoloader\Autoloader->loadClass('App\\Controllers...')
#6 C:\xampp\htdocs\SCR\app\Controllers\Login.php(10): spl_autoload_call('App\\Controllers...')
#7 C:\xampp\htdocs\SCR\system\Router\Router.php(578): include_once('C:\\xampp\\htdocs...')
#8 C:\xampp\htdocs\SCR\system\Router\Router.php(192): CodeIgniter\Router\Router->autoRoute('login')
#9 C:\xampp\htdocs\SCR\system\CodeIgniter.php(792): CodeIgniter\Router\Router->handle('login')
#10 C:\xampp\htdocs\SCR\system\CodeIgniter.php(363): CodeIgniter\CodeIgniter->tryToRouteIt(Object(CodeIgniter\Router\RouteCollection))
#11 C:\xampp\htdocs\SCR\system\CodeIgniter.php(311): CodeIgniter\CodeIgniter->handleRequest(NULL, Object(Config\Cache), false)
#12 C:\xampp\htdocs\SCR\public\index.php(44): CodeIgniter\CodeIgniter->run()
#13 {main}
CRITICAL - 2021-02-25 03:10:12 --> include(C:\xampp\htdocs\SCR\app\Libraries/GroceryCrudEnterprise/autoload.php): failed to open stream: No such file or directory
#0 C:\xampp\htdocs\SCR\app\Controllers\BaseController.php(4): CodeIgniter\Debug\Exceptions->errorHandler(2, 'include(C:\\xamp...', 'C:\\xampp\\htdocs...', 4, Array)
#1 C:\xampp\htdocs\SCR\app\Controllers\BaseController.php(4): include()
#2 C:\xampp\htdocs\SCR\system\Autoloader\Autoloader.php(365): require_once('C:\\xampp\\htdocs...')
#3 C:\xampp\htdocs\SCR\system\Autoloader\Autoloader.php(296): CodeIgniter\Autoloader\Autoloader->requireFile('C:\\xampp\\htdocs...')
#4 C:\xampp\htdocs\SCR\system\Autoloader\Autoloader.php(258): CodeIgniter\Autoloader\Autoloader->loadInNamespace('App\\Controllers...')
#5 [internal function]: CodeIgniter\Autoloader\Autoloader->loadClass('App\\Controllers...')
#6 C:\xampp\htdocs\SCR\app\Controllers\Login.php(10): spl_autoload_call('App\\Controllers...')
#7 C:\xampp\htdocs\SCR\system\Router\Router.php(578): include_once('C:\\xampp\\htdocs...')
#8 C:\xampp\htdocs\SCR\system\Router\Router.php(192): CodeIgniter\Router\Router->autoRoute('login')
#9 C:\xampp\htdocs\SCR\system\CodeIgniter.php(792): CodeIgniter\Router\Router->handle('login')
#10 C:\xampp\htdocs\SCR\system\CodeIgniter.php(363): CodeIgniter\CodeIgniter->tryToRouteIt(Object(CodeIgniter\Router\RouteCollection))
#11 C:\xampp\htdocs\SCR\system\CodeIgniter.php(311): CodeIgniter\CodeIgniter->handleRequest(NULL, Object(Config\Cache), false)
#12 C:\xampp\htdocs\SCR\public\index.php(44): CodeIgniter\CodeIgniter->run()
#13 {main}
CRITICAL - 2021-02-25 03:12:05 --> include(C:\xampp\htdocs\SCR\app\Libraries/GroceryCrudEnterprise/autoload.php): failed to open stream: No such file or directory
#0 C:\xampp\htdocs\SCR\app\Controllers\BaseController.php(4): CodeIgniter\Debug\Exceptions->errorHandler(2, 'include(C:\\xamp...', 'C:\\xampp\\htdocs...', 4, Array)
#1 C:\xampp\htdocs\SCR\app\Controllers\BaseController.php(4): include()
#2 C:\xampp\htdocs\SCR\system\Autoloader\Autoloader.php(365): require_once('C:\\xampp\\htdocs...')
#3 C:\xampp\htdocs\SCR\system\Autoloader\Autoloader.php(296): CodeIgniter\Autoloader\Autoloader->requireFile('C:\\xampp\\htdocs...')
#4 C:\xampp\htdocs\SCR\system\Autoloader\Autoloader.php(258): CodeIgniter\Autoloader\Autoloader->loadInNamespace('App\\Controllers...')
#5 [internal function]: CodeIgniter\Autoloader\Autoloader->loadClass('App\\Controllers...')
#6 C:\xampp\htdocs\SCR\app\Controllers\Login.php(10): spl_autoload_call('App\\Controllers...')
#7 C:\xampp\htdocs\SCR\system\Router\Router.php(578): include_once('C:\\xampp\\htdocs...')
#8 C:\xampp\htdocs\SCR\system\Router\Router.php(192): CodeIgniter\Router\Router->autoRoute('login')
#9 C:\xampp\htdocs\SCR\system\CodeIgniter.php(792): CodeIgniter\Router\Router->handle('login')
#10 C:\xampp\htdocs\SCR\system\CodeIgniter.php(363): CodeIgniter\CodeIgniter->tryToRouteIt(Object(CodeIgniter\Router\RouteCollection))
#11 C:\xampp\htdocs\SCR\system\CodeIgniter.php(311): CodeIgniter\CodeIgniter->handleRequest(NULL, Object(Config\Cache), false)
#12 C:\xampp\htdocs\SCR\public\index.php(44): CodeIgniter\CodeIgniter->run()
#13 {main}
CRITICAL - 2021-02-25 03:12:06 --> include(C:\xampp\htdocs\SCR\app\Libraries/GroceryCrudEnterprise/autoload.php): failed to open stream: No such file or directory
#0 C:\xampp\htdocs\SCR\app\Controllers\BaseController.php(4): CodeIgniter\Debug\Exceptions->errorHandler(2, 'include(C:\\xamp...', 'C:\\xampp\\htdocs...', 4, Array)
#1 C:\xampp\htdocs\SCR\app\Controllers\BaseController.php(4): include()
#2 C:\xampp\htdocs\SCR\system\Autoloader\Autoloader.php(365): require_once('C:\\xampp\\htdocs...')
#3 C:\xampp\htdocs\SCR\system\Autoloader\Autoloader.php(296): CodeIgniter\Autoloader\Autoloader->requireFile('C:\\xampp\\htdocs...')
#4 C:\xampp\htdocs\SCR\system\Autoloader\Autoloader.php(258): CodeIgniter\Autoloader\Autoloader->loadInNamespace('App\\Controllers...')
#5 [internal function]: CodeIgniter\Autoloader\Autoloader->loadClass('App\\Controllers...')
#6 C:\xampp\htdocs\SCR\app\Controllers\Login.php(10): spl_autoload_call('App\\Controllers...')
#7 C:\xampp\htdocs\SCR\system\Router\Router.php(578): include_once('C:\\xampp\\htdocs...')
#8 C:\xampp\htdocs\SCR\system\Router\Router.php(192): CodeIgniter\Router\Router->autoRoute('login')
#9 C:\xampp\htdocs\SCR\system\CodeIgniter.php(792): CodeIgniter\Router\Router->handle('login')
#10 C:\xampp\htdocs\SCR\system\CodeIgniter.php(363): CodeIgniter\CodeIgniter->tryToRouteIt(Object(CodeIgniter\Router\RouteCollection))
#11 C:\xampp\htdocs\SCR\system\CodeIgniter.php(311): CodeIgniter\CodeIgniter->handleRequest(NULL, Object(Config\Cache), false)
#12 C:\xampp\htdocs\SCR\public\index.php(44): CodeIgniter\CodeIgniter->run()
#13 {main}
CRITICAL - 2021-02-25 17:50:34 --> Directory does not exist
#0 C:\xampp\htdocs\SCR\app\Libraries\GroceryCrudEnterprise\grocerycrud\enterprise\src\GroceryCrud\Core\State\StateAbstract.php(373): Upload\Storage\FileSystem->__construct('/assets/uploads...')
#1 C:\xampp\htdocs\SCR\app\Libraries\GroceryCrudEnterprise\grocerycrud\enterprise\src\GroceryCrud\Core\State\UploadState.php(34): GroceryCrud\Core\State\StateAbstract->upload('photo', '/assets/uploads...')
#2 C:\xampp\htdocs\SCR\app\Libraries\GroceryCrudEnterprise\grocerycrud\enterprise\src\GroceryCrud\Core\State\StateAbstract.php(853): GroceryCrud\Core\State\UploadState->GroceryCrud\Core\State\{closure}(Object(stdClass))
#3 C:\xampp\htdocs\SCR\app\Libraries\GroceryCrudEnterprise\grocerycrud\enterprise\src\GroceryCrud\Core\State\StateAbstract.php(269): GroceryCrud\Core\State\StateAbstract->stateOperation(NULL, Object(stdClass), Object(Closure))
#4 C:\xampp\htdocs\SCR\app\Libraries\GroceryCrudEnterprise\grocerycrud\enterprise\src\GroceryCrud\Core\State\UploadState.php(46): GroceryCrud\Core\State\StateAbstract->stateOperationWithCallbacks(Object(stdClass), 'Upload', Object(Closure))
#5 C:\xampp\htdocs\SCR\app\Libraries\GroceryCrudEnterprise\grocerycrud\enterprise\src\GroceryCrud\Core\GroceryCrud.php(2404): GroceryCrud\Core\State\UploadState->render()
#6 C:\xampp\htdocs\SCR\app\Controllers\Users.php(70): GroceryCrud\Core\GroceryCrud->render()
#7 C:\xampp\htdocs\SCR\system\CodeIgniter.php(917): App\Controllers\Users->index()
#8 C:\xampp\htdocs\SCR\system\CodeIgniter.php(403): CodeIgniter\CodeIgniter->runController(Object(App\Controllers\Users))
#9 C:\xampp\htdocs\SCR\system\CodeIgniter.php(311): CodeIgniter\CodeIgniter->handleRequest(NULL, Object(Config\Cache), false)
#10 C:\xampp\htdocs\SCR\public\index.php(44): CodeIgniter\CodeIgniter->run()
#11 {main}
