CRITICAL - 2020-07-08 23:53:58 --> Class '\CodeIgniter\Database\mysql\Connection' not found
#0 C:\xampp\htdocs\CI4\system\Database\Config.php(115): CodeIgniter\Database\Database->load(Array, 'default')
#1 C:\xampp\htdocs\CI4\app\Controllers\Users.php(66): CodeIgniter\Database\Config::connect()
#2 C:\xampp\htdocs\CI4\app\Controllers\Dashboard.php(12): App\Controllers\Users::check()
#3 C:\xampp\htdocs\CI4\system\CodeIgniter.php(917): App\Controllers\Dashboard->index()
#4 C:\xampp\htdocs\CI4\system\CodeIgniter.php(403): CodeIgniter\CodeIgniter->runController(Object(App\Controllers\Dashboard))
#5 C:\xampp\htdocs\CI4\system\CodeIgniter.php(311): CodeIgniter\CodeIgniter->handleRequest(NULL, Object(Config\Cache), false)
#6 C:\xampp\htdocs\CI4\public\index.php(44): CodeIgniter\CodeIgniter->run()
#7 C:\xampp\htdocs\CI4\system\Commands\Server\rewrite.php(34): require_once('C:\\xampp\\htdocs...')
#8 {main}
CRITICAL - 2020-07-08 23:55:23 --> Unable to connect to the database.
#0 C:\xampp\htdocs\CI4\system\Database\BaseConnection.php(657): CodeIgniter\Database\BaseConnection->initialize()
#1 C:\xampp\htdocs\CI4\app\Models\UsersModel.php(15): CodeIgniter\Database\BaseConnection->query('select * from u...')
#2 C:\xampp\htdocs\CI4\app\Controllers\Login.php(57): App\Models\UsersModel->login(Array)
#3 C:\xampp\htdocs\CI4\system\CodeIgniter.php(917): App\Controllers\Login->index()
#4 C:\xampp\htdocs\CI4\system\CodeIgniter.php(403): CodeIgniter\CodeIgniter->runController(Object(App\Controllers\Login))
#5 C:\xampp\htdocs\CI4\system\CodeIgniter.php(311): CodeIgniter\CodeIgniter->handleRequest(NULL, Object(Config\Cache), false)
#6 C:\xampp\htdocs\CI4\public\index.php(44): CodeIgniter\CodeIgniter->run()
#7 C:\xampp\htdocs\CI4\system\Commands\Server\rewrite.php(34): require_once('C:\\xampp\\htdocs...')
#8 {main}
CRITICAL - 2020-07-08 23:56:12 --> Unable to connect to the database.
#0 C:\xampp\htdocs\CI4\system\Database\BaseConnection.php(657): CodeIgniter\Database\BaseConnection->initialize()
#1 C:\xampp\htdocs\CI4\app\Models\UsersModel.php(15): CodeIgniter\Database\BaseConnection->query('select * from u...')
#2 C:\xampp\htdocs\CI4\app\Controllers\Login.php(57): App\Models\UsersModel->login(Array)
#3 C:\xampp\htdocs\CI4\system\CodeIgniter.php(917): App\Controllers\Login->index()
#4 C:\xampp\htdocs\CI4\system\CodeIgniter.php(403): CodeIgniter\CodeIgniter->runController(Object(App\Controllers\Login))
#5 C:\xampp\htdocs\CI4\system\CodeIgniter.php(311): CodeIgniter\CodeIgniter->handleRequest(NULL, Object(Config\Cache), false)
#6 C:\xampp\htdocs\CI4\public\index.php(44): CodeIgniter\CodeIgniter->run()
#7 C:\xampp\htdocs\CI4\system\Commands\Server\rewrite.php(34): require_once('C:\\xampp\\htdocs...')
#8 {main}
