CRITICAL - 2021-01-08 12:47:56 --> Undefined property: App\Controllers\Quaotes::$load
#0 C:\xampp\htdocs\SCR\app\Controllers\Quaotes.php(33): CodeIgniter\Debug\Exceptions->errorHandler(8, 'Undefined prope...', 'C:\\xampp\\htdocs...', 33, Array)
#1 C:\xampp\htdocs\SCR\app\Controllers\Quaotes.php(27): App\Controllers\Quaotes->subscribe()
#2 C:\xampp\htdocs\SCR\system\CodeIgniter.php(917): App\Controllers\Quaotes->index()
#3 C:\xampp\htdocs\SCR\system\CodeIgniter.php(403): CodeIgniter\CodeIgniter->runController(Object(App\Controllers\Quaotes))
#4 C:\xampp\htdocs\SCR\system\CodeIgniter.php(311): CodeIgniter\CodeIgniter->handleRequest(NULL, Object(Config\Cache), false)
#5 C:\xampp\htdocs\SCR\public\index.php(44): CodeIgniter\CodeIgniter->run()
#6 {main}
CRITICAL - 2021-01-08 12:48:25 --> Undefined property: CodeIgniter\View\View::$session
#0 C:\xampp\htdocs\SCR\app\Views\content\site_subscribe.php(8): CodeIgniter\Debug\Exceptions->errorHandler(8, 'Undefined prope...', 'C:\\xampp\\htdocs...', 8, Array)
#1 C:\xampp\htdocs\SCR\system\View\View.php(246): include('C:\\xampp\\htdocs...')
#2 C:\xampp\htdocs\SCR\system\Common.php(1087): CodeIgniter\View\View->render('content/site_su...', Array, true)
#3 C:\xampp\htdocs\SCR\app\Controllers\Quaotes.php(33): view('content/site_su...')
#4 C:\xampp\htdocs\SCR\app\Controllers\Quaotes.php(27): App\Controllers\Quaotes->subscribe()
#5 C:\xampp\htdocs\SCR\system\CodeIgniter.php(917): App\Controllers\Quaotes->index()
#6 C:\xampp\htdocs\SCR\system\CodeIgniter.php(403): CodeIgniter\CodeIgniter->runController(Object(App\Controllers\Quaotes))
#7 C:\xampp\htdocs\SCR\system\CodeIgniter.php(311): CodeIgniter\CodeIgniter->handleRequest(NULL, Object(Config\Cache), false)
#8 C:\xampp\htdocs\SCR\public\index.php(44): CodeIgniter\CodeIgniter->run()
#9 {main}
CRITICAL - 2021-01-08 12:51:02 --> Undefined property: App\Controllers\Quaotes::$load
#0 C:\xampp\htdocs\SCR\app\Controllers\Quaotes.php(15): CodeIgniter\Debug\Exceptions->errorHandler(8, 'Undefined prope...', 'C:\\xampp\\htdocs...', 15, Array)
#1 C:\xampp\htdocs\SCR\system\CodeIgniter.php(889): App\Controllers\Quaotes->__construct()
#2 C:\xampp\htdocs\SCR\system\CodeIgniter.php(398): CodeIgniter\CodeIgniter->createController()
#3 C:\xampp\htdocs\SCR\system\CodeIgniter.php(311): CodeIgniter\CodeIgniter->handleRequest(NULL, Object(Config\Cache), false)
#4 C:\xampp\htdocs\SCR\public\index.php(44): CodeIgniter\CodeIgniter->run()
#5 {main}
CRITICAL - 2021-01-08 12:51:36 --> Undefined property: CodeIgniter\View\View::$session
#0 C:\xampp\htdocs\SCR\app\Views\content\site_subscribe.php(8): CodeIgniter\Debug\Exceptions->errorHandler(8, 'Undefined prope...', 'C:\\xampp\\htdocs...', 8, Array)
#1 C:\xampp\htdocs\SCR\system\View\View.php(246): include('C:\\xampp\\htdocs...')
#2 C:\xampp\htdocs\SCR\system\Common.php(1087): CodeIgniter\View\View->render('content/site_su...', Array, true)
#3 C:\xampp\htdocs\SCR\app\Controllers\Quaotes.php(34): view('content/site_su...')
#4 C:\xampp\htdocs\SCR\app\Controllers\Quaotes.php(28): App\Controllers\Quaotes->subscribe()
#5 C:\xampp\htdocs\SCR\system\CodeIgniter.php(917): App\Controllers\Quaotes->index()
#6 C:\xampp\htdocs\SCR\system\CodeIgniter.php(403): CodeIgniter\CodeIgniter->runController(Object(App\Controllers\Quaotes))
#7 C:\xampp\htdocs\SCR\system\CodeIgniter.php(311): CodeIgniter\CodeIgniter->handleRequest(NULL, Object(Config\Cache), false)
#8 C:\xampp\htdocs\SCR\public\index.php(44): CodeIgniter\CodeIgniter->run()
#9 {main}
CRITICAL - 2021-01-08 23:45:34 --> Invalid file: sendPush.php
#0 C:\xampp\htdocs\SCR\system\View\View.php(228): CodeIgniter\Exceptions\FrameworkException::forInvalidFile('sendPush.php')
#1 C:\xampp\htdocs\SCR\system\Common.php(1087): CodeIgniter\View\View->render('sendPush', Array, true)
#2 C:\xampp\htdocs\SCR\app\Controllers\Setting.php(34): view('sendPush', Array)
#3 C:\xampp\htdocs\SCR\system\CodeIgniter.php(917): App\Controllers\Setting->enablePush()
#4 C:\xampp\htdocs\SCR\system\CodeIgniter.php(403): CodeIgniter\CodeIgniter->runController(Object(App\Controllers\Setting))
#5 C:\xampp\htdocs\SCR\system\CodeIgniter.php(311): CodeIgniter\CodeIgniter->handleRequest(NULL, Object(Config\Cache), false)
#6 C:\xampp\htdocs\SCR\public\index.php(44): CodeIgniter\CodeIgniter->run()
#7 {main}
CRITICAL - 2021-01-08 23:46:17 --> Invalid file: sendPush.php
#0 C:\xampp\htdocs\SCR\system\View\View.php(228): CodeIgniter\Exceptions\FrameworkException::forInvalidFile('sendPush.php')
#1 C:\xampp\htdocs\SCR\system\Common.php(1087): CodeIgniter\View\View->render('sendPush', Array, true)
#2 C:\xampp\htdocs\SCR\app\Controllers\Setting.php(34): view('sendPush', Array)
#3 C:\xampp\htdocs\SCR\system\CodeIgniter.php(917): App\Controllers\Setting->enablePush()
#4 C:\xampp\htdocs\SCR\system\CodeIgniter.php(403): CodeIgniter\CodeIgniter->runController(Object(App\Controllers\Setting))
#5 C:\xampp\htdocs\SCR\system\CodeIgniter.php(311): CodeIgniter\CodeIgniter->handleRequest(NULL, Object(Config\Cache), false)
#6 C:\xampp\htdocs\SCR\public\index.php(44): CodeIgniter\CodeIgniter->run()
#7 {main}
