CRITICAL - 2020-09-05 12:16:05 --> Undefined index: mathcaptcha_answer
#0 /home/fadf4949/codeigniter/app/Controllers/Login.php(41): CodeIgniter\Debug\Exceptions->errorHandler(8, 'Undefined index...', '/home/fadf4949/...', 41, Array)
#1 /home/fadf4949/codeigniter/system/CodeIgniter.php(917): App\Controllers\Login->index()
#2 /home/fadf4949/codeigniter/system/CodeIgniter.php(403): CodeIgniter\CodeIgniter->runController(Object(App\Controllers\Login))
#3 /home/fadf4949/codeigniter/system/CodeIgniter.php(311): CodeIgniter\CodeIgniter->handleRequest(NULL, Object(Config\Cache), false)
#4 /home/fadf4949/public_html/index.php(44): CodeIgniter\CodeIgniter->run()
#5 {main}
CRITICAL - 2020-09-05 13:15:14 --> Undefined index: mathcaptcha_answer
#0 /home/fadf4949/codeigniter/app/Controllers/Login.php(41): CodeIgniter\Debug\Exceptions->errorHandler(8, 'Undefined index...', '/home/fadf4949/...', 41, Array)
#1 /home/fadf4949/codeigniter/system/CodeIgniter.php(917): App\Controllers\Login->index()
#2 /home/fadf4949/codeigniter/system/CodeIgniter.php(403): CodeIgniter\CodeIgniter->runController(Object(App\Controllers\Login))
#3 /home/fadf4949/codeigniter/system/CodeIgniter.php(311): CodeIgniter\CodeIgniter->handleRequest(NULL, Object(Config\Cache), false)
#4 /home/fadf4949/public_html/index.php(44): CodeIgniter\CodeIgniter->run()
#5 {main}
CRITICAL - 2020-09-05 13:24:03 --> Unknown column 'nama' in 'where clause'
#0 /home/fadf4949/codeigniter/system/Database/MySQLi/Connection.php(331): mysqli->query('SELECT 1\nFROM `...')
#1 /home/fadf4949/codeigniter/system/Database/BaseConnection.php(752): CodeIgniter\Database\MySQLi\Connection->execute('SELECT 1\nFROM `...')
#2 /home/fadf4949/codeigniter/system/Database/BaseConnection.php(680): CodeIgniter\Database\BaseConnection->simpleQuery('SELECT 1\nFROM `...')
#3 /home/fadf4949/codeigniter/system/Database/BaseBuilder.php(1859): CodeIgniter\Database\BaseConnection->query('SELECT 1\nFROM `...', Array, false)
#4 /home/fadf4949/codeigniter/system/Validation/Rules.php(240): CodeIgniter\Database\BaseBuilder->get()
#5 /home/fadf4949/codeigniter/system/Validation/Validation.php(325): CodeIgniter\Validation\Rules->is_unique('Fadil', 'nama', Array, NULL)
#6 /home/fadf4949/codeigniter/system/Validation/Validation.php(189): CodeIgniter\Validation\Validation->processRules('nama', 'nama', 'Fadil', Array, Array)
#7 /home/fadf4949/codeigniter/system/Controller.php(219): CodeIgniter\Validation\Validation->run()
#8 /home/fadf4949/codeigniter/app/Controllers/ShareTarget.php(38): CodeIgniter\Controller->validate(Array)
#9 /home/fadf4949/codeigniter/system/CodeIgniter.php(917): App\Controllers\ShareTarget->simpandata()
#10 /home/fadf4949/codeigniter/system/CodeIgniter.php(403): CodeIgniter\CodeIgniter->runController(Object(App\Controllers\ShareTarget))
#11 /home/fadf4949/codeigniter/system/CodeIgniter.php(311): CodeIgniter\CodeIgniter->handleRequest(NULL, Object(Config\Cache), false)
#12 /home/fadf4949/public_html/index.php(44): CodeIgniter\CodeIgniter->run()
#13 {main}
CRITICAL - 2020-09-05 15:00:02 --> Undefined index: mathcaptcha_answer
#0 /home/fadf4949/codeigniter/app/Controllers/Login.php(41): CodeIgniter\Debug\Exceptions->errorHandler(8, 'Undefined index...', '/home/fadf4949/...', 41, Array)
#1 /home/fadf4949/codeigniter/system/CodeIgniter.php(917): App\Controllers\Login->index()
#2 /home/fadf4949/codeigniter/system/CodeIgniter.php(403): CodeIgniter\CodeIgniter->runController(Object(App\Controllers\Login))
#3 /home/fadf4949/codeigniter/system/CodeIgniter.php(311): CodeIgniter\CodeIgniter->handleRequest(NULL, Object(Config\Cache), false)
#4 /home/fadf4949/public_html/index.php(44): CodeIgniter\CodeIgniter->run()
#5 {main}
CRITICAL - 2020-09-05 15:00:17 --> Undefined index: mathcaptcha_answer
#0 /home/fadf4949/codeigniter/app/Controllers/Login.php(41): CodeIgniter\Debug\Exceptions->errorHandler(8, 'Undefined index...', '/home/fadf4949/...', 41, Array)
#1 /home/fadf4949/codeigniter/system/CodeIgniter.php(917): App\Controllers\Login->index()
#2 /home/fadf4949/codeigniter/system/CodeIgniter.php(403): CodeIgniter\CodeIgniter->runController(Object(App\Controllers\Login))
#3 /home/fadf4949/codeigniter/system/CodeIgniter.php(311): CodeIgniter\CodeIgniter->handleRequest(NULL, Object(Config\Cache), false)
#4 /home/fadf4949/public_html/index.php(44): CodeIgniter\CodeIgniter->run()
#5 {main}
CRITICAL - 2020-09-05 15:00:20 --> Undefined index: mathcaptcha_answer
#0 /home/fadf4949/codeigniter/app/Controllers/Login.php(41): CodeIgniter\Debug\Exceptions->errorHandler(8, 'Undefined index...', '/home/fadf4949/...', 41, Array)
#1 /home/fadf4949/codeigniter/system/CodeIgniter.php(917): App\Controllers\Login->index()
#2 /home/fadf4949/codeigniter/system/CodeIgniter.php(403): CodeIgniter\CodeIgniter->runController(Object(App\Controllers\Login))
#3 /home/fadf4949/codeigniter/system/CodeIgniter.php(311): CodeIgniter\CodeIgniter->handleRequest(NULL, Object(Config\Cache), false)
#4 /home/fadf4949/public_html/index.php(44): CodeIgniter\CodeIgniter->run()
#5 {main}
CRITICAL - 2020-09-05 15:38:28 --> Invalid file: shareTarget/viewFormTambah.php
#0 /home/fadf4949/codeigniter/system/View/View.php(228): CodeIgniter\Exceptions\FrameworkException::forInvalidFile('shareTarget/vie...')
#1 /home/fadf4949/codeigniter/system/Common.php(1087): CodeIgniter\View\View->render('shareTarget/vie...', Array, true)
#2 /home/fadf4949/codeigniter/app/Controllers/ShareTarget.php(33): view('shareTarget/vie...', Array)
#3 /home/fadf4949/codeigniter/system/CodeIgniter.php(917): App\Controllers\ShareTarget->formtambah()
#4 /home/fadf4949/codeigniter/system/CodeIgniter.php(403): CodeIgniter\CodeIgniter->runController(Object(App\Controllers\ShareTarget))
#5 /home/fadf4949/codeigniter/system/CodeIgniter.php(311): CodeIgniter\CodeIgniter->handleRequest(NULL, Object(Config\Cache), false)
#6 /home/fadf4949/public_html/index.php(44): CodeIgniter\CodeIgniter->run()
#7 {main}
